<?xml version="1.0" encoding="UTF-8" ?>
<testsuite tests="4" failures="0" name="com.ylc.test.TestState" time="2.574" errors="2" skipped="2">
  <properties>
    <property name="java.runtime.name" value="Java(TM) SE Runtime Environment"/>
    <property name="sun.boot.library.path" value="/Library/Java/JavaVirtualMachines/jdk1.8.0_111.jdk/Contents/Home/jre/lib"/>
    <property name="java.vm.version" value="25.111-b14"/>
    <property name="gopherProxySet" value="false"/>
    <property name="java.vm.vendor" value="Oracle Corporation"/>
    <property name="maven.multiModuleProjectDirectory" value="/Users/mohanreddysandula/Downloads/shares/Raghu/BeanIntellan/ylc"/>
    <property name="java.vendor.url" value="http://java.oracle.com/"/>
    <property name="path.separator" value=":"/>
    <property name="guice.disable.misplaced.annotation.check" value="true"/>
    <property name="java.vm.name" value="Java HotSpot(TM) 64-Bit Server VM"/>
    <property name="file.encoding.pkg" value="sun.io"/>
    <property name="user.country" value="US"/>
    <property name="sun.java.launcher" value="SUN_STANDARD"/>
    <property name="sun.os.patch.level" value="unknown"/>
    <property name="java.vm.specification.name" value="Java Virtual Machine Specification"/>
    <property name="user.dir" value="/Users/mohanreddysandula/Downloads/shares/Raghu/BeanIntellan/ylc"/>
    <property name="java.runtime.version" value="1.8.0_111-b14"/>
    <property name="java.awt.graphicsenv" value="sun.awt.CGraphicsEnvironment"/>
    <property name="java.endorsed.dirs" value="/Library/Java/JavaVirtualMachines/jdk1.8.0_111.jdk/Contents/Home/jre/lib/endorsed"/>
    <property name="os.arch" value="x86_64"/>
    <property name="java.io.tmpdir" value="/var/folders/5t/2kg3wxkj5lx2qkh67rqf_3800000gn/T/"/>
    <property name="line.separator" value="
"/>
    <property name="java.vm.specification.vendor" value="Oracle Corporation"/>
    <property name="os.name" value="Mac OS X"/>
    <property name="classworlds.conf" value="/Users/mohanreddysandula/Documents/workspace/.metadata/.plugins/org.eclipse.m2e.launching/launches/m2conf8054022083325179354.tmp"/>
    <property name="sun.jnu.encoding" value="UTF-8"/>
    <property name="java.library.path" value="/Users/mohanreddysandula/Library/Java/Extensions:/Library/Java/Extensions:/Network/Library/Java/Extensions:/System/Library/Java/Extensions:/usr/lib/java:."/>
    <property name="java.specification.name" value="Java Platform API Specification"/>
    <property name="java.class.version" value="52.0"/>
    <property name="sun.management.compiler" value="HotSpot 64-Bit Tiered Compilers"/>
    <property name="os.version" value="10.12.6"/>
    <property name="http.nonProxyHosts" value="local|*.local|169.254/16|*.169.254/16"/>
    <property name="user.home" value="/Users/mohanreddysandula"/>
    <property name="user.timezone" value="America/Chicago"/>
    <property name="java.awt.printerjob" value="sun.lwawt.macosx.CPrinterJob"/>
    <property name="java.specification.version" value="1.8"/>
    <property name="file.encoding" value="UTF-8"/>
    <property name="user.name" value="mohanreddy"/>
    <property name="java.class.path" value="/private/var/folders/5t/2kg3wxkj5lx2qkh67rqf_3800000gn/T/AppTranslocation/6E5D0082-3845-45D0-A714-0BA039C0848B/d/Eclipse.app/Contents/Eclipse/plugins/org.eclipse.m2e.maven.runtime_1.6.2.20150902-0001/jars/plexus-classworlds-2.5.2.jar"/>
    <property name="java.vm.specification.version" value="1.8"/>
    <property name="sun.arch.data.model" value="64"/>
    <property name="java.home" value="/Library/Java/JavaVirtualMachines/jdk1.8.0_111.jdk/Contents/Home/jre"/>
    <property name="sun.java.command" value="org.codehaus.plexus.classworlds.launcher.Launcher -B install"/>
    <property name="java.specification.vendor" value="Oracle Corporation"/>
    <property name="user.language" value="en"/>
    <property name="awt.toolkit" value="sun.lwawt.macosx.LWCToolkit"/>
    <property name="java.vm.info" value="mixed mode"/>
    <property name="java.version" value="1.8.0_111"/>
    <property name="java.ext.dirs" value="/Users/mohanreddysandula/Library/Java/Extensions:/Library/Java/JavaVirtualMachines/jdk1.8.0_111.jdk/Contents/Home/jre/lib/ext:/Library/Java/Extensions:/Network/Library/Java/Extensions:/System/Library/Java/Extensions:/usr/lib/java"/>
    <property name="sun.boot.class.path" value="/Library/Java/JavaVirtualMachines/jdk1.8.0_111.jdk/Contents/Home/jre/lib/resources.jar:/Library/Java/JavaVirtualMachines/jdk1.8.0_111.jdk/Contents/Home/jre/lib/rt.jar:/Library/Java/JavaVirtualMachines/jdk1.8.0_111.jdk/Contents/Home/jre/lib/sunrsasign.jar:/Library/Java/JavaVirtualMachines/jdk1.8.0_111.jdk/Contents/Home/jre/lib/jsse.jar:/Library/Java/JavaVirtualMachines/jdk1.8.0_111.jdk/Contents/Home/jre/lib/jce.jar:/Library/Java/JavaVirtualMachines/jdk1.8.0_111.jdk/Contents/Home/jre/lib/charsets.jar:/Library/Java/JavaVirtualMachines/jdk1.8.0_111.jdk/Contents/Home/jre/lib/jfr.jar:/Library/Java/JavaVirtualMachines/jdk1.8.0_111.jdk/Contents/Home/jre/classes"/>
    <property name="java.vendor" value="Oracle Corporation"/>
    <property name="maven.home" value="/Users/mohanreddysandula/Downloads/shares/Raghu/BeanIntellan/ylc/EMBEDDED"/>
    <property name="file.separator" value="/"/>
    <property name="java.vendor.url.bug" value="http://bugreport.sun.com/bugreport/"/>
    <property name="sun.cpu.endian" value="little"/>
    <property name="sun.io.unicode.encoding" value="UnicodeBig"/>
    <property name="socksNonProxyHosts" value="local|*.local|169.254/16|*.169.254/16"/>
    <property name="ftp.nonProxyHosts" value="local|*.local|169.254/16|*.169.254/16"/>
    <property name="sun.cpu.isalist" value=""/>
  </properties>
  <testcase classname="com.ylc.test.TestState" name="insertState" time="0.008">
    <skipped message="Only one time insert"/>
    <system-out>22:05:34.898 [main] DEBUG o.s.t.c.s.DirtiesContextTestExecutionListener - After test class: context [DefaultTestContext@60285225 testClass = TestRole, testInstance = [null], testMethod = [null], testException = [null], mergedContextConfiguration = [MergedContextConfiguration@7113b13f testClass = TestRole, locations = &apos;{file:src/main/webapp/WEB-INF/spring-service.xml, file:src/main/webapp/WEB-INF/spring-database.xml}&apos;, classes = &apos;{}&apos;, contextInitializerClasses = &apos;[]&apos;, activeProfiles = &apos;{}&apos;, contextLoader = &apos;org.springframework.test.context.support.DelegatingSmartContextLoader&apos;, parent = [null]]], dirtiesContext [false].
22:05:34.901 [main] DEBUG o.s.t.c.j.SpringJUnit4ClassRunner - SpringJUnit4ClassRunner constructor called with [class com.ylc.test.TestState].
22:05:34.902 [main] DEBUG o.s.t.c.s.AbstractDelegatingSmartContextLoader - Delegating to GenericXmlContextLoader to process context configuration [ContextConfigurationAttributes@45820e51 declaringClass = &apos;com.ylc.test.BaseTest&apos;, locations = &apos;{file:src/main/webapp/WEB-INF/spring-service.xml, file:src/main/webapp/WEB-INF/spring-database.xml}&apos;, classes = &apos;{}&apos;, inheritLocations = true, initializers = &apos;{}&apos;, inheritInitializers = true, name = [null], contextLoaderClass = &apos;org.springframework.test.context.ContextLoader&apos;].
22:05:34.902 [main] DEBUG o.s.test.context.ContextLoaderUtils - Could not find an &apos;annotation declaring class&apos; for annotation type [org.springframework.test.context.ActiveProfiles] and class [com.ylc.test.TestState]
22:05:34.902 [main] DEBUG o.s.test.context.TestContextManager - @TestExecutionListeners is not present for class [com.ylc.test.TestState]: using defaults.
22:05:34.903 [main] DEBUG o.s.t.annotation.ProfileValueUtils - Retrieved @ProfileValueSourceConfiguration [null] for test class [com.ylc.test.TestState]
22:05:34.904 [main] DEBUG o.s.t.annotation.ProfileValueUtils - Retrieved ProfileValueSource type [class org.springframework.test.annotation.SystemProfileValueSource] for class [com.ylc.test.TestState]
22:05:34.905 [main] DEBUG o.s.t.annotation.ProfileValueUtils - Retrieved @ProfileValueSourceConfiguration [null] for test class [com.ylc.test.TestState]
22:05:34.906 [main] DEBUG o.s.t.annotation.ProfileValueUtils - Retrieved ProfileValueSource type [class org.springframework.test.annotation.SystemProfileValueSource] for class [com.ylc.test.TestState]
</system-out>
  </testcase>
  <testcase classname="com.ylc.test.TestState" name="printStateById" time="2.552">
    <error message="Could not open Hibernate Session for transaction; nested exception is org.hibernate.exception.GenericJDBCException: Could not open connection" type="org.springframework.transaction.CannotCreateTransactionException">org.springframework.transaction.CannotCreateTransactionException: Could not open Hibernate Session for transaction; nested exception is org.hibernate.exception.GenericJDBCException: Could not open connection
	at org.springframework.orm.hibernate4.HibernateTransactionManager.doBegin(HibernateTransactionManager.java:515)
	at org.springframework.transaction.support.AbstractPlatformTransactionManager.getTransaction(AbstractPlatformTransactionManager.java:373)
	at org.springframework.transaction.interceptor.TransactionAspectSupport.createTransactionIfNecessary(TransactionAspectSupport.java:420)
	at org.springframework.transaction.interceptor.TransactionAspectSupport.invokeWithinTransaction(TransactionAspectSupport.java:257)
	at org.springframework.transaction.interceptor.TransactionInterceptor.invoke(TransactionInterceptor.java:95)
	at org.springframework.aop.framework.ReflectiveMethodInvocation.proceed(ReflectiveMethodInvocation.java:179)
	at org.springframework.aop.interceptor.ExposeInvocationInterceptor.invoke(ExposeInvocationInterceptor.java:92)
	at org.springframework.aop.framework.ReflectiveMethodInvocation.proceed(ReflectiveMethodInvocation.java:179)
	at org.springframework.aop.framework.CglibAopProxy$DynamicAdvisedInterceptor.intercept(CglibAopProxy.java:644)
	at com.ylc.service.StateService$$EnhancerBySpringCGLIB$$b4d9d1bc.getStateById(&lt;generated&gt;)
	at com.ylc.test.TestState.printStateById(TestState.java:40)
	at sun.reflect.NativeMethodAccessorImpl.invoke0(Native Method)
	at sun.reflect.NativeMethodAccessorImpl.invoke(NativeMethodAccessorImpl.java:62)
	at sun.reflect.DelegatingMethodAccessorImpl.invoke(DelegatingMethodAccessorImpl.java:43)
	at java.lang.reflect.Method.invoke(Method.java:498)
	at org.junit.runners.model.FrameworkMethod$1.runReflectiveCall(FrameworkMethod.java:44)
	at org.junit.internal.runners.model.ReflectiveCallable.run(ReflectiveCallable.java:15)
	at org.junit.runners.model.FrameworkMethod.invokeExplosively(FrameworkMethod.java:41)
	at org.junit.internal.runners.statements.InvokeMethod.evaluate(InvokeMethod.java:20)
	at org.springframework.test.context.junit4.statements.RunBeforeTestMethodCallbacks.evaluate(RunBeforeTestMethodCallbacks.java:74)
	at org.springframework.test.context.junit4.statements.RunAfterTestMethodCallbacks.evaluate(RunAfterTestMethodCallbacks.java:83)
	at org.springframework.test.context.junit4.statements.SpringRepeat.evaluate(SpringRepeat.java:72)
	at org.springframework.test.context.junit4.SpringJUnit4ClassRunner.runChild(SpringJUnit4ClassRunner.java:233)
	at org.springframework.test.context.junit4.SpringJUnit4ClassRunner.runChild(SpringJUnit4ClassRunner.java:87)
	at org.junit.runners.ParentRunner$3.run(ParentRunner.java:193)
	at org.junit.runners.ParentRunner$1.schedule(ParentRunner.java:52)
	at org.junit.runners.ParentRunner.runChildren(ParentRunner.java:191)
	at org.junit.runners.ParentRunner.access$000(ParentRunner.java:42)
	at org.junit.runners.ParentRunner$2.evaluate(ParentRunner.java:184)
	at org.springframework.test.context.junit4.statements.RunBeforeTestClassCallbacks.evaluate(RunBeforeTestClassCallbacks.java:61)
	at org.springframework.test.context.junit4.statements.RunAfterTestClassCallbacks.evaluate(RunAfterTestClassCallbacks.java:71)
	at org.junit.runners.ParentRunner.run(ParentRunner.java:236)
	at org.springframework.test.context.junit4.SpringJUnit4ClassRunner.run(SpringJUnit4ClassRunner.java:176)
	at org.apache.maven.surefire.junit4.JUnit4Provider.execute(JUnit4Provider.java:252)
	at org.apache.maven.surefire.junit4.JUnit4Provider.executeTestSet(JUnit4Provider.java:141)
	at org.apache.maven.surefire.junit4.JUnit4Provider.invoke(JUnit4Provider.java:112)
	at sun.reflect.NativeMethodAccessorImpl.invoke0(Native Method)
	at sun.reflect.NativeMethodAccessorImpl.invoke(NativeMethodAccessorImpl.java:62)
	at sun.reflect.DelegatingMethodAccessorImpl.invoke(DelegatingMethodAccessorImpl.java:43)
	at java.lang.reflect.Method.invoke(Method.java:498)
	at org.apache.maven.surefire.util.ReflectionUtils.invokeMethodWithArray(ReflectionUtils.java:189)
	at org.apache.maven.surefire.booter.ProviderFactory$ProviderProxy.invoke(ProviderFactory.java:165)
	at org.apache.maven.surefire.booter.ProviderFactory.invokeProvider(ProviderFactory.java:85)
	at org.apache.maven.surefire.booter.ForkedBooter.runSuitesInProcess(ForkedBooter.java:115)
	at org.apache.maven.surefire.booter.ForkedBooter.main(ForkedBooter.java:75)
Caused by: org.hibernate.exception.GenericJDBCException: Could not open connection
	at org.hibernate.exception.internal.StandardSQLExceptionConverter.convert(StandardSQLExceptionConverter.java:54)
	at org.hibernate.engine.jdbc.spi.SqlExceptionHelper.convert(SqlExceptionHelper.java:124)
	at org.hibernate.engine.jdbc.spi.SqlExceptionHelper.convert(SqlExceptionHelper.java:109)
	at org.hibernate.engine.jdbc.internal.LogicalConnectionImpl.obtainConnection(LogicalConnectionImpl.java:221)
	at org.hibernate.engine.jdbc.internal.LogicalConnectionImpl.getConnection(LogicalConnectionImpl.java:157)
	at org.hibernate.internal.SessionImpl.connection(SessionImpl.java:427)
	at org.springframework.orm.hibernate4.HibernateTransactionManager.doBegin(HibernateTransactionManager.java:429)
	... 44 more
Caused by: org.apache.commons.dbcp.SQLNestedException: Cannot create PoolableConnectionFactory (Unknown database &apos;ylc_9&apos;)
	at org.apache.commons.dbcp.BasicDataSource.createPoolableConnectionFactory(BasicDataSource.java:1549)
	at org.apache.commons.dbcp.BasicDataSource.createDataSource(BasicDataSource.java:1388)
	at org.apache.commons.dbcp.BasicDataSource.getConnection(BasicDataSource.java:1044)
	at org.hibernate.service.jdbc.connections.internal.DatasourceConnectionProviderImpl.getConnection(DatasourceConnectionProviderImpl.java:141)
	at org.hibernate.internal.AbstractSessionImpl$NonContextualJdbcConnectionAccess.obtainConnection(AbstractSessionImpl.java:301)
	at org.hibernate.engine.jdbc.internal.LogicalConnectionImpl.obtainConnection(LogicalConnectionImpl.java:214)
	... 47 more
Caused by: com.mysql.jdbc.exceptions.jdbc4.MySQLSyntaxErrorException: Unknown database &apos;ylc_9&apos;
	at sun.reflect.NativeConstructorAccessorImpl.newInstance0(Native Method)
	at sun.reflect.NativeConstructorAccessorImpl.newInstance(NativeConstructorAccessorImpl.java:62)
	at sun.reflect.DelegatingConstructorAccessorImpl.newInstance(DelegatingConstructorAccessorImpl.java:45)
	at java.lang.reflect.Constructor.newInstance(Constructor.java:423)
	at com.mysql.jdbc.Util.handleNewInstance(Util.java:406)
	at com.mysql.jdbc.Util.getInstance(Util.java:381)
	at com.mysql.jdbc.SQLError.createSQLException(SQLError.java:1030)
	at com.mysql.jdbc.SQLError.createSQLException(SQLError.java:956)
	at com.mysql.jdbc.MysqlIO.checkErrorPacket(MysqlIO.java:3491)
	at com.mysql.jdbc.MysqlIO.checkErrorPacket(MysqlIO.java:3423)
	at com.mysql.jdbc.MysqlIO.checkErrorPacket(MysqlIO.java:910)
	at com.mysql.jdbc.MysqlIO.secureAuth411(MysqlIO.java:3923)
	at com.mysql.jdbc.MysqlIO.doHandshake(MysqlIO.java:1273)
	at com.mysql.jdbc.ConnectionImpl.createNewIO(ConnectionImpl.java:2031)
	at com.mysql.jdbc.ConnectionImpl.&lt;init&gt;(ConnectionImpl.java:718)
	at com.mysql.jdbc.JDBC4Connection.&lt;init&gt;(JDBC4Connection.java:46)
	at sun.reflect.NativeConstructorAccessorImpl.newInstance0(Native Method)
	at sun.reflect.NativeConstructorAccessorImpl.newInstance(NativeConstructorAccessorImpl.java:62)
	at sun.reflect.DelegatingConstructorAccessorImpl.newInstance(DelegatingConstructorAccessorImpl.java:45)
	at java.lang.reflect.Constructor.newInstance(Constructor.java:423)
	at com.mysql.jdbc.Util.handleNewInstance(Util.java:406)
	at com.mysql.jdbc.ConnectionImpl.getInstance(ConnectionImpl.java:302)
	at com.mysql.jdbc.NonRegisteringDriver.connect(NonRegisteringDriver.java:282)
	at org.apache.commons.dbcp.DriverConnectionFactory.createConnection(DriverConnectionFactory.java:38)
	at org.apache.commons.dbcp.PoolableConnectionFactory.makeObject(PoolableConnectionFactory.java:582)
	at org.apache.commons.dbcp.BasicDataSource.validateConnectionFactory(BasicDataSource.java:1556)
	at org.apache.commons.dbcp.BasicDataSource.createPoolableConnectionFactory(BasicDataSource.java:1545)
	... 52 more
</error>
    <system-out>22:05:34.907 [main] DEBUG o.s.t.annotation.ProfileValueUtils - Retrieved @ProfileValueSourceConfiguration [null] for test class [com.ylc.test.TestState]
22:05:34.907 [main] DEBUG o.s.t.annotation.ProfileValueUtils - Retrieved ProfileValueSource type [class org.springframework.test.annotation.SystemProfileValueSource] for class [com.ylc.test.TestState]
22:05:34.909 [main] DEBUG o.s.t.c.s.DependencyInjectionTestExecutionListener - Performing dependency injection for test context [[DefaultTestContext@25af5db5 testClass = TestState, testInstance = com.ylc.test.TestState@12cdcf4, testMethod = [null], testException = [null], mergedContextConfiguration = [MergedContextConfiguration@5bcea91b testClass = TestState, locations = &apos;{file:src/main/webapp/WEB-INF/spring-service.xml, file:src/main/webapp/WEB-INF/spring-database.xml}&apos;, classes = &apos;{}&apos;, contextInitializerClasses = &apos;[]&apos;, activeProfiles = &apos;{}&apos;, contextLoader = &apos;org.springframework.test.context.support.DelegatingSmartContextLoader&apos;, parent = [null]]]].
22:05:34.909 [main] DEBUG o.s.t.c.s.AbstractDelegatingSmartContextLoader - Delegating to GenericXmlContextLoader to load context from [MergedContextConfiguration@5bcea91b testClass = TestState, locations = &apos;{file:src/main/webapp/WEB-INF/spring-service.xml, file:src/main/webapp/WEB-INF/spring-database.xml}&apos;, classes = &apos;{}&apos;, contextInitializerClasses = &apos;[]&apos;, activeProfiles = &apos;{}&apos;, contextLoader = &apos;org.springframework.test.context.support.DelegatingSmartContextLoader&apos;, parent = [null]].
22:05:34.910 [main] DEBUG o.s.t.c.s.AbstractGenericContextLoader - Loading ApplicationContext for merged context configuration [[MergedContextConfiguration@5bcea91b testClass = TestState, locations = &apos;{file:src/main/webapp/WEB-INF/spring-service.xml, file:src/main/webapp/WEB-INF/spring-database.xml}&apos;, classes = &apos;{}&apos;, contextInitializerClasses = &apos;[]&apos;, activeProfiles = &apos;{}&apos;, contextLoader = &apos;org.springframework.test.context.support.DelegatingSmartContextLoader&apos;, parent = [null]]].
22:05:34.978 [main] DEBUG o.s.core.env.StandardEnvironment - Adding [systemProperties] PropertySource with lowest search precedence
22:05:34.980 [main] DEBUG o.s.core.env.StandardEnvironment - Adding [systemEnvironment] PropertySource with lowest search precedence
22:05:34.980 [main] DEBUG o.s.core.env.StandardEnvironment - Initialized StandardEnvironment with PropertySources [systemProperties,systemEnvironment]
22:05:34.987 [main] INFO  o.s.b.f.xml.XmlBeanDefinitionReader - Loading XML bean definitions from URL [file:src/main/webapp/WEB-INF/spring-service.xml]
22:05:35.006 [main] DEBUG o.s.b.f.xml.DefaultDocumentLoader - Using JAXP provider [com.sun.org.apache.xerces.internal.jaxp.DocumentBuilderFactoryImpl]
22:05:35.033 [main] DEBUG o.s.b.f.xml.PluggableSchemaResolver - Loading schema mappings from [META-INF/spring.schemas]
22:05:35.037 [main] DEBUG o.s.b.f.xml.PluggableSchemaResolver - Loaded schema mappings: {http://www.springframework.org/schema/tx/spring-tx-2.5.xsd=org/springframework/transaction/config/spring-tx-2.5.xsd, http://www.springframework.org/schema/context/spring-context-3.1.xsd=org/springframework/context/config/spring-context-3.1.xsd, http://www.springframework.org/schema/util/spring-util-3.0.xsd=org/springframework/beans/factory/xml/spring-util-3.0.xsd, http://www.springframework.org/schema/security/spring-security-3.0.3.xsd=org/springframework/security/config/spring-security-3.0.3.xsd, http://www.springframework.org/schema/security/spring-security-2.0.1.xsd=org/springframework/security/config/spring-security-2.0.1.xsd, http://www.springframework.org/schema/tool/spring-tool.xsd=org/springframework/beans/factory/xml/spring-tool-4.0.xsd, http://www.springframework.org/schema/aop/spring-aop-3.2.xsd=org/springframework/aop/config/spring-aop-3.2.xsd, http://www.springframework.org/schema/context/spring-context-4.0.xsd=org/springframework/context/config/spring-context-4.0.xsd, http://www.springframework.org/schema/mvc/spring-mvc-3.2.xsd=org/springframework/web/servlet/config/spring-mvc-3.2.xsd, http://www.springframework.org/schema/lang/spring-lang-3.2.xsd=org/springframework/scripting/config/spring-lang-3.2.xsd, http://www.springframework.org/schema/cache/spring-cache-3.2.xsd=org/springframework/cache/config/spring-cache-3.2.xsd, http://www.springframework.org/schema/jdbc/spring-jdbc-3.1.xsd=org/springframework/jdbc/config/spring-jdbc-3.1.xsd, http://www.springframework.org/schema/util/spring-util-2.0.xsd=org/springframework/beans/factory/xml/spring-util-2.0.xsd, http://www.springframework.org/schema/tool/spring-tool-3.2.xsd=org/springframework/beans/factory/xml/spring-tool-3.2.xsd, http://www.springframework.org/schema/context/spring-context.xsd=org/springframework/context/config/spring-context-4.0.xsd, http://www.springframework.org/schema/aop/spring-aop-4.0.xsd=org/springframework/aop/config/spring-aop-4.0.xsd, http://www.springframework.org/schema/security/spring-security-2.0.xsd=org/springframework/security/config/spring-security-2.0.xsd, http://www.springframework.org/schema/jee/spring-jee-3.2.xsd=org/springframework/ejb/config/spring-jee-3.2.xsd, http://www.springframework.org/schema/context/spring-context-3.0.xsd=org/springframework/context/config/spring-context-3.0.xsd, http://www.springframework.org/schema/jdbc/spring-jdbc-4.0.xsd=org/springframework/jdbc/config/spring-jdbc-4.0.xsd, http://www.springframework.org/schema/util/spring-util-2.5.xsd=org/springframework/beans/factory/xml/spring-util-2.5.xsd, http://www.springframework.org/schema/mvc/spring-mvc-4.0.xsd=org/springframework/web/servlet/config/spring-mvc-4.0.xsd, http://www.springframework.org/schema/beans/spring-beans-3.2.xsd=org/springframework/beans/factory/xml/spring-beans-3.2.xsd, http://www.springframework.org/schema/aop/spring-aop-3.1.xsd=org/springframework/aop/config/spring-aop-3.1.xsd, http://www.springframework.org/schema/lang/spring-lang-4.0.xsd=org/springframework/scripting/config/spring-lang-4.0.xsd, http://www.springframework.org/schema/mvc/spring-mvc.xsd=org/springframework/web/servlet/config/spring-mvc-4.0.xsd, http://www.springframework.org/schema/mvc/spring-mvc-3.1.xsd=org/springframework/web/servlet/config/spring-mvc-3.1.xsd, http://www.springframework.org/schema/tool/spring-tool-4.0.xsd=org/springframework/beans/factory/xml/spring-tool-4.0.xsd, http://www.springframework.org/schema/tx/spring-tx-3.2.xsd=org/springframework/transaction/config/spring-tx-3.2.xsd, http://www.springframework.org/schema/lang/spring-lang-3.1.xsd=org/springframework/scripting/config/spring-lang-3.1.xsd, http://www.springframework.org/schema/cache/spring-cache-3.1.xsd=org/springframework/cache/config/spring-cache-3.1.xsd, http://www.springframework.org/schema/jee/spring-jee-4.0.xsd=org/springframework/ejb/config/spring-jee-4.0.xsd, http://www.springframework.org/schema/jdbc/spring-jdbc-3.0.xsd=org/springframework/jdbc/config/spring-jdbc-3.0.xsd, http://www.springframework.org/schema/jdbc/spring-jdbc.xsd=org/springframework/jdbc/config/spring-jdbc-4.0.xsd, http://www.springframework.org/schema/tool/spring-tool-3.1.xsd=org/springframework/beans/factory/xml/spring-tool-3.1.xsd, http://www.springframework.org/schema/cache/spring-cache-4.0.xsd=org/springframework/cache/config/spring-cache-4.0.xsd, http://www.springframework.org/schema/jee/spring-jee-3.1.xsd=org/springframework/ejb/config/spring-jee-3.1.xsd, http://www.springframework.org/schema/task/spring-task-3.2.xsd=org/springframework/scheduling/config/spring-task-3.2.xsd, http://www.springframework.org/schema/beans/spring-beans-3.1.xsd=org/springframework/beans/factory/xml/spring-beans-3.1.xsd, http://www.springframework.org/schema/util/spring-util.xsd=org/springframework/beans/factory/xml/spring-util-4.0.xsd, http://www.springframework.org/schema/aop/spring-aop-3.0.xsd=org/springframework/aop/config/spring-aop-3.0.xsd, http://www.springframework.org/schema/mvc/spring-mvc-3.0.xsd=org/springframework/web/servlet/config/spring-mvc-3.0.xsd, http://www.springframework.org/schema/beans/spring-beans-4.0.xsd=org/springframework/beans/factory/xml/spring-beans-4.0.xsd, http://www.springframework.org/schema/beans/spring-beans.xsd=org/springframework/beans/factory/xml/spring-beans-4.0.xsd, http://www.springframework.org/schema/security/spring-security-2.0.4.xsd=org/springframework/security/config/spring-security-2.0.4.xsd, http://www.springframework.org/schema/lang/spring-lang-3.0.xsd=org/springframework/scripting/config/spring-lang-3.0.xsd, http://www.springframework.org/schema/tx/spring-tx-3.1.xsd=org/springframework/transaction/config/spring-tx-3.1.xsd, http://www.springframework.org/schema/context/spring-context-2.5.xsd=org/springframework/context/config/spring-context-2.5.xsd, http://www.springframework.org/schema/task/spring-task-4.0.xsd=org/springframework/scheduling/config/spring-task-4.0.xsd, http://www.springframework.org/schema/tool/spring-tool-3.0.xsd=org/springframework/beans/factory/xml/spring-tool-3.0.xsd, http://www.springframework.org/schema/tx/spring-tx-4.0.xsd=org/springframework/transaction/config/spring-tx-4.0.xsd, http://www.springframework.org/schema/aop/spring-aop-2.0.xsd=org/springframework/aop/config/spring-aop-2.0.xsd, http://www.springframework.org/schema/security/spring-security-3.2.xsd=org/springframework/security/config/spring-security-3.2.xsd, http://www.springframework.org/schema/jee/spring-jee-3.0.xsd=org/springframework/ejb/config/spring-jee-3.0.xsd, http://www.springframework.org/schema/task/spring-task-3.1.xsd=org/springframework/scheduling/config/spring-task-3.1.xsd, http://www.springframework.org/schema/beans/spring-beans-3.0.xsd=org/springframework/beans/factory/xml/spring-beans-3.0.xsd, http://www.springframework.org/schema/jee/spring-jee.xsd=org/springframework/ejb/config/spring-jee-4.0.xsd, http://www.springframework.org/schema/aop/spring-aop-2.5.xsd=org/springframework/aop/config/spring-aop-2.5.xsd, http://www.springframework.org/schema/lang/spring-lang-2.0.xsd=org/springframework/scripting/config/spring-lang-2.0.xsd, http://www.springframework.org/schema/util/spring-util-3.2.xsd=org/springframework/beans/factory/xml/spring-util-3.2.xsd, http://www.springframework.org/schema/task/spring-task.xsd=org/springframework/scheduling/config/spring-task-4.0.xsd, http://www.springframework.org/schema/tool/spring-tool-2.0.xsd=org/springframework/beans/factory/xml/spring-tool-2.0.xsd, http://www.springframework.org/schema/tx/spring-tx-3.0.xsd=org/springframework/transaction/config/spring-tx-3.0.xsd, http://www.springframework.org/schema/lang/spring-lang-2.5.xsd=org/springframework/scripting/config/spring-lang-2.5.xsd, http://www.springframework.org/schema/jee/spring-jee-2.0.xsd=org/springframework/ejb/config/spring-jee-2.0.xsd, http://www.springframework.org/schema/tool/spring-tool-2.5.xsd=org/springframework/beans/factory/xml/spring-tool-2.5.xsd, http://www.springframework.org/schema/security/spring-security-3.1.xsd=org/springframework/security/config/spring-security-3.1.xsd, http://www.springframework.org/schema/jee/spring-jee-2.5.xsd=org/springframework/ejb/config/spring-jee-2.5.xsd, http://www.springframework.org/schema/util/spring-util-4.0.xsd=org/springframework/beans/factory/xml/spring-util-4.0.xsd, http://www.springframework.org/schema/task/spring-task-3.0.xsd=org/springframework/scheduling/config/spring-task-3.0.xsd, http://www.springframework.org/schema/lang/spring-lang.xsd=org/springframework/scripting/config/spring-lang-4.0.xsd, http://www.springframework.org/schema/context/spring-context-3.2.xsd=org/springframework/context/config/spring-context-3.2.xsd, http://www.springframework.org/schema/util/spring-util-3.1.xsd=org/springframework/beans/factory/xml/spring-util-3.1.xsd, http://www.springframework.org/schema/beans/spring-beans-2.0.xsd=org/springframework/beans/factory/xml/spring-beans-2.0.xsd, http://www.springframework.org/schema/cache/spring-cache.xsd=org/springframework/cache/config/spring-cache-4.0.xsd, http://www.springframework.org/schema/tx/spring-tx.xsd=org/springframework/transaction/config/spring-tx-4.0.xsd, http://www.springframework.org/schema/security/spring-security-2.0.2.xsd=org/springframework/security/config/spring-security-2.0.2.xsd, http://www.springframework.org/schema/beans/spring-beans-2.5.xsd=org/springframework/beans/factory/xml/spring-beans-2.5.xsd, http://www.springframework.org/schema/security/spring-security.xsd=org/springframework/security/config/spring-security-3.2.xsd, http://www.springframework.org/schema/tx/spring-tx-2.0.xsd=org/springframework/transaction/config/spring-tx-2.0.xsd, http://www.springframework.org/schema/security/spring-security-3.0.xsd=org/springframework/security/config/spring-security-3.0.xsd, http://www.springframework.org/schema/jdbc/spring-jdbc-3.2.xsd=org/springframework/jdbc/config/spring-jdbc-3.2.xsd, http://www.springframework.org/schema/aop/spring-aop.xsd=org/springframework/aop/config/spring-aop-4.0.xsd}
22:05:35.038 [main] DEBUG o.s.b.f.xml.PluggableSchemaResolver - Found XML schema [http://www.springframework.org/schema/beans/spring-beans.xsd] in classpath: org/springframework/beans/factory/xml/spring-beans-4.0.xsd
22:05:35.124 [main] DEBUG o.s.b.f.xml.PluggableSchemaResolver - Found XML schema [http://www.springframework.org/schema/context/spring-context-3.2.xsd] in classpath: org/springframework/context/config/spring-context-3.2.xsd
22:05:35.130 [main] DEBUG o.s.b.f.xml.PluggableSchemaResolver - Found XML schema [http://www.springframework.org/schema/tool/spring-tool-3.2.xsd] in classpath: org/springframework/beans/factory/xml/spring-tool-3.2.xsd
22:05:35.138 [main] DEBUG o.s.b.f.x.DefaultBeanDefinitionDocumentReader - Loading bean definitions
22:05:35.146 [main] DEBUG o.s.b.f.x.DefaultNamespaceHandlerResolver - Loaded NamespaceHandler mappings: {http://www.springframework.org/schema/p=org.springframework.beans.factory.xml.SimplePropertyNamespaceHandler, http://www.springframework.org/schema/mvc=org.springframework.web.servlet.config.MvcNamespaceHandler, http://www.springframework.org/schema/util=org.springframework.beans.factory.xml.UtilNamespaceHandler, http://www.springframework.org/schema/jee=org.springframework.ejb.config.JeeNamespaceHandler, http://www.springframework.org/schema/aop=org.springframework.aop.config.AopNamespaceHandler, http://www.springframework.org/schema/jdbc=org.springframework.jdbc.config.JdbcNamespaceHandler, http://www.springframework.org/schema/cache=org.springframework.cache.config.CacheNamespaceHandler, http://www.springframework.org/schema/c=org.springframework.beans.factory.xml.SimpleConstructorNamespaceHandler, http://www.springframework.org/schema/security=org.springframework.security.config.SecurityNamespaceHandler, http://www.springframework.org/schema/tx=org.springframework.transaction.config.TxNamespaceHandler, http://www.springframework.org/schema/task=org.springframework.scheduling.config.TaskNamespaceHandler, http://www.springframework.org/schema/lang=org.springframework.scripting.config.LangNamespaceHandler, http://www.springframework.org/schema/context=org.springframework.context.config.ContextNamespaceHandler}
22:05:35.158 [main] DEBUG o.s.c.i.s.PathMatchingResourcePatternResolver - Looking for matching resources in directory tree [/Users/mohanreddysandula/Downloads/shares/Raghu/BeanIntellan/ylc/target/classes/com/ylc/service]
22:05:35.161 [main] DEBUG o.s.c.i.s.PathMatchingResourcePatternResolver - Searching directory [/Users/mohanreddysandula/Downloads/shares/Raghu/BeanIntellan/ylc/target/classes/com/ylc/service] for files matching pattern [/Users/mohanreddysandula/Downloads/shares/Raghu/BeanIntellan/ylc/target/classes/com/ylc/service/**/*.class]
22:05:35.168 [main] DEBUG o.s.c.i.s.PathMatchingResourcePatternResolver - Resolved location pattern [classpath*:com/ylc/service/**/*.class] to resources [file [/Users/mohanreddysandula/Downloads/shares/Raghu/BeanIntellan/ylc/target/classes/com/ylc/service/BillingService.class], file [/Users/mohanreddysandula/Downloads/shares/Raghu/BeanIntellan/ylc/target/classes/com/ylc/service/CallLogService.class], file [/Users/mohanreddysandula/Downloads/shares/Raghu/BeanIntellan/ylc/target/classes/com/ylc/service/CitronUserDetailsService.class], file [/Users/mohanreddysandula/Downloads/shares/Raghu/BeanIntellan/ylc/target/classes/com/ylc/service/CountryService.class], file [/Users/mohanreddysandula/Downloads/shares/Raghu/BeanIntellan/ylc/target/classes/com/ylc/service/CustermerService.class], file [/Users/mohanreddysandula/Downloads/shares/Raghu/BeanIntellan/ylc/target/classes/com/ylc/service/CustomerLinePaymentDetailService.class], file [/Users/mohanreddysandula/Downloads/shares/Raghu/BeanIntellan/ylc/target/classes/com/ylc/service/CustomerLineService.class], file [/Users/mohanreddysandula/Downloads/shares/Raghu/BeanIntellan/ylc/target/classes/com/ylc/service/CustomerPaymentDetailService.class], file [/Users/mohanreddysandula/Downloads/shares/Raghu/BeanIntellan/ylc/target/classes/com/ylc/service/FacilityNumberPoolService.class], file [/Users/mohanreddysandula/Downloads/shares/Raghu/BeanIntellan/ylc/target/classes/com/ylc/service/FacilityService.class], file [/Users/mohanreddysandula/Downloads/shares/Raghu/BeanIntellan/ylc/target/classes/com/ylc/service/InmateNoteService.class], file [/Users/mohanreddysandula/Downloads/shares/Raghu/BeanIntellan/ylc/target/classes/com/ylc/service/InmateReferralService.class], file [/Users/mohanreddysandula/Downloads/shares/Raghu/BeanIntellan/ylc/target/classes/com/ylc/service/InMateService.class], file [/Users/mohanreddysandula/Downloads/shares/Raghu/BeanIntellan/ylc/target/classes/com/ylc/service/InmateStatusService.class], file [/Users/mohanreddysandula/Downloads/shares/Raghu/BeanIntellan/ylc/target/classes/com/ylc/service/LineTypeService.class], file [/Users/mohanreddysandula/Downloads/shares/Raghu/BeanIntellan/ylc/target/classes/com/ylc/service/PaymentCardTypeService.class], file [/Users/mohanreddysandula/Downloads/shares/Raghu/BeanIntellan/ylc/target/classes/com/ylc/service/PrepaidPricingService.class], file [/Users/mohanreddysandula/Downloads/shares/Raghu/BeanIntellan/ylc/target/classes/com/ylc/service/RateCenterService.class], file [/Users/mohanreddysandula/Downloads/shares/Raghu/BeanIntellan/ylc/target/classes/com/ylc/service/StateService.class], file [/Users/mohanreddysandula/Downloads/shares/Raghu/BeanIntellan/ylc/target/classes/com/ylc/service/UserService.class]]
22:05:35.198 [main] DEBUG o.s.c.a.ClassPathBeanDefinitionScanner - Identified candidate component class: file [/Users/mohanreddysandula/Downloads/shares/Raghu/BeanIntellan/ylc/target/classes/com/ylc/service/BillingService.class]
22:05:35.198 [main] DEBUG o.s.c.a.ClassPathBeanDefinitionScanner - Identified candidate component class: file [/Users/mohanreddysandula/Downloads/shares/Raghu/BeanIntellan/ylc/target/classes/com/ylc/service/CallLogService.class]
22:05:35.201 [main] DEBUG o.s.c.a.ClassPathBeanDefinitionScanner - Identified candidate component class: file [/Users/mohanreddysandula/Downloads/shares/Raghu/BeanIntellan/ylc/target/classes/com/ylc/service/CitronUserDetailsService.class]
22:05:35.202 [main] DEBUG o.s.c.a.ClassPathBeanDefinitionScanner - Identified candidate component class: file [/Users/mohanreddysandula/Downloads/shares/Raghu/BeanIntellan/ylc/target/classes/com/ylc/service/CountryService.class]
22:05:35.203 [main] DEBUG o.s.c.a.ClassPathBeanDefinitionScanner - Identified candidate component class: file [/Users/mohanreddysandula/Downloads/shares/Raghu/BeanIntellan/ylc/target/classes/com/ylc/service/CustermerService.class]
22:05:35.203 [main] DEBUG o.s.c.a.ClassPathBeanDefinitionScanner - Identified candidate component class: file [/Users/mohanreddysandula/Downloads/shares/Raghu/BeanIntellan/ylc/target/classes/com/ylc/service/CustomerLinePaymentDetailService.class]
22:05:35.204 [main] DEBUG o.s.c.a.ClassPathBeanDefinitionScanner - Identified candidate component class: file [/Users/mohanreddysandula/Downloads/shares/Raghu/BeanIntellan/ylc/target/classes/com/ylc/service/CustomerLineService.class]
22:05:35.205 [main] DEBUG o.s.c.a.ClassPathBeanDefinitionScanner - Identified candidate component class: file [/Users/mohanreddysandula/Downloads/shares/Raghu/BeanIntellan/ylc/target/classes/com/ylc/service/CustomerPaymentDetailService.class]
22:05:35.205 [main] DEBUG o.s.c.a.ClassPathBeanDefinitionScanner - Identified candidate component class: file [/Users/mohanreddysandula/Downloads/shares/Raghu/BeanIntellan/ylc/target/classes/com/ylc/service/FacilityNumberPoolService.class]
22:05:35.206 [main] DEBUG o.s.c.a.ClassPathBeanDefinitionScanner - Identified candidate component class: file [/Users/mohanreddysandula/Downloads/shares/Raghu/BeanIntellan/ylc/target/classes/com/ylc/service/FacilityService.class]
22:05:35.206 [main] DEBUG o.s.c.a.ClassPathBeanDefinitionScanner - Identified candidate component class: file [/Users/mohanreddysandula/Downloads/shares/Raghu/BeanIntellan/ylc/target/classes/com/ylc/service/InmateNoteService.class]
22:05:35.206 [main] DEBUG o.s.c.a.ClassPathBeanDefinitionScanner - Identified candidate component class: file [/Users/mohanreddysandula/Downloads/shares/Raghu/BeanIntellan/ylc/target/classes/com/ylc/service/InmateReferralService.class]
22:05:35.208 [main] DEBUG o.s.c.a.ClassPathBeanDefinitionScanner - Identified candidate component class: file [/Users/mohanreddysandula/Downloads/shares/Raghu/BeanIntellan/ylc/target/classes/com/ylc/service/InMateService.class]
22:05:35.208 [main] DEBUG o.s.c.a.ClassPathBeanDefinitionScanner - Identified candidate component class: file [/Users/mohanreddysandula/Downloads/shares/Raghu/BeanIntellan/ylc/target/classes/com/ylc/service/InmateStatusService.class]
22:05:35.208 [main] DEBUG o.s.c.a.ClassPathBeanDefinitionScanner - Identified candidate component class: file [/Users/mohanreddysandula/Downloads/shares/Raghu/BeanIntellan/ylc/target/classes/com/ylc/service/LineTypeService.class]
22:05:35.209 [main] DEBUG o.s.c.a.ClassPathBeanDefinitionScanner - Identified candidate component class: file [/Users/mohanreddysandula/Downloads/shares/Raghu/BeanIntellan/ylc/target/classes/com/ylc/service/PaymentCardTypeService.class]
22:05:35.209 [main] DEBUG o.s.c.a.ClassPathBeanDefinitionScanner - Identified candidate component class: file [/Users/mohanreddysandula/Downloads/shares/Raghu/BeanIntellan/ylc/target/classes/com/ylc/service/PrepaidPricingService.class]
22:05:35.210 [main] DEBUG o.s.c.a.ClassPathBeanDefinitionScanner - Identified candidate component class: file [/Users/mohanreddysandula/Downloads/shares/Raghu/BeanIntellan/ylc/target/classes/com/ylc/service/RateCenterService.class]
22:05:35.210 [main] DEBUG o.s.c.a.ClassPathBeanDefinitionScanner - Identified candidate component class: file [/Users/mohanreddysandula/Downloads/shares/Raghu/BeanIntellan/ylc/target/classes/com/ylc/service/StateService.class]
22:05:35.210 [main] DEBUG o.s.c.a.ClassPathBeanDefinitionScanner - Identified candidate component class: file [/Users/mohanreddysandula/Downloads/shares/Raghu/BeanIntellan/ylc/target/classes/com/ylc/service/UserService.class]
22:05:35.229 [main] DEBUG o.s.c.i.s.PathMatchingResourcePatternResolver - Looking for matching resources in directory tree [/Users/mohanreddysandula/Downloads/shares/Raghu/BeanIntellan/ylc/target/classes/com/ylc/dao]
22:05:35.229 [main] DEBUG o.s.c.i.s.PathMatchingResourcePatternResolver - Searching directory [/Users/mohanreddysandula/Downloads/shares/Raghu/BeanIntellan/ylc/target/classes/com/ylc/dao] for files matching pattern [/Users/mohanreddysandula/Downloads/shares/Raghu/BeanIntellan/ylc/target/classes/com/ylc/dao/**/*.class]
22:05:35.231 [main] DEBUG o.s.c.i.s.PathMatchingResourcePatternResolver - Resolved location pattern [classpath*:com/ylc/dao/**/*.class] to resources [file [/Users/mohanreddysandula/Downloads/shares/Raghu/BeanIntellan/ylc/target/classes/com/ylc/dao/BillingAddressDao.class], file [/Users/mohanreddysandula/Downloads/shares/Raghu/BeanIntellan/ylc/target/classes/com/ylc/dao/CallLogDao.class], file [/Users/mohanreddysandula/Downloads/shares/Raghu/BeanIntellan/ylc/target/classes/com/ylc/dao/CountryDao.class], file [/Users/mohanreddysandula/Downloads/shares/Raghu/BeanIntellan/ylc/target/classes/com/ylc/dao/CustomerDao.class], file [/Users/mohanreddysandula/Downloads/shares/Raghu/BeanIntellan/ylc/target/classes/com/ylc/dao/CustomerLineDao.class], file [/Users/mohanreddysandula/Downloads/shares/Raghu/BeanIntellan/ylc/target/classes/com/ylc/dao/CustomerLinePaymentDetailDao.class], file [/Users/mohanreddysandula/Downloads/shares/Raghu/BeanIntellan/ylc/target/classes/com/ylc/dao/CustomerPaymentDetailDao.class], file [/Users/mohanreddysandula/Downloads/shares/Raghu/BeanIntellan/ylc/target/classes/com/ylc/dao/FacilityDao.class], file [/Users/mohanreddysandula/Downloads/shares/Raghu/BeanIntellan/ylc/target/classes/com/ylc/dao/FacilityNumberPoolDao.class], file [/Users/mohanreddysandula/Downloads/shares/Raghu/BeanIntellan/ylc/target/classes/com/ylc/dao/InMateDao.class], file [/Users/mohanreddysandula/Downloads/shares/Raghu/BeanIntellan/ylc/target/classes/com/ylc/dao/InmateNoteDao.class], file [/Users/mohanreddysandula/Downloads/shares/Raghu/BeanIntellan/ylc/target/classes/com/ylc/dao/InmateReferralDao.class], file [/Users/mohanreddysandula/Downloads/shares/Raghu/BeanIntellan/ylc/target/classes/com/ylc/dao/InmateStatusDao.class], file [/Users/mohanreddysandula/Downloads/shares/Raghu/BeanIntellan/ylc/target/classes/com/ylc/dao/LineTypeDao.class], file [/Users/mohanreddysandula/Downloads/shares/Raghu/BeanIntellan/ylc/target/classes/com/ylc/dao/PaymentCardTypeDao.class], file [/Users/mohanreddysandula/Downloads/shares/Raghu/BeanIntellan/ylc/target/classes/com/ylc/dao/PrepaidPricingDao.class], file [/Users/mohanreddysandula/Downloads/shares/Raghu/BeanIntellan/ylc/target/classes/com/ylc/dao/RateCenterDao.class], file [/Users/mohanreddysandula/Downloads/shares/Raghu/BeanIntellan/ylc/target/classes/com/ylc/dao/StateDao.class], file [/Users/mohanreddysandula/Downloads/shares/Raghu/BeanIntellan/ylc/target/classes/com/ylc/dao/UserDao.class]]
22:05:35.234 [main] DEBUG o.s.c.a.ClassPathBeanDefinitionScanner - Identified candidate component class: file [/Users/mohanreddysandula/Downloads/shares/Raghu/BeanIntellan/ylc/target/classes/com/ylc/dao/BillingAddressDao.class]
22:05:35.236 [main] DEBUG o.s.c.a.ClassPathBeanDefinitionScanner - Identified candidate component class: file [/Users/mohanreddysandula/Downloads/shares/Raghu/BeanIntellan/ylc/target/classes/com/ylc/dao/CallLogDao.class]
22:05:35.237 [main] DEBUG o.s.c.a.ClassPathBeanDefinitionScanner - Identified candidate component class: file [/Users/mohanreddysandula/Downloads/shares/Raghu/BeanIntellan/ylc/target/classes/com/ylc/dao/CountryDao.class]
22:05:35.239 [main] DEBUG o.s.c.a.ClassPathBeanDefinitionScanner - Identified candidate component class: file [/Users/mohanreddysandula/Downloads/shares/Raghu/BeanIntellan/ylc/target/classes/com/ylc/dao/CustomerDao.class]
22:05:35.239 [main] DEBUG o.s.c.a.ClassPathBeanDefinitionScanner - Identified candidate component class: file [/Users/mohanreddysandula/Downloads/shares/Raghu/BeanIntellan/ylc/target/classes/com/ylc/dao/CustomerLineDao.class]
22:05:35.240 [main] DEBUG o.s.c.a.ClassPathBeanDefinitionScanner - Identified candidate component class: file [/Users/mohanreddysandula/Downloads/shares/Raghu/BeanIntellan/ylc/target/classes/com/ylc/dao/CustomerLinePaymentDetailDao.class]
22:05:35.241 [main] DEBUG o.s.c.a.ClassPathBeanDefinitionScanner - Identified candidate component class: file [/Users/mohanreddysandula/Downloads/shares/Raghu/BeanIntellan/ylc/target/classes/com/ylc/dao/CustomerPaymentDetailDao.class]
22:05:35.246 [main] DEBUG o.s.c.a.ClassPathBeanDefinitionScanner - Identified candidate component class: file [/Users/mohanreddysandula/Downloads/shares/Raghu/BeanIntellan/ylc/target/classes/com/ylc/dao/FacilityDao.class]
22:05:35.248 [main] DEBUG o.s.c.a.ClassPathBeanDefinitionScanner - Identified candidate component class: file [/Users/mohanreddysandula/Downloads/shares/Raghu/BeanIntellan/ylc/target/classes/com/ylc/dao/FacilityNumberPoolDao.class]
22:05:35.249 [main] DEBUG o.s.c.a.ClassPathBeanDefinitionScanner - Identified candidate component class: file [/Users/mohanreddysandula/Downloads/shares/Raghu/BeanIntellan/ylc/target/classes/com/ylc/dao/InMateDao.class]
22:05:35.249 [main] DEBUG o.s.c.a.ClassPathBeanDefinitionScanner - Identified candidate component class: file [/Users/mohanreddysandula/Downloads/shares/Raghu/BeanIntellan/ylc/target/classes/com/ylc/dao/InmateNoteDao.class]
22:05:35.250 [main] DEBUG o.s.c.a.ClassPathBeanDefinitionScanner - Identified candidate component class: file [/Users/mohanreddysandula/Downloads/shares/Raghu/BeanIntellan/ylc/target/classes/com/ylc/dao/InmateReferralDao.class]
22:05:35.251 [main] DEBUG o.s.c.a.ClassPathBeanDefinitionScanner - Identified candidate component class: file [/Users/mohanreddysandula/Downloads/shares/Raghu/BeanIntellan/ylc/target/classes/com/ylc/dao/InmateStatusDao.class]
22:05:35.252 [main] DEBUG o.s.c.a.ClassPathBeanDefinitionScanner - Identified candidate component class: file [/Users/mohanreddysandula/Downloads/shares/Raghu/BeanIntellan/ylc/target/classes/com/ylc/dao/LineTypeDao.class]
22:05:35.252 [main] DEBUG o.s.c.a.ClassPathBeanDefinitionScanner - Identified candidate component class: file [/Users/mohanreddysandula/Downloads/shares/Raghu/BeanIntellan/ylc/target/classes/com/ylc/dao/PaymentCardTypeDao.class]
22:05:35.253 [main] DEBUG o.s.c.a.ClassPathBeanDefinitionScanner - Identified candidate component class: file [/Users/mohanreddysandula/Downloads/shares/Raghu/BeanIntellan/ylc/target/classes/com/ylc/dao/PrepaidPricingDao.class]
22:05:35.254 [main] DEBUG o.s.c.a.ClassPathBeanDefinitionScanner - Identified candidate component class: file [/Users/mohanreddysandula/Downloads/shares/Raghu/BeanIntellan/ylc/target/classes/com/ylc/dao/RateCenterDao.class]
22:05:35.254 [main] DEBUG o.s.c.a.ClassPathBeanDefinitionScanner - Identified candidate component class: file [/Users/mohanreddysandula/Downloads/shares/Raghu/BeanIntellan/ylc/target/classes/com/ylc/dao/StateDao.class]
22:05:35.255 [main] DEBUG o.s.c.a.ClassPathBeanDefinitionScanner - Identified candidate component class: file [/Users/mohanreddysandula/Downloads/shares/Raghu/BeanIntellan/ylc/target/classes/com/ylc/dao/UserDao.class]
22:05:35.258 [main] DEBUG o.s.c.i.s.PathMatchingResourcePatternResolver - Looking for matching resources in directory tree [/Users/mohanreddysandula/Downloads/shares/Raghu/BeanIntellan/ylc/target/classes/com/ylc/peer/service]
22:05:35.258 [main] DEBUG o.s.c.i.s.PathMatchingResourcePatternResolver - Searching directory [/Users/mohanreddysandula/Downloads/shares/Raghu/BeanIntellan/ylc/target/classes/com/ylc/peer/service] for files matching pattern [/Users/mohanreddysandula/Downloads/shares/Raghu/BeanIntellan/ylc/target/classes/com/ylc/peer/service/**/*.class]
22:05:35.258 [main] DEBUG o.s.c.i.s.PathMatchingResourcePatternResolver - Resolved location pattern [classpath*:com/ylc/peer/service/**/*.class] to resources [file [/Users/mohanreddysandula/Downloads/shares/Raghu/BeanIntellan/ylc/target/classes/com/ylc/peer/service/NumberPeeringService.class]]
22:05:35.259 [main] DEBUG o.s.c.a.ClassPathBeanDefinitionScanner - Identified candidate component class: file [/Users/mohanreddysandula/Downloads/shares/Raghu/BeanIntellan/ylc/target/classes/com/ylc/peer/service/NumberPeeringService.class]
22:05:35.260 [main] DEBUG o.s.c.i.s.PathMatchingResourcePatternResolver - Looking for matching resources in directory tree [/Users/mohanreddysandula/Downloads/shares/Raghu/BeanIntellan/ylc/target/classes/com/ylc/authorize/service]
22:05:35.260 [main] DEBUG o.s.c.i.s.PathMatchingResourcePatternResolver - Searching directory [/Users/mohanreddysandula/Downloads/shares/Raghu/BeanIntellan/ylc/target/classes/com/ylc/authorize/service] for files matching pattern [/Users/mohanreddysandula/Downloads/shares/Raghu/BeanIntellan/ylc/target/classes/com/ylc/authorize/service/**/*.class]
22:05:35.260 [main] DEBUG o.s.c.i.s.PathMatchingResourcePatternResolver - Resolved location pattern [classpath*:com/ylc/authorize/service/**/*.class] to resources [file [/Users/mohanreddysandula/Downloads/shares/Raghu/BeanIntellan/ylc/target/classes/com/ylc/authorize/service/AuthorizeNetService.class]]
22:05:35.261 [main] DEBUG o.s.c.a.ClassPathBeanDefinitionScanner - Identified candidate component class: file [/Users/mohanreddysandula/Downloads/shares/Raghu/BeanIntellan/ylc/target/classes/com/ylc/authorize/service/AuthorizeNetService.class]
22:05:35.263 [main] DEBUG o.s.c.i.s.PathMatchingResourcePatternResolver - Looking for matching resources in directory tree [/Users/mohanreddysandula/Downloads/shares/Raghu/BeanIntellan/ylc/target/test-classes/com/ylc/test]
22:05:35.263 [main] DEBUG o.s.c.i.s.PathMatchingResourcePatternResolver - Searching directory [/Users/mohanreddysandula/Downloads/shares/Raghu/BeanIntellan/ylc/target/test-classes/com/ylc/test] for files matching pattern [/Users/mohanreddysandula/Downloads/shares/Raghu/BeanIntellan/ylc/target/test-classes/com/ylc/test/**/*.class]
22:05:35.264 [main] DEBUG o.s.c.i.s.PathMatchingResourcePatternResolver - Looking for matching resources in directory tree [/Users/mohanreddysandula/Downloads/shares/Raghu/BeanIntellan/ylc/target/classes/com/ylc/test]
22:05:35.264 [main] DEBUG o.s.c.i.s.PathMatchingResourcePatternResolver - Searching directory [/Users/mohanreddysandula/Downloads/shares/Raghu/BeanIntellan/ylc/target/classes/com/ylc/test] for files matching pattern [/Users/mohanreddysandula/Downloads/shares/Raghu/BeanIntellan/ylc/target/classes/com/ylc/test/**/*.class]
22:05:35.264 [main] DEBUG o.s.c.i.s.PathMatchingResourcePatternResolver - Searching directory [/Users/mohanreddysandula/Downloads/shares/Raghu/BeanIntellan/ylc/target/classes/com/ylc/test/beans] for files matching pattern [/Users/mohanreddysandula/Downloads/shares/Raghu/BeanIntellan/ylc/target/classes/com/ylc/test/**/*.class]
22:05:35.264 [main] DEBUG o.s.c.i.s.PathMatchingResourcePatternResolver - Searching directory [/Users/mohanreddysandula/Downloads/shares/Raghu/BeanIntellan/ylc/target/classes/com/ylc/test/service] for files matching pattern [/Users/mohanreddysandula/Downloads/shares/Raghu/BeanIntellan/ylc/target/classes/com/ylc/test/**/*.class]
22:05:35.265 [main] DEBUG o.s.c.i.s.PathMatchingResourcePatternResolver - Resolved location pattern [classpath*:com/ylc/test/**/*.class] to resources [file [/Users/mohanreddysandula/Downloads/shares/Raghu/BeanIntellan/ylc/target/test-classes/com/ylc/test/BaseTest.class], file [/Users/mohanreddysandula/Downloads/shares/Raghu/BeanIntellan/ylc/target/test-classes/com/ylc/test/TestBillingService.class], file [/Users/mohanreddysandula/Downloads/shares/Raghu/BeanIntellan/ylc/target/test-classes/com/ylc/test/TestCallLog.class], file [/Users/mohanreddysandula/Downloads/shares/Raghu/BeanIntellan/ylc/target/test-classes/com/ylc/test/TestCountry.class], file [/Users/mohanreddysandula/Downloads/shares/Raghu/BeanIntellan/ylc/target/test-classes/com/ylc/test/TestCustomer.class], file [/Users/mohanreddysandula/Downloads/shares/Raghu/BeanIntellan/ylc/target/test-classes/com/ylc/test/TestCustomerLine.class], file [/Users/mohanreddysandula/Downloads/shares/Raghu/BeanIntellan/ylc/target/test-classes/com/ylc/test/TestCustomerLinePaymentDetail.class], file [/Users/mohanreddysandula/Downloads/shares/Raghu/BeanIntellan/ylc/target/test-classes/com/ylc/test/TestDB.class], file [/Users/mohanreddysandula/Downloads/shares/Raghu/BeanIntellan/ylc/target/test-classes/com/ylc/test/TestFacilityLocation.class], file [/Users/mohanreddysandula/Downloads/shares/Raghu/BeanIntellan/ylc/target/test-classes/com/ylc/test/TestFacilityNumberPool.class], file [/Users/mohanreddysandula/Downloads/shares/Raghu/BeanIntellan/ylc/target/test-classes/com/ylc/test/TestInMate.class], file [/Users/mohanreddysandula/Downloads/shares/Raghu/BeanIntellan/ylc/target/test-classes/com/ylc/test/TestInmateNote.class], file [/Users/mohanreddysandula/Downloads/shares/Raghu/BeanIntellan/ylc/target/test-classes/com/ylc/test/TestInmateReferral.class], file [/Users/mohanreddysandula/Downloads/shares/Raghu/BeanIntellan/ylc/target/test-classes/com/ylc/test/TestInmateStatus.class], file [/Users/mohanreddysandula/Downloads/shares/Raghu/BeanIntellan/ylc/target/test-classes/com/ylc/test/TestLineType.class], file [/Users/mohanreddysandula/Downloads/shares/Raghu/BeanIntellan/ylc/target/test-classes/com/ylc/test/TestPaymentCardType.class], file [/Users/mohanreddysandula/Downloads/shares/Raghu/BeanIntellan/ylc/target/test-classes/com/ylc/test/TestPrepaidPricing.class], file [/Users/mohanreddysandula/Downloads/shares/Raghu/BeanIntellan/ylc/target/test-classes/com/ylc/test/TestRateCenter.class], file [/Users/mohanreddysandula/Downloads/shares/Raghu/BeanIntellan/ylc/target/test-classes/com/ylc/test/TestRole.class], file [/Users/mohanreddysandula/Downloads/shares/Raghu/BeanIntellan/ylc/target/test-classes/com/ylc/test/TestState.class], file [/Users/mohanreddysandula/Downloads/shares/Raghu/BeanIntellan/ylc/target/test-classes/com/ylc/test/TestSuite.class], file [/Users/mohanreddysandula/Downloads/shares/Raghu/BeanIntellan/ylc/target/test-classes/com/ylc/test/TestUser.class], file [/Users/mohanreddysandula/Downloads/shares/Raghu/BeanIntellan/ylc/target/classes/com/ylc/test/beans/RailwayStation.class], file [/Users/mohanreddysandula/Downloads/shares/Raghu/BeanIntellan/ylc/target/classes/com/ylc/test/beans/Train.class], file [/Users/mohanreddysandula/Downloads/shares/Raghu/BeanIntellan/ylc/target/classes/com/ylc/test/service/CarService.class], file [/Users/mohanreddysandula/Downloads/shares/Raghu/BeanIntellan/ylc/target/classes/com/ylc/test/service/CarServiceImpl.class], file [/Users/mohanreddysandula/Downloads/shares/Raghu/BeanIntellan/ylc/target/classes/com/ylc/test/service/RailwayStationService.class], file [/Users/mohanreddysandula/Downloads/shares/Raghu/BeanIntellan/ylc/target/classes/com/ylc/test/service/RailwayStationServiceImpl.class], file [/Users/mohanreddysandula/Downloads/shares/Raghu/BeanIntellan/ylc/target/classes/com/ylc/test/service/TrainService.class], file [/Users/mohanreddysandula/Downloads/shares/Raghu/BeanIntellan/ylc/target/classes/com/ylc/test/service/TrainServiceImpl.class], file [/Users/mohanreddysandula/Downloads/shares/Raghu/BeanIntellan/ylc/target/classes/com/ylc/test/TestDB1.class]]
22:05:35.277 [main] DEBUG o.s.c.a.ClassPathBeanDefinitionScanner - Identified candidate component class: file [/Users/mohanreddysandula/Downloads/shares/Raghu/BeanIntellan/ylc/target/classes/com/ylc/test/service/CarServiceImpl.class]
22:05:35.280 [main] DEBUG o.s.c.a.ClassPathBeanDefinitionScanner - Identified candidate component class: file [/Users/mohanreddysandula/Downloads/shares/Raghu/BeanIntellan/ylc/target/classes/com/ylc/test/service/RailwayStationServiceImpl.class]
22:05:35.281 [main] DEBUG o.s.c.a.ClassPathBeanDefinitionScanner - Identified candidate component class: file [/Users/mohanreddysandula/Downloads/shares/Raghu/BeanIntellan/ylc/target/classes/com/ylc/test/service/TrainServiceImpl.class]
22:05:35.284 [main] DEBUG o.s.c.i.s.PathMatchingResourcePatternResolver - Looking for matching resources in directory tree [/Users/mohanreddysandula/Downloads/shares/Raghu/BeanIntellan/ylc/target/classes/com/ylc/util]
22:05:35.284 [main] DEBUG o.s.c.i.s.PathMatchingResourcePatternResolver - Searching directory [/Users/mohanreddysandula/Downloads/shares/Raghu/BeanIntellan/ylc/target/classes/com/ylc/util] for files matching pattern [/Users/mohanreddysandula/Downloads/shares/Raghu/BeanIntellan/ylc/target/classes/com/ylc/util/**/*.class]
22:05:35.285 [main] DEBUG o.s.c.i.s.PathMatchingResourcePatternResolver - Resolved location pattern [classpath*:com/ylc/util/**/*.class] to resources [file [/Users/mohanreddysandula/Downloads/shares/Raghu/BeanIntellan/ylc/target/classes/com/ylc/util/ProcessPayment.class], file [/Users/mohanreddysandula/Downloads/shares/Raghu/BeanIntellan/ylc/target/classes/com/ylc/util/SendEmail$1.class], file [/Users/mohanreddysandula/Downloads/shares/Raghu/BeanIntellan/ylc/target/classes/com/ylc/util/SendEmail$2.class], file [/Users/mohanreddysandula/Downloads/shares/Raghu/BeanIntellan/ylc/target/classes/com/ylc/util/SendEmail.class], file [/Users/mohanreddysandula/Downloads/shares/Raghu/BeanIntellan/ylc/target/classes/com/ylc/util/ServiceInterceptor.class], file [/Users/mohanreddysandula/Downloads/shares/Raghu/BeanIntellan/ylc/target/classes/com/ylc/util/Test.class], file [/Users/mohanreddysandula/Downloads/shares/Raghu/BeanIntellan/ylc/target/classes/com/ylc/util/TestClass.class], file [/Users/mohanreddysandula/Downloads/shares/Raghu/BeanIntellan/ylc/target/classes/com/ylc/util/XmlUtils.class], file [/Users/mohanreddysandula/Downloads/shares/Raghu/BeanIntellan/ylc/target/classes/com/ylc/util/YlcConstents.class], file [/Users/mohanreddysandula/Downloads/shares/Raghu/BeanIntellan/ylc/target/classes/com/ylc/util/YlcEmailTemplet.class], file [/Users/mohanreddysandula/Downloads/shares/Raghu/BeanIntellan/ylc/target/classes/com/ylc/util/YlcUtils.class]]
22:05:35.286 [main] DEBUG o.s.c.a.ClassPathBeanDefinitionScanner - Identified candidate component class: file [/Users/mohanreddysandula/Downloads/shares/Raghu/BeanIntellan/ylc/target/classes/com/ylc/util/SendEmail.class]
22:05:35.295 [main] DEBUG o.s.b.f.xml.XmlBeanDefinitionReader - Loaded 51 bean definitions from location pattern [file:src/main/webapp/WEB-INF/spring-service.xml]
22:05:35.296 [main] INFO  o.s.b.f.xml.XmlBeanDefinitionReader - Loading XML bean definitions from URL [file:src/main/webapp/WEB-INF/spring-database.xml]
22:05:35.297 [main] DEBUG o.s.b.f.xml.DefaultDocumentLoader - Using JAXP provider [com.sun.org.apache.xerces.internal.jaxp.DocumentBuilderFactoryImpl]
22:05:35.301 [main] DEBUG o.s.b.f.xml.PluggableSchemaResolver - Found XML schema [http://www.springframework.org/schema/beans/spring-beans-3.0.xsd] in classpath: org/springframework/beans/factory/xml/spring-beans-3.0.xsd
22:05:35.324 [main] DEBUG o.s.b.f.xml.PluggableSchemaResolver - Found XML schema [http://www.springframework.org/schema/tx/spring-tx-3.0.xsd] in classpath: org/springframework/transaction/config/spring-tx-3.0.xsd
22:05:35.333 [main] DEBUG o.s.b.f.xml.PluggableSchemaResolver - Found XML schema [http://www.springframework.org/schema/tool/spring-tool-3.0.xsd] in classpath: org/springframework/beans/factory/xml/spring-tool-3.0.xsd
22:05:35.337 [main] DEBUG o.s.b.f.xml.PluggableSchemaResolver - Found XML schema [http://www.springframework.org/schema/aop/spring-aop-3.0.xsd] in classpath: org/springframework/aop/config/spring-aop-3.0.xsd
22:05:35.343 [main] DEBUG o.s.b.f.x.DefaultBeanDefinitionDocumentReader - Loading bean definitions
22:05:35.366 [main] DEBUG o.s.b.f.xml.XmlBeanDefinitionReader - Loaded 7 bean definitions from location pattern [file:src/main/webapp/WEB-INF/spring-database.xml]
22:05:35.368 [main] INFO  o.s.c.s.GenericApplicationContext - Refreshing org.springframework.context.support.GenericApplicationContext@7a30d1e6: startup date [Tue Oct 24 22:05:35 CDT 2017]; root of context hierarchy
22:05:35.369 [main] DEBUG o.s.c.s.GenericApplicationContext - Bean factory for org.springframework.context.support.GenericApplicationContext@7a30d1e6: org.springframework.beans.factory.support.DefaultListableBeanFactory@36902638: defining beans [billingService,callLogService,citronUserDetailsService,countryService,custermerService,customerLinePaymentDetailService,customerLineService,customerPaymentDetailService,facilityNumberPoolService,facilityService,inmateNoteService,inmateReferralService,inMateService,inmateStatusService,lineTypeService,paymentCardTypeService,prepaidPricingService,rateCenterService,stateService,userService,org.springframework.context.annotation.internalConfigurationAnnotationProcessor,org.springframework.context.annotation.internalAutowiredAnnotationProcessor,org.springframework.context.annotation.internalRequiredAnnotationProcessor,org.springframework.context.annotation.internalCommonAnnotationProcessor,org.springframework.context.annotation.internalPersistenceAnnotationProcessor,billingAddressDao,callLogDao,countryDao,customerDao,customerLineDao,customerLinePaymentDetailDao,customerPaymentDetailDao,facilityDao,facilityNumberPoolDao,inMateDao,inmateNoteDao,inmateReferralDao,inmateStatusDao,lineTypeDao,paymentCardTypeDao,prepaidPricingDao,rateCenterDao,stateDao,userDao,numberPeeringService,authorizeNetService,carService,RailwayStationService,trainService,sendEmail,org.springframework.context.support.PropertySourcesPlaceholderConfigurer#0,dataSource,sessionFactory,transactionManager,txAdvice,org.springframework.aop.config.internalAutoProxyCreator,userServicePointCut,org.springframework.aop.support.DefaultBeanFactoryPointcutAdvisor#0]; root of factory hierarchy
22:05:35.400 [main] DEBUG o.s.b.f.s.DefaultListableBeanFactory - Creating shared instance of singleton bean &apos;org.springframework.context.annotation.internalConfigurationAnnotationProcessor&apos;
22:05:35.400 [main] DEBUG o.s.b.f.s.DefaultListableBeanFactory - Creating instance of bean &apos;org.springframework.context.annotation.internalConfigurationAnnotationProcessor&apos;
22:05:35.414 [main] DEBUG o.s.b.f.s.DefaultListableBeanFactory - Eagerly caching bean &apos;org.springframework.context.annotation.internalConfigurationAnnotationProcessor&apos; to allow for resolving potential circular references
22:05:35.416 [main] DEBUG o.s.b.f.s.DefaultListableBeanFactory - Finished creating instance of bean &apos;org.springframework.context.annotation.internalConfigurationAnnotationProcessor&apos;
22:05:35.488 [main] DEBUG o.s.b.f.s.DefaultListableBeanFactory - Creating shared instance of singleton bean &apos;org.springframework.context.support.PropertySourcesPlaceholderConfigurer#0&apos;
22:05:35.488 [main] DEBUG o.s.b.f.s.DefaultListableBeanFactory - Creating instance of bean &apos;org.springframework.context.support.PropertySourcesPlaceholderConfigurer#0&apos;
22:05:35.489 [main] DEBUG o.s.b.f.s.DefaultListableBeanFactory - Eagerly caching bean &apos;org.springframework.context.support.PropertySourcesPlaceholderConfigurer#0&apos; to allow for resolving potential circular references
22:05:35.510 [main] DEBUG o.s.b.f.s.DefaultListableBeanFactory - Finished creating instance of bean &apos;org.springframework.context.support.PropertySourcesPlaceholderConfigurer#0&apos;
22:05:35.510 [main] DEBUG o.s.core.env.MutablePropertySources - Adding [environmentProperties] PropertySource with lowest search precedence
22:05:35.510 [main] INFO  o.s.c.s.PropertySourcesPlaceholderConfigurer - Loading properties file from class path resource [properties/ylc-dev.properties]
22:05:35.512 [main] DEBUG o.s.core.env.MutablePropertySources - Adding [localProperties] PropertySource with lowest search precedence
22:05:35.515 [main] DEBUG o.s.c.e.PropertySourcesPropertyResolver - Searching for key &apos;jdbc.driverClassName&apos; in [environmentProperties]
22:05:35.515 [main] DEBUG o.s.c.e.PropertySourcesPropertyResolver - Searching for key &apos;jdbc.driverClassName&apos; in [systemProperties]
22:05:35.515 [main] DEBUG o.s.c.e.PropertySourcesPropertyResolver - Searching for key &apos;jdbc.driverClassName&apos; in [systemEnvironment]
22:05:35.515 [main] DEBUG o.s.c.e.PropertySourcesPropertyResolver - Could not find key &apos;jdbc.driverClassName&apos; in any property source. Returning [null]
22:05:35.515 [main] DEBUG o.s.c.e.PropertySourcesPropertyResolver - Searching for key &apos;jdbc.driverClassName&apos; in [localProperties]
22:05:35.515 [main] DEBUG o.s.c.e.PropertySourcesPropertyResolver - Found key &apos;jdbc.driverClassName&apos; in [localProperties] with type [String] and value &apos;com.mysql.jdbc.Driver&apos;
22:05:35.519 [main] DEBUG o.s.b.f.s.DefaultListableBeanFactory - Creating shared instance of singleton bean &apos;org.springframework.context.annotation.internalAutowiredAnnotationProcessor&apos;
22:05:35.519 [main] DEBUG o.s.b.f.s.DefaultListableBeanFactory - Creating instance of bean &apos;org.springframework.context.annotation.internalAutowiredAnnotationProcessor&apos;
22:05:35.520 [main] DEBUG o.s.b.f.s.DefaultListableBeanFactory - Eagerly caching bean &apos;org.springframework.context.annotation.internalAutowiredAnnotationProcessor&apos; to allow for resolving potential circular references
22:05:35.520 [main] DEBUG o.s.b.f.s.DefaultListableBeanFactory - Finished creating instance of bean &apos;org.springframework.context.annotation.internalAutowiredAnnotationProcessor&apos;
22:05:35.520 [main] DEBUG o.s.b.f.s.DefaultListableBeanFactory - Creating shared instance of singleton bean &apos;org.springframework.context.annotation.internalRequiredAnnotationProcessor&apos;
22:05:35.520 [main] DEBUG o.s.b.f.s.DefaultListableBeanFactory - Creating instance of bean &apos;org.springframework.context.annotation.internalRequiredAnnotationProcessor&apos;
22:05:35.521 [main] DEBUG o.s.b.f.s.DefaultListableBeanFactory - Eagerly caching bean &apos;org.springframework.context.annotation.internalRequiredAnnotationProcessor&apos; to allow for resolving potential circular references
22:05:35.521 [main] DEBUG o.s.b.f.s.DefaultListableBeanFactory - Finished creating instance of bean &apos;org.springframework.context.annotation.internalRequiredAnnotationProcessor&apos;
22:05:35.521 [main] DEBUG o.s.b.f.s.DefaultListableBeanFactory - Creating shared instance of singleton bean &apos;org.springframework.context.annotation.internalCommonAnnotationProcessor&apos;
22:05:35.521 [main] DEBUG o.s.b.f.s.DefaultListableBeanFactory - Creating instance of bean &apos;org.springframework.context.annotation.internalCommonAnnotationProcessor&apos;
22:05:35.524 [main] DEBUG o.s.b.f.s.DefaultListableBeanFactory - Eagerly caching bean &apos;org.springframework.context.annotation.internalCommonAnnotationProcessor&apos; to allow for resolving potential circular references
22:05:35.524 [main] DEBUG o.s.b.f.s.DefaultListableBeanFactory - Finished creating instance of bean &apos;org.springframework.context.annotation.internalCommonAnnotationProcessor&apos;
22:05:35.524 [main] DEBUG o.s.b.f.s.DefaultListableBeanFactory - Creating shared instance of singleton bean &apos;org.springframework.context.annotation.internalPersistenceAnnotationProcessor&apos;
22:05:35.524 [main] DEBUG o.s.b.f.s.DefaultListableBeanFactory - Creating instance of bean &apos;org.springframework.context.annotation.internalPersistenceAnnotationProcessor&apos;
22:05:35.524 [main] DEBUG o.s.b.f.s.DefaultListableBeanFactory - Eagerly caching bean &apos;org.springframework.context.annotation.internalPersistenceAnnotationProcessor&apos; to allow for resolving potential circular references
22:05:35.525 [main] DEBUG o.s.b.f.s.DefaultListableBeanFactory - Finished creating instance of bean &apos;org.springframework.context.annotation.internalPersistenceAnnotationProcessor&apos;
22:05:35.525 [main] DEBUG o.s.b.f.s.DefaultListableBeanFactory - Creating shared instance of singleton bean &apos;org.springframework.context.annotation.ConfigurationClassPostProcessor.importAwareProcessor&apos;
22:05:35.525 [main] DEBUG o.s.b.f.s.DefaultListableBeanFactory - Creating instance of bean &apos;org.springframework.context.annotation.ConfigurationClassPostProcessor.importAwareProcessor&apos;
22:05:35.525 [main] DEBUG o.s.b.f.s.DefaultListableBeanFactory - Eagerly caching bean &apos;org.springframework.context.annotation.ConfigurationClassPostProcessor.importAwareProcessor&apos; to allow for resolving potential circular references
22:05:35.525 [main] DEBUG o.s.b.f.s.DefaultListableBeanFactory - Finished creating instance of bean &apos;org.springframework.context.annotation.ConfigurationClassPostProcessor.importAwareProcessor&apos;
22:05:35.525 [main] DEBUG o.s.b.f.s.DefaultListableBeanFactory - Creating shared instance of singleton bean &apos;org.springframework.context.annotation.ConfigurationClassPostProcessor.enhancedConfigurationProcessor&apos;
22:05:35.525 [main] DEBUG o.s.b.f.s.DefaultListableBeanFactory - Creating instance of bean &apos;org.springframework.context.annotation.ConfigurationClassPostProcessor.enhancedConfigurationProcessor&apos;
22:05:35.525 [main] DEBUG o.s.b.f.s.DefaultListableBeanFactory - Eagerly caching bean &apos;org.springframework.context.annotation.ConfigurationClassPostProcessor.enhancedConfigurationProcessor&apos; to allow for resolving potential circular references
22:05:35.525 [main] DEBUG o.s.b.f.s.DefaultListableBeanFactory - Finished creating instance of bean &apos;org.springframework.context.annotation.ConfigurationClassPostProcessor.enhancedConfigurationProcessor&apos;
22:05:35.526 [main] DEBUG o.s.b.f.s.DefaultListableBeanFactory - Creating shared instance of singleton bean &apos;org.springframework.aop.config.internalAutoProxyCreator&apos;
22:05:35.526 [main] DEBUG o.s.b.f.s.DefaultListableBeanFactory - Creating instance of bean &apos;org.springframework.aop.config.internalAutoProxyCreator&apos;
22:05:35.531 [main] DEBUG o.s.b.f.s.DefaultListableBeanFactory - Eagerly caching bean &apos;org.springframework.aop.config.internalAutoProxyCreator&apos; to allow for resolving potential circular references
22:05:35.539 [main] DEBUG o.s.b.f.s.DefaultListableBeanFactory - Finished creating instance of bean &apos;org.springframework.aop.config.internalAutoProxyCreator&apos;
22:05:35.540 [main] DEBUG o.s.c.s.GenericApplicationContext - Unable to locate MessageSource with name &apos;messageSource&apos;: using default [org.springframework.context.support.DelegatingMessageSource@2892dae4]
22:05:35.542 [main] DEBUG o.s.c.s.GenericApplicationContext - Unable to locate ApplicationEventMulticaster with name &apos;applicationEventMulticaster&apos;: using default [org.springframework.context.event.SimpleApplicationEventMulticaster@865dd6]
22:05:35.547 [main] DEBUG o.s.b.f.s.DefaultListableBeanFactory - Pre-instantiating singletons in org.springframework.beans.factory.support.DefaultListableBeanFactory@36902638: defining beans [billingService,callLogService,citronUserDetailsService,countryService,custermerService,customerLinePaymentDetailService,customerLineService,customerPaymentDetailService,facilityNumberPoolService,facilityService,inmateNoteService,inmateReferralService,inMateService,inmateStatusService,lineTypeService,paymentCardTypeService,prepaidPricingService,rateCenterService,stateService,userService,org.springframework.context.annotation.internalConfigurationAnnotationProcessor,org.springframework.context.annotation.internalAutowiredAnnotationProcessor,org.springframework.context.annotation.internalRequiredAnnotationProcessor,org.springframework.context.annotation.internalCommonAnnotationProcessor,org.springframework.context.annotation.internalPersistenceAnnotationProcessor,billingAddressDao,callLogDao,countryDao,customerDao,customerLineDao,customerLinePaymentDetailDao,customerPaymentDetailDao,facilityDao,facilityNumberPoolDao,inMateDao,inmateNoteDao,inmateReferralDao,inmateStatusDao,lineTypeDao,paymentCardTypeDao,prepaidPricingDao,rateCenterDao,stateDao,userDao,numberPeeringService,authorizeNetService,carService,RailwayStationService,trainService,sendEmail,org.springframework.context.support.PropertySourcesPlaceholderConfigurer#0,dataSource,sessionFactory,transactionManager,txAdvice,org.springframework.aop.config.internalAutoProxyCreator,userServicePointCut,org.springframework.aop.support.DefaultBeanFactoryPointcutAdvisor#0,org.springframework.context.annotation.ConfigurationClassPostProcessor.importAwareProcessor,org.springframework.context.annotation.ConfigurationClassPostProcessor.enhancedConfigurationProcessor]; root of factory hierarchy
22:05:35.547 [main] DEBUG o.s.b.f.s.DefaultListableBeanFactory - Creating shared instance of singleton bean &apos;billingService&apos;
22:05:35.547 [main] DEBUG o.s.b.f.s.DefaultListableBeanFactory - Creating instance of bean &apos;billingService&apos;
22:05:35.548 [main] DEBUG o.s.b.f.s.DefaultListableBeanFactory - Creating shared instance of singleton bean &apos;org.springframework.aop.support.DefaultBeanFactoryPointcutAdvisor#0&apos;
22:05:35.548 [main] DEBUG o.s.b.f.s.DefaultListableBeanFactory - Creating instance of bean &apos;org.springframework.aop.support.DefaultBeanFactoryPointcutAdvisor#0&apos;
22:05:35.549 [main] DEBUG o.s.b.f.s.DefaultListableBeanFactory - Eagerly caching bean &apos;org.springframework.aop.support.DefaultBeanFactoryPointcutAdvisor#0&apos; to allow for resolving potential circular references
22:05:35.564 [main] DEBUG o.s.b.f.s.DefaultListableBeanFactory - Creating instance of bean &apos;userServicePointCut&apos;
22:05:35.573 [main] DEBUG o.s.b.f.s.DefaultListableBeanFactory - Finished creating instance of bean &apos;userServicePointCut&apos;
22:05:35.574 [main] DEBUG o.s.b.f.s.DefaultListableBeanFactory - Finished creating instance of bean &apos;org.springframework.aop.support.DefaultBeanFactoryPointcutAdvisor#0&apos;
22:05:35.578 [main] DEBUG o.s.b.f.annotation.InjectionMetadata - Registered injected element on class [com.ylc.service.BillingService]: AutowiredFieldElement for com.ylc.dao.BillingAddressDao com.ylc.service.BillingService.billingAddressDao
22:05:35.579 [main] DEBUG o.s.b.f.s.DefaultListableBeanFactory - Eagerly caching bean &apos;billingService&apos; to allow for resolving potential circular references
22:05:35.580 [main] DEBUG o.s.b.f.annotation.InjectionMetadata - Processing injected method of bean &apos;billingService&apos;: AutowiredFieldElement for com.ylc.dao.BillingAddressDao com.ylc.service.BillingService.billingAddressDao
22:05:35.583 [main] DEBUG o.s.b.f.s.DefaultListableBeanFactory - Returning cached instance of singleton bean &apos;org.springframework.aop.support.DefaultBeanFactoryPointcutAdvisor#0&apos;
22:05:35.591 [main] DEBUG o.s.b.f.s.DefaultListableBeanFactory - Creating shared instance of singleton bean &apos;billingAddressDao&apos;
22:05:35.591 [main] DEBUG o.s.b.f.s.DefaultListableBeanFactory - Creating instance of bean &apos;billingAddressDao&apos;
22:05:35.591 [main] DEBUG o.s.b.f.s.DefaultListableBeanFactory - Returning cached instance of singleton bean &apos;org.springframework.aop.support.DefaultBeanFactoryPointcutAdvisor#0&apos;
22:05:35.593 [main] DEBUG o.s.b.f.annotation.InjectionMetadata - Registered injected element on class [com.ylc.dao.BillingAddressDao]: AutowiredFieldElement for org.hibernate.SessionFactory com.ylc.dao.BillingAddressDao.sessionFactory
22:05:35.593 [main] DEBUG o.s.b.f.s.DefaultListableBeanFactory - Eagerly caching bean &apos;billingAddressDao&apos; to allow for resolving potential circular references
22:05:35.594 [main] DEBUG o.s.b.f.annotation.InjectionMetadata - Processing injected method of bean &apos;billingAddressDao&apos;: AutowiredFieldElement for org.hibernate.SessionFactory com.ylc.dao.BillingAddressDao.sessionFactory
22:05:35.595 [main] DEBUG o.s.b.f.s.DefaultListableBeanFactory - Creating shared instance of singleton bean &apos;sessionFactory&apos;
22:05:35.595 [main] DEBUG o.s.b.f.s.DefaultListableBeanFactory - Creating instance of bean &apos;sessionFactory&apos;
22:05:35.597 [main] DEBUG o.s.b.f.s.DefaultListableBeanFactory - Eagerly caching bean &apos;sessionFactory&apos; to allow for resolving potential circular references
22:05:35.603 [main] DEBUG o.s.b.f.s.DefaultListableBeanFactory - Creating shared instance of singleton bean &apos;dataSource&apos;
22:05:35.603 [main] DEBUG o.s.b.f.s.DefaultListableBeanFactory - Creating instance of bean &apos;dataSource&apos;
22:05:35.603 [main] DEBUG o.s.b.f.s.DefaultListableBeanFactory - Returning cached instance of singleton bean &apos;org.springframework.aop.support.DefaultBeanFactoryPointcutAdvisor#0&apos;
22:05:35.609 [main] DEBUG o.s.b.f.s.DefaultListableBeanFactory - Eagerly caching bean &apos;dataSource&apos; to allow for resolving potential circular references
22:05:35.617 [main] DEBUG o.s.b.f.s.DefaultListableBeanFactory - Returning cached instance of singleton bean &apos;org.springframework.aop.support.DefaultBeanFactoryPointcutAdvisor#0&apos;
22:05:35.617 [main] DEBUG o.s.b.f.s.DefaultListableBeanFactory - Returning cached instance of singleton bean &apos;org.springframework.aop.support.DefaultBeanFactoryPointcutAdvisor#0&apos;
22:05:35.754 [main] DEBUG o.s.b.f.s.DefaultListableBeanFactory - Finished creating instance of bean &apos;dataSource&apos;
22:05:35.763 [main] DEBUG o.s.b.f.s.DefaultListableBeanFactory - Invoking afterPropertiesSet() on bean with name &apos;sessionFactory&apos;
22:05:35.786 [main] DEBUG org.jboss.logging - Logging Provider: org.jboss.logging.Slf4jLoggerProvider
22:05:35.800 [main] DEBUG org.hibernate.type.BasicTypeRegistry - Adding type registration boolean -&gt; org.hibernate.type.BooleanType@22f59fa
22:05:35.801 [main] DEBUG org.hibernate.type.BasicTypeRegistry - Adding type registration boolean -&gt; org.hibernate.type.BooleanType@22f59fa
22:05:35.801 [main] DEBUG org.hibernate.type.BasicTypeRegistry - Adding type registration java.lang.Boolean -&gt; org.hibernate.type.BooleanType@22f59fa
22:05:35.801 [main] DEBUG org.hibernate.type.BasicTypeRegistry - Adding type registration numeric_boolean -&gt; org.hibernate.type.NumericBooleanType@79defdc
22:05:35.802 [main] DEBUG org.hibernate.type.BasicTypeRegistry - Adding type registration true_false -&gt; org.hibernate.type.TrueFalseType@9cb8225
22:05:35.802 [main] DEBUG org.hibernate.type.BasicTypeRegistry - Adding type registration yes_no -&gt; org.hibernate.type.YesNoType@376a0d86
22:05:35.804 [main] DEBUG org.hibernate.type.BasicTypeRegistry - Adding type registration byte -&gt; org.hibernate.type.ByteType@6c7a164b
22:05:35.804 [main] DEBUG org.hibernate.type.BasicTypeRegistry - Adding type registration byte -&gt; org.hibernate.type.ByteType@6c7a164b
22:05:35.804 [main] DEBUG org.hibernate.type.BasicTypeRegistry - Adding type registration java.lang.Byte -&gt; org.hibernate.type.ByteType@6c7a164b
22:05:35.805 [main] DEBUG org.hibernate.type.BasicTypeRegistry - Adding type registration character -&gt; org.hibernate.type.CharacterType@638ef7ed
22:05:35.805 [main] DEBUG org.hibernate.type.BasicTypeRegistry - Adding type registration char -&gt; org.hibernate.type.CharacterType@638ef7ed
22:05:35.805 [main] DEBUG org.hibernate.type.BasicTypeRegistry - Adding type registration java.lang.Character -&gt; org.hibernate.type.CharacterType@638ef7ed
22:05:35.806 [main] DEBUG org.hibernate.type.BasicTypeRegistry - Adding type registration short -&gt; org.hibernate.type.ShortType@1f760b47
22:05:35.807 [main] DEBUG org.hibernate.type.BasicTypeRegistry - Adding type registration short -&gt; org.hibernate.type.ShortType@1f760b47
22:05:35.807 [main] DEBUG org.hibernate.type.BasicTypeRegistry - Adding type registration java.lang.Short -&gt; org.hibernate.type.ShortType@1f760b47
22:05:35.808 [main] DEBUG org.hibernate.type.BasicTypeRegistry - Adding type registration integer -&gt; org.hibernate.type.IntegerType@264f218
22:05:35.808 [main] DEBUG org.hibernate.type.BasicTypeRegistry - Adding type registration int -&gt; org.hibernate.type.IntegerType@264f218
22:05:35.808 [main] DEBUG org.hibernate.type.BasicTypeRegistry - Adding type registration java.lang.Integer -&gt; org.hibernate.type.IntegerType@264f218
22:05:35.809 [main] DEBUG org.hibernate.type.BasicTypeRegistry - Adding type registration long -&gt; org.hibernate.type.LongType@1169afe1
22:05:35.809 [main] DEBUG org.hibernate.type.BasicTypeRegistry - Adding type registration long -&gt; org.hibernate.type.LongType@1169afe1
22:05:35.809 [main] DEBUG org.hibernate.type.BasicTypeRegistry - Adding type registration java.lang.Long -&gt; org.hibernate.type.LongType@1169afe1
22:05:35.810 [main] DEBUG org.hibernate.type.BasicTypeRegistry - Adding type registration float -&gt; org.hibernate.type.FloatType@7de62196
22:05:35.810 [main] DEBUG org.hibernate.type.BasicTypeRegistry - Adding type registration float -&gt; org.hibernate.type.FloatType@7de62196
22:05:35.810 [main] DEBUG org.hibernate.type.BasicTypeRegistry - Adding type registration java.lang.Float -&gt; org.hibernate.type.FloatType@7de62196
22:05:35.811 [main] DEBUG org.hibernate.type.BasicTypeRegistry - Adding type registration double -&gt; org.hibernate.type.DoubleType@478db956
22:05:35.811 [main] DEBUG org.hibernate.type.BasicTypeRegistry - Adding type registration double -&gt; org.hibernate.type.DoubleType@478db956
22:05:35.811 [main] DEBUG org.hibernate.type.BasicTypeRegistry - Adding type registration java.lang.Double -&gt; org.hibernate.type.DoubleType@478db956
22:05:35.812 [main] DEBUG org.hibernate.type.BasicTypeRegistry - Adding type registration big_decimal -&gt; org.hibernate.type.BigDecimalType@77659b30
22:05:35.812 [main] DEBUG org.hibernate.type.BasicTypeRegistry - Adding type registration java.math.BigDecimal -&gt; org.hibernate.type.BigDecimalType@77659b30
22:05:35.813 [main] DEBUG org.hibernate.type.BasicTypeRegistry - Adding type registration big_integer -&gt; org.hibernate.type.BigIntegerType@6b0d80ed
22:05:35.813 [main] DEBUG org.hibernate.type.BasicTypeRegistry - Adding type registration java.math.BigInteger -&gt; org.hibernate.type.BigIntegerType@6b0d80ed
22:05:35.814 [main] DEBUG org.hibernate.type.BasicTypeRegistry - Adding type registration string -&gt; org.hibernate.type.StringType@15f47664
22:05:35.814 [main] DEBUG org.hibernate.type.BasicTypeRegistry - Adding type registration java.lang.String -&gt; org.hibernate.type.StringType@15f47664
22:05:35.814 [main] DEBUG org.hibernate.type.BasicTypeRegistry - Adding type registration nstring -&gt; org.hibernate.type.StringNVarcharType@a1f72f5
22:05:35.815 [main] DEBUG org.hibernate.type.BasicTypeRegistry - Adding type registration ncharacter -&gt; org.hibernate.type.CharacterNCharType@2dc9b0f5
22:05:35.815 [main] DEBUG org.hibernate.type.BasicTypeRegistry - Adding type registration url -&gt; org.hibernate.type.UrlType@56dc1551
22:05:35.815 [main] DEBUG org.hibernate.type.BasicTypeRegistry - Adding type registration java.net.URL -&gt; org.hibernate.type.UrlType@56dc1551
22:05:35.817 [main] DEBUG org.hibernate.type.BasicTypeRegistry - Adding type registration date -&gt; org.hibernate.type.DateType@791d1f8b
22:05:35.817 [main] DEBUG org.hibernate.type.BasicTypeRegistry - Adding type registration java.sql.Date -&gt; org.hibernate.type.DateType@791d1f8b
22:05:35.818 [main] DEBUG org.hibernate.type.BasicTypeRegistry - Adding type registration time -&gt; org.hibernate.type.TimeType@7ba8c737
22:05:35.818 [main] DEBUG org.hibernate.type.BasicTypeRegistry - Adding type registration java.sql.Time -&gt; org.hibernate.type.TimeType@7ba8c737
22:05:35.820 [main] DEBUG org.hibernate.type.BasicTypeRegistry - Adding type registration timestamp -&gt; org.hibernate.type.TimestampType@3336e6b6
22:05:35.820 [main] DEBUG org.hibernate.type.BasicTypeRegistry - Adding type registration java.sql.Timestamp -&gt; org.hibernate.type.TimestampType@3336e6b6
22:05:35.820 [main] DEBUG org.hibernate.type.BasicTypeRegistry - Adding type registration java.util.Date -&gt; org.hibernate.type.TimestampType@3336e6b6
22:05:35.821 [main] DEBUG org.hibernate.type.BasicTypeRegistry - Adding type registration dbtimestamp -&gt; org.hibernate.type.DbTimestampType@6950ed69
22:05:35.822 [main] DEBUG org.hibernate.type.BasicTypeRegistry - Adding type registration calendar -&gt; org.hibernate.type.CalendarType@189cbd7c
22:05:35.823 [main] DEBUG org.hibernate.type.BasicTypeRegistry - Adding type registration java.util.Calendar -&gt; org.hibernate.type.CalendarType@189cbd7c
22:05:35.823 [main] DEBUG org.hibernate.type.BasicTypeRegistry - Adding type registration java.util.GregorianCalendar -&gt; org.hibernate.type.CalendarType@189cbd7c
22:05:35.823 [main] DEBUG org.hibernate.type.BasicTypeRegistry - Adding type registration calendar_date -&gt; org.hibernate.type.CalendarDateType@39b43d60
22:05:35.824 [main] DEBUG org.hibernate.type.BasicTypeRegistry - Adding type registration locale -&gt; org.hibernate.type.LocaleType@5e21e98f
22:05:35.824 [main] DEBUG org.hibernate.type.BasicTypeRegistry - Adding type registration java.util.Locale -&gt; org.hibernate.type.LocaleType@5e21e98f
22:05:35.825 [main] DEBUG org.hibernate.type.BasicTypeRegistry - Adding type registration currency -&gt; org.hibernate.type.CurrencyType@3fce8fd9
22:05:35.825 [main] DEBUG org.hibernate.type.BasicTypeRegistry - Adding type registration java.util.Currency -&gt; org.hibernate.type.CurrencyType@3fce8fd9
22:05:35.825 [main] DEBUG org.hibernate.type.BasicTypeRegistry - Adding type registration timezone -&gt; org.hibernate.type.TimeZoneType@23202fce
22:05:35.825 [main] DEBUG org.hibernate.type.BasicTypeRegistry - Adding type registration java.util.TimeZone -&gt; org.hibernate.type.TimeZoneType@23202fce
22:05:35.826 [main] DEBUG org.hibernate.type.BasicTypeRegistry - Adding type registration class -&gt; org.hibernate.type.ClassType@7f284218
22:05:35.826 [main] DEBUG org.hibernate.type.BasicTypeRegistry - Adding type registration java.lang.Class -&gt; org.hibernate.type.ClassType@7f284218
22:05:35.827 [main] DEBUG org.hibernate.type.BasicTypeRegistry - Adding type registration uuid-binary -&gt; org.hibernate.type.UUIDBinaryType@64e7619d
22:05:35.827 [main] DEBUG org.hibernate.type.BasicTypeRegistry - Adding type registration java.util.UUID -&gt; org.hibernate.type.UUIDBinaryType@64e7619d
22:05:35.827 [main] DEBUG org.hibernate.type.BasicTypeRegistry - Adding type registration uuid-char -&gt; org.hibernate.type.UUIDCharType@6ea2bc93
22:05:35.828 [main] DEBUG org.hibernate.type.BasicTypeRegistry - Adding type registration pg-uuid -&gt; org.hibernate.type.PostgresUUIDType@3224a577
22:05:35.829 [main] DEBUG org.hibernate.type.BasicTypeRegistry - Adding type registration binary -&gt; org.hibernate.type.BinaryType@1130520d
22:05:35.829 [main] DEBUG org.hibernate.type.BasicTypeRegistry - Adding type registration byte[] -&gt; org.hibernate.type.BinaryType@1130520d
22:05:35.829 [main] DEBUG org.hibernate.type.BasicTypeRegistry - Adding type registration [B -&gt; org.hibernate.type.BinaryType@1130520d
22:05:35.830 [main] DEBUG org.hibernate.type.BasicTypeRegistry - Adding type registration wrapper-binary -&gt; org.hibernate.type.WrapperBinaryType@7a3793c7
22:05:35.830 [main] DEBUG org.hibernate.type.BasicTypeRegistry - Adding type registration Byte[] -&gt; org.hibernate.type.WrapperBinaryType@7a3793c7
22:05:35.830 [main] DEBUG org.hibernate.type.BasicTypeRegistry - Adding type registration [Ljava.lang.Byte; -&gt; org.hibernate.type.WrapperBinaryType@7a3793c7
22:05:35.830 [main] DEBUG org.hibernate.type.BasicTypeRegistry - Adding type registration image -&gt; org.hibernate.type.ImageType@5456afaa
22:05:35.831 [main] DEBUG org.hibernate.type.BasicTypeRegistry - Adding type registration characters -&gt; org.hibernate.type.CharArrayType@4a00d9cf
22:05:35.831 [main] DEBUG org.hibernate.type.BasicTypeRegistry - Adding type registration char[] -&gt; org.hibernate.type.CharArrayType@4a00d9cf
22:05:35.831 [main] DEBUG org.hibernate.type.BasicTypeRegistry - Adding type registration [C -&gt; org.hibernate.type.CharArrayType@4a00d9cf
22:05:35.832 [main] DEBUG org.hibernate.type.BasicTypeRegistry - Adding type registration wrapper-characters -&gt; org.hibernate.type.CharacterArrayType@4c012563
22:05:35.832 [main] DEBUG org.hibernate.type.BasicTypeRegistry - Adding type registration [Ljava.lang.Character; -&gt; org.hibernate.type.CharacterArrayType@4c012563
22:05:35.833 [main] DEBUG org.hibernate.type.BasicTypeRegistry - Adding type registration Character[] -&gt; org.hibernate.type.CharacterArrayType@4c012563
22:05:35.833 [main] DEBUG org.hibernate.type.BasicTypeRegistry - Adding type registration text -&gt; org.hibernate.type.TextType@329dbdbf
22:05:35.834 [main] DEBUG org.hibernate.type.BasicTypeRegistry - Adding type registration ntext -&gt; org.hibernate.type.NTextType@479cbee5
22:05:35.836 [main] DEBUG org.hibernate.type.BasicTypeRegistry - Adding type registration blob -&gt; org.hibernate.type.BlobType@48c76607
22:05:35.836 [main] DEBUG org.hibernate.type.BasicTypeRegistry - Adding type registration java.sql.Blob -&gt; org.hibernate.type.BlobType@48c76607
22:05:35.836 [main] DEBUG org.hibernate.type.BasicTypeRegistry - Adding type registration materialized_blob -&gt; org.hibernate.type.MaterializedBlobType@6b6776cb
22:05:35.840 [main] DEBUG org.hibernate.type.BasicTypeRegistry - Adding type registration clob -&gt; org.hibernate.type.ClobType@704deff2
22:05:35.840 [main] DEBUG org.hibernate.type.BasicTypeRegistry - Adding type registration java.sql.Clob -&gt; org.hibernate.type.ClobType@704deff2
22:05:35.842 [main] DEBUG org.hibernate.type.BasicTypeRegistry - Adding type registration nclob -&gt; org.hibernate.type.NClobType@78a773fd
22:05:35.842 [main] DEBUG org.hibernate.type.BasicTypeRegistry - Adding type registration java.sql.NClob -&gt; org.hibernate.type.NClobType@78a773fd
22:05:35.842 [main] DEBUG org.hibernate.type.BasicTypeRegistry - Adding type registration materialized_clob -&gt; org.hibernate.type.MaterializedClobType@6d7fc27
22:05:35.842 [main] DEBUG org.hibernate.type.BasicTypeRegistry - Adding type registration materialized_nclob -&gt; org.hibernate.type.MaterializedNClobType@518caac3
22:05:35.843 [main] DEBUG org.hibernate.type.BasicTypeRegistry - Adding type registration serializable -&gt; org.hibernate.type.SerializableType@2a3888c1
22:05:35.845 [main] DEBUG org.hibernate.type.BasicTypeRegistry - Adding type registration object -&gt; org.hibernate.type.ObjectType@4fbe37eb
22:05:35.845 [main] DEBUG org.hibernate.type.BasicTypeRegistry - Adding type registration java.lang.Object -&gt; org.hibernate.type.ObjectType@4fbe37eb
22:05:35.845 [main] DEBUG org.hibernate.type.BasicTypeRegistry - Adding type registration imm_date -&gt; org.hibernate.type.AdaptedImmutableType@2049a9c1
22:05:35.845 [main] DEBUG org.hibernate.type.BasicTypeRegistry - Adding type registration imm_time -&gt; org.hibernate.type.AdaptedImmutableType@1ef6d34c
22:05:35.846 [main] DEBUG org.hibernate.type.BasicTypeRegistry - Adding type registration imm_timestamp -&gt; org.hibernate.type.AdaptedImmutableType@46271dd6
22:05:35.846 [main] DEBUG org.hibernate.type.BasicTypeRegistry - Adding type registration imm_dbtimestamp -&gt; org.hibernate.type.AdaptedImmutableType@11bb571c
22:05:35.846 [main] DEBUG org.hibernate.type.BasicTypeRegistry - Adding type registration imm_calendar -&gt; org.hibernate.type.AdaptedImmutableType@7c51f34b
22:05:35.846 [main] DEBUG org.hibernate.type.BasicTypeRegistry - Adding type registration imm_calendar_date -&gt; org.hibernate.type.AdaptedImmutableType@5495333e
22:05:35.846 [main] DEBUG org.hibernate.type.BasicTypeRegistry - Adding type registration imm_binary -&gt; org.hibernate.type.AdaptedImmutableType@2a225dd7
22:05:35.846 [main] DEBUG org.hibernate.type.BasicTypeRegistry - Adding type registration imm_serializable -&gt; org.hibernate.type.AdaptedImmutableType@61eaec38
22:05:35.858 [main] INFO  o.h.annotations.common.Version - HCANN000001: Hibernate Commons Annotations {4.0.2.Final}
22:05:35.863 [main] INFO  org.hibernate.Version - HHH000412: Hibernate Core {4.2.11.Final}
22:05:35.864 [main] INFO  org.hibernate.cfg.Environment - HHH000206: hibernate.properties not found
22:05:35.866 [main] INFO  org.hibernate.cfg.Environment - HHH000021: Bytecode provider name : javassist
22:05:35.875 [main] DEBUG o.h.i.f.i.DefaultIdentifierGeneratorFactory - Registering IdentifierGenerator strategy [uuid2] -&gt; [org.hibernate.id.UUIDGenerator]
22:05:35.876 [main] DEBUG o.h.i.f.i.DefaultIdentifierGeneratorFactory - Registering IdentifierGenerator strategy [guid] -&gt; [org.hibernate.id.GUIDGenerator]
22:05:35.876 [main] DEBUG o.h.i.f.i.DefaultIdentifierGeneratorFactory - Registering IdentifierGenerator strategy [uuid] -&gt; [org.hibernate.id.UUIDHexGenerator]
22:05:35.876 [main] DEBUG o.h.i.f.i.DefaultIdentifierGeneratorFactory - Registering IdentifierGenerator strategy [uuid.hex] -&gt; [org.hibernate.id.UUIDHexGenerator]
22:05:35.877 [main] DEBUG o.h.i.f.i.DefaultIdentifierGeneratorFactory - Registering IdentifierGenerator strategy [hilo] -&gt; [org.hibernate.id.TableHiLoGenerator]
22:05:35.878 [main] DEBUG o.h.i.f.i.DefaultIdentifierGeneratorFactory - Registering IdentifierGenerator strategy [assigned] -&gt; [org.hibernate.id.Assigned]
22:05:35.879 [main] DEBUG o.h.i.f.i.DefaultIdentifierGeneratorFactory - Registering IdentifierGenerator strategy [identity] -&gt; [org.hibernate.id.IdentityGenerator]
22:05:35.879 [main] DEBUG o.h.i.f.i.DefaultIdentifierGeneratorFactory - Registering IdentifierGenerator strategy [select] -&gt; [org.hibernate.id.SelectGenerator]
22:05:35.879 [main] DEBUG o.h.i.f.i.DefaultIdentifierGeneratorFactory - Registering IdentifierGenerator strategy [sequence] -&gt; [org.hibernate.id.SequenceGenerator]
22:05:35.880 [main] DEBUG o.h.i.f.i.DefaultIdentifierGeneratorFactory - Registering IdentifierGenerator strategy [seqhilo] -&gt; [org.hibernate.id.SequenceHiLoGenerator]
22:05:35.880 [main] DEBUG o.h.i.f.i.DefaultIdentifierGeneratorFactory - Registering IdentifierGenerator strategy [increment] -&gt; [org.hibernate.id.IncrementGenerator]
22:05:35.881 [main] DEBUG o.h.i.f.i.DefaultIdentifierGeneratorFactory - Registering IdentifierGenerator strategy [foreign] -&gt; [org.hibernate.id.ForeignGenerator]
22:05:35.881 [main] DEBUG o.h.i.f.i.DefaultIdentifierGeneratorFactory - Registering IdentifierGenerator strategy [sequence-identity] -&gt; [org.hibernate.id.SequenceIdentityGenerator]
22:05:35.882 [main] DEBUG o.h.i.f.i.DefaultIdentifierGeneratorFactory - Registering IdentifierGenerator strategy [enhanced-sequence] -&gt; [org.hibernate.id.enhanced.SequenceStyleGenerator]
22:05:35.885 [main] DEBUG o.h.i.f.i.DefaultIdentifierGeneratorFactory - Registering IdentifierGenerator strategy [enhanced-table] -&gt; [org.hibernate.id.enhanced.TableGenerator]
22:05:35.909 [main] DEBUG o.h.i.util.xml.DTDEntityResolver - Trying to resolve system-id [http://www.hibernate.org/dtd/hibernate-mapping-3.0.dtd]
22:05:35.910 [main] DEBUG o.h.i.util.xml.DTDEntityResolver - Recognized hibernate namespace; attempting to resolve on classpath under org/hibernate/
22:05:35.910 [main] DEBUG o.h.i.util.xml.DTDEntityResolver - Located [http://www.hibernate.org/dtd/hibernate-mapping-3.0.dtd] in classpath
22:05:35.955 [main] DEBUG o.h.i.util.xml.DTDEntityResolver - Trying to resolve system-id [http://www.hibernate.org/dtd/hibernate-mapping-3.0.dtd]
22:05:35.955 [main] DEBUG o.h.i.util.xml.DTDEntityResolver - Recognized hibernate namespace; attempting to resolve on classpath under org/hibernate/
22:05:35.955 [main] DEBUG o.h.i.util.xml.DTDEntityResolver - Located [http://www.hibernate.org/dtd/hibernate-mapping-3.0.dtd] in classpath
22:05:35.979 [main] DEBUG o.h.i.util.xml.DTDEntityResolver - Trying to resolve system-id [http://www.hibernate.org/dtd/hibernate-mapping-3.0.dtd]
22:05:35.981 [main] DEBUG o.h.i.util.xml.DTDEntityResolver - Recognized hibernate namespace; attempting to resolve on classpath under org/hibernate/
22:05:35.982 [main] DEBUG o.h.i.util.xml.DTDEntityResolver - Located [http://www.hibernate.org/dtd/hibernate-mapping-3.0.dtd] in classpath
22:05:35.996 [main] DEBUG o.h.i.util.xml.DTDEntityResolver - Trying to resolve system-id [http://www.hibernate.org/dtd/hibernate-mapping-3.0.dtd]
22:05:35.997 [main] DEBUG o.h.i.util.xml.DTDEntityResolver - Recognized hibernate namespace; attempting to resolve on classpath under org/hibernate/
22:05:35.998 [main] DEBUG o.h.i.util.xml.DTDEntityResolver - Located [http://www.hibernate.org/dtd/hibernate-mapping-3.0.dtd] in classpath
22:05:36.009 [main] DEBUG o.h.i.util.xml.DTDEntityResolver - Trying to resolve system-id [http://www.hibernate.org/dtd/hibernate-mapping-3.0.dtd]
22:05:36.010 [main] DEBUG o.h.i.util.xml.DTDEntityResolver - Recognized hibernate namespace; attempting to resolve on classpath under org/hibernate/
22:05:36.010 [main] DEBUG o.h.i.util.xml.DTDEntityResolver - Located [http://www.hibernate.org/dtd/hibernate-mapping-3.0.dtd] in classpath
22:05:36.019 [main] DEBUG o.h.i.util.xml.DTDEntityResolver - Trying to resolve system-id [http://www.hibernate.org/dtd/hibernate-mapping-3.0.dtd]
22:05:36.019 [main] DEBUG o.h.i.util.xml.DTDEntityResolver - Recognized hibernate namespace; attempting to resolve on classpath under org/hibernate/
22:05:36.019 [main] DEBUG o.h.i.util.xml.DTDEntityResolver - Located [http://www.hibernate.org/dtd/hibernate-mapping-3.0.dtd] in classpath
22:05:36.040 [main] DEBUG o.h.i.util.xml.DTDEntityResolver - Trying to resolve system-id [http://www.hibernate.org/dtd/hibernate-mapping-3.0.dtd]
22:05:36.040 [main] DEBUG o.h.i.util.xml.DTDEntityResolver - Recognized hibernate namespace; attempting to resolve on classpath under org/hibernate/
22:05:36.040 [main] DEBUG o.h.i.util.xml.DTDEntityResolver - Located [http://www.hibernate.org/dtd/hibernate-mapping-3.0.dtd] in classpath
22:05:36.051 [main] DEBUG o.h.i.util.xml.DTDEntityResolver - Trying to resolve system-id [http://www.hibernate.org/dtd/hibernate-mapping-3.0.dtd]
22:05:36.051 [main] DEBUG o.h.i.util.xml.DTDEntityResolver - Recognized hibernate namespace; attempting to resolve on classpath under org/hibernate/
22:05:36.052 [main] DEBUG o.h.i.util.xml.DTDEntityResolver - Located [http://www.hibernate.org/dtd/hibernate-mapping-3.0.dtd] in classpath
22:05:36.058 [main] DEBUG o.h.i.util.xml.DTDEntityResolver - Trying to resolve system-id [http://www.hibernate.org/dtd/hibernate-mapping-3.0.dtd]
22:05:36.059 [main] DEBUG o.h.i.util.xml.DTDEntityResolver - Recognized hibernate namespace; attempting to resolve on classpath under org/hibernate/
22:05:36.059 [main] DEBUG o.h.i.util.xml.DTDEntityResolver - Located [http://www.hibernate.org/dtd/hibernate-mapping-3.0.dtd] in classpath
22:05:36.066 [main] DEBUG o.h.i.util.xml.DTDEntityResolver - Trying to resolve system-id [http://www.hibernate.org/dtd/hibernate-mapping-3.0.dtd]
22:05:36.066 [main] DEBUG o.h.i.util.xml.DTDEntityResolver - Recognized hibernate namespace; attempting to resolve on classpath under org/hibernate/
22:05:36.066 [main] DEBUG o.h.i.util.xml.DTDEntityResolver - Located [http://www.hibernate.org/dtd/hibernate-mapping-3.0.dtd] in classpath
22:05:36.074 [main] DEBUG o.h.i.util.xml.DTDEntityResolver - Trying to resolve system-id [http://www.hibernate.org/dtd/hibernate-mapping-3.0.dtd]
22:05:36.074 [main] DEBUG o.h.i.util.xml.DTDEntityResolver - Recognized hibernate namespace; attempting to resolve on classpath under org/hibernate/
22:05:36.074 [main] DEBUG o.h.i.util.xml.DTDEntityResolver - Located [http://www.hibernate.org/dtd/hibernate-mapping-3.0.dtd] in classpath
22:05:36.082 [main] DEBUG o.h.i.util.xml.DTDEntityResolver - Trying to resolve system-id [http://www.hibernate.org/dtd/hibernate-mapping-3.0.dtd]
22:05:36.082 [main] DEBUG o.h.i.util.xml.DTDEntityResolver - Recognized hibernate namespace; attempting to resolve on classpath under org/hibernate/
22:05:36.082 [main] DEBUG o.h.i.util.xml.DTDEntityResolver - Located [http://www.hibernate.org/dtd/hibernate-mapping-3.0.dtd] in classpath
22:05:36.088 [main] DEBUG o.h.i.util.xml.DTDEntityResolver - Trying to resolve system-id [http://www.hibernate.org/dtd/hibernate-mapping-3.0.dtd]
22:05:36.089 [main] DEBUG o.h.i.util.xml.DTDEntityResolver - Recognized hibernate namespace; attempting to resolve on classpath under org/hibernate/
22:05:36.089 [main] DEBUG o.h.i.util.xml.DTDEntityResolver - Located [http://www.hibernate.org/dtd/hibernate-mapping-3.0.dtd] in classpath
22:05:36.096 [main] DEBUG o.h.i.util.xml.DTDEntityResolver - Trying to resolve system-id [http://www.hibernate.org/dtd/hibernate-mapping-3.0.dtd]
22:05:36.096 [main] DEBUG o.h.i.util.xml.DTDEntityResolver - Recognized hibernate namespace; attempting to resolve on classpath under org/hibernate/
22:05:36.096 [main] DEBUG o.h.i.util.xml.DTDEntityResolver - Located [http://www.hibernate.org/dtd/hibernate-mapping-3.0.dtd] in classpath
22:05:36.102 [main] DEBUG o.h.i.util.xml.DTDEntityResolver - Trying to resolve system-id [http://www.hibernate.org/dtd/hibernate-mapping-3.0.dtd]
22:05:36.102 [main] DEBUG o.h.i.util.xml.DTDEntityResolver - Recognized hibernate namespace; attempting to resolve on classpath under org/hibernate/
22:05:36.102 [main] DEBUG o.h.i.util.xml.DTDEntityResolver - Located [http://www.hibernate.org/dtd/hibernate-mapping-3.0.dtd] in classpath
22:05:36.108 [main] DEBUG o.h.i.util.xml.DTDEntityResolver - Trying to resolve system-id [http://www.hibernate.org/dtd/hibernate-mapping-3.0.dtd]
22:05:36.108 [main] DEBUG o.h.i.util.xml.DTDEntityResolver - Recognized hibernate namespace; attempting to resolve on classpath under org/hibernate/
22:05:36.108 [main] DEBUG o.h.i.util.xml.DTDEntityResolver - Located [http://www.hibernate.org/dtd/hibernate-mapping-3.0.dtd] in classpath
22:05:36.114 [main] DEBUG o.h.i.util.xml.DTDEntityResolver - Trying to resolve system-id [http://www.hibernate.org/dtd/hibernate-mapping-3.0.dtd]
22:05:36.114 [main] DEBUG o.h.i.util.xml.DTDEntityResolver - Recognized hibernate namespace; attempting to resolve on classpath under org/hibernate/
22:05:36.114 [main] DEBUG o.h.i.util.xml.DTDEntityResolver - Located [http://www.hibernate.org/dtd/hibernate-mapping-3.0.dtd] in classpath
22:05:36.132 [main] DEBUG o.h.i.util.xml.DTDEntityResolver - Trying to resolve system-id [http://www.hibernate.org/dtd/hibernate-mapping-3.0.dtd]
22:05:36.132 [main] DEBUG o.h.i.util.xml.DTDEntityResolver - Recognized hibernate namespace; attempting to resolve on classpath under org/hibernate/
22:05:36.133 [main] DEBUG o.h.i.util.xml.DTDEntityResolver - Located [http://www.hibernate.org/dtd/hibernate-mapping-3.0.dtd] in classpath
22:05:36.140 [main] DEBUG o.h.i.util.xml.DTDEntityResolver - Trying to resolve system-id [http://www.hibernate.org/dtd/hibernate-mapping-3.0.dtd]
22:05:36.140 [main] DEBUG o.h.i.util.xml.DTDEntityResolver - Recognized hibernate namespace; attempting to resolve on classpath under org/hibernate/
22:05:36.141 [main] DEBUG o.h.i.util.xml.DTDEntityResolver - Located [http://www.hibernate.org/dtd/hibernate-mapping-3.0.dtd] in classpath
22:05:36.152 [main] DEBUG o.h.i.util.xml.DTDEntityResolver - Trying to resolve system-id [http://www.hibernate.org/dtd/hibernate-mapping-3.0.dtd]
22:05:36.152 [main] DEBUG o.h.i.util.xml.DTDEntityResolver - Recognized hibernate namespace; attempting to resolve on classpath under org/hibernate/
22:05:36.153 [main] DEBUG o.h.i.util.xml.DTDEntityResolver - Located [http://www.hibernate.org/dtd/hibernate-mapping-3.0.dtd] in classpath
22:05:36.167 [main] DEBUG o.h.i.internal.IntegratorServiceImpl - Adding Integrator [org.hibernate.cfg.beanvalidation.BeanValidationIntegrator].
22:05:36.183 [main] DEBUG org.hibernate.cfg.Configuration - Preparing to build session factory with filters : {}
22:05:36.277 [main] WARN  o.h.e.jdbc.internal.JdbcServicesImpl - HHH000342: Could not obtain connection to query metadata : Cannot create PoolableConnectionFactory (Unknown database &apos;ylc_9&apos;)
22:05:36.284 [main] INFO  org.hibernate.dialect.Dialect - HHH000400: Using dialect: org.hibernate.dialect.MySQL5Dialect
22:05:36.291 [main] INFO  o.h.e.j.internal.LobCreatorBuilder - HHH000422: Disabling contextual LOB creation as connection was null
22:05:36.318 [main] DEBUG org.hibernate.cfg.Configuration - Processing hbm.xml files
22:05:36.331 [main] DEBUG org.hibernate.cfg.HbmBinder - Mapping class: com.ylc.domain.User -&gt; users
22:05:36.335 [main] DEBUG org.hibernate.cfg.HbmBinder - Mapped property: customerID -&gt; CustomerID
22:05:36.339 [main] DEBUG org.hibernate.cfg.HbmBinder - Mapped property: password -&gt; password
22:05:36.339 [main] DEBUG org.hibernate.cfg.HbmBinder - Mapped property: type -&gt; Type
22:05:36.340 [main] DEBUG org.hibernate.cfg.HbmBinder - Mapped property: securityQuestion -&gt; SecurityQuestion
22:05:36.340 [main] DEBUG org.hibernate.cfg.HbmBinder - Mapped property: answer -&gt; Answer
22:05:36.340 [main] DEBUG org.hibernate.cfg.HbmBinder - Mapped property: emailID -&gt; EmailID
22:05:36.340 [main] DEBUG org.hibernate.cfg.HbmBinder - Mapped property: active -&gt; Active
22:05:36.340 [main] DEBUG org.hibernate.cfg.HbmBinder - Mapped property: createdBy -&gt; CreatedBy
22:05:36.340 [main] DEBUG org.hibernate.cfg.HbmBinder - Mapped property: createdDate -&gt; CreatedDate
22:05:36.340 [main] DEBUG org.hibernate.cfg.HbmBinder - Mapped property: updatedBy -&gt; UpdatedBy
22:05:36.340 [main] DEBUG org.hibernate.cfg.HbmBinder - Mapped property: updatedDate -&gt; UpdatedDate
22:05:36.345 [main] DEBUG org.hibernate.cfg.HbmBinder - Mapped property: role -&gt; RoleID
22:05:36.346 [main] DEBUG org.hibernate.cfg.HbmBinder - Mapped property: customer
22:05:36.349 [main] DEBUG org.hibernate.cfg.HbmBinder - Mapped property: customerLines
22:05:36.349 [main] DEBUG org.hibernate.cfg.HbmBinder - Mapping class: com.ylc.domain.Role -&gt; roles
22:05:36.349 [main] DEBUG org.hibernate.cfg.HbmBinder - Mapped property: roleID -&gt; RoleID
22:05:36.349 [main] DEBUG org.hibernate.cfg.HbmBinder - Mapped property: roleName -&gt; RoleName
22:05:36.349 [main] DEBUG org.hibernate.cfg.HbmBinder - Mapped property: active -&gt; Active
22:05:36.350 [main] DEBUG org.hibernate.cfg.HbmBinder - Mapped property: createdBy -&gt; CreatedBy
22:05:36.350 [main] DEBUG org.hibernate.cfg.HbmBinder - Mapped property: createdDate -&gt; CreatedDate
22:05:36.350 [main] DEBUG org.hibernate.cfg.HbmBinder - Mapped property: updatedBy -&gt; UpdatedBy
22:05:36.350 [main] DEBUG org.hibernate.cfg.HbmBinder - Mapped property: updatedDate -&gt; UpdatedDate
22:05:36.350 [main] DEBUG org.hibernate.cfg.HbmBinder - Mapping class: com.ylc.domain.Country -&gt; countries
22:05:36.350 [main] DEBUG org.hibernate.cfg.HbmBinder - Mapped property: countryID -&gt; CountryID
22:05:36.350 [main] DEBUG org.hibernate.cfg.HbmBinder - Mapped property: countryName -&gt; CountryName
22:05:36.350 [main] DEBUG org.hibernate.cfg.HbmBinder - Mapped property: countryAbbr -&gt; CountryAbbr
22:05:36.350 [main] DEBUG org.hibernate.cfg.HbmBinder - Mapped property: countryCode -&gt; CountryCode
22:05:36.350 [main] DEBUG org.hibernate.cfg.HbmBinder - Mapping class: com.ylc.domain.BillingAddress -&gt; billing_address
22:05:36.350 [main] DEBUG org.hibernate.cfg.HbmBinder - Mapped property: billingAddressID -&gt; BillingAddressID
22:05:36.350 [main] DEBUG org.hibernate.cfg.HbmBinder - Mapped property: address1 -&gt; Address1
22:05:36.351 [main] DEBUG org.hibernate.cfg.HbmBinder - Mapped property: address2 -&gt; Address2
22:05:36.351 [main] DEBUG org.hibernate.cfg.HbmBinder - Mapped property: city -&gt; City
22:05:36.351 [main] DEBUG org.hibernate.cfg.HbmBinder - Mapped property: zipCode -&gt; ZipCode
22:05:36.351 [main] DEBUG org.hibernate.cfg.HbmBinder - Mapped property: country -&gt; countryID
22:05:36.351 [main] DEBUG org.hibernate.cfg.HbmBinder - Mapped property: state -&gt; stateID
22:05:36.351 [main] DEBUG org.hibernate.cfg.HbmBinder - Mapped property: user -&gt; customerID
22:05:36.351 [main] DEBUG org.hibernate.cfg.HbmBinder - Mapping class: com.ylc.domain.State -&gt; states
22:05:36.352 [main] DEBUG org.hibernate.cfg.HbmBinder - Mapped property: stateID -&gt; StateID
22:05:36.352 [main] DEBUG org.hibernate.cfg.HbmBinder - Mapped property: stateName -&gt; StateName
22:05:36.352 [main] DEBUG org.hibernate.cfg.HbmBinder - Mapped property: stateAbbr -&gt; StateAbbr
22:05:36.352 [main] DEBUG org.hibernate.cfg.HbmBinder - Mapping class: com.ylc.domain.Customer -&gt; customers
22:05:36.352 [main] DEBUG org.hibernate.cfg.HbmBinder - Mapped property: customerID -&gt; CustomerID
22:05:36.353 [main] DEBUG org.hibernate.cfg.HbmBinder - Mapped property: firstName -&gt; FirstName
22:05:36.353 [main] DEBUG org.hibernate.cfg.HbmBinder - Mapped property: middleName -&gt; MiddleName
22:05:36.353 [main] DEBUG org.hibernate.cfg.HbmBinder - Mapped property: lastName -&gt; LastName
22:05:36.353 [main] DEBUG org.hibernate.cfg.HbmBinder - Mapped property: mobileNumber -&gt; MobileNumber
22:05:36.353 [main] DEBUG org.hibernate.cfg.HbmBinder - Mapped property: address1 -&gt; Address1
22:05:36.353 [main] DEBUG org.hibernate.cfg.HbmBinder - Mapped property: address2 -&gt; Address2
22:05:36.353 [main] DEBUG org.hibernate.cfg.HbmBinder - Mapped property: city -&gt; City
22:05:36.353 [main] DEBUG org.hibernate.cfg.HbmBinder - Mapped property: zipCode -&gt; ZipCode
22:05:36.353 [main] DEBUG org.hibernate.cfg.HbmBinder - Mapped property: active -&gt; Active
22:05:36.354 [main] DEBUG org.hibernate.cfg.HbmBinder - Mapped property: paymentGatewayId -&gt; PaymentGatewayId
22:05:36.354 [main] DEBUG org.hibernate.cfg.HbmBinder - Mapped property: createdBy -&gt; CreatedBy
22:05:36.354 [main] DEBUG org.hibernate.cfg.HbmBinder - Mapped property: createdDate -&gt; CreatedDate
22:05:36.354 [main] DEBUG org.hibernate.cfg.HbmBinder - Mapped property: updatedBy -&gt; UpdatedBy
22:05:36.354 [main] DEBUG org.hibernate.cfg.HbmBinder - Mapped property: updatedDate -&gt; UpdatedDate
22:05:36.354 [main] DEBUG org.hibernate.cfg.HbmBinder - Mapped property: recurringPayment -&gt; RecurringPayment
22:05:36.354 [main] DEBUG org.hibernate.cfg.HbmBinder - Mapped property: prePaidAmount -&gt; PrePaidAmount
22:05:36.354 [main] DEBUG org.hibernate.cfg.HbmBinder - Mapped property: recurringPaymentDate -&gt; RecurringPaymentDate
22:05:36.354 [main] DEBUG org.hibernate.cfg.HbmBinder - Mapped property: recurringPaymentAmount -&gt; RecurringPaymentAmount
22:05:36.355 [main] DEBUG org.hibernate.cfg.HbmBinder - Mapped property: user
22:05:36.355 [main] DEBUG org.hibernate.cfg.HbmBinder - Mapped property: country -&gt; countryID
22:05:36.355 [main] DEBUG org.hibernate.cfg.HbmBinder - Mapped property: state -&gt; stateID
22:05:36.355 [main] DEBUG org.hibernate.cfg.HbmBinder - Mapping class: com.ylc.domain.FacilityLocation -&gt; facility_locations
22:05:36.355 [main] DEBUG org.hibernate.cfg.HbmBinder - Mapped property: facilityID -&gt; FacilityID
22:05:36.356 [main] DEBUG org.hibernate.cfg.HbmBinder - Mapped property: facilityName -&gt; FacilityName
22:05:36.356 [main] DEBUG org.hibernate.cfg.HbmBinder - Mapped property: phone -&gt; phone
22:05:36.356 [main] DEBUG org.hibernate.cfg.HbmBinder - Mapped property: inmates -&gt; inmates
22:05:36.356 [main] DEBUG org.hibernate.cfg.HbmBinder - Mapped property: address -&gt; address
22:05:36.356 [main] DEBUG org.hibernate.cfg.HbmBinder - Mapped property: citystatezip -&gt; citystatezip
22:05:36.356 [main] DEBUG org.hibernate.cfg.HbmBinder - Mapped property: f7 -&gt; f7
22:05:36.356 [main] DEBUG org.hibernate.cfg.HbmBinder - Mapped property: timezone -&gt; timezone
22:05:36.356 [main] DEBUG org.hibernate.cfg.HbmBinder - Mapped property: rateCenter -&gt; RateCenterID
22:05:36.356 [main] DEBUG org.hibernate.cfg.HbmBinder - Mapping class: com.ylc.domain.LineType -&gt; linetypes
22:05:36.356 [main] DEBUG org.hibernate.cfg.HbmBinder - Mapped property: lineTypeID -&gt; LineTypeID
22:05:36.356 [main] DEBUG org.hibernate.cfg.HbmBinder - Mapped property: lineTypeName -&gt; LineTypeName
22:05:36.357 [main] DEBUG org.hibernate.cfg.HbmBinder - Mapping class: com.ylc.domain.InmateStatus -&gt; inmate_status
22:05:36.357 [main] DEBUG org.hibernate.cfg.HbmBinder - Mapped property: inmateStatusID -&gt; InmateStatusID
22:05:36.357 [main] DEBUG org.hibernate.cfg.HbmBinder - Mapped property: inmateStatusName -&gt; InmateStatusName
22:05:36.357 [main] DEBUG org.hibernate.cfg.HbmBinder - Mapped property: inmateStatusDescription -&gt; InmateStatusDescription
22:05:36.357 [main] DEBUG org.hibernate.cfg.HbmBinder - Mapping class: com.ylc.domain.InMate -&gt; inmates
22:05:36.357 [main] DEBUG org.hibernate.cfg.HbmBinder - Mapped property: inmateID -&gt; InmateID
22:05:36.357 [main] DEBUG org.hibernate.cfg.HbmBinder - Mapped property: inmateCode -&gt; InmateCode
22:05:36.357 [main] DEBUG org.hibernate.cfg.HbmBinder - Mapped property: bopNumber -&gt; BOPNumber
22:05:36.357 [main] DEBUG org.hibernate.cfg.HbmBinder - Mapped property: inmateFirstName -&gt; InmateFirstName
22:05:36.357 [main] DEBUG org.hibernate.cfg.HbmBinder - Mapped property: inmateLastName -&gt; InmateLastName
22:05:36.357 [main] DEBUG org.hibernate.cfg.HbmBinder - Mapped property: referralCode -&gt; referralCode
22:05:36.357 [main] DEBUG org.hibernate.cfg.HbmBinder - Mapped property: prePaidAmount -&gt; PrePaidAmount
22:05:36.358 [main] DEBUG org.hibernate.cfg.HbmBinder - Mapped property: allowedCallLines -&gt; AllowedCallLines
22:05:36.358 [main] DEBUG org.hibernate.cfg.HbmBinder - Mapped property: active -&gt; Active
22:05:36.358 [main] DEBUG org.hibernate.cfg.HbmBinder - Mapped property: maxAmtLimit -&gt; MaxAmtLimit
22:05:36.358 [main] DEBUG org.hibernate.cfg.HbmBinder - Mapped property: chargePerLine -&gt; ChargePerLine
22:05:36.358 [main] DEBUG org.hibernate.cfg.HbmBinder - Mapped property: isCreditAllowed -&gt; IsCreditAllowed
22:05:36.358 [main] DEBUG org.hibernate.cfg.HbmBinder - Mapped property: createdBy -&gt; CreatedBy
22:05:36.358 [main] DEBUG org.hibernate.cfg.HbmBinder - Mapped property: createdDate -&gt; CreatedDate
22:05:36.358 [main] DEBUG org.hibernate.cfg.HbmBinder - Mapped property: updatedBy -&gt; UpdatedBy
22:05:36.358 [main] DEBUG org.hibernate.cfg.HbmBinder - Mapped property: updatedDate -&gt; UpdatedDate
22:05:36.358 [main] DEBUG org.hibernate.cfg.HbmBinder - Mapped property: facilityLocation -&gt; facilityID
22:05:36.358 [main] DEBUG org.hibernate.cfg.HbmBinder - Mapped property: inmateStatus -&gt; InmateStatusID
22:05:36.359 [main] DEBUG org.hibernate.cfg.HbmBinder - Mapping class: com.ylc.domain.CustomerLine -&gt; customer_lines
22:05:36.359 [main] DEBUG org.hibernate.cfg.HbmBinder - Mapped property: customerLineID -&gt; CustomerLineID
22:05:36.359 [main] DEBUG org.hibernate.cfg.HbmBinder - Mapped property: inmateLocationID -&gt; InmateLocationID
22:05:36.359 [main] DEBUG org.hibernate.cfg.HbmBinder - Mapped property: localLineNumber -&gt; LocalLineNumber
22:05:36.359 [main] DEBUG org.hibernate.cfg.HbmBinder - Mapped property: destinationLineNumber -&gt; DestinationLineNumber
22:05:36.359 [main] DEBUG org.hibernate.cfg.HbmBinder - Mapped property: prepaidMinutes -&gt; PrepaidMinutes
22:05:36.359 [main] DEBUG org.hibernate.cfg.HbmBinder - Mapped property: isInitiatedByInmate -&gt; IsInitiatedByInmate
22:05:36.359 [main] DEBUG org.hibernate.cfg.HbmBinder - Mapped property: isPaidByQuickPay -&gt; IsPaidByQuickPay
22:05:36.359 [main] DEBUG org.hibernate.cfg.HbmBinder - Mapped property: StartDate -&gt; StartDate
22:05:36.359 [main] DEBUG org.hibernate.cfg.HbmBinder - Mapped property: endDate -&gt; EndDate
22:05:36.359 [main] DEBUG org.hibernate.cfg.HbmBinder - Mapped property: active -&gt; Active
22:05:36.360 [main] DEBUG org.hibernate.cfg.HbmBinder - Mapped property: createdBy -&gt; CreatedBy
22:05:36.360 [main] DEBUG org.hibernate.cfg.HbmBinder - Mapped property: CreatedDate -&gt; CreatedDate
22:05:36.360 [main] DEBUG org.hibernate.cfg.HbmBinder - Mapped property: updatedBy -&gt; UpdatedBy
22:05:36.360 [main] DEBUG org.hibernate.cfg.HbmBinder - Mapped property: updatedDate -&gt; UpdatedDate
22:05:36.360 [main] DEBUG org.hibernate.cfg.HbmBinder - Mapped property: inMate -&gt; InmateID
22:05:36.364 [main] DEBUG org.hibernate.cfg.HbmBinder - Mapped property: lineType -&gt; LineTypeID
22:05:36.364 [main] DEBUG org.hibernate.cfg.HbmBinder - Mapped property: user -&gt; customerID
22:05:36.364 [main] DEBUG org.hibernate.cfg.HbmBinder - Mapped property: customerLinePaymentDetails
22:05:36.364 [main] DEBUG org.hibernate.cfg.HbmBinder - Mapping class: com.ylc.domain.PaymentCardType -&gt; payment_card_types
22:05:36.364 [main] DEBUG org.hibernate.cfg.HbmBinder - Mapped property: paymentCardTypeID -&gt; PaymentCardTypeID
22:05:36.365 [main] DEBUG org.hibernate.cfg.HbmBinder - Mapped property: paymentCardName -&gt; PaymentCardName
22:05:36.365 [main] DEBUG org.hibernate.cfg.HbmBinder - Mapped property: active -&gt; Active
22:05:36.365 [main] DEBUG org.hibernate.cfg.HbmBinder - Mapping class: com.ylc.domain.PrepaidPricing -&gt; prepaid_pricing
22:05:36.365 [main] DEBUG org.hibernate.cfg.HbmBinder - Mapped property: prepaidPricingID -&gt; PrepaidPricingID
22:05:36.365 [main] DEBUG org.hibernate.cfg.HbmBinder - Mapped property: nameOfBlock -&gt; NameOfBlock
22:05:36.365 [main] DEBUG org.hibernate.cfg.HbmBinder - Mapped property: noOfMinutes -&gt; NoOfMinutes
22:05:36.365 [main] DEBUG org.hibernate.cfg.HbmBinder - Mapped property: description -&gt; Description
22:05:36.365 [main] DEBUG org.hibernate.cfg.HbmBinder - Mapped property: blockPrice -&gt; BlockPrice
22:05:36.365 [main] DEBUG org.hibernate.cfg.HbmBinder - Mapped property: active -&gt; Active
22:05:36.365 [main] DEBUG org.hibernate.cfg.HbmBinder - Mapped property: createdBy -&gt; CreatedBy
22:05:36.365 [main] DEBUG org.hibernate.cfg.HbmBinder - Mapped property: CreatedDate -&gt; CreatedDate
22:05:36.365 [main] DEBUG org.hibernate.cfg.HbmBinder - Mapped property: updatedBy -&gt; UpdatedBy
22:05:36.366 [main] DEBUG org.hibernate.cfg.HbmBinder - Mapped property: updatedDate -&gt; UpdatedDate
22:05:36.366 [main] DEBUG org.hibernate.cfg.HbmBinder - Mapping class: com.ylc.domain.CustomerLinePaymentDetail -&gt; customer_line_payment_details
22:05:36.366 [main] DEBUG org.hibernate.cfg.HbmBinder - Mapped property: linePaymentDetailID -&gt; LinePaymentDetailID
22:05:36.366 [main] DEBUG org.hibernate.cfg.HbmBinder - Mapped property: paidFor -&gt; PaidFor
22:05:36.366 [main] DEBUG org.hibernate.cfg.HbmBinder - Mapped property: paymentType -&gt; PaymentType
22:05:36.366 [main] DEBUG org.hibernate.cfg.HbmBinder - Mapped property: paymentAmount -&gt; PaymentAmount
22:05:36.366 [main] DEBUG org.hibernate.cfg.HbmBinder - Mapped property: nameOnCard -&gt; NameOnCard
22:05:36.366 [main] DEBUG org.hibernate.cfg.HbmBinder - Mapped property: last4DigitsOfCard -&gt; Last4DigitsOfCard
22:05:36.367 [main] DEBUG org.hibernate.cfg.HbmBinder - Mapped property: paymentConformationCode -&gt; PaymentConformationCode
22:05:36.367 [main] DEBUG org.hibernate.cfg.HbmBinder - Mapped property: paymentDate -&gt; PaymentDate
22:05:36.367 [main] DEBUG org.hibernate.cfg.HbmBinder - Mapped property: numberOfMinutes -&gt; NumberOfMinutes
22:05:36.368 [main] DEBUG org.hibernate.cfg.HbmBinder - Mapped property: isPaidByQuickPay -&gt; IsPaidByQuickPay
22:05:36.368 [main] DEBUG org.hibernate.cfg.HbmBinder - Mapped property: IsInitiatedByInmate -&gt; IsInitiatedByInmate
22:05:36.368 [main] DEBUG org.hibernate.cfg.HbmBinder - Mapped property: isRecurringPayemnt -&gt; IsRecurringPayemnt
22:05:36.368 [main] DEBUG org.hibernate.cfg.HbmBinder - Mapped property: isInvoiceGenerated -&gt; IsInvoiceGenerated
22:05:36.368 [main] DEBUG org.hibernate.cfg.HbmBinder - Mapped property: invoiceGeneratedDate -&gt; InvoiceGeneratedDate
22:05:36.368 [main] DEBUG org.hibernate.cfg.HbmBinder - Mapped property: createdBy -&gt; CreatedBy
22:05:36.368 [main] DEBUG org.hibernate.cfg.HbmBinder - Mapped property: createdDate -&gt; CreatedDate
22:05:36.368 [main] DEBUG org.hibernate.cfg.HbmBinder - Mapped property: updatedBy -&gt; UpdatedBy
22:05:36.368 [main] DEBUG org.hibernate.cfg.HbmBinder - Mapped property: updatedDate -&gt; UpdatedDate
22:05:36.368 [main] DEBUG org.hibernate.cfg.HbmBinder - Mapped property: customerLine -&gt; CustomerLineID
22:05:36.369 [main] DEBUG org.hibernate.cfg.HbmBinder - Mapped property: paymentCardType -&gt; PaymentCardTypeID
22:05:36.369 [main] DEBUG org.hibernate.cfg.HbmBinder - Mapped property: prepaidPricing -&gt; PrepaidPricingID
22:05:36.369 [main] DEBUG org.hibernate.cfg.HbmBinder - Mapping class: com.ylc.domain.CallLog -&gt; call_log
22:05:36.369 [main] DEBUG org.hibernate.cfg.HbmBinder - Mapped property: lineCallLogID -&gt; LineCallLogID
22:05:36.369 [main] DEBUG org.hibernate.cfg.HbmBinder - Mapped property: localLineNumber -&gt; LocalLineNumber
22:05:36.370 [main] DEBUG org.hibernate.cfg.HbmBinder - Mapped property: destinationLineNumber -&gt; DestinationLineNumber
22:05:36.370 [main] DEBUG org.hibernate.cfg.HbmBinder - Mapped property: callStartDateTime -&gt; CallStartDateTime
22:05:36.370 [main] DEBUG org.hibernate.cfg.HbmBinder - Mapped property: CallEndDateTime -&gt; CallEndDateTime
22:05:36.370 [main] DEBUG org.hibernate.cfg.HbmBinder - Mapped property: callDuration -&gt; CallDuration
22:05:36.370 [main] DEBUG org.hibernate.cfg.HbmBinder - Mapped property: MinutesLeft -&gt; MinutesLeft
22:05:36.370 [main] DEBUG org.hibernate.cfg.HbmBinder - Mapped property: createdBy -&gt; CreatedBy
22:05:36.370 [main] DEBUG org.hibernate.cfg.HbmBinder - Mapped property: createdDate -&gt; CreatedDate
22:05:36.370 [main] DEBUG org.hibernate.cfg.HbmBinder - Mapped property: updatedBy -&gt; UpdatedBy
22:05:36.370 [main] DEBUG org.hibernate.cfg.HbmBinder - Mapped property: updatedDate -&gt; UpdatedDate
22:05:36.370 [main] DEBUG org.hibernate.cfg.HbmBinder - Mapped property: customerLinePaymentDetail -&gt; LinePaymentDetailID
22:05:36.370 [main] DEBUG org.hibernate.cfg.HbmBinder - Mapping class: com.ylc.domain.RateCenter -&gt; rate_centers
22:05:36.370 [main] DEBUG org.hibernate.cfg.HbmBinder - Mapped property: rateCenterID -&gt; RateCenterID
22:05:36.370 [main] DEBUG org.hibernate.cfg.HbmBinder - Mapped property: rateCenterName -&gt; RateCenterName
22:05:36.370 [main] DEBUG org.hibernate.cfg.HbmBinder - Mapped property: npanxx -&gt; Npanxx
22:05:36.371 [main] DEBUG org.hibernate.cfg.HbmBinder - Mapped property: effective -&gt; Effective
22:05:36.371 [main] DEBUG org.hibernate.cfg.HbmBinder - Mapped property: lata -&gt; Lata
22:05:36.371 [main] DEBUG org.hibernate.cfg.HbmBinder - Mapped property: ocn -&gt; Ocn
22:05:36.371 [main] DEBUG org.hibernate.cfg.HbmBinder - Mapped property: createdBy -&gt; CreatedBy
22:05:36.371 [main] DEBUG org.hibernate.cfg.HbmBinder - Mapped property: createdDate -&gt; CreatedDate
22:05:36.371 [main] DEBUG org.hibernate.cfg.HbmBinder - Mapped property: updatedBy -&gt; UpdatedBy
22:05:36.371 [main] DEBUG org.hibernate.cfg.HbmBinder - Mapped property: updatedDate -&gt; UpdatedDate
22:05:36.371 [main] DEBUG org.hibernate.cfg.HbmBinder - Mapped property: localExchanges -&gt; localexchanges
22:05:36.371 [main] DEBUG org.hibernate.cfg.HbmBinder - Mapping class: com.ylc.domain.FacilityNumberPool -&gt; facility_numberpool
22:05:36.371 [main] DEBUG org.hibernate.cfg.HbmBinder - Mapped property: facilityNumberPoolID -&gt; FacilityNumberPoolID
22:05:36.371 [main] DEBUG org.hibernate.cfg.HbmBinder - Mapped property: pNumber -&gt; PNumber
22:05:36.371 [main] DEBUG org.hibernate.cfg.HbmBinder - Mapped property: status -&gt; Status
22:05:36.371 [main] DEBUG org.hibernate.cfg.HbmBinder - Mapped property: createdBy -&gt; CreatedBy
22:05:36.371 [main] DEBUG org.hibernate.cfg.HbmBinder - Mapped property: createdDate -&gt; CreatedDate
22:05:36.371 [main] DEBUG org.hibernate.cfg.HbmBinder - Mapped property: updatedBy -&gt; UpdatedBy
22:05:36.371 [main] DEBUG org.hibernate.cfg.HbmBinder - Mapped property: updatedDate -&gt; UpdatedDate
22:05:36.372 [main] DEBUG org.hibernate.cfg.HbmBinder - Mapped property: facilityLocation -&gt; FacilityID
22:05:36.372 [main] DEBUG org.hibernate.cfg.HbmBinder - Mapping class: com.ylc.domain.InmateReferral -&gt; inmate_referrals
22:05:36.372 [main] DEBUG org.hibernate.cfg.HbmBinder - Mapped property: inmateReferralID -&gt; InmateReferralID
22:05:36.372 [main] DEBUG org.hibernate.cfg.HbmBinder - Mapped property: inMate -&gt; InmateID
22:05:36.372 [main] DEBUG org.hibernate.cfg.HbmBinder - Mapped property: inMateReferredBy -&gt; ReferredByID
22:05:36.372 [main] DEBUG org.hibernate.cfg.HbmBinder - Mapping class: com.ylc.domain.InmateNote -&gt; inmate_notes
22:05:36.372 [main] DEBUG org.hibernate.cfg.HbmBinder - Mapped property: inmateNaotesID -&gt; InmateNaotesID
22:05:36.373 [main] DEBUG org.hibernate.cfg.HbmBinder - Mapped property: inmateNotes -&gt; InmateNotes
22:05:36.373 [main] DEBUG org.hibernate.cfg.HbmBinder - Mapped property: createdBy -&gt; CreatedBy
22:05:36.373 [main] DEBUG org.hibernate.cfg.HbmBinder - Mapped property: createdDate -&gt; CreatedDate
22:05:36.373 [main] DEBUG org.hibernate.cfg.HbmBinder - Mapped property: inMate -&gt; InmateID
22:05:36.373 [main] DEBUG org.hibernate.cfg.HbmBinder - Mapping class: com.ylc.domain.CustomerPaymentDetail -&gt; customer_payment_details
22:05:36.373 [main] DEBUG org.hibernate.cfg.HbmBinder - Mapped property: linePaymentDetailID -&gt; LinePaymentDetailID
22:05:36.373 [main] DEBUG org.hibernate.cfg.HbmBinder - Mapped property: paidFor -&gt; PaidFor
22:05:36.373 [main] DEBUG org.hibernate.cfg.HbmBinder - Mapped property: paymentType -&gt; PaymentType
22:05:36.373 [main] DEBUG org.hibernate.cfg.HbmBinder - Mapped property: paymentAmount -&gt; PaymentAmount
22:05:36.373 [main] DEBUG org.hibernate.cfg.HbmBinder - Mapped property: nameOnCard -&gt; NameOnCard
22:05:36.373 [main] DEBUG org.hibernate.cfg.HbmBinder - Mapped property: last4DigitsOfCard -&gt; Last4DigitsOfCard
22:05:36.374 [main] DEBUG org.hibernate.cfg.HbmBinder - Mapped property: paymentConformationCode -&gt; PaymentConformationCode
22:05:36.374 [main] DEBUG org.hibernate.cfg.HbmBinder - Mapped property: paymentDate -&gt; PaymentDate
22:05:36.374 [main] DEBUG org.hibernate.cfg.HbmBinder - Mapped property: numberOfMinutes -&gt; NumberOfMinutes
22:05:36.374 [main] DEBUG org.hibernate.cfg.HbmBinder - Mapped property: isPaidByQuickPay -&gt; IsPaidByQuickPay
22:05:36.374 [main] DEBUG org.hibernate.cfg.HbmBinder - Mapped property: IsInitiatedByInmate -&gt; IsInitiatedByInmate
22:05:36.374 [main] DEBUG org.hibernate.cfg.HbmBinder - Mapped property: isRecurringPayemnt -&gt; IsRecurringPayemnt
22:05:36.374 [main] DEBUG org.hibernate.cfg.HbmBinder - Mapped property: isInvoiceGenerated -&gt; IsInvoiceGenerated
22:05:36.374 [main] DEBUG org.hibernate.cfg.HbmBinder - Mapped property: invoiceGeneratedDate -&gt; InvoiceGeneratedDate
22:05:36.374 [main] DEBUG org.hibernate.cfg.HbmBinder - Mapped property: createdBy -&gt; CreatedBy
22:05:36.374 [main] DEBUG org.hibernate.cfg.HbmBinder - Mapped property: createdDate -&gt; CreatedDate
22:05:36.374 [main] DEBUG org.hibernate.cfg.HbmBinder - Mapped property: updatedBy -&gt; UpdatedBy
22:05:36.374 [main] DEBUG org.hibernate.cfg.HbmBinder - Mapped property: updatedDate -&gt; UpdatedDate
22:05:36.374 [main] DEBUG org.hibernate.cfg.HbmBinder - Mapped property: user -&gt; CustomerID
22:05:36.375 [main] DEBUG org.hibernate.cfg.HbmBinder - Mapped property: paymentCardType -&gt; PaymentCardTypeID
22:05:36.375 [main] DEBUG org.hibernate.cfg.HbmBinder - Mapped property: prepaidPricing -&gt; PrepaidPricingID
22:05:36.375 [main] DEBUG org.hibernate.cfg.Configuration - Process annotated classes
22:05:36.376 [main] DEBUG org.hibernate.cfg.Configuration - Processing fk mappings (*ToOne and JoinedSubclass)
22:05:36.376 [main] DEBUG org.hibernate.cfg.Configuration - Processing extends queue
22:05:36.377 [main] DEBUG org.hibernate.cfg.Configuration - Processing extends queue
22:05:36.377 [main] DEBUG org.hibernate.cfg.Configuration - Processing collection mappings
22:05:36.377 [main] DEBUG o.hibernate.cfg.CollectionSecondPass - Second pass for collection: com.ylc.domain.User.customerLines
22:05:36.377 [main] DEBUG org.hibernate.cfg.HbmBinder - Mapping collection: com.ylc.domain.User.customerLines -&gt; customer_lines
22:05:36.378 [main] DEBUG o.hibernate.cfg.CollectionSecondPass - Mapped collection key: CustomerID, one-to-many: com.ylc.domain.CustomerLine
22:05:36.378 [main] DEBUG o.hibernate.cfg.CollectionSecondPass - Second pass for collection: com.ylc.domain.CustomerLine.customerLinePaymentDetails
22:05:36.378 [main] DEBUG org.hibernate.cfg.HbmBinder - Mapping collection: com.ylc.domain.CustomerLine.customerLinePaymentDetails -&gt; customer_line_payment_details
22:05:36.378 [main] DEBUG o.hibernate.cfg.CollectionSecondPass - Mapped collection key: CustomerLineID, one-to-many: com.ylc.domain.CustomerLinePaymentDetail
22:05:36.379 [main] DEBUG org.hibernate.cfg.Configuration - Processing native query and ResultSetMapping mappings
22:05:36.379 [main] DEBUG org.hibernate.cfg.Configuration - Processing association property references
22:05:36.379 [main] DEBUG org.hibernate.cfg.Configuration - Creating tables&apos; unique integer identifiers
22:05:36.379 [main] DEBUG org.hibernate.cfg.Configuration - Processing foreign key constraints
22:05:36.379 [main] DEBUG org.hibernate.cfg.Configuration - Resolving reference to class: com.ylc.domain.Country
22:05:36.379 [main] DEBUG org.hibernate.cfg.Configuration - Resolving reference to class: com.ylc.domain.State
22:05:36.379 [main] DEBUG org.hibernate.cfg.Configuration - Resolving reference to class: com.ylc.domain.User
22:05:36.379 [main] DEBUG org.hibernate.cfg.Configuration - Resolving reference to class: com.ylc.domain.CustomerLinePaymentDetail
22:05:36.379 [main] DEBUG org.hibernate.cfg.Configuration - Resolving reference to class: com.ylc.domain.CustomerLine
22:05:36.379 [main] DEBUG org.hibernate.cfg.Configuration - Resolving reference to class: com.ylc.domain.PaymentCardType
22:05:36.379 [main] DEBUG org.hibernate.cfg.Configuration - Resolving reference to class: com.ylc.domain.PrepaidPricing
22:05:36.379 [main] DEBUG org.hibernate.cfg.Configuration - Resolving reference to class: com.ylc.domain.InMate
22:05:36.379 [main] DEBUG org.hibernate.cfg.Configuration - Resolving reference to class: com.ylc.domain.LineType
22:05:36.379 [main] DEBUG org.hibernate.cfg.Configuration - Resolving reference to class: com.ylc.domain.User
22:05:36.380 [main] DEBUG org.hibernate.cfg.Configuration - Resolving reference to class: com.ylc.domain.User
22:05:36.380 [main] DEBUG org.hibernate.cfg.Configuration - Resolving reference to class: com.ylc.domain.Country
22:05:36.380 [main] DEBUG org.hibernate.cfg.Configuration - Resolving reference to class: com.ylc.domain.State
22:05:36.380 [main] DEBUG org.hibernate.cfg.Configuration - Resolving reference to class: com.ylc.domain.RateCenter
22:05:36.380 [main] DEBUG org.hibernate.cfg.Configuration - Resolving reference to class: com.ylc.domain.FacilityLocation
22:05:36.380 [main] DEBUG org.hibernate.cfg.Configuration - Resolving reference to class: com.ylc.domain.InMate
22:05:36.380 [main] DEBUG org.hibernate.cfg.Configuration - Resolving reference to class: com.ylc.domain.InMate
22:05:36.380 [main] DEBUG org.hibernate.cfg.Configuration - Resolving reference to class: com.ylc.domain.InMate
22:05:36.380 [main] DEBUG org.hibernate.cfg.Configuration - Resolving reference to class: com.ylc.domain.FacilityLocation
22:05:36.380 [main] DEBUG org.hibernate.cfg.Configuration - Resolving reference to class: com.ylc.domain.InmateStatus
22:05:36.380 [main] DEBUG org.hibernate.cfg.Configuration - Resolving reference to class: com.ylc.domain.Role
22:05:36.380 [main] DEBUG org.hibernate.cfg.Configuration - Resolving reference to class: com.ylc.domain.User
22:05:36.380 [main] DEBUG org.hibernate.cfg.Configuration - Resolving reference to class: com.ylc.domain.PaymentCardType
22:05:36.381 [main] DEBUG org.hibernate.cfg.Configuration - Resolving reference to class: com.ylc.domain.PrepaidPricing
22:05:36.388 [main] DEBUG org.hibernate.cfg.SettingsFactory - Automatic flush during beforeCompletion(): disabled
22:05:36.389 [main] DEBUG org.hibernate.cfg.SettingsFactory - Automatic session close at end of transaction: disabled
22:05:36.389 [main] DEBUG org.hibernate.cfg.SettingsFactory - Scrollable result sets: disabled
22:05:36.389 [main] DEBUG org.hibernate.cfg.SettingsFactory - Wrap result sets: disabled
22:05:36.389 [main] DEBUG org.hibernate.cfg.SettingsFactory - JDBC3 getGeneratedKeys(): disabled
22:05:36.389 [main] DEBUG org.hibernate.cfg.SettingsFactory - multi-tenancy strategy : NONE
22:05:36.389 [main] DEBUG org.hibernate.cfg.SettingsFactory - Connection release mode: auto
22:05:36.389 [main] INFO  o.h.e.t.i.TransactionFactoryInitiator - HHH000399: Using default transaction strategy (direct JDBC transactions)
22:05:36.392 [main] DEBUG org.hibernate.cfg.SettingsFactory - Using BatchFetchStyle : LEGACY
22:05:36.394 [main] DEBUG org.hibernate.cfg.SettingsFactory - Maximum outer join fetch depth: 2
22:05:36.395 [main] DEBUG org.hibernate.cfg.SettingsFactory - Default batch fetch size: 1
22:05:36.395 [main] DEBUG org.hibernate.cfg.SettingsFactory - Generate SQL with comments: disabled
22:05:36.395 [main] DEBUG org.hibernate.cfg.SettingsFactory - Order SQL updates by primary key: disabled
22:05:36.395 [main] DEBUG org.hibernate.cfg.SettingsFactory - Order SQL inserts for batching: disabled
22:05:36.395 [main] DEBUG org.hibernate.cfg.SettingsFactory - Default null ordering: none
22:05:36.396 [main] DEBUG org.hibernate.cfg.SettingsFactory - Query translator: org.hibernate.hql.internal.ast.ASTQueryTranslatorFactory
22:05:36.397 [main] INFO  o.h.h.i.a.ASTQueryTranslatorFactory - HHH000397: Using ASTQueryTranslatorFactory
22:05:36.398 [main] DEBUG org.hibernate.cfg.SettingsFactory - Query language substitutions: {}
22:05:36.398 [main] DEBUG org.hibernate.cfg.SettingsFactory - JPA-QL strict compliance: disabled
22:05:36.398 [main] DEBUG org.hibernate.cfg.SettingsFactory - Second-level cache: enabled
22:05:36.398 [main] DEBUG org.hibernate.cfg.SettingsFactory - Query cache: disabled
22:05:36.399 [main] DEBUG org.hibernate.cfg.SettingsFactory - Cache region factory : org.hibernate.cache.internal.NoCachingRegionFactory
22:05:36.399 [main] DEBUG org.hibernate.cfg.SettingsFactory - org.hibernate.cache.internal.NoCachingRegionFactory did not provide constructor accepting java.util.Properties; attempting no-arg constructor.
22:05:36.400 [main] DEBUG org.hibernate.cfg.SettingsFactory - Optimize cache for minimal puts: disabled
22:05:36.400 [main] DEBUG org.hibernate.cfg.SettingsFactory - Structured second-level cache entries: disabled
22:05:36.400 [main] DEBUG org.hibernate.cfg.SettingsFactory - Second-level cache direct-reference entries: disabled
22:05:36.400 [main] DEBUG org.hibernate.cfg.SettingsFactory - Statistics: disabled
22:05:36.400 [main] DEBUG org.hibernate.cfg.SettingsFactory - Deleted entity synthetic identifier rollback: disabled
22:05:36.400 [main] DEBUG org.hibernate.cfg.SettingsFactory - Default entity-mode: pojo
22:05:36.400 [main] DEBUG org.hibernate.cfg.SettingsFactory - Named query checking : enabled
22:05:36.401 [main] DEBUG org.hibernate.cfg.SettingsFactory - Check Nullability in Core (should be disabled when Bean Validation is on): enabled
22:05:36.401 [main] DEBUG org.hibernate.cfg.SettingsFactory - Allow initialization of lazy state outside session : : disabled
22:05:36.401 [main] DEBUG org.hibernate.cfg.SettingsFactory - JTA Track by Thread: enabled
22:05:36.411 [main] DEBUG o.h.internal.SessionFactoryImpl - Building session factory
22:05:36.422 [main] DEBUG o.h.internal.SessionFactoryImpl - Session factory constructed with filter configurations : {}
22:05:36.422 [main] DEBUG o.h.internal.SessionFactoryImpl - Instantiating session factory with properties: {java.runtime.name=Java(TM) SE Runtime Environment, sun.boot.library.path=/Library/Java/JavaVirtualMachines/jdk1.8.0_111.jdk/Contents/Home/jre/lib, java.vm.version=25.111-b14, gopherProxySet=false, java.vm.vendor=Oracle Corporation, java.vendor.url=http://java.oracle.com/, path.separator=:, java.vm.name=Java HotSpot(TM) 64-Bit Server VM, file.encoding.pkg=sun.io, user.country=US, sun.java.launcher=SUN_STANDARD, sun.os.patch.level=unknown, java.vm.specification.name=Java Virtual Machine Specification, user.dir=/Users/mohanreddysandula/Downloads/shares/Raghu/BeanIntellan/ylc, java.runtime.version=1.8.0_111-b14, java.awt.graphicsenv=sun.awt.CGraphicsEnvironment, basedir=/Users/mohanreddysandula/Downloads/shares/Raghu/BeanIntellan/ylc, hibernate.current_session_context_class=org.springframework.orm.hibernate4.SpringSessionContext, java.endorsed.dirs=/Library/Java/JavaVirtualMachines/jdk1.8.0_111.jdk/Contents/Home/jre/lib/endorsed, os.arch=x86_64, surefire.real.class.path=/Users/mohanreddysandula/Downloads/shares/Raghu/BeanIntellan/ylc/target/surefire/surefirebooter263926508971502025.jar, java.io.tmpdir=/var/folders/5t/2kg3wxkj5lx2qkh67rqf_3800000gn/T/, line.separator=
, java.vm.specification.vendor=Oracle Corporation, os.name=Mac OS X, sun.jnu.encoding=UTF-8, java.library.path=/Users/mohanreddysandula/Library/Java/Extensions:/Library/Java/Extensions:/Network/Library/Java/Extensions:/System/Library/Java/Extensions:/usr/lib/java:., hibernate.connection.datasource=org.apache.commons.dbcp.BasicDataSource@85e6769, surefire.test.class.path=/Users/mohanreddysandula/Downloads/shares/Raghu/BeanIntellan/ylc/target/test-classes:/Users/mohanreddysandula/Downloads/shares/Raghu/BeanIntellan/ylc/target/classes:/Users/mohanreddysandula/.m2/repository/commons-dbcp/commons-dbcp/1.4/commons-dbcp-1.4.jar:/Users/mohanreddysandula/.m2/repository/commons-pool/commons-pool/1.5.4/commons-pool-1.5.4.jar:/Users/mohanreddysandula/.m2/repository/org/hibernate/hibernate-core/4.2.11.Final/hibernate-core-4.2.11.Final.jar:/Users/mohanreddysandula/.m2/repository/antlr/antlr/2.7.7/antlr-2.7.7.jar:/Users/mohanreddysandula/.m2/repository/org/jboss/logging/jboss-logging/3.1.0.GA/jboss-logging-3.1.0.GA.jar:/Users/mohanreddysandula/.m2/repository/dom4j/dom4j/1.6.1/dom4j-1.6.1.jar:/Users/mohanreddysandula/.m2/repository/org/javassist/javassist/3.18.1-GA/javassist-3.18.1-GA.jar:/Users/mohanreddysandula/.m2/repository/org/jboss/spec/javax/transaction/jboss-transaction-api_1.1_spec/1.0.1.Final/jboss-transaction-api_1.1_spec-1.0.1.Final.jar:/Users/mohanreddysandula/.m2/repository/org/hibernate/javax/persistence/hibernate-jpa-2.0-api/1.0.1.Final/hibernate-jpa-2.0-api-1.0.1.Final.jar:/Users/mohanreddysandula/.m2/repository/org/hibernate/common/hibernate-commons-annotations/4.0.2.Final/hibernate-commons-annotations-4.0.2.Final.jar:/Users/mohanreddysandula/.m2/repository/org/springframework/spring-core/4.0.5.RELEASE/spring-core-4.0.5.RELEASE.jar:/Users/mohanreddysandula/.m2/repository/org/springframework/spring-webmvc/4.0.5.RELEASE/spring-webmvc-4.0.5.RELEASE.jar:/Users/mohanreddysandula/.m2/repository/org/springframework/spring-beans/4.0.5.RELEASE/spring-beans-4.0.5.RELEASE.jar:/Users/mohanreddysandula/.m2/repository/org/springframework/spring-context/4.0.5.RELEASE/spring-context-4.0.5.RELEASE.jar:/Users/mohanreddysandula/.m2/repository/org/springframework/spring-expression/4.0.5.RELEASE/spring-expression-4.0.5.RELEASE.jar:/Users/mohanreddysandula/.m2/repository/org/springframework/spring-web/4.0.5.RELEASE/spring-web-4.0.5.RELEASE.jar:/Users/mohanreddysandula/.m2/repository/org/springframework/spring-aop/4.0.5.RELEASE/spring-aop-4.0.5.RELEASE.jar:/Users/mohanreddysandula/.m2/repository/org/springframework/spring-context-support/4.0.5.RELEASE/spring-context-support-4.0.5.RELEASE.jar:/Users/mohanreddysandula/.m2/repository/org/springframework/spring-jdbc/4.0.5.RELEASE/spring-jdbc-4.0.5.RELEASE.jar:/Users/mohanreddysandula/.m2/repository/org/springframework/spring-tx/4.0.5.RELEASE/spring-tx-4.0.5.RELEASE.jar:/Users/mohanreddysandula/.m2/repository/org/springframework/spring-aspects/4.0.5.RELEASE/spring-aspects-4.0.5.RELEASE.jar:/Users/mohanreddysandula/.m2/repository/org/aspectj/aspectjweaver/1.7.4/aspectjweaver-1.7.4.jar:/Users/mohanreddysandula/.m2/repository/org/springframework/spring-orm/4.0.5.RELEASE/spring-orm-4.0.5.RELEASE.jar:/Users/mohanreddysandula/.m2/repository/org/springframework/security/spring-security-web/3.2.3.RELEASE/spring-security-web-3.2.3.RELEASE.jar:/Users/mohanreddysandula/.m2/repository/aopalliance/aopalliance/1.0/aopalliance-1.0.jar:/Users/mohanreddysandula/.m2/repository/org/springframework/security/spring-security-core/3.2.3.RELEASE/spring-security-core-3.2.3.RELEASE.jar:/Users/mohanreddysandula/.m2/repository/org/springframework/security/spring-security-config/3.2.3.RELEASE/spring-security-config-3.2.3.RELEASE.jar:/Users/mohanreddysandula/.m2/repository/org/springframework/security/spring-security-taglibs/3.2.3.RELEASE/spring-security-taglibs-3.2.3.RELEASE.jar:/Users/mohanreddysandula/.m2/repository/org/springframework/security/spring-security-acl/3.2.3.RELEASE/spring-security-acl-3.2.3.RELEASE.jar:/Users/mohanreddysandula/.m2/repository/jstl/jstl/1.2/jstl-1.2.jar:/Users/mohanreddysandula/.m2/repository/mysql/mysql-connector-java/5.1.6/mysql-connector-java-5.1.6.jar:/Users/mohanreddysandula/.m2/repository/org/slf4j/slf4j-api/1.7.6/slf4j-api-1.7.6.jar:/Users/mohanreddysandula/.m2/repository/org/slf4j/jcl-over-slf4j/1.7.6/jcl-over-slf4j-1.7.6.jar:/Users/mohanreddysandula/.m2/repository/ch/qos/logback/logback-classic/1.1.2/logback-classic-1.1.2.jar:/Users/mohanreddysandula/.m2/repository/ch/qos/logback/logback-core/1.1.2/logback-core-1.1.2.jar:/Users/mohanreddysandula/.m2/repository/org/apache/velocity/velocity/1.7/velocity-1.7.jar:/Users/mohanreddysandula/.m2/repository/commons-collections/commons-collections/3.2.1/commons-collections-3.2.1.jar:/Users/mohanreddysandula/.m2/repository/commons-lang/commons-lang/2.4/commons-lang-2.4.jar:/Users/mohanreddysandula/.m2/repository/org/codehaus/jackson/jackson-mapper-asl/1.9.12/jackson-mapper-asl-1.9.12.jar:/Users/mohanreddysandula/.m2/repository/org/codehaus/jackson/jackson-core-asl/1.9.12/jackson-core-asl-1.9.12.jar:/Users/mohanreddysandula/.m2/repository/javax/servlet/servlet-api/2.5/servlet-api-2.5.jar:/Users/mohanreddysandula/.m2/repository/commons-beanutils/commons-beanutils/1.9.0/commons-beanutils-1.9.0.jar:/Users/mohanreddysandula/.m2/repository/commons-logging/commons-logging/1.1.1/commons-logging-1.1.1.jar:/Users/mohanreddysandula/.m2/repository/junit/junit/4.8.1/junit-4.8.1.jar:/Users/mohanreddysandula/.m2/repository/org/springframework/spring-test/4.0.5.RELEASE/spring-test-4.0.5.RELEASE.jar:/Users/mohanreddysandula/.m2/repository/javax/mail/mail/1.4.6/mail-1.4.6.jar:/Users/mohanreddysandula/.m2/repository/javax/activation/activation/1.1/activation-1.1.jar:, java.specification.name=Java Platform API Specification, java.class.version=52.0, sun.management.compiler=HotSpot 64-Bit Tiered Compilers, os.version=10.12.6, http.nonProxyHosts=local|*.local|169.254/16|*.169.254/16, user.home=/Users/mohanreddysandula, user.timezone=America/Chicago, java.awt.printerjob=sun.lwawt.macosx.CPrinterJob, java.specification.version=1.8, file.encoding=UTF-8, hibernate.format_sql=true, user.name=mohanreddy, java.class.path=/Users/mohanreddysandula/Downloads/shares/Raghu/BeanIntellan/ylc/target/test-classes:/Users/mohanreddysandula/Downloads/shares/Raghu/BeanIntellan/ylc/target/classes:/Users/mohanreddysandula/.m2/repository/commons-dbcp/commons-dbcp/1.4/commons-dbcp-1.4.jar:/Users/mohanreddysandula/.m2/repository/commons-pool/commons-pool/1.5.4/commons-pool-1.5.4.jar:/Users/mohanreddysandula/.m2/repository/org/hibernate/hibernate-core/4.2.11.Final/hibernate-core-4.2.11.Final.jar:/Users/mohanreddysandula/.m2/repository/antlr/antlr/2.7.7/antlr-2.7.7.jar:/Users/mohanreddysandula/.m2/repository/org/jboss/logging/jboss-logging/3.1.0.GA/jboss-logging-3.1.0.GA.jar:/Users/mohanreddysandula/.m2/repository/dom4j/dom4j/1.6.1/dom4j-1.6.1.jar:/Users/mohanreddysandula/.m2/repository/org/javassist/javassist/3.18.1-GA/javassist-3.18.1-GA.jar:/Users/mohanreddysandula/.m2/repository/org/jboss/spec/javax/transaction/jboss-transaction-api_1.1_spec/1.0.1.Final/jboss-transaction-api_1.1_spec-1.0.1.Final.jar:/Users/mohanreddysandula/.m2/repository/org/hibernate/javax/persistence/hibernate-jpa-2.0-api/1.0.1.Final/hibernate-jpa-2.0-api-1.0.1.Final.jar:/Users/mohanreddysandula/.m2/repository/org/hibernate/common/hibernate-commons-annotations/4.0.2.Final/hibernate-commons-annotations-4.0.2.Final.jar:/Users/mohanreddysandula/.m2/repository/org/springframework/spring-core/4.0.5.RELEASE/spring-core-4.0.5.RELEASE.jar:/Users/mohanreddysandula/.m2/repository/org/springframework/spring-webmvc/4.0.5.RELEASE/spring-webmvc-4.0.5.RELEASE.jar:/Users/mohanreddysandula/.m2/repository/org/springframework/spring-beans/4.0.5.RELEASE/spring-beans-4.0.5.RELEASE.jar:/Users/mohanreddysandula/.m2/repository/org/springframework/spring-context/4.0.5.RELEASE/spring-context-4.0.5.RELEASE.jar:/Users/mohanreddysandula/.m2/repository/org/springframework/spring-expression/4.0.5.RELEASE/spring-expression-4.0.5.RELEASE.jar:/Users/mohanreddysandula/.m2/repository/org/springframework/spring-web/4.0.5.RELEASE/spring-web-4.0.5.RELEASE.jar:/Users/mohanreddysandula/.m2/repository/org/springframework/spring-aop/4.0.5.RELEASE/spring-aop-4.0.5.RELEASE.jar:/Users/mohanreddysandula/.m2/repository/org/springframework/spring-context-support/4.0.5.RELEASE/spring-context-support-4.0.5.RELEASE.jar:/Users/mohanreddysandula/.m2/repository/org/springframework/spring-jdbc/4.0.5.RELEASE/spring-jdbc-4.0.5.RELEASE.jar:/Users/mohanreddysandula/.m2/repository/org/springframework/spring-tx/4.0.5.RELEASE/spring-tx-4.0.5.RELEASE.jar:/Users/mohanreddysandula/.m2/repository/org/springframework/spring-aspects/4.0.5.RELEASE/spring-aspects-4.0.5.RELEASE.jar:/Users/mohanreddysandula/.m2/repository/org/aspectj/aspectjweaver/1.7.4/aspectjweaver-1.7.4.jar:/Users/mohanreddysandula/.m2/repository/org/springframework/spring-orm/4.0.5.RELEASE/spring-orm-4.0.5.RELEASE.jar:/Users/mohanreddysandula/.m2/repository/org/springframework/security/spring-security-web/3.2.3.RELEASE/spring-security-web-3.2.3.RELEASE.jar:/Users/mohanreddysandula/.m2/repository/aopalliance/aopalliance/1.0/aopalliance-1.0.jar:/Users/mohanreddysandula/.m2/repository/org/springframework/security/spring-security-core/3.2.3.RELEASE/spring-security-core-3.2.3.RELEASE.jar:/Users/mohanreddysandula/.m2/repository/org/springframework/security/spring-security-config/3.2.3.RELEASE/spring-security-config-3.2.3.RELEASE.jar:/Users/mohanreddysandula/.m2/repository/org/springframework/security/spring-security-taglibs/3.2.3.RELEASE/spring-security-taglibs-3.2.3.RELEASE.jar:/Users/mohanreddysandula/.m2/repository/org/springframework/security/spring-security-acl/3.2.3.RELEASE/spring-security-acl-3.2.3.RELEASE.jar:/Users/mohanreddysandula/.m2/repository/jstl/jstl/1.2/jstl-1.2.jar:/Users/mohanreddysandula/.m2/repository/mysql/mysql-connector-java/5.1.6/mysql-connector-java-5.1.6.jar:/Users/mohanreddysandula/.m2/repository/org/slf4j/slf4j-api/1.7.6/slf4j-api-1.7.6.jar:/Users/mohanreddysandula/.m2/repository/org/slf4j/jcl-over-slf4j/1.7.6/jcl-over-slf4j-1.7.6.jar:/Users/mohanreddysandula/.m2/repository/ch/qos/logback/logback-classic/1.1.2/logback-classic-1.1.2.jar:/Users/mohanreddysandula/.m2/repository/ch/qos/logback/logback-core/1.1.2/logback-core-1.1.2.jar:/Users/mohanreddysandula/.m2/repository/org/apache/velocity/velocity/1.7/velocity-1.7.jar:/Users/mohanreddysandula/.m2/repository/commons-collections/commons-collections/3.2.1/commons-collections-3.2.1.jar:/Users/mohanreddysandula/.m2/repository/commons-lang/commons-lang/2.4/commons-lang-2.4.jar:/Users/mohanreddysandula/.m2/repository/org/codehaus/jackson/jackson-mapper-asl/1.9.12/jackson-mapper-asl-1.9.12.jar:/Users/mohanreddysandula/.m2/repository/org/codehaus/jackson/jackson-core-asl/1.9.12/jackson-core-asl-1.9.12.jar:/Users/mohanreddysandula/.m2/repository/javax/servlet/servlet-api/2.5/servlet-api-2.5.jar:/Users/mohanreddysandula/.m2/repository/commons-beanutils/commons-beanutils/1.9.0/commons-beanutils-1.9.0.jar:/Users/mohanreddysandula/.m2/repository/commons-logging/commons-logging/1.1.1/commons-logging-1.1.1.jar:/Users/mohanreddysandula/.m2/repository/junit/junit/4.8.1/junit-4.8.1.jar:/Users/mohanreddysandula/.m2/repository/org/springframework/spring-test/4.0.5.RELEASE/spring-test-4.0.5.RELEASE.jar:/Users/mohanreddysandula/.m2/repository/javax/mail/mail/1.4.6/mail-1.4.6.jar:/Users/mohanreddysandula/.m2/repository/javax/activation/activation/1.1/activation-1.1.jar:, hibernate.bytecode.use_reflection_optimizer=false, hibernate.show_sql=true, hibernate.classLoader.application=sun.misc.Launcher$AppClassLoader@6e0be858, java.vm.specification.version=1.8, sun.arch.data.model=64, java.home=/Library/Java/JavaVirtualMachines/jdk1.8.0_111.jdk/Contents/Home/jre, sun.java.command=/Users/mohanreddysandula/Downloads/shares/Raghu/BeanIntellan/ylc/target/surefire/surefirebooter263926508971502025.jar /Users/mohanreddysandula/Downloads/shares/Raghu/BeanIntellan/ylc/target/surefire/surefire5701820773036605560tmp /Users/mohanreddysandula/Downloads/shares/Raghu/BeanIntellan/ylc/target/surefire/surefire_0434962822174349859tmp, hibernate.dialect=org.hibernate.dialect.MySQL5Dialect, java.specification.vendor=Oracle Corporation, user.language=en, awt.toolkit=sun.lwawt.macosx.LWCToolkit, java.vm.info=mixed mode, java.version=1.8.0_111, java.ext.dirs=/Users/mohanreddysandula/Library/Java/Extensions:/Library/Java/JavaVirtualMachines/jdk1.8.0_111.jdk/Contents/Home/jre/lib/ext:/Library/Java/Extensions:/Network/Library/Java/Extensions:/System/Library/Java/Extensions:/usr/lib/java, sun.boot.class.path=/Library/Java/JavaVirtualMachines/jdk1.8.0_111.jdk/Contents/Home/jre/lib/resources.jar:/Library/Java/JavaVirtualMachines/jdk1.8.0_111.jdk/Contents/Home/jre/lib/rt.jar:/Library/Java/JavaVirtualMachines/jdk1.8.0_111.jdk/Contents/Home/jre/lib/sunrsasign.jar:/Library/Java/JavaVirtualMachines/jdk1.8.0_111.jdk/Contents/Home/jre/lib/jsse.jar:/Library/Java/JavaVirtualMachines/jdk1.8.0_111.jdk/Contents/Home/jre/lib/jce.jar:/Library/Java/JavaVirtualMachines/jdk1.8.0_111.jdk/Contents/Home/jre/lib/charsets.jar:/Library/Java/JavaVirtualMachines/jdk1.8.0_111.jdk/Contents/Home/jre/lib/jfr.jar:/Library/Java/JavaVirtualMachines/jdk1.8.0_111.jdk/Contents/Home/jre/classes, java.vendor=Oracle Corporation, localRepository=/Users/mohanreddysandula/.m2/repository, file.separator=/, java.vendor.url.bug=http://bugreport.sun.com/bugreport/, sun.cpu.endian=little, sun.io.unicode.encoding=UnicodeBig, socksNonProxyHosts=local|*.local|169.254/16|*.169.254/16, ftp.nonProxyHosts=local|*.local|169.254/16|*.169.254/16, sun.cpu.isalist=}
22:05:36.432 [main] DEBUG o.h.i.f.i.DefaultIdentifierGeneratorFactory - Setting dialect [org.hibernate.dialect.MySQL5Dialect]
22:05:36.433 [main] DEBUG o.h.i.f.i.DefaultIdentifierGeneratorFactory - Setting dialect [org.hibernate.dialect.MySQL5Dialect]
22:05:36.433 [main] DEBUG o.h.i.f.i.DefaultIdentifierGeneratorFactory - Setting dialect [org.hibernate.dialect.MySQL5Dialect]
22:05:36.434 [main] DEBUG o.h.i.f.i.DefaultIdentifierGeneratorFactory - Setting dialect [org.hibernate.dialect.MySQL5Dialect]
22:05:36.434 [main] DEBUG o.h.i.f.i.DefaultIdentifierGeneratorFactory - Setting dialect [org.hibernate.dialect.MySQL5Dialect]
22:05:36.434 [main] DEBUG o.h.i.f.i.DefaultIdentifierGeneratorFactory - Setting dialect [org.hibernate.dialect.MySQL5Dialect]
22:05:36.434 [main] DEBUG o.h.i.f.i.DefaultIdentifierGeneratorFactory - Setting dialect [org.hibernate.dialect.MySQL5Dialect]
22:05:36.434 [main] DEBUG o.h.i.f.i.DefaultIdentifierGeneratorFactory - Setting dialect [org.hibernate.dialect.MySQL5Dialect]
22:05:36.434 [main] DEBUG o.h.i.f.i.DefaultIdentifierGeneratorFactory - Setting dialect [org.hibernate.dialect.MySQL5Dialect]
22:05:36.435 [main] DEBUG o.h.i.f.i.DefaultIdentifierGeneratorFactory - Setting dialect [org.hibernate.dialect.MySQL5Dialect]
22:05:36.435 [main] DEBUG o.h.i.f.i.DefaultIdentifierGeneratorFactory - Setting dialect [org.hibernate.dialect.MySQL5Dialect]
22:05:36.435 [main] DEBUG o.h.i.f.i.DefaultIdentifierGeneratorFactory - Setting dialect [org.hibernate.dialect.MySQL5Dialect]
22:05:36.435 [main] DEBUG o.h.i.f.i.DefaultIdentifierGeneratorFactory - Setting dialect [org.hibernate.dialect.MySQL5Dialect]
22:05:36.435 [main] DEBUG o.h.i.f.i.DefaultIdentifierGeneratorFactory - Setting dialect [org.hibernate.dialect.MySQL5Dialect]
22:05:36.435 [main] DEBUG o.h.i.f.i.DefaultIdentifierGeneratorFactory - Setting dialect [org.hibernate.dialect.MySQL5Dialect]
22:05:36.435 [main] DEBUG o.h.i.f.i.DefaultIdentifierGeneratorFactory - Setting dialect [org.hibernate.dialect.MySQL5Dialect]
22:05:36.435 [main] DEBUG o.h.i.f.i.DefaultIdentifierGeneratorFactory - Setting dialect [org.hibernate.dialect.MySQL5Dialect]
22:05:36.436 [main] DEBUG o.h.i.f.i.DefaultIdentifierGeneratorFactory - Setting dialect [org.hibernate.dialect.MySQL5Dialect]
22:05:36.436 [main] DEBUG o.h.i.f.i.DefaultIdentifierGeneratorFactory - Setting dialect [org.hibernate.dialect.MySQL5Dialect]
22:05:36.436 [main] DEBUG o.h.i.f.i.DefaultIdentifierGeneratorFactory - Setting dialect [org.hibernate.dialect.MySQL5Dialect]
22:05:36.593 [main] DEBUG o.h.p.entity.AbstractEntityPersister - Static SQL for entity: com.ylc.domain.BillingAddress
22:05:36.593 [main] DEBUG o.h.p.entity.AbstractEntityPersister -  Version select: select BillingAddressID from billing_address where BillingAddressID =?
22:05:36.593 [main] DEBUG o.h.p.entity.AbstractEntityPersister -  Snapshot select: select billingadd_.BillingAddressID, billingadd_.Address1 as Address2_0_, billingadd_.Address2 as Address3_0_, billingadd_.City as City4_0_, billingadd_.ZipCode as ZipCode5_0_, billingadd_.countryID as countryI6_0_, billingadd_.stateID as stateID7_0_, billingadd_.customerID as customer8_0_ from billing_address billingadd_ where billingadd_.BillingAddressID=?
22:05:36.593 [main] DEBUG o.h.p.entity.AbstractEntityPersister -  Insert 0: insert into billing_address (Address1, Address2, City, ZipCode, countryID, stateID, customerID, BillingAddressID) values (?, ?, ?, ?, ?, ?, ?, ?)
22:05:36.593 [main] DEBUG o.h.p.entity.AbstractEntityPersister -  Update 0: update billing_address set Address1=?, Address2=?, City=?, ZipCode=?, countryID=?, stateID=?, customerID=? where BillingAddressID=?
22:05:36.593 [main] DEBUG o.h.p.entity.AbstractEntityPersister -  Delete 0: delete from billing_address where BillingAddressID=?
22:05:36.593 [main] DEBUG o.h.p.entity.AbstractEntityPersister -  Identity insert: insert into billing_address (Address1, Address2, City, ZipCode, countryID, stateID, customerID) values (?, ?, ?, ?, ?, ?, ?)
22:05:36.596 [main] DEBUG o.h.p.entity.AbstractEntityPersister - Static SQL for entity: com.ylc.domain.LineType
22:05:36.596 [main] DEBUG o.h.p.entity.AbstractEntityPersister -  Version select: select LineTypeID from linetypes where LineTypeID =?
22:05:36.597 [main] DEBUG o.h.p.entity.AbstractEntityPersister -  Snapshot select: select linetype_.LineTypeID, linetype_.LineTypeName as LineType2_12_ from linetypes linetype_ where linetype_.LineTypeID=?
22:05:36.597 [main] DEBUG o.h.p.entity.AbstractEntityPersister -  Insert 0: insert into linetypes (LineTypeName, LineTypeID) values (?, ?)
22:05:36.597 [main] DEBUG o.h.p.entity.AbstractEntityPersister -  Update 0: update linetypes set LineTypeName=? where LineTypeID=?
22:05:36.597 [main] DEBUG o.h.p.entity.AbstractEntityPersister -  Delete 0: delete from linetypes where LineTypeID=?
22:05:36.597 [main] DEBUG o.h.p.entity.AbstractEntityPersister -  Identity insert: insert into linetypes (LineTypeName) values (?)
22:05:36.607 [main] DEBUG o.h.p.entity.AbstractEntityPersister - Static SQL for entity: com.ylc.domain.CustomerLine
22:05:36.607 [main] DEBUG o.h.p.entity.AbstractEntityPersister -  Version select: select CustomerLineID from customer_lines where CustomerLineID =?
22:05:36.607 [main] DEBUG o.h.p.entity.AbstractEntityPersister -  Snapshot select: select customerli_.CustomerLineID, customerli_.InmateLocationID as InmateLo2_4_, customerli_.LocalLineNumber as LocalLin3_4_, customerli_.DestinationLineNumber as Destinat4_4_, customerli_.PrepaidMinutes as PrepaidM5_4_, customerli_.IsInitiatedByInmate as IsInitia6_4_, customerli_.IsPaidByQuickPay as IsPaidBy7_4_, customerli_.StartDate as StartDat8_4_, customerli_.EndDate as EndDate9_4_, customerli_.Active as Active10_4_, customerli_.CreatedBy as Created11_4_, customerli_.CreatedDate as Created12_4_, customerli_.UpdatedBy as Updated13_4_, customerli_.UpdatedDate as Updated14_4_, customerli_.InmateID as InmateI15_4_, customerli_.LineTypeID as LineTyp16_4_, customerli_.customerID as custome17_4_ from customer_lines customerli_ where customerli_.CustomerLineID=?
22:05:36.607 [main] DEBUG o.h.p.entity.AbstractEntityPersister -  Insert 0: insert into customer_lines (InmateLocationID, LocalLineNumber, DestinationLineNumber, PrepaidMinutes, IsInitiatedByInmate, IsPaidByQuickPay, StartDate, EndDate, Active, CreatedBy, CreatedDate, UpdatedBy, UpdatedDate, InmateID, LineTypeID, customerID, CustomerLineID) values (?, ?, ?, ?, ?, ?, ?, ?, ?, ?, ?, ?, ?, ?, ?, ?, ?)
22:05:36.607 [main] DEBUG o.h.p.entity.AbstractEntityPersister -  Update 0: update customer_lines set InmateLocationID=?, LocalLineNumber=?, DestinationLineNumber=?, PrepaidMinutes=?, IsInitiatedByInmate=?, IsPaidByQuickPay=?, StartDate=?, EndDate=?, Active=?, CreatedBy=?, CreatedDate=?, UpdatedBy=?, UpdatedDate=?, InmateID=?, LineTypeID=?, customerID=? where CustomerLineID=?
22:05:36.607 [main] DEBUG o.h.p.entity.AbstractEntityPersister -  Delete 0: delete from customer_lines where CustomerLineID=?
22:05:36.607 [main] DEBUG o.h.p.entity.AbstractEntityPersister -  Identity insert: insert into customer_lines (InmateLocationID, LocalLineNumber, DestinationLineNumber, PrepaidMinutes, IsInitiatedByInmate, IsPaidByQuickPay, StartDate, EndDate, Active, CreatedBy, CreatedDate, UpdatedBy, UpdatedDate, InmateID, LineTypeID, customerID) values (?, ?, ?, ?, ?, ?, ?, ?, ?, ?, ?, ?, ?, ?, ?, ?)
22:05:36.613 [main] DEBUG o.h.p.entity.AbstractEntityPersister - Static SQL for entity: com.ylc.domain.RateCenter
22:05:36.613 [main] DEBUG o.h.p.entity.AbstractEntityPersister -  Version select: select RateCenterID from rate_centers where RateCenterID =?
22:05:36.613 [main] DEBUG o.h.p.entity.AbstractEntityPersister -  Snapshot select: select ratecenter_.RateCenterID, ratecenter_.RateCenterName as RateCent2_15_, ratecenter_.Npanxx as Npanxx3_15_, ratecenter_.Effective as Effectiv4_15_, ratecenter_.Lata as Lata5_15_, ratecenter_.Ocn as Ocn6_15_, ratecenter_.CreatedBy as CreatedB7_15_, ratecenter_.CreatedDate as CreatedD8_15_, ratecenter_.UpdatedBy as UpdatedB9_15_, ratecenter_.UpdatedDate as Updated10_15_, ratecenter_.localexchanges as localex11_15_ from rate_centers ratecenter_ where ratecenter_.RateCenterID=?
22:05:36.613 [main] DEBUG o.h.p.entity.AbstractEntityPersister -  Insert 0: insert into rate_centers (RateCenterName, Npanxx, Effective, Lata, Ocn, CreatedBy, CreatedDate, UpdatedBy, UpdatedDate, localexchanges, RateCenterID) values (?, ?, ?, ?, ?, ?, ?, ?, ?, ?, ?)
22:05:36.613 [main] DEBUG o.h.p.entity.AbstractEntityPersister -  Update 0: update rate_centers set RateCenterName=?, Npanxx=?, Effective=?, Lata=?, Ocn=?, CreatedBy=?, CreatedDate=?, UpdatedBy=?, UpdatedDate=?, localexchanges=? where RateCenterID=?
22:05:36.613 [main] DEBUG o.h.p.entity.AbstractEntityPersister -  Delete 0: delete from rate_centers where RateCenterID=?
22:05:36.613 [main] DEBUG o.h.p.entity.AbstractEntityPersister -  Identity insert: insert into rate_centers (RateCenterName, Npanxx, Effective, Lata, Ocn, CreatedBy, CreatedDate, UpdatedBy, UpdatedDate, localexchanges) values (?, ?, ?, ?, ?, ?, ?, ?, ?, ?)
22:05:36.621 [main] DEBUG o.h.p.entity.AbstractEntityPersister - Static SQL for entity: com.ylc.domain.User
22:05:36.621 [main] DEBUG o.h.p.entity.AbstractEntityPersister -  Version select: select CustomerID from users where CustomerID =?
22:05:36.621 [main] DEBUG o.h.p.entity.AbstractEntityPersister -  Snapshot select: select user_.CustomerID, user_.password as password2_18_, user_.Type as Type3_18_, user_.SecurityQuestion as Security4_18_, user_.Answer as Answer5_18_, user_.EmailID as EmailID6_18_, user_.Active as Active7_18_, user_.CreatedBy as CreatedB8_18_, user_.CreatedDate as CreatedD9_18_, user_.UpdatedBy as Updated10_18_, user_.UpdatedDate as Updated11_18_, user_.RoleID as RoleID12_18_ from users user_ where user_.CustomerID=?
22:05:36.621 [main] DEBUG o.h.p.entity.AbstractEntityPersister -  Insert 0: insert into users (password, Type, SecurityQuestion, Answer, EmailID, Active, CreatedBy, CreatedDate, UpdatedBy, UpdatedDate, RoleID, CustomerID) values (?, ?, ?, ?, ?, ?, ?, ?, ?, ?, ?, ?)
22:05:36.621 [main] DEBUG o.h.p.entity.AbstractEntityPersister -  Update 0: update users set password=?, Type=?, SecurityQuestion=?, Answer=?, EmailID=?, Active=?, CreatedBy=?, CreatedDate=?, UpdatedBy=?, UpdatedDate=?, RoleID=? where CustomerID=?
22:05:36.621 [main] DEBUG o.h.p.entity.AbstractEntityPersister -  Delete 0: delete from users where CustomerID=?
22:05:36.621 [main] DEBUG o.h.p.entity.AbstractEntityPersister -  Identity insert: insert into users (password, Type, SecurityQuestion, Answer, EmailID, Active, CreatedBy, CreatedDate, UpdatedBy, UpdatedDate, RoleID) values (?, ?, ?, ?, ?, ?, ?, ?, ?, ?, ?)
22:05:36.624 [main] DEBUG o.h.p.entity.AbstractEntityPersister - Static SQL for entity: com.ylc.domain.InmateStatus
22:05:36.624 [main] DEBUG o.h.p.entity.AbstractEntityPersister -  Version select: select InmateStatusID from inmate_status where InmateStatusID =?
22:05:36.624 [main] DEBUG o.h.p.entity.AbstractEntityPersister -  Snapshot select: select inmatestat_.InmateStatusID, inmatestat_.InmateStatusName as InmateSt2_10_, inmatestat_.InmateStatusDescription as InmateSt3_10_ from inmate_status inmatestat_ where inmatestat_.InmateStatusID=?
22:05:36.624 [main] DEBUG o.h.p.entity.AbstractEntityPersister -  Insert 0: insert into inmate_status (InmateStatusName, InmateStatusDescription, InmateStatusID) values (?, ?, ?)
22:05:36.624 [main] DEBUG o.h.p.entity.AbstractEntityPersister -  Update 0: update inmate_status set InmateStatusName=?, InmateStatusDescription=? where InmateStatusID=?
22:05:36.624 [main] DEBUG o.h.p.entity.AbstractEntityPersister -  Delete 0: delete from inmate_status where InmateStatusID=?
22:05:36.624 [main] DEBUG o.h.p.entity.AbstractEntityPersister -  Identity insert: insert into inmate_status (InmateStatusName, InmateStatusDescription) values (?, ?)
22:05:36.630 [main] DEBUG o.h.p.entity.AbstractEntityPersister - Static SQL for entity: com.ylc.domain.FacilityNumberPool
22:05:36.630 [main] DEBUG o.h.p.entity.AbstractEntityPersister -  Version select: select FacilityNumberPoolID from facility_numberpool where FacilityNumberPoolID =?
22:05:36.630 [main] DEBUG o.h.p.entity.AbstractEntityPersister -  Snapshot select: select facilitynu_.FacilityNumberPoolID, facilitynu_.PNumber as PNumber2_7_, facilitynu_.Status as Status3_7_, facilitynu_.CreatedBy as CreatedB4_7_, facilitynu_.CreatedDate as CreatedD5_7_, facilitynu_.UpdatedBy as UpdatedB6_7_, facilitynu_.UpdatedDate as UpdatedD7_7_, facilitynu_.FacilityID as Facility8_7_ from facility_numberpool facilitynu_ where facilitynu_.FacilityNumberPoolID=?
22:05:36.630 [main] DEBUG o.h.p.entity.AbstractEntityPersister -  Insert 0: insert into facility_numberpool (PNumber, Status, CreatedBy, CreatedDate, UpdatedBy, UpdatedDate, FacilityID, FacilityNumberPoolID) values (?, ?, ?, ?, ?, ?, ?, ?)
22:05:36.630 [main] DEBUG o.h.p.entity.AbstractEntityPersister -  Update 0: update facility_numberpool set PNumber=?, Status=?, CreatedBy=?, CreatedDate=?, UpdatedBy=?, UpdatedDate=?, FacilityID=? where FacilityNumberPoolID=?
22:05:36.630 [main] DEBUG o.h.p.entity.AbstractEntityPersister -  Delete 0: delete from facility_numberpool where FacilityNumberPoolID=?
22:05:36.630 [main] DEBUG o.h.p.entity.AbstractEntityPersister -  Identity insert: insert into facility_numberpool (PNumber, Status, CreatedBy, CreatedDate, UpdatedBy, UpdatedDate, FacilityID) values (?, ?, ?, ?, ?, ?, ?)
22:05:36.642 [main] DEBUG o.h.p.entity.AbstractEntityPersister - Static SQL for entity: com.ylc.domain.Customer
22:05:36.642 [main] DEBUG o.h.p.entity.AbstractEntityPersister -  Version select: select CustomerID from customers where CustomerID =?
22:05:36.642 [main] DEBUG o.h.p.entity.AbstractEntityPersister -  Snapshot select: select customer_.CustomerID, customer_.FirstName as FirstNam2_5_, customer_.MiddleName as MiddleNa3_5_, customer_.LastName as LastName4_5_, customer_.MobileNumber as MobileNu5_5_, customer_.Address1 as Address6_5_, customer_.Address2 as Address7_5_, customer_.City as City8_5_, customer_.ZipCode as ZipCode9_5_, customer_.Active as Active10_5_, customer_.PaymentGatewayId as Payment11_5_, customer_.CreatedBy as Created12_5_, customer_.CreatedDate as Created13_5_, customer_.UpdatedBy as Updated14_5_, customer_.UpdatedDate as Updated15_5_, customer_.RecurringPayment as Recurri16_5_, customer_.PrePaidAmount as PrePaid17_5_, customer_.RecurringPaymentDate as Recurri18_5_, customer_.RecurringPaymentAmount as Recurri19_5_, customer_.countryID as country20_5_, customer_.stateID as stateID21_5_ from customers customer_ where customer_.CustomerID=?
22:05:36.642 [main] DEBUG o.h.p.entity.AbstractEntityPersister -  Insert 0: insert into customers (FirstName, MiddleName, LastName, MobileNumber, Address1, Address2, City, ZipCode, Active, PaymentGatewayId, CreatedBy, CreatedDate, UpdatedBy, UpdatedDate, RecurringPayment, PrePaidAmount, RecurringPaymentDate, RecurringPaymentAmount, countryID, stateID, CustomerID) values (?, ?, ?, ?, ?, ?, ?, ?, ?, ?, ?, ?, ?, ?, ?, ?, ?, ?, ?, ?, ?)
22:05:36.643 [main] DEBUG o.h.p.entity.AbstractEntityPersister -  Update 0: update customers set FirstName=?, MiddleName=?, LastName=?, MobileNumber=?, Address1=?, Address2=?, City=?, ZipCode=?, Active=?, PaymentGatewayId=?, CreatedBy=?, CreatedDate=?, UpdatedBy=?, UpdatedDate=?, RecurringPayment=?, PrePaidAmount=?, RecurringPaymentDate=?, RecurringPaymentAmount=?, countryID=?, stateID=? where CustomerID=?
22:05:36.643 [main] DEBUG o.h.p.entity.AbstractEntityPersister -  Delete 0: delete from customers where CustomerID=?
22:05:36.645 [main] DEBUG o.h.p.entity.AbstractEntityPersister - Static SQL for entity: com.ylc.domain.PaymentCardType
22:05:36.647 [main] DEBUG o.h.p.entity.AbstractEntityPersister -  Version select: select PaymentCardTypeID from payment_card_types where PaymentCardTypeID =?
22:05:36.647 [main] DEBUG o.h.p.entity.AbstractEntityPersister -  Snapshot select: select paymentcar_.PaymentCardTypeID, paymentcar_.PaymentCardName as PaymentC2_13_, paymentcar_.Active as Active3_13_ from payment_card_types paymentcar_ where paymentcar_.PaymentCardTypeID=?
22:05:36.647 [main] DEBUG o.h.p.entity.AbstractEntityPersister -  Insert 0: insert into payment_card_types (PaymentCardName, Active, PaymentCardTypeID) values (?, ?, ?)
22:05:36.647 [main] DEBUG o.h.p.entity.AbstractEntityPersister -  Update 0: update payment_card_types set PaymentCardName=?, Active=? where PaymentCardTypeID=?
22:05:36.647 [main] DEBUG o.h.p.entity.AbstractEntityPersister -  Delete 0: delete from payment_card_types where PaymentCardTypeID=?
22:05:36.647 [main] DEBUG o.h.p.entity.AbstractEntityPersister -  Identity insert: insert into payment_card_types (PaymentCardName, Active) values (?, ?)
22:05:36.658 [main] DEBUG o.h.p.entity.AbstractEntityPersister - Static SQL for entity: com.ylc.domain.CustomerPaymentDetail
22:05:36.658 [main] DEBUG o.h.p.entity.AbstractEntityPersister -  Version select: select LinePaymentDetailID from ylc.customer_payment_details where LinePaymentDetailID =?
22:05:36.658 [main] DEBUG o.h.p.entity.AbstractEntityPersister -  Snapshot select: select customerpa_.LinePaymentDetailID, customerpa_.PaidFor as PaidFor2_19_, customerpa_.PaymentType as PaymentT3_19_, customerpa_.PaymentAmount as PaymentA4_19_, customerpa_.NameOnCard as NameOnCa5_19_, customerpa_.Last4DigitsOfCard as Last6_19_, customerpa_.PaymentConformationCode as PaymentC7_19_, customerpa_.PaymentDate as PaymentD8_19_, customerpa_.NumberOfMinutes as NumberOf9_19_, customerpa_.IsPaidByQuickPay as IsPaidB10_19_, customerpa_.IsInitiatedByInmate as IsIniti11_19_, customerpa_.IsRecurringPayemnt as IsRecur12_19_, customerpa_.IsInvoiceGenerated as IsInvoi13_19_, customerpa_.InvoiceGeneratedDate as Invoice14_19_, customerpa_.CreatedBy as Created15_19_, customerpa_.CreatedDate as Created16_19_, customerpa_.UpdatedBy as Updated17_19_, customerpa_.UpdatedDate as Updated18_19_, customerpa_.CustomerID as Custome19_19_, customerpa_.PaymentCardTypeID as Payment20_19_, customerpa_.PrepaidPricingID as Prepaid21_19_ from ylc.customer_payment_details customerpa_ where customerpa_.LinePaymentDetailID=?
22:05:36.658 [main] DEBUG o.h.p.entity.AbstractEntityPersister -  Insert 0: insert into ylc.customer_payment_details (PaidFor, PaymentType, PaymentAmount, NameOnCard, Last4DigitsOfCard, PaymentConformationCode, PaymentDate, NumberOfMinutes, IsPaidByQuickPay, IsInitiatedByInmate, IsRecurringPayemnt, IsInvoiceGenerated, InvoiceGeneratedDate, CreatedBy, CreatedDate, UpdatedBy, UpdatedDate, CustomerID, PaymentCardTypeID, PrepaidPricingID, LinePaymentDetailID) values (?, ?, ?, ?, ?, ?, ?, ?, ?, ?, ?, ?, ?, ?, ?, ?, ?, ?, ?, ?, ?)
22:05:36.659 [main] DEBUG o.h.p.entity.AbstractEntityPersister -  Update 0: update ylc.customer_payment_details set PaidFor=?, PaymentType=?, PaymentAmount=?, NameOnCard=?, Last4DigitsOfCard=?, PaymentConformationCode=?, PaymentDate=?, NumberOfMinutes=?, IsPaidByQuickPay=?, IsInitiatedByInmate=?, IsRecurringPayemnt=?, IsInvoiceGenerated=?, InvoiceGeneratedDate=?, CreatedBy=?, CreatedDate=?, UpdatedBy=?, UpdatedDate=?, CustomerID=?, PaymentCardTypeID=?, PrepaidPricingID=? where LinePaymentDetailID=?
22:05:36.659 [main] DEBUG o.h.p.entity.AbstractEntityPersister -  Delete 0: delete from ylc.customer_payment_details where LinePaymentDetailID=?
22:05:36.659 [main] DEBUG o.h.p.entity.AbstractEntityPersister -  Identity insert: insert into ylc.customer_payment_details (PaidFor, PaymentType, PaymentAmount, NameOnCard, Last4DigitsOfCard, PaymentConformationCode, PaymentDate, NumberOfMinutes, IsPaidByQuickPay, IsInitiatedByInmate, IsRecurringPayemnt, IsInvoiceGenerated, InvoiceGeneratedDate, CreatedBy, CreatedDate, UpdatedBy, UpdatedDate, CustomerID, PaymentCardTypeID, PrepaidPricingID) values (?, ?, ?, ?, ?, ?, ?, ?, ?, ?, ?, ?, ?, ?, ?, ?, ?, ?, ?, ?)
22:05:36.666 [main] DEBUG o.h.p.entity.AbstractEntityPersister - Static SQL for entity: com.ylc.domain.CallLog
22:05:36.666 [main] DEBUG o.h.p.entity.AbstractEntityPersister -  Version select: select LineCallLogID from call_log where LineCallLogID =?
22:05:36.666 [main] DEBUG o.h.p.entity.AbstractEntityPersister -  Snapshot select: select calllog_.LineCallLogID, calllog_.LocalLineNumber as LocalLin2_1_, calllog_.DestinationLineNumber as Destinat3_1_, calllog_.CallStartDateTime as CallStar4_1_, calllog_.CallEndDateTime as CallEndD5_1_, calllog_.CallDuration as CallDura6_1_, calllog_.MinutesLeft as MinutesL7_1_, calllog_.CreatedBy as CreatedB8_1_, calllog_.CreatedDate as CreatedD9_1_, calllog_.UpdatedBy as Updated10_1_, calllog_.UpdatedDate as Updated11_1_, calllog_.LinePaymentDetailID as LinePay12_1_ from call_log calllog_ where calllog_.LineCallLogID=?
22:05:36.666 [main] DEBUG o.h.p.entity.AbstractEntityPersister -  Insert 0: insert into call_log (LocalLineNumber, DestinationLineNumber, CallStartDateTime, CallEndDateTime, CallDuration, MinutesLeft, CreatedBy, CreatedDate, UpdatedBy, UpdatedDate, LinePaymentDetailID, LineCallLogID) values (?, ?, ?, ?, ?, ?, ?, ?, ?, ?, ?, ?)
22:05:36.667 [main] DEBUG o.h.p.entity.AbstractEntityPersister -  Update 0: update call_log set LocalLineNumber=?, DestinationLineNumber=?, CallStartDateTime=?, CallEndDateTime=?, CallDuration=?, MinutesLeft=?, CreatedBy=?, CreatedDate=?, UpdatedBy=?, UpdatedDate=?, LinePaymentDetailID=? where LineCallLogID=?
22:05:36.667 [main] DEBUG o.h.p.entity.AbstractEntityPersister -  Delete 0: delete from call_log where LineCallLogID=?
22:05:36.667 [main] DEBUG o.h.p.entity.AbstractEntityPersister -  Identity insert: insert into call_log (LocalLineNumber, DestinationLineNumber, CallStartDateTime, CallEndDateTime, CallDuration, MinutesLeft, CreatedBy, CreatedDate, UpdatedBy, UpdatedDate, LinePaymentDetailID) values (?, ?, ?, ?, ?, ?, ?, ?, ?, ?, ?)
22:05:36.671 [main] DEBUG o.h.p.entity.AbstractEntityPersister - Static SQL for entity: com.ylc.domain.State
22:05:36.671 [main] DEBUG o.h.p.entity.AbstractEntityPersister -  Version select: select StateID from states where StateID =?
22:05:36.671 [main] DEBUG o.h.p.entity.AbstractEntityPersister -  Snapshot select: select state_.StateID, state_.StateName as StateNam2_17_, state_.StateAbbr as StateAbb3_17_ from states state_ where state_.StateID=?
22:05:36.671 [main] DEBUG o.h.p.entity.AbstractEntityPersister -  Insert 0: insert into states (StateName, StateAbbr, StateID) values (?, ?, ?)
22:05:36.671 [main] DEBUG o.h.p.entity.AbstractEntityPersister -  Update 0: update states set StateName=?, StateAbbr=? where StateID=?
22:05:36.671 [main] DEBUG o.h.p.entity.AbstractEntityPersister -  Delete 0: delete from states where StateID=?
22:05:36.671 [main] DEBUG o.h.p.entity.AbstractEntityPersister -  Identity insert: insert into states (StateName, StateAbbr) values (?, ?)
22:05:36.674 [main] DEBUG o.h.p.entity.AbstractEntityPersister - Static SQL for entity: com.ylc.domain.InmateReferral
22:05:36.674 [main] DEBUG o.h.p.entity.AbstractEntityPersister -  Version select: select InmateReferralID from inmate_referrals where InmateReferralID =?
22:05:36.674 [main] DEBUG o.h.p.entity.AbstractEntityPersister -  Snapshot select: select inmaterefe_.InmateReferralID, inmaterefe_.InmateID as InmateID2_9_, inmaterefe_.ReferredByID as Referred3_9_ from inmate_referrals inmaterefe_ where inmaterefe_.InmateReferralID=?
22:05:36.675 [main] DEBUG o.h.p.entity.AbstractEntityPersister -  Insert 0: insert into inmate_referrals (InmateID, ReferredByID, InmateReferralID) values (?, ?, ?)
22:05:36.675 [main] DEBUG o.h.p.entity.AbstractEntityPersister -  Update 0: update inmate_referrals set InmateID=?, ReferredByID=? where InmateReferralID=?
22:05:36.675 [main] DEBUG o.h.p.entity.AbstractEntityPersister -  Delete 0: delete from inmate_referrals where InmateReferralID=?
22:05:36.675 [main] DEBUG o.h.p.entity.AbstractEntityPersister -  Identity insert: insert into inmate_referrals (InmateID, ReferredByID) values (?, ?)
22:05:36.683 [main] DEBUG o.h.p.entity.AbstractEntityPersister - Static SQL for entity: com.ylc.domain.CustomerLinePaymentDetail
22:05:36.683 [main] DEBUG o.h.p.entity.AbstractEntityPersister -  Version select: select LinePaymentDetailID from customer_line_payment_details where LinePaymentDetailID =?
22:05:36.683 [main] DEBUG o.h.p.entity.AbstractEntityPersister -  Snapshot select: select customerli_.LinePaymentDetailID, customerli_.PaidFor as PaidFor2_3_, customerli_.PaymentType as PaymentT3_3_, customerli_.PaymentAmount as PaymentA4_3_, customerli_.NameOnCard as NameOnCa5_3_, customerli_.Last4DigitsOfCard as Last6_3_, customerli_.PaymentConformationCode as PaymentC7_3_, customerli_.PaymentDate as PaymentD8_3_, customerli_.NumberOfMinutes as NumberOf9_3_, customerli_.IsPaidByQuickPay as IsPaidB10_3_, customerli_.IsInitiatedByInmate as IsIniti11_3_, customerli_.IsRecurringPayemnt as IsRecur12_3_, customerli_.IsInvoiceGenerated as IsInvoi13_3_, customerli_.InvoiceGeneratedDate as Invoice14_3_, customerli_.CreatedBy as Created15_3_, customerli_.CreatedDate as Created16_3_, customerli_.UpdatedBy as Updated17_3_, customerli_.UpdatedDate as Updated18_3_, customerli_.CustomerLineID as Custome19_3_, customerli_.PaymentCardTypeID as Payment20_3_, customerli_.PrepaidPricingID as Prepaid21_3_ from customer_line_payment_details customerli_ where customerli_.LinePaymentDetailID=?
22:05:36.683 [main] DEBUG o.h.p.entity.AbstractEntityPersister -  Insert 0: insert into customer_line_payment_details (PaidFor, PaymentType, PaymentAmount, NameOnCard, Last4DigitsOfCard, PaymentConformationCode, PaymentDate, NumberOfMinutes, IsPaidByQuickPay, IsInitiatedByInmate, IsRecurringPayemnt, IsInvoiceGenerated, InvoiceGeneratedDate, CreatedBy, CreatedDate, UpdatedBy, UpdatedDate, CustomerLineID, PaymentCardTypeID, PrepaidPricingID, LinePaymentDetailID) values (?, ?, ?, ?, ?, ?, ?, ?, ?, ?, ?, ?, ?, ?, ?, ?, ?, ?, ?, ?, ?)
22:05:36.684 [main] DEBUG o.h.p.entity.AbstractEntityPersister -  Update 0: update customer_line_payment_details set PaidFor=?, PaymentType=?, PaymentAmount=?, NameOnCard=?, Last4DigitsOfCard=?, PaymentConformationCode=?, PaymentDate=?, NumberOfMinutes=?, IsPaidByQuickPay=?, IsInitiatedByInmate=?, IsRecurringPayemnt=?, IsInvoiceGenerated=?, InvoiceGeneratedDate=?, CreatedBy=?, CreatedDate=?, UpdatedBy=?, UpdatedDate=?, CustomerLineID=?, PaymentCardTypeID=?, PrepaidPricingID=? where LinePaymentDetailID=?
22:05:36.684 [main] DEBUG o.h.p.entity.AbstractEntityPersister -  Delete 0: delete from customer_line_payment_details where LinePaymentDetailID=?
22:05:36.685 [main] DEBUG o.h.p.entity.AbstractEntityPersister -  Identity insert: insert into customer_line_payment_details (PaidFor, PaymentType, PaymentAmount, NameOnCard, Last4DigitsOfCard, PaymentConformationCode, PaymentDate, NumberOfMinutes, IsPaidByQuickPay, IsInitiatedByInmate, IsRecurringPayemnt, IsInvoiceGenerated, InvoiceGeneratedDate, CreatedBy, CreatedDate, UpdatedBy, UpdatedDate, CustomerLineID, PaymentCardTypeID, PrepaidPricingID) values (?, ?, ?, ?, ?, ?, ?, ?, ?, ?, ?, ?, ?, ?, ?, ?, ?, ?, ?, ?)
22:05:36.689 [main] DEBUG o.h.p.entity.AbstractEntityPersister - Static SQL for entity: com.ylc.domain.Role
22:05:36.689 [main] DEBUG o.h.p.entity.AbstractEntityPersister -  Version select: select RoleID from roles where RoleID =?
22:05:36.689 [main] DEBUG o.h.p.entity.AbstractEntityPersister -  Snapshot select: select role_.RoleID, role_.RoleName as RoleName2_16_, role_.Active as Active3_16_, role_.CreatedBy as CreatedB4_16_, role_.CreatedDate as CreatedD5_16_, role_.UpdatedBy as UpdatedB6_16_, role_.UpdatedDate as UpdatedD7_16_ from roles role_ where role_.RoleID=?
22:05:36.689 [main] DEBUG o.h.p.entity.AbstractEntityPersister -  Insert 0: insert into roles (RoleName, Active, CreatedBy, CreatedDate, UpdatedBy, UpdatedDate, RoleID) values (?, ?, ?, ?, ?, ?, ?)
22:05:36.689 [main] DEBUG o.h.p.entity.AbstractEntityPersister -  Update 0: update roles set RoleName=?, Active=?, CreatedBy=?, CreatedDate=?, UpdatedBy=?, UpdatedDate=? where RoleID=?
22:05:36.689 [main] DEBUG o.h.p.entity.AbstractEntityPersister -  Delete 0: delete from roles where RoleID=?
22:05:36.689 [main] DEBUG o.h.p.entity.AbstractEntityPersister -  Identity insert: insert into roles (RoleName, Active, CreatedBy, CreatedDate, UpdatedBy, UpdatedDate) values (?, ?, ?, ?, ?, ?)
22:05:36.694 [main] DEBUG o.h.p.entity.AbstractEntityPersister - Static SQL for entity: com.ylc.domain.FacilityLocation
22:05:36.694 [main] DEBUG o.h.p.entity.AbstractEntityPersister -  Version select: select FacilityID from facility_locations where FacilityID =?
22:05:36.694 [main] DEBUG o.h.p.entity.AbstractEntityPersister -  Snapshot select: select facilitylo_.FacilityID, facilitylo_.FacilityName as Facility2_6_, facilitylo_.phone as phone3_6_, facilitylo_.inmates as inmates4_6_, facilitylo_.address as address5_6_, facilitylo_.citystatezip as citystat6_6_, facilitylo_.f7 as f7_6_, facilitylo_.timezone as timezone8_6_, facilitylo_.RateCenterID as RateCent9_6_ from facility_locations facilitylo_ where facilitylo_.FacilityID=?
22:05:36.694 [main] DEBUG o.h.p.entity.AbstractEntityPersister -  Insert 0: insert into facility_locations (FacilityName, phone, inmates, address, citystatezip, f7, timezone, RateCenterID, FacilityID) values (?, ?, ?, ?, ?, ?, ?, ?, ?)
22:05:36.694 [main] DEBUG o.h.p.entity.AbstractEntityPersister -  Update 0: update facility_locations set FacilityName=?, phone=?, inmates=?, address=?, citystatezip=?, f7=?, timezone=?, RateCenterID=? where FacilityID=?
22:05:36.694 [main] DEBUG o.h.p.entity.AbstractEntityPersister -  Delete 0: delete from facility_locations where FacilityID=?
22:05:36.694 [main] DEBUG o.h.p.entity.AbstractEntityPersister -  Identity insert: insert into facility_locations (FacilityName, phone, inmates, address, citystatezip, f7, timezone, RateCenterID) values (?, ?, ?, ?, ?, ?, ?, ?)
22:05:36.700 [main] DEBUG o.h.p.entity.AbstractEntityPersister - Static SQL for entity: com.ylc.domain.InMate
22:05:36.700 [main] DEBUG o.h.p.entity.AbstractEntityPersister -  Version select: select InmateID from inmates where InmateID =?
22:05:36.700 [main] DEBUG o.h.p.entity.AbstractEntityPersister -  Snapshot select: select inmate_.InmateID, inmate_.InmateCode as InmateCo2_11_, inmate_.BOPNumber as BOPNumbe3_11_, inmate_.InmateFirstName as InmateFi4_11_, inmate_.InmateLastName as InmateLa5_11_, inmate_.referralCode as referral6_11_, inmate_.PrePaidAmount as PrePaidA7_11_, inmate_.AllowedCallLines as AllowedC8_11_, inmate_.Active as Active9_11_, inmate_.MaxAmtLimit as MaxAmtL10_11_, inmate_.ChargePerLine as ChargeP11_11_, inmate_.IsCreditAllowed as IsCredi12_11_, inmate_.CreatedBy as Created13_11_, inmate_.CreatedDate as Created14_11_, inmate_.UpdatedBy as Updated15_11_, inmate_.UpdatedDate as Updated16_11_, inmate_.facilityID as facilit17_11_, inmate_.InmateStatusID as InmateS18_11_ from inmates inmate_ where inmate_.InmateID=?
22:05:36.700 [main] DEBUG o.h.p.entity.AbstractEntityPersister -  Insert 0: insert into inmates (InmateCode, BOPNumber, InmateFirstName, InmateLastName, referralCode, PrePaidAmount, AllowedCallLines, Active, MaxAmtLimit, ChargePerLine, IsCreditAllowed, CreatedBy, CreatedDate, UpdatedBy, UpdatedDate, facilityID, InmateStatusID, InmateID) values (?, ?, ?, ?, ?, ?, ?, ?, ?, ?, ?, ?, ?, ?, ?, ?, ?, ?)
22:05:36.700 [main] DEBUG o.h.p.entity.AbstractEntityPersister -  Update 0: update inmates set InmateCode=?, BOPNumber=?, InmateFirstName=?, InmateLastName=?, referralCode=?, PrePaidAmount=?, AllowedCallLines=?, Active=?, MaxAmtLimit=?, ChargePerLine=?, IsCreditAllowed=?, CreatedBy=?, CreatedDate=?, UpdatedBy=?, UpdatedDate=?, facilityID=?, InmateStatusID=? where InmateID=?
22:05:36.700 [main] DEBUG o.h.p.entity.AbstractEntityPersister -  Delete 0: delete from inmates where InmateID=?
22:05:36.700 [main] DEBUG o.h.p.entity.AbstractEntityPersister -  Identity insert: insert into inmates (InmateCode, BOPNumber, InmateFirstName, InmateLastName, referralCode, PrePaidAmount, AllowedCallLines, Active, MaxAmtLimit, ChargePerLine, IsCreditAllowed, CreatedBy, CreatedDate, UpdatedBy, UpdatedDate, facilityID, InmateStatusID) values (?, ?, ?, ?, ?, ?, ?, ?, ?, ?, ?, ?, ?, ?, ?, ?, ?)
22:05:36.704 [main] DEBUG o.h.p.entity.AbstractEntityPersister - Static SQL for entity: com.ylc.domain.InmateNote
22:05:36.705 [main] DEBUG o.h.p.entity.AbstractEntityPersister -  Version select: select InmateNaotesID from inmate_notes where InmateNaotesID =?
22:05:36.705 [main] DEBUG o.h.p.entity.AbstractEntityPersister -  Snapshot select: select inmatenote_.InmateNaotesID, inmatenote_.InmateNotes as InmateNo2_8_, inmatenote_.CreatedBy as CreatedB3_8_, inmatenote_.CreatedDate as CreatedD4_8_, inmatenote_.InmateID as InmateID5_8_ from inmate_notes inmatenote_ where inmatenote_.InmateNaotesID=?
22:05:36.705 [main] DEBUG o.h.p.entity.AbstractEntityPersister -  Insert 0: insert into inmate_notes (InmateNotes, CreatedBy, CreatedDate, InmateID, InmateNaotesID) values (?, ?, ?, ?, ?)
22:05:36.705 [main] DEBUG o.h.p.entity.AbstractEntityPersister -  Update 0: update inmate_notes set InmateNotes=?, CreatedBy=?, CreatedDate=?, InmateID=? where InmateNaotesID=?
22:05:36.705 [main] DEBUG o.h.p.entity.AbstractEntityPersister -  Delete 0: delete from inmate_notes where InmateNaotesID=?
22:05:36.705 [main] DEBUG o.h.p.entity.AbstractEntityPersister -  Identity insert: insert into inmate_notes (InmateNotes, CreatedBy, CreatedDate, InmateID) values (?, ?, ?, ?)
22:05:36.706 [main] DEBUG o.h.p.entity.AbstractEntityPersister - Static SQL for entity: com.ylc.domain.Country
22:05:36.706 [main] DEBUG o.h.p.entity.AbstractEntityPersister -  Version select: select CountryID from countries where CountryID =?
22:05:36.707 [main] DEBUG o.h.p.entity.AbstractEntityPersister -  Snapshot select: select country_.CountryID, country_.CountryName as CountryN2_2_, country_.CountryAbbr as CountryA3_2_, country_.CountryCode as CountryC4_2_ from countries country_ where country_.CountryID=?
22:05:36.707 [main] DEBUG o.h.p.entity.AbstractEntityPersister -  Insert 0: insert into countries (CountryName, CountryAbbr, CountryCode, CountryID) values (?, ?, ?, ?)
22:05:36.707 [main] DEBUG o.h.p.entity.AbstractEntityPersister -  Update 0: update countries set CountryName=?, CountryAbbr=?, CountryCode=? where CountryID=?
22:05:36.707 [main] DEBUG o.h.p.entity.AbstractEntityPersister -  Delete 0: delete from countries where CountryID=?
22:05:36.707 [main] DEBUG o.h.p.entity.AbstractEntityPersister -  Identity insert: insert into countries (CountryName, CountryAbbr, CountryCode) values (?, ?, ?)
22:05:36.710 [main] DEBUG o.h.p.entity.AbstractEntityPersister - Static SQL for entity: com.ylc.domain.PrepaidPricing
22:05:36.710 [main] DEBUG o.h.p.entity.AbstractEntityPersister -  Version select: select PrepaidPricingID from prepaid_pricing where PrepaidPricingID =?
22:05:36.710 [main] DEBUG o.h.p.entity.AbstractEntityPersister -  Snapshot select: select prepaidpri_.PrepaidPricingID, prepaidpri_.NameOfBlock as NameOfBl2_14_, prepaidpri_.NoOfMinutes as NoOfMinu3_14_, prepaidpri_.Description as Descript4_14_, prepaidpri_.BlockPrice as BlockPri5_14_, prepaidpri_.Active as Active6_14_, prepaidpri_.CreatedBy as CreatedB7_14_, prepaidpri_.CreatedDate as CreatedD8_14_, prepaidpri_.UpdatedBy as UpdatedB9_14_, prepaidpri_.UpdatedDate as Updated10_14_ from prepaid_pricing prepaidpri_ where prepaidpri_.PrepaidPricingID=?
22:05:36.710 [main] DEBUG o.h.p.entity.AbstractEntityPersister -  Insert 0: insert into prepaid_pricing (NameOfBlock, NoOfMinutes, Description, BlockPrice, Active, CreatedBy, CreatedDate, UpdatedBy, UpdatedDate, PrepaidPricingID) values (?, ?, ?, ?, ?, ?, ?, ?, ?, ?)
22:05:36.710 [main] DEBUG o.h.p.entity.AbstractEntityPersister -  Update 0: update prepaid_pricing set NameOfBlock=?, NoOfMinutes=?, Description=?, BlockPrice=?, Active=?, CreatedBy=?, CreatedDate=?, UpdatedBy=?, UpdatedDate=? where PrepaidPricingID=?
22:05:36.710 [main] DEBUG o.h.p.entity.AbstractEntityPersister -  Delete 0: delete from prepaid_pricing where PrepaidPricingID=?
22:05:36.710 [main] DEBUG o.h.p.entity.AbstractEntityPersister -  Identity insert: insert into prepaid_pricing (NameOfBlock, NoOfMinutes, Description, BlockPrice, Active, CreatedBy, CreatedDate, UpdatedBy, UpdatedDate) values (?, ?, ?, ?, ?, ?, ?, ?, ?)
22:05:36.720 [main] DEBUG o.h.p.c.AbstractCollectionPersister - Static SQL for collection: com.ylc.domain.CustomerLine.customerLinePaymentDetails
22:05:36.720 [main] DEBUG o.h.p.c.AbstractCollectionPersister -  Row insert: update customer_line_payment_details set CustomerLineID=? where LinePaymentDetailID=?
22:05:36.720 [main] DEBUG o.h.p.c.AbstractCollectionPersister -  Row update: update customer_line_payment_details set  where LinePaymentDetailID=?
22:05:36.720 [main] DEBUG o.h.p.c.AbstractCollectionPersister -  Row delete: update customer_line_payment_details set CustomerLineID=null where CustomerLineID=? and LinePaymentDetailID=?
22:05:36.720 [main] DEBUG o.h.p.c.AbstractCollectionPersister -  One-shot delete: update customer_line_payment_details set CustomerLineID=null where CustomerLineID=?
22:05:36.720 [main] DEBUG o.h.p.c.AbstractCollectionPersister - Static SQL for collection: com.ylc.domain.User.customerLines
22:05:36.720 [main] DEBUG o.h.p.c.AbstractCollectionPersister -  Row insert: update customer_lines set CustomerID=? where CustomerLineID=?
22:05:36.720 [main] DEBUG o.h.p.c.AbstractCollectionPersister -  Row update: update customer_lines set  where CustomerLineID=?
22:05:36.720 [main] DEBUG o.h.p.c.AbstractCollectionPersister -  Row delete: update customer_lines set CustomerID=null where CustomerID=? and CustomerLineID=?
22:05:36.720 [main] DEBUG o.h.p.c.AbstractCollectionPersister -  One-shot delete: update customer_lines set CustomerID=null where CustomerID=?
22:05:36.734 [main] DEBUG org.hibernate.loader.Loader - Static select for entity com.ylc.domain.BillingAddress [NONE]: select billingadd0_.BillingAddressID as BillingA1_0_0_, billingadd0_.Address1 as Address2_0_0_, billingadd0_.Address2 as Address3_0_0_, billingadd0_.City as City4_0_0_, billingadd0_.ZipCode as ZipCode5_0_0_, billingadd0_.countryID as countryI6_0_0_, billingadd0_.stateID as stateID7_0_0_, billingadd0_.customerID as customer8_0_0_ from billing_address billingadd0_ where billingadd0_.BillingAddressID=?
22:05:36.735 [main] DEBUG org.hibernate.loader.Loader - Static select for entity com.ylc.domain.BillingAddress [READ]: select billingadd0_.BillingAddressID as BillingA1_0_0_, billingadd0_.Address1 as Address2_0_0_, billingadd0_.Address2 as Address3_0_0_, billingadd0_.City as City4_0_0_, billingadd0_.ZipCode as ZipCode5_0_0_, billingadd0_.countryID as countryI6_0_0_, billingadd0_.stateID as stateID7_0_0_, billingadd0_.customerID as customer8_0_0_ from billing_address billingadd0_ where billingadd0_.BillingAddressID=?
22:05:36.735 [main] DEBUG org.hibernate.loader.Loader - Static select for entity com.ylc.domain.BillingAddress [UPGRADE]: select billingadd0_.BillingAddressID as BillingA1_0_0_, billingadd0_.Address1 as Address2_0_0_, billingadd0_.Address2 as Address3_0_0_, billingadd0_.City as City4_0_0_, billingadd0_.ZipCode as ZipCode5_0_0_, billingadd0_.countryID as countryI6_0_0_, billingadd0_.stateID as stateID7_0_0_, billingadd0_.customerID as customer8_0_0_ from billing_address billingadd0_ where billingadd0_.BillingAddressID=? for update
22:05:36.735 [main] DEBUG org.hibernate.loader.Loader - Static select for entity com.ylc.domain.BillingAddress [UPGRADE_NOWAIT]: select billingadd0_.BillingAddressID as BillingA1_0_0_, billingadd0_.Address1 as Address2_0_0_, billingadd0_.Address2 as Address3_0_0_, billingadd0_.City as City4_0_0_, billingadd0_.ZipCode as ZipCode5_0_0_, billingadd0_.countryID as countryI6_0_0_, billingadd0_.stateID as stateID7_0_0_, billingadd0_.customerID as customer8_0_0_ from billing_address billingadd0_ where billingadd0_.BillingAddressID=? for update
22:05:36.735 [main] DEBUG org.hibernate.loader.Loader - Static select for entity com.ylc.domain.BillingAddress [FORCE]: select billingadd0_.BillingAddressID as BillingA1_0_0_, billingadd0_.Address1 as Address2_0_0_, billingadd0_.Address2 as Address3_0_0_, billingadd0_.City as City4_0_0_, billingadd0_.ZipCode as ZipCode5_0_0_, billingadd0_.countryID as countryI6_0_0_, billingadd0_.stateID as stateID7_0_0_, billingadd0_.customerID as customer8_0_0_ from billing_address billingadd0_ where billingadd0_.BillingAddressID=? for update
22:05:36.736 [main] DEBUG org.hibernate.loader.Loader - Static select for entity com.ylc.domain.BillingAddress [PESSIMISTIC_READ]: select billingadd0_.BillingAddressID as BillingA1_0_0_, billingadd0_.Address1 as Address2_0_0_, billingadd0_.Address2 as Address3_0_0_, billingadd0_.City as City4_0_0_, billingadd0_.ZipCode as ZipCode5_0_0_, billingadd0_.countryID as countryI6_0_0_, billingadd0_.stateID as stateID7_0_0_, billingadd0_.customerID as customer8_0_0_ from billing_address billingadd0_ where billingadd0_.BillingAddressID=? lock in share mode
22:05:36.736 [main] DEBUG org.hibernate.loader.Loader - Static select for entity com.ylc.domain.BillingAddress [PESSIMISTIC_WRITE]: select billingadd0_.BillingAddressID as BillingA1_0_0_, billingadd0_.Address1 as Address2_0_0_, billingadd0_.Address2 as Address3_0_0_, billingadd0_.City as City4_0_0_, billingadd0_.ZipCode as ZipCode5_0_0_, billingadd0_.countryID as countryI6_0_0_, billingadd0_.stateID as stateID7_0_0_, billingadd0_.customerID as customer8_0_0_ from billing_address billingadd0_ where billingadd0_.BillingAddressID=? for update
22:05:36.736 [main] DEBUG org.hibernate.loader.Loader - Static select for entity com.ylc.domain.BillingAddress [PESSIMISTIC_FORCE_INCREMENT]: select billingadd0_.BillingAddressID as BillingA1_0_0_, billingadd0_.Address1 as Address2_0_0_, billingadd0_.Address2 as Address3_0_0_, billingadd0_.City as City4_0_0_, billingadd0_.ZipCode as ZipCode5_0_0_, billingadd0_.countryID as countryI6_0_0_, billingadd0_.stateID as stateID7_0_0_, billingadd0_.customerID as customer8_0_0_ from billing_address billingadd0_ where billingadd0_.BillingAddressID=? for update
22:05:36.736 [main] DEBUG org.hibernate.loader.Loader - Static select for entity com.ylc.domain.BillingAddress [OPTIMISTIC]: select billingadd0_.BillingAddressID as BillingA1_0_0_, billingadd0_.Address1 as Address2_0_0_, billingadd0_.Address2 as Address3_0_0_, billingadd0_.City as City4_0_0_, billingadd0_.ZipCode as ZipCode5_0_0_, billingadd0_.countryID as countryI6_0_0_, billingadd0_.stateID as stateID7_0_0_, billingadd0_.customerID as customer8_0_0_ from billing_address billingadd0_ where billingadd0_.BillingAddressID=?
22:05:36.737 [main] DEBUG org.hibernate.loader.Loader - Static select for entity com.ylc.domain.BillingAddress [OPTIMISTIC_FORCE_INCREMENT]: select billingadd0_.BillingAddressID as BillingA1_0_0_, billingadd0_.Address1 as Address2_0_0_, billingadd0_.Address2 as Address3_0_0_, billingadd0_.City as City4_0_0_, billingadd0_.ZipCode as ZipCode5_0_0_, billingadd0_.countryID as countryI6_0_0_, billingadd0_.stateID as stateID7_0_0_, billingadd0_.customerID as customer8_0_0_ from billing_address billingadd0_ where billingadd0_.BillingAddressID=?
22:05:36.741 [main] DEBUG org.hibernate.loader.Loader - Static select for action ACTION_MERGE on entity com.ylc.domain.BillingAddress: select billingadd0_.BillingAddressID as BillingA1_0_0_, billingadd0_.Address1 as Address2_0_0_, billingadd0_.Address2 as Address3_0_0_, billingadd0_.City as City4_0_0_, billingadd0_.ZipCode as ZipCode5_0_0_, billingadd0_.countryID as countryI6_0_0_, billingadd0_.stateID as stateID7_0_0_, billingadd0_.customerID as customer8_0_0_ from billing_address billingadd0_ where billingadd0_.BillingAddressID=?
22:05:36.741 [main] DEBUG org.hibernate.loader.Loader - Static select for action ACTION_REFRESH on entity com.ylc.domain.BillingAddress: select billingadd0_.BillingAddressID as BillingA1_0_0_, billingadd0_.Address1 as Address2_0_0_, billingadd0_.Address2 as Address3_0_0_, billingadd0_.City as City4_0_0_, billingadd0_.ZipCode as ZipCode5_0_0_, billingadd0_.countryID as countryI6_0_0_, billingadd0_.stateID as stateID7_0_0_, billingadd0_.customerID as customer8_0_0_ from billing_address billingadd0_ where billingadd0_.BillingAddressID=?
22:05:36.741 [main] DEBUG org.hibernate.loader.Loader - Static select for entity com.ylc.domain.LineType [NONE]: select linetype0_.LineTypeID as LineType1_12_0_, linetype0_.LineTypeName as LineType2_12_0_ from linetypes linetype0_ where linetype0_.LineTypeID=?
22:05:36.741 [main] DEBUG org.hibernate.loader.Loader - Static select for entity com.ylc.domain.LineType [READ]: select linetype0_.LineTypeID as LineType1_12_0_, linetype0_.LineTypeName as LineType2_12_0_ from linetypes linetype0_ where linetype0_.LineTypeID=?
22:05:36.741 [main] DEBUG org.hibernate.loader.Loader - Static select for entity com.ylc.domain.LineType [UPGRADE]: select linetype0_.LineTypeID as LineType1_12_0_, linetype0_.LineTypeName as LineType2_12_0_ from linetypes linetype0_ where linetype0_.LineTypeID=? for update
22:05:36.741 [main] DEBUG org.hibernate.loader.Loader - Static select for entity com.ylc.domain.LineType [UPGRADE_NOWAIT]: select linetype0_.LineTypeID as LineType1_12_0_, linetype0_.LineTypeName as LineType2_12_0_ from linetypes linetype0_ where linetype0_.LineTypeID=? for update
22:05:36.741 [main] DEBUG org.hibernate.loader.Loader - Static select for entity com.ylc.domain.LineType [FORCE]: select linetype0_.LineTypeID as LineType1_12_0_, linetype0_.LineTypeName as LineType2_12_0_ from linetypes linetype0_ where linetype0_.LineTypeID=? for update
22:05:36.741 [main] DEBUG org.hibernate.loader.Loader - Static select for entity com.ylc.domain.LineType [PESSIMISTIC_READ]: select linetype0_.LineTypeID as LineType1_12_0_, linetype0_.LineTypeName as LineType2_12_0_ from linetypes linetype0_ where linetype0_.LineTypeID=? lock in share mode
22:05:36.742 [main] DEBUG org.hibernate.loader.Loader - Static select for entity com.ylc.domain.LineType [PESSIMISTIC_WRITE]: select linetype0_.LineTypeID as LineType1_12_0_, linetype0_.LineTypeName as LineType2_12_0_ from linetypes linetype0_ where linetype0_.LineTypeID=? for update
22:05:36.742 [main] DEBUG org.hibernate.loader.Loader - Static select for entity com.ylc.domain.LineType [PESSIMISTIC_FORCE_INCREMENT]: select linetype0_.LineTypeID as LineType1_12_0_, linetype0_.LineTypeName as LineType2_12_0_ from linetypes linetype0_ where linetype0_.LineTypeID=? for update
22:05:36.742 [main] DEBUG org.hibernate.loader.Loader - Static select for entity com.ylc.domain.LineType [OPTIMISTIC]: select linetype0_.LineTypeID as LineType1_12_0_, linetype0_.LineTypeName as LineType2_12_0_ from linetypes linetype0_ where linetype0_.LineTypeID=?
22:05:36.742 [main] DEBUG org.hibernate.loader.Loader - Static select for entity com.ylc.domain.LineType [OPTIMISTIC_FORCE_INCREMENT]: select linetype0_.LineTypeID as LineType1_12_0_, linetype0_.LineTypeName as LineType2_12_0_ from linetypes linetype0_ where linetype0_.LineTypeID=?
22:05:36.742 [main] DEBUG org.hibernate.loader.Loader - Static select for action ACTION_MERGE on entity com.ylc.domain.LineType: select linetype0_.LineTypeID as LineType1_12_0_, linetype0_.LineTypeName as LineType2_12_0_ from linetypes linetype0_ where linetype0_.LineTypeID=?
22:05:36.742 [main] DEBUG org.hibernate.loader.Loader - Static select for action ACTION_REFRESH on entity com.ylc.domain.LineType: select linetype0_.LineTypeID as LineType1_12_0_, linetype0_.LineTypeName as LineType2_12_0_ from linetypes linetype0_ where linetype0_.LineTypeID=?
22:05:36.743 [main] DEBUG org.hibernate.loader.Loader - Static select for entity com.ylc.domain.CustomerLine [NONE]: select customerli0_.CustomerLineID as Customer1_4_0_, customerli0_.InmateLocationID as InmateLo2_4_0_, customerli0_.LocalLineNumber as LocalLin3_4_0_, customerli0_.DestinationLineNumber as Destinat4_4_0_, customerli0_.PrepaidMinutes as PrepaidM5_4_0_, customerli0_.IsInitiatedByInmate as IsInitia6_4_0_, customerli0_.IsPaidByQuickPay as IsPaidBy7_4_0_, customerli0_.StartDate as StartDat8_4_0_, customerli0_.EndDate as EndDate9_4_0_, customerli0_.Active as Active10_4_0_, customerli0_.CreatedBy as Created11_4_0_, customerli0_.CreatedDate as Created12_4_0_, customerli0_.UpdatedBy as Updated13_4_0_, customerli0_.UpdatedDate as Updated14_4_0_, customerli0_.InmateID as InmateI15_4_0_, customerli0_.LineTypeID as LineTyp16_4_0_, customerli0_.customerID as custome17_4_0_ from customer_lines customerli0_ where customerli0_.CustomerLineID=?
22:05:36.743 [main] DEBUG org.hibernate.loader.Loader - Static select for entity com.ylc.domain.CustomerLine [READ]: select customerli0_.CustomerLineID as Customer1_4_0_, customerli0_.InmateLocationID as InmateLo2_4_0_, customerli0_.LocalLineNumber as LocalLin3_4_0_, customerli0_.DestinationLineNumber as Destinat4_4_0_, customerli0_.PrepaidMinutes as PrepaidM5_4_0_, customerli0_.IsInitiatedByInmate as IsInitia6_4_0_, customerli0_.IsPaidByQuickPay as IsPaidBy7_4_0_, customerli0_.StartDate as StartDat8_4_0_, customerli0_.EndDate as EndDate9_4_0_, customerli0_.Active as Active10_4_0_, customerli0_.CreatedBy as Created11_4_0_, customerli0_.CreatedDate as Created12_4_0_, customerli0_.UpdatedBy as Updated13_4_0_, customerli0_.UpdatedDate as Updated14_4_0_, customerli0_.InmateID as InmateI15_4_0_, customerli0_.LineTypeID as LineTyp16_4_0_, customerli0_.customerID as custome17_4_0_ from customer_lines customerli0_ where customerli0_.CustomerLineID=?
22:05:36.744 [main] DEBUG org.hibernate.loader.Loader - Static select for entity com.ylc.domain.CustomerLine [UPGRADE]: select customerli0_.CustomerLineID as Customer1_4_0_, customerli0_.InmateLocationID as InmateLo2_4_0_, customerli0_.LocalLineNumber as LocalLin3_4_0_, customerli0_.DestinationLineNumber as Destinat4_4_0_, customerli0_.PrepaidMinutes as PrepaidM5_4_0_, customerli0_.IsInitiatedByInmate as IsInitia6_4_0_, customerli0_.IsPaidByQuickPay as IsPaidBy7_4_0_, customerli0_.StartDate as StartDat8_4_0_, customerli0_.EndDate as EndDate9_4_0_, customerli0_.Active as Active10_4_0_, customerli0_.CreatedBy as Created11_4_0_, customerli0_.CreatedDate as Created12_4_0_, customerli0_.UpdatedBy as Updated13_4_0_, customerli0_.UpdatedDate as Updated14_4_0_, customerli0_.InmateID as InmateI15_4_0_, customerli0_.LineTypeID as LineTyp16_4_0_, customerli0_.customerID as custome17_4_0_ from customer_lines customerli0_ where customerli0_.CustomerLineID=? for update
22:05:36.744 [main] DEBUG org.hibernate.loader.Loader - Static select for entity com.ylc.domain.CustomerLine [UPGRADE_NOWAIT]: select customerli0_.CustomerLineID as Customer1_4_0_, customerli0_.InmateLocationID as InmateLo2_4_0_, customerli0_.LocalLineNumber as LocalLin3_4_0_, customerli0_.DestinationLineNumber as Destinat4_4_0_, customerli0_.PrepaidMinutes as PrepaidM5_4_0_, customerli0_.IsInitiatedByInmate as IsInitia6_4_0_, customerli0_.IsPaidByQuickPay as IsPaidBy7_4_0_, customerli0_.StartDate as StartDat8_4_0_, customerli0_.EndDate as EndDate9_4_0_, customerli0_.Active as Active10_4_0_, customerli0_.CreatedBy as Created11_4_0_, customerli0_.CreatedDate as Created12_4_0_, customerli0_.UpdatedBy as Updated13_4_0_, customerli0_.UpdatedDate as Updated14_4_0_, customerli0_.InmateID as InmateI15_4_0_, customerli0_.LineTypeID as LineTyp16_4_0_, customerli0_.customerID as custome17_4_0_ from customer_lines customerli0_ where customerli0_.CustomerLineID=? for update
22:05:36.744 [main] DEBUG org.hibernate.loader.Loader - Static select for entity com.ylc.domain.CustomerLine [FORCE]: select customerli0_.CustomerLineID as Customer1_4_0_, customerli0_.InmateLocationID as InmateLo2_4_0_, customerli0_.LocalLineNumber as LocalLin3_4_0_, customerli0_.DestinationLineNumber as Destinat4_4_0_, customerli0_.PrepaidMinutes as PrepaidM5_4_0_, customerli0_.IsInitiatedByInmate as IsInitia6_4_0_, customerli0_.IsPaidByQuickPay as IsPaidBy7_4_0_, customerli0_.StartDate as StartDat8_4_0_, customerli0_.EndDate as EndDate9_4_0_, customerli0_.Active as Active10_4_0_, customerli0_.CreatedBy as Created11_4_0_, customerli0_.CreatedDate as Created12_4_0_, customerli0_.UpdatedBy as Updated13_4_0_, customerli0_.UpdatedDate as Updated14_4_0_, customerli0_.InmateID as InmateI15_4_0_, customerli0_.LineTypeID as LineTyp16_4_0_, customerli0_.customerID as custome17_4_0_ from customer_lines customerli0_ where customerli0_.CustomerLineID=? for update
22:05:36.744 [main] DEBUG org.hibernate.loader.Loader - Static select for entity com.ylc.domain.CustomerLine [PESSIMISTIC_READ]: select customerli0_.CustomerLineID as Customer1_4_0_, customerli0_.InmateLocationID as InmateLo2_4_0_, customerli0_.LocalLineNumber as LocalLin3_4_0_, customerli0_.DestinationLineNumber as Destinat4_4_0_, customerli0_.PrepaidMinutes as PrepaidM5_4_0_, customerli0_.IsInitiatedByInmate as IsInitia6_4_0_, customerli0_.IsPaidByQuickPay as IsPaidBy7_4_0_, customerli0_.StartDate as StartDat8_4_0_, customerli0_.EndDate as EndDate9_4_0_, customerli0_.Active as Active10_4_0_, customerli0_.CreatedBy as Created11_4_0_, customerli0_.CreatedDate as Created12_4_0_, customerli0_.UpdatedBy as Updated13_4_0_, customerli0_.UpdatedDate as Updated14_4_0_, customerli0_.InmateID as InmateI15_4_0_, customerli0_.LineTypeID as LineTyp16_4_0_, customerli0_.customerID as custome17_4_0_ from customer_lines customerli0_ where customerli0_.CustomerLineID=? lock in share mode
22:05:36.745 [main] DEBUG org.hibernate.loader.Loader - Static select for entity com.ylc.domain.CustomerLine [PESSIMISTIC_WRITE]: select customerli0_.CustomerLineID as Customer1_4_0_, customerli0_.InmateLocationID as InmateLo2_4_0_, customerli0_.LocalLineNumber as LocalLin3_4_0_, customerli0_.DestinationLineNumber as Destinat4_4_0_, customerli0_.PrepaidMinutes as PrepaidM5_4_0_, customerli0_.IsInitiatedByInmate as IsInitia6_4_0_, customerli0_.IsPaidByQuickPay as IsPaidBy7_4_0_, customerli0_.StartDate as StartDat8_4_0_, customerli0_.EndDate as EndDate9_4_0_, customerli0_.Active as Active10_4_0_, customerli0_.CreatedBy as Created11_4_0_, customerli0_.CreatedDate as Created12_4_0_, customerli0_.UpdatedBy as Updated13_4_0_, customerli0_.UpdatedDate as Updated14_4_0_, customerli0_.InmateID as InmateI15_4_0_, customerli0_.LineTypeID as LineTyp16_4_0_, customerli0_.customerID as custome17_4_0_ from customer_lines customerli0_ where customerli0_.CustomerLineID=? for update
22:05:36.745 [main] DEBUG org.hibernate.loader.Loader - Static select for entity com.ylc.domain.CustomerLine [PESSIMISTIC_FORCE_INCREMENT]: select customerli0_.CustomerLineID as Customer1_4_0_, customerli0_.InmateLocationID as InmateLo2_4_0_, customerli0_.LocalLineNumber as LocalLin3_4_0_, customerli0_.DestinationLineNumber as Destinat4_4_0_, customerli0_.PrepaidMinutes as PrepaidM5_4_0_, customerli0_.IsInitiatedByInmate as IsInitia6_4_0_, customerli0_.IsPaidByQuickPay as IsPaidBy7_4_0_, customerli0_.StartDate as StartDat8_4_0_, customerli0_.EndDate as EndDate9_4_0_, customerli0_.Active as Active10_4_0_, customerli0_.CreatedBy as Created11_4_0_, customerli0_.CreatedDate as Created12_4_0_, customerli0_.UpdatedBy as Updated13_4_0_, customerli0_.UpdatedDate as Updated14_4_0_, customerli0_.InmateID as InmateI15_4_0_, customerli0_.LineTypeID as LineTyp16_4_0_, customerli0_.customerID as custome17_4_0_ from customer_lines customerli0_ where customerli0_.CustomerLineID=? for update
22:05:36.745 [main] DEBUG org.hibernate.loader.Loader - Static select for entity com.ylc.domain.CustomerLine [OPTIMISTIC]: select customerli0_.CustomerLineID as Customer1_4_0_, customerli0_.InmateLocationID as InmateLo2_4_0_, customerli0_.LocalLineNumber as LocalLin3_4_0_, customerli0_.DestinationLineNumber as Destinat4_4_0_, customerli0_.PrepaidMinutes as PrepaidM5_4_0_, customerli0_.IsInitiatedByInmate as IsInitia6_4_0_, customerli0_.IsPaidByQuickPay as IsPaidBy7_4_0_, customerli0_.StartDate as StartDat8_4_0_, customerli0_.EndDate as EndDate9_4_0_, customerli0_.Active as Active10_4_0_, customerli0_.CreatedBy as Created11_4_0_, customerli0_.CreatedDate as Created12_4_0_, customerli0_.UpdatedBy as Updated13_4_0_, customerli0_.UpdatedDate as Updated14_4_0_, customerli0_.InmateID as InmateI15_4_0_, customerli0_.LineTypeID as LineTyp16_4_0_, customerli0_.customerID as custome17_4_0_ from customer_lines customerli0_ where customerli0_.CustomerLineID=?
22:05:36.745 [main] DEBUG org.hibernate.loader.Loader - Static select for entity com.ylc.domain.CustomerLine [OPTIMISTIC_FORCE_INCREMENT]: select customerli0_.CustomerLineID as Customer1_4_0_, customerli0_.InmateLocationID as InmateLo2_4_0_, customerli0_.LocalLineNumber as LocalLin3_4_0_, customerli0_.DestinationLineNumber as Destinat4_4_0_, customerli0_.PrepaidMinutes as PrepaidM5_4_0_, customerli0_.IsInitiatedByInmate as IsInitia6_4_0_, customerli0_.IsPaidByQuickPay as IsPaidBy7_4_0_, customerli0_.StartDate as StartDat8_4_0_, customerli0_.EndDate as EndDate9_4_0_, customerli0_.Active as Active10_4_0_, customerli0_.CreatedBy as Created11_4_0_, customerli0_.CreatedDate as Created12_4_0_, customerli0_.UpdatedBy as Updated13_4_0_, customerli0_.UpdatedDate as Updated14_4_0_, customerli0_.InmateID as InmateI15_4_0_, customerli0_.LineTypeID as LineTyp16_4_0_, customerli0_.customerID as custome17_4_0_ from customer_lines customerli0_ where customerli0_.CustomerLineID=?
22:05:36.746 [main] DEBUG org.hibernate.loader.Loader - Static select for action ACTION_MERGE on entity com.ylc.domain.CustomerLine: select customerli0_.CustomerLineID as Customer1_4_0_, customerli0_.InmateLocationID as InmateLo2_4_0_, customerli0_.LocalLineNumber as LocalLin3_4_0_, customerli0_.DestinationLineNumber as Destinat4_4_0_, customerli0_.PrepaidMinutes as PrepaidM5_4_0_, customerli0_.IsInitiatedByInmate as IsInitia6_4_0_, customerli0_.IsPaidByQuickPay as IsPaidBy7_4_0_, customerli0_.StartDate as StartDat8_4_0_, customerli0_.EndDate as EndDate9_4_0_, customerli0_.Active as Active10_4_0_, customerli0_.CreatedBy as Created11_4_0_, customerli0_.CreatedDate as Created12_4_0_, customerli0_.UpdatedBy as Updated13_4_0_, customerli0_.UpdatedDate as Updated14_4_0_, customerli0_.InmateID as InmateI15_4_0_, customerli0_.LineTypeID as LineTyp16_4_0_, customerli0_.customerID as custome17_4_0_ from customer_lines customerli0_ where customerli0_.CustomerLineID=?
22:05:36.746 [main] DEBUG org.hibernate.loader.Loader - Static select for action ACTION_REFRESH on entity com.ylc.domain.CustomerLine: select customerli0_.CustomerLineID as Customer1_4_0_, customerli0_.InmateLocationID as InmateLo2_4_0_, customerli0_.LocalLineNumber as LocalLin3_4_0_, customerli0_.DestinationLineNumber as Destinat4_4_0_, customerli0_.PrepaidMinutes as PrepaidM5_4_0_, customerli0_.IsInitiatedByInmate as IsInitia6_4_0_, customerli0_.IsPaidByQuickPay as IsPaidBy7_4_0_, customerli0_.StartDate as StartDat8_4_0_, customerli0_.EndDate as EndDate9_4_0_, customerli0_.Active as Active10_4_0_, customerli0_.CreatedBy as Created11_4_0_, customerli0_.CreatedDate as Created12_4_0_, customerli0_.UpdatedBy as Updated13_4_0_, customerli0_.UpdatedDate as Updated14_4_0_, customerli0_.InmateID as InmateI15_4_0_, customerli0_.LineTypeID as LineTyp16_4_0_, customerli0_.customerID as custome17_4_0_ from customer_lines customerli0_ where customerli0_.CustomerLineID=?
22:05:36.746 [main] DEBUG org.hibernate.loader.Loader - Static select for entity com.ylc.domain.RateCenter [NONE]: select ratecenter0_.RateCenterID as RateCent1_15_0_, ratecenter0_.RateCenterName as RateCent2_15_0_, ratecenter0_.Npanxx as Npanxx3_15_0_, ratecenter0_.Effective as Effectiv4_15_0_, ratecenter0_.Lata as Lata5_15_0_, ratecenter0_.Ocn as Ocn6_15_0_, ratecenter0_.CreatedBy as CreatedB7_15_0_, ratecenter0_.CreatedDate as CreatedD8_15_0_, ratecenter0_.UpdatedBy as UpdatedB9_15_0_, ratecenter0_.UpdatedDate as Updated10_15_0_, ratecenter0_.localexchanges as localex11_15_0_ from rate_centers ratecenter0_ where ratecenter0_.RateCenterID=?
22:05:36.746 [main] DEBUG org.hibernate.loader.Loader - Static select for entity com.ylc.domain.RateCenter [READ]: select ratecenter0_.RateCenterID as RateCent1_15_0_, ratecenter0_.RateCenterName as RateCent2_15_0_, ratecenter0_.Npanxx as Npanxx3_15_0_, ratecenter0_.Effective as Effectiv4_15_0_, ratecenter0_.Lata as Lata5_15_0_, ratecenter0_.Ocn as Ocn6_15_0_, ratecenter0_.CreatedBy as CreatedB7_15_0_, ratecenter0_.CreatedDate as CreatedD8_15_0_, ratecenter0_.UpdatedBy as UpdatedB9_15_0_, ratecenter0_.UpdatedDate as Updated10_15_0_, ratecenter0_.localexchanges as localex11_15_0_ from rate_centers ratecenter0_ where ratecenter0_.RateCenterID=?
22:05:36.746 [main] DEBUG org.hibernate.loader.Loader - Static select for entity com.ylc.domain.RateCenter [UPGRADE]: select ratecenter0_.RateCenterID as RateCent1_15_0_, ratecenter0_.RateCenterName as RateCent2_15_0_, ratecenter0_.Npanxx as Npanxx3_15_0_, ratecenter0_.Effective as Effectiv4_15_0_, ratecenter0_.Lata as Lata5_15_0_, ratecenter0_.Ocn as Ocn6_15_0_, ratecenter0_.CreatedBy as CreatedB7_15_0_, ratecenter0_.CreatedDate as CreatedD8_15_0_, ratecenter0_.UpdatedBy as UpdatedB9_15_0_, ratecenter0_.UpdatedDate as Updated10_15_0_, ratecenter0_.localexchanges as localex11_15_0_ from rate_centers ratecenter0_ where ratecenter0_.RateCenterID=? for update
22:05:36.747 [main] DEBUG org.hibernate.loader.Loader - Static select for entity com.ylc.domain.RateCenter [UPGRADE_NOWAIT]: select ratecenter0_.RateCenterID as RateCent1_15_0_, ratecenter0_.RateCenterName as RateCent2_15_0_, ratecenter0_.Npanxx as Npanxx3_15_0_, ratecenter0_.Effective as Effectiv4_15_0_, ratecenter0_.Lata as Lata5_15_0_, ratecenter0_.Ocn as Ocn6_15_0_, ratecenter0_.CreatedBy as CreatedB7_15_0_, ratecenter0_.CreatedDate as CreatedD8_15_0_, ratecenter0_.UpdatedBy as UpdatedB9_15_0_, ratecenter0_.UpdatedDate as Updated10_15_0_, ratecenter0_.localexchanges as localex11_15_0_ from rate_centers ratecenter0_ where ratecenter0_.RateCenterID=? for update
22:05:36.747 [main] DEBUG org.hibernate.loader.Loader - Static select for entity com.ylc.domain.RateCenter [FORCE]: select ratecenter0_.RateCenterID as RateCent1_15_0_, ratecenter0_.RateCenterName as RateCent2_15_0_, ratecenter0_.Npanxx as Npanxx3_15_0_, ratecenter0_.Effective as Effectiv4_15_0_, ratecenter0_.Lata as Lata5_15_0_, ratecenter0_.Ocn as Ocn6_15_0_, ratecenter0_.CreatedBy as CreatedB7_15_0_, ratecenter0_.CreatedDate as CreatedD8_15_0_, ratecenter0_.UpdatedBy as UpdatedB9_15_0_, ratecenter0_.UpdatedDate as Updated10_15_0_, ratecenter0_.localexchanges as localex11_15_0_ from rate_centers ratecenter0_ where ratecenter0_.RateCenterID=? for update
22:05:36.747 [main] DEBUG org.hibernate.loader.Loader - Static select for entity com.ylc.domain.RateCenter [PESSIMISTIC_READ]: select ratecenter0_.RateCenterID as RateCent1_15_0_, ratecenter0_.RateCenterName as RateCent2_15_0_, ratecenter0_.Npanxx as Npanxx3_15_0_, ratecenter0_.Effective as Effectiv4_15_0_, ratecenter0_.Lata as Lata5_15_0_, ratecenter0_.Ocn as Ocn6_15_0_, ratecenter0_.CreatedBy as CreatedB7_15_0_, ratecenter0_.CreatedDate as CreatedD8_15_0_, ratecenter0_.UpdatedBy as UpdatedB9_15_0_, ratecenter0_.UpdatedDate as Updated10_15_0_, ratecenter0_.localexchanges as localex11_15_0_ from rate_centers ratecenter0_ where ratecenter0_.RateCenterID=? lock in share mode
22:05:36.747 [main] DEBUG org.hibernate.loader.Loader - Static select for entity com.ylc.domain.RateCenter [PESSIMISTIC_WRITE]: select ratecenter0_.RateCenterID as RateCent1_15_0_, ratecenter0_.RateCenterName as RateCent2_15_0_, ratecenter0_.Npanxx as Npanxx3_15_0_, ratecenter0_.Effective as Effectiv4_15_0_, ratecenter0_.Lata as Lata5_15_0_, ratecenter0_.Ocn as Ocn6_15_0_, ratecenter0_.CreatedBy as CreatedB7_15_0_, ratecenter0_.CreatedDate as CreatedD8_15_0_, ratecenter0_.UpdatedBy as UpdatedB9_15_0_, ratecenter0_.UpdatedDate as Updated10_15_0_, ratecenter0_.localexchanges as localex11_15_0_ from rate_centers ratecenter0_ where ratecenter0_.RateCenterID=? for update
22:05:36.747 [main] DEBUG org.hibernate.loader.Loader - Static select for entity com.ylc.domain.RateCenter [PESSIMISTIC_FORCE_INCREMENT]: select ratecenter0_.RateCenterID as RateCent1_15_0_, ratecenter0_.RateCenterName as RateCent2_15_0_, ratecenter0_.Npanxx as Npanxx3_15_0_, ratecenter0_.Effective as Effectiv4_15_0_, ratecenter0_.Lata as Lata5_15_0_, ratecenter0_.Ocn as Ocn6_15_0_, ratecenter0_.CreatedBy as CreatedB7_15_0_, ratecenter0_.CreatedDate as CreatedD8_15_0_, ratecenter0_.UpdatedBy as UpdatedB9_15_0_, ratecenter0_.UpdatedDate as Updated10_15_0_, ratecenter0_.localexchanges as localex11_15_0_ from rate_centers ratecenter0_ where ratecenter0_.RateCenterID=? for update
22:05:36.748 [main] DEBUG org.hibernate.loader.Loader - Static select for entity com.ylc.domain.RateCenter [OPTIMISTIC]: select ratecenter0_.RateCenterID as RateCent1_15_0_, ratecenter0_.RateCenterName as RateCent2_15_0_, ratecenter0_.Npanxx as Npanxx3_15_0_, ratecenter0_.Effective as Effectiv4_15_0_, ratecenter0_.Lata as Lata5_15_0_, ratecenter0_.Ocn as Ocn6_15_0_, ratecenter0_.CreatedBy as CreatedB7_15_0_, ratecenter0_.CreatedDate as CreatedD8_15_0_, ratecenter0_.UpdatedBy as UpdatedB9_15_0_, ratecenter0_.UpdatedDate as Updated10_15_0_, ratecenter0_.localexchanges as localex11_15_0_ from rate_centers ratecenter0_ where ratecenter0_.RateCenterID=?
22:05:36.748 [main] DEBUG org.hibernate.loader.Loader - Static select for entity com.ylc.domain.RateCenter [OPTIMISTIC_FORCE_INCREMENT]: select ratecenter0_.RateCenterID as RateCent1_15_0_, ratecenter0_.RateCenterName as RateCent2_15_0_, ratecenter0_.Npanxx as Npanxx3_15_0_, ratecenter0_.Effective as Effectiv4_15_0_, ratecenter0_.Lata as Lata5_15_0_, ratecenter0_.Ocn as Ocn6_15_0_, ratecenter0_.CreatedBy as CreatedB7_15_0_, ratecenter0_.CreatedDate as CreatedD8_15_0_, ratecenter0_.UpdatedBy as UpdatedB9_15_0_, ratecenter0_.UpdatedDate as Updated10_15_0_, ratecenter0_.localexchanges as localex11_15_0_ from rate_centers ratecenter0_ where ratecenter0_.RateCenterID=?
22:05:36.748 [main] DEBUG org.hibernate.loader.Loader - Static select for action ACTION_MERGE on entity com.ylc.domain.RateCenter: select ratecenter0_.RateCenterID as RateCent1_15_0_, ratecenter0_.RateCenterName as RateCent2_15_0_, ratecenter0_.Npanxx as Npanxx3_15_0_, ratecenter0_.Effective as Effectiv4_15_0_, ratecenter0_.Lata as Lata5_15_0_, ratecenter0_.Ocn as Ocn6_15_0_, ratecenter0_.CreatedBy as CreatedB7_15_0_, ratecenter0_.CreatedDate as CreatedD8_15_0_, ratecenter0_.UpdatedBy as UpdatedB9_15_0_, ratecenter0_.UpdatedDate as Updated10_15_0_, ratecenter0_.localexchanges as localex11_15_0_ from rate_centers ratecenter0_ where ratecenter0_.RateCenterID=?
22:05:36.748 [main] DEBUG org.hibernate.loader.Loader - Static select for action ACTION_REFRESH on entity com.ylc.domain.RateCenter: select ratecenter0_.RateCenterID as RateCent1_15_0_, ratecenter0_.RateCenterName as RateCent2_15_0_, ratecenter0_.Npanxx as Npanxx3_15_0_, ratecenter0_.Effective as Effectiv4_15_0_, ratecenter0_.Lata as Lata5_15_0_, ratecenter0_.Ocn as Ocn6_15_0_, ratecenter0_.CreatedBy as CreatedB7_15_0_, ratecenter0_.CreatedDate as CreatedD8_15_0_, ratecenter0_.UpdatedBy as UpdatedB9_15_0_, ratecenter0_.UpdatedDate as Updated10_15_0_, ratecenter0_.localexchanges as localex11_15_0_ from rate_centers ratecenter0_ where ratecenter0_.RateCenterID=?
22:05:36.750 [main] DEBUG org.hibernate.loader.Loader - Static select for entity com.ylc.domain.User [NONE]: select user0_.CustomerID as Customer1_18_1_, user0_.password as password2_18_1_, user0_.Type as Type3_18_1_, user0_.SecurityQuestion as Security4_18_1_, user0_.Answer as Answer5_18_1_, user0_.EmailID as EmailID6_18_1_, user0_.Active as Active7_18_1_, user0_.CreatedBy as CreatedB8_18_1_, user0_.CreatedDate as CreatedD9_18_1_, user0_.UpdatedBy as Updated10_18_1_, user0_.UpdatedDate as Updated11_18_1_, user0_.RoleID as RoleID12_18_1_, customer1_.CustomerID as Customer1_5_0_, customer1_.FirstName as FirstNam2_5_0_, customer1_.MiddleName as MiddleNa3_5_0_, customer1_.LastName as LastName4_5_0_, customer1_.MobileNumber as MobileNu5_5_0_, customer1_.Address1 as Address6_5_0_, customer1_.Address2 as Address7_5_0_, customer1_.City as City8_5_0_, customer1_.ZipCode as ZipCode9_5_0_, customer1_.Active as Active10_5_0_, customer1_.PaymentGatewayId as Payment11_5_0_, customer1_.CreatedBy as Created12_5_0_, customer1_.CreatedDate as Created13_5_0_, customer1_.UpdatedBy as Updated14_5_0_, customer1_.UpdatedDate as Updated15_5_0_, customer1_.RecurringPayment as Recurri16_5_0_, customer1_.PrePaidAmount as PrePaid17_5_0_, customer1_.RecurringPaymentDate as Recurri18_5_0_, customer1_.RecurringPaymentAmount as Recurri19_5_0_, customer1_.countryID as country20_5_0_, customer1_.stateID as stateID21_5_0_ from users user0_ left outer join customers customer1_ on user0_.CustomerID=customer1_.CustomerID where user0_.CustomerID=?
22:05:36.750 [main] DEBUG org.hibernate.loader.Loader - Static select for entity com.ylc.domain.User [READ]: select user0_.CustomerID as Customer1_18_1_, user0_.password as password2_18_1_, user0_.Type as Type3_18_1_, user0_.SecurityQuestion as Security4_18_1_, user0_.Answer as Answer5_18_1_, user0_.EmailID as EmailID6_18_1_, user0_.Active as Active7_18_1_, user0_.CreatedBy as CreatedB8_18_1_, user0_.CreatedDate as CreatedD9_18_1_, user0_.UpdatedBy as Updated10_18_1_, user0_.UpdatedDate as Updated11_18_1_, user0_.RoleID as RoleID12_18_1_, customer1_.CustomerID as Customer1_5_0_, customer1_.FirstName as FirstNam2_5_0_, customer1_.MiddleName as MiddleNa3_5_0_, customer1_.LastName as LastName4_5_0_, customer1_.MobileNumber as MobileNu5_5_0_, customer1_.Address1 as Address6_5_0_, customer1_.Address2 as Address7_5_0_, customer1_.City as City8_5_0_, customer1_.ZipCode as ZipCode9_5_0_, customer1_.Active as Active10_5_0_, customer1_.PaymentGatewayId as Payment11_5_0_, customer1_.CreatedBy as Created12_5_0_, customer1_.CreatedDate as Created13_5_0_, customer1_.UpdatedBy as Updated14_5_0_, customer1_.UpdatedDate as Updated15_5_0_, customer1_.RecurringPayment as Recurri16_5_0_, customer1_.PrePaidAmount as PrePaid17_5_0_, customer1_.RecurringPaymentDate as Recurri18_5_0_, customer1_.RecurringPaymentAmount as Recurri19_5_0_, customer1_.countryID as country20_5_0_, customer1_.stateID as stateID21_5_0_ from users user0_ left outer join customers customer1_ on user0_.CustomerID=customer1_.CustomerID where user0_.CustomerID=?
22:05:36.751 [main] DEBUG org.hibernate.loader.Loader - Static select for entity com.ylc.domain.User [UPGRADE]: select user0_.CustomerID as Customer1_18_0_, user0_.password as password2_18_0_, user0_.Type as Type3_18_0_, user0_.SecurityQuestion as Security4_18_0_, user0_.Answer as Answer5_18_0_, user0_.EmailID as EmailID6_18_0_, user0_.Active as Active7_18_0_, user0_.CreatedBy as CreatedB8_18_0_, user0_.CreatedDate as CreatedD9_18_0_, user0_.UpdatedBy as Updated10_18_0_, user0_.UpdatedDate as Updated11_18_0_, user0_.RoleID as RoleID12_18_0_ from users user0_ where user0_.CustomerID=? for update
22:05:36.751 [main] DEBUG org.hibernate.loader.Loader - Static select for entity com.ylc.domain.User [UPGRADE_NOWAIT]: select user0_.CustomerID as Customer1_18_0_, user0_.password as password2_18_0_, user0_.Type as Type3_18_0_, user0_.SecurityQuestion as Security4_18_0_, user0_.Answer as Answer5_18_0_, user0_.EmailID as EmailID6_18_0_, user0_.Active as Active7_18_0_, user0_.CreatedBy as CreatedB8_18_0_, user0_.CreatedDate as CreatedD9_18_0_, user0_.UpdatedBy as Updated10_18_0_, user0_.UpdatedDate as Updated11_18_0_, user0_.RoleID as RoleID12_18_0_ from users user0_ where user0_.CustomerID=? for update
22:05:36.751 [main] DEBUG org.hibernate.loader.Loader - Static select for entity com.ylc.domain.User [FORCE]: select user0_.CustomerID as Customer1_18_0_, user0_.password as password2_18_0_, user0_.Type as Type3_18_0_, user0_.SecurityQuestion as Security4_18_0_, user0_.Answer as Answer5_18_0_, user0_.EmailID as EmailID6_18_0_, user0_.Active as Active7_18_0_, user0_.CreatedBy as CreatedB8_18_0_, user0_.CreatedDate as CreatedD9_18_0_, user0_.UpdatedBy as Updated10_18_0_, user0_.UpdatedDate as Updated11_18_0_, user0_.RoleID as RoleID12_18_0_ from users user0_ where user0_.CustomerID=? for update
22:05:36.752 [main] DEBUG org.hibernate.loader.Loader - Static select for entity com.ylc.domain.User [PESSIMISTIC_READ]: select user0_.CustomerID as Customer1_18_0_, user0_.password as password2_18_0_, user0_.Type as Type3_18_0_, user0_.SecurityQuestion as Security4_18_0_, user0_.Answer as Answer5_18_0_, user0_.EmailID as EmailID6_18_0_, user0_.Active as Active7_18_0_, user0_.CreatedBy as CreatedB8_18_0_, user0_.CreatedDate as CreatedD9_18_0_, user0_.UpdatedBy as Updated10_18_0_, user0_.UpdatedDate as Updated11_18_0_, user0_.RoleID as RoleID12_18_0_ from users user0_ where user0_.CustomerID=? lock in share mode
22:05:36.752 [main] DEBUG org.hibernate.loader.Loader - Static select for entity com.ylc.domain.User [PESSIMISTIC_WRITE]: select user0_.CustomerID as Customer1_18_0_, user0_.password as password2_18_0_, user0_.Type as Type3_18_0_, user0_.SecurityQuestion as Security4_18_0_, user0_.Answer as Answer5_18_0_, user0_.EmailID as EmailID6_18_0_, user0_.Active as Active7_18_0_, user0_.CreatedBy as CreatedB8_18_0_, user0_.CreatedDate as CreatedD9_18_0_, user0_.UpdatedBy as Updated10_18_0_, user0_.UpdatedDate as Updated11_18_0_, user0_.RoleID as RoleID12_18_0_ from users user0_ where user0_.CustomerID=? for update
22:05:36.752 [main] DEBUG org.hibernate.loader.Loader - Static select for entity com.ylc.domain.User [PESSIMISTIC_FORCE_INCREMENT]: select user0_.CustomerID as Customer1_18_0_, user0_.password as password2_18_0_, user0_.Type as Type3_18_0_, user0_.SecurityQuestion as Security4_18_0_, user0_.Answer as Answer5_18_0_, user0_.EmailID as EmailID6_18_0_, user0_.Active as Active7_18_0_, user0_.CreatedBy as CreatedB8_18_0_, user0_.CreatedDate as CreatedD9_18_0_, user0_.UpdatedBy as Updated10_18_0_, user0_.UpdatedDate as Updated11_18_0_, user0_.RoleID as RoleID12_18_0_ from users user0_ where user0_.CustomerID=? for update
22:05:36.753 [main] DEBUG org.hibernate.loader.Loader - Static select for entity com.ylc.domain.User [OPTIMISTIC]: select user0_.CustomerID as Customer1_18_0_, user0_.password as password2_18_0_, user0_.Type as Type3_18_0_, user0_.SecurityQuestion as Security4_18_0_, user0_.Answer as Answer5_18_0_, user0_.EmailID as EmailID6_18_0_, user0_.Active as Active7_18_0_, user0_.CreatedBy as CreatedB8_18_0_, user0_.CreatedDate as CreatedD9_18_0_, user0_.UpdatedBy as Updated10_18_0_, user0_.UpdatedDate as Updated11_18_0_, user0_.RoleID as RoleID12_18_0_ from users user0_ where user0_.CustomerID=?
22:05:36.753 [main] DEBUG org.hibernate.loader.Loader - Static select for entity com.ylc.domain.User [OPTIMISTIC_FORCE_INCREMENT]: select user0_.CustomerID as Customer1_18_0_, user0_.password as password2_18_0_, user0_.Type as Type3_18_0_, user0_.SecurityQuestion as Security4_18_0_, user0_.Answer as Answer5_18_0_, user0_.EmailID as EmailID6_18_0_, user0_.Active as Active7_18_0_, user0_.CreatedBy as CreatedB8_18_0_, user0_.CreatedDate as CreatedD9_18_0_, user0_.UpdatedBy as Updated10_18_0_, user0_.UpdatedDate as Updated11_18_0_, user0_.RoleID as RoleID12_18_0_ from users user0_ where user0_.CustomerID=?
22:05:36.753 [main] DEBUG org.hibernate.loader.Loader - Static select for action ACTION_MERGE on entity com.ylc.domain.User: select user0_.CustomerID as Customer1_18_0_, user0_.password as password2_18_0_, user0_.Type as Type3_18_0_, user0_.SecurityQuestion as Security4_18_0_, user0_.Answer as Answer5_18_0_, user0_.EmailID as EmailID6_18_0_, user0_.Active as Active7_18_0_, user0_.CreatedBy as CreatedB8_18_0_, user0_.CreatedDate as CreatedD9_18_0_, user0_.UpdatedBy as Updated10_18_0_, user0_.UpdatedDate as Updated11_18_0_, user0_.RoleID as RoleID12_18_0_ from users user0_ where user0_.CustomerID=?
22:05:36.755 [main] DEBUG org.hibernate.loader.Loader - Static select for action ACTION_REFRESH on entity com.ylc.domain.User: select user0_.CustomerID as Customer1_18_0_, user0_.password as password2_18_0_, user0_.Type as Type3_18_0_, user0_.SecurityQuestion as Security4_18_0_, user0_.Answer as Answer5_18_0_, user0_.EmailID as EmailID6_18_0_, user0_.Active as Active7_18_0_, user0_.CreatedBy as CreatedB8_18_0_, user0_.CreatedDate as CreatedD9_18_0_, user0_.UpdatedBy as Updated10_18_0_, user0_.UpdatedDate as Updated11_18_0_, user0_.RoleID as RoleID12_18_0_ from users user0_ where user0_.CustomerID=?
22:05:36.755 [main] DEBUG org.hibernate.loader.Loader - Static select for entity com.ylc.domain.InmateStatus [NONE]: select inmatestat0_.InmateStatusID as InmateSt1_10_0_, inmatestat0_.InmateStatusName as InmateSt2_10_0_, inmatestat0_.InmateStatusDescription as InmateSt3_10_0_ from inmate_status inmatestat0_ where inmatestat0_.InmateStatusID=?
22:05:36.755 [main] DEBUG org.hibernate.loader.Loader - Static select for entity com.ylc.domain.InmateStatus [READ]: select inmatestat0_.InmateStatusID as InmateSt1_10_0_, inmatestat0_.InmateStatusName as InmateSt2_10_0_, inmatestat0_.InmateStatusDescription as InmateSt3_10_0_ from inmate_status inmatestat0_ where inmatestat0_.InmateStatusID=?
22:05:36.756 [main] DEBUG org.hibernate.loader.Loader - Static select for entity com.ylc.domain.InmateStatus [UPGRADE]: select inmatestat0_.InmateStatusID as InmateSt1_10_0_, inmatestat0_.InmateStatusName as InmateSt2_10_0_, inmatestat0_.InmateStatusDescription as InmateSt3_10_0_ from inmate_status inmatestat0_ where inmatestat0_.InmateStatusID=? for update
22:05:36.756 [main] DEBUG org.hibernate.loader.Loader - Static select for entity com.ylc.domain.InmateStatus [UPGRADE_NOWAIT]: select inmatestat0_.InmateStatusID as InmateSt1_10_0_, inmatestat0_.InmateStatusName as InmateSt2_10_0_, inmatestat0_.InmateStatusDescription as InmateSt3_10_0_ from inmate_status inmatestat0_ where inmatestat0_.InmateStatusID=? for update
22:05:36.756 [main] DEBUG org.hibernate.loader.Loader - Static select for entity com.ylc.domain.InmateStatus [FORCE]: select inmatestat0_.InmateStatusID as InmateSt1_10_0_, inmatestat0_.InmateStatusName as InmateSt2_10_0_, inmatestat0_.InmateStatusDescription as InmateSt3_10_0_ from inmate_status inmatestat0_ where inmatestat0_.InmateStatusID=? for update
22:05:36.758 [main] DEBUG org.hibernate.loader.Loader - Static select for entity com.ylc.domain.InmateStatus [PESSIMISTIC_READ]: select inmatestat0_.InmateStatusID as InmateSt1_10_0_, inmatestat0_.InmateStatusName as InmateSt2_10_0_, inmatestat0_.InmateStatusDescription as InmateSt3_10_0_ from inmate_status inmatestat0_ where inmatestat0_.InmateStatusID=? lock in share mode
22:05:36.758 [main] DEBUG org.hibernate.loader.Loader - Static select for entity com.ylc.domain.InmateStatus [PESSIMISTIC_WRITE]: select inmatestat0_.InmateStatusID as InmateSt1_10_0_, inmatestat0_.InmateStatusName as InmateSt2_10_0_, inmatestat0_.InmateStatusDescription as InmateSt3_10_0_ from inmate_status inmatestat0_ where inmatestat0_.InmateStatusID=? for update
22:05:36.760 [main] DEBUG org.hibernate.loader.Loader - Static select for entity com.ylc.domain.InmateStatus [PESSIMISTIC_FORCE_INCREMENT]: select inmatestat0_.InmateStatusID as InmateSt1_10_0_, inmatestat0_.InmateStatusName as InmateSt2_10_0_, inmatestat0_.InmateStatusDescription as InmateSt3_10_0_ from inmate_status inmatestat0_ where inmatestat0_.InmateStatusID=? for update
22:05:36.761 [main] DEBUG org.hibernate.loader.Loader - Static select for entity com.ylc.domain.InmateStatus [OPTIMISTIC]: select inmatestat0_.InmateStatusID as InmateSt1_10_0_, inmatestat0_.InmateStatusName as InmateSt2_10_0_, inmatestat0_.InmateStatusDescription as InmateSt3_10_0_ from inmate_status inmatestat0_ where inmatestat0_.InmateStatusID=?
22:05:36.761 [main] DEBUG org.hibernate.loader.Loader - Static select for entity com.ylc.domain.InmateStatus [OPTIMISTIC_FORCE_INCREMENT]: select inmatestat0_.InmateStatusID as InmateSt1_10_0_, inmatestat0_.InmateStatusName as InmateSt2_10_0_, inmatestat0_.InmateStatusDescription as InmateSt3_10_0_ from inmate_status inmatestat0_ where inmatestat0_.InmateStatusID=?
22:05:36.761 [main] DEBUG org.hibernate.loader.Loader - Static select for action ACTION_MERGE on entity com.ylc.domain.InmateStatus: select inmatestat0_.InmateStatusID as InmateSt1_10_0_, inmatestat0_.InmateStatusName as InmateSt2_10_0_, inmatestat0_.InmateStatusDescription as InmateSt3_10_0_ from inmate_status inmatestat0_ where inmatestat0_.InmateStatusID=?
22:05:36.761 [main] DEBUG org.hibernate.loader.Loader - Static select for action ACTION_REFRESH on entity com.ylc.domain.InmateStatus: select inmatestat0_.InmateStatusID as InmateSt1_10_0_, inmatestat0_.InmateStatusName as InmateSt2_10_0_, inmatestat0_.InmateStatusDescription as InmateSt3_10_0_ from inmate_status inmatestat0_ where inmatestat0_.InmateStatusID=?
22:05:36.761 [main] DEBUG org.hibernate.loader.Loader - Static select for entity com.ylc.domain.FacilityNumberPool [NONE]: select facilitynu0_.FacilityNumberPoolID as Facility1_7_0_, facilitynu0_.PNumber as PNumber2_7_0_, facilitynu0_.Status as Status3_7_0_, facilitynu0_.CreatedBy as CreatedB4_7_0_, facilitynu0_.CreatedDate as CreatedD5_7_0_, facilitynu0_.UpdatedBy as UpdatedB6_7_0_, facilitynu0_.UpdatedDate as UpdatedD7_7_0_, facilitynu0_.FacilityID as Facility8_7_0_ from facility_numberpool facilitynu0_ where facilitynu0_.FacilityNumberPoolID=?
22:05:36.761 [main] DEBUG org.hibernate.loader.Loader - Static select for entity com.ylc.domain.FacilityNumberPool [READ]: select facilitynu0_.FacilityNumberPoolID as Facility1_7_0_, facilitynu0_.PNumber as PNumber2_7_0_, facilitynu0_.Status as Status3_7_0_, facilitynu0_.CreatedBy as CreatedB4_7_0_, facilitynu0_.CreatedDate as CreatedD5_7_0_, facilitynu0_.UpdatedBy as UpdatedB6_7_0_, facilitynu0_.UpdatedDate as UpdatedD7_7_0_, facilitynu0_.FacilityID as Facility8_7_0_ from facility_numberpool facilitynu0_ where facilitynu0_.FacilityNumberPoolID=?
22:05:36.761 [main] DEBUG org.hibernate.loader.Loader - Static select for entity com.ylc.domain.FacilityNumberPool [UPGRADE]: select facilitynu0_.FacilityNumberPoolID as Facility1_7_0_, facilitynu0_.PNumber as PNumber2_7_0_, facilitynu0_.Status as Status3_7_0_, facilitynu0_.CreatedBy as CreatedB4_7_0_, facilitynu0_.CreatedDate as CreatedD5_7_0_, facilitynu0_.UpdatedBy as UpdatedB6_7_0_, facilitynu0_.UpdatedDate as UpdatedD7_7_0_, facilitynu0_.FacilityID as Facility8_7_0_ from facility_numberpool facilitynu0_ where facilitynu0_.FacilityNumberPoolID=? for update
22:05:36.761 [main] DEBUG org.hibernate.loader.Loader - Static select for entity com.ylc.domain.FacilityNumberPool [UPGRADE_NOWAIT]: select facilitynu0_.FacilityNumberPoolID as Facility1_7_0_, facilitynu0_.PNumber as PNumber2_7_0_, facilitynu0_.Status as Status3_7_0_, facilitynu0_.CreatedBy as CreatedB4_7_0_, facilitynu0_.CreatedDate as CreatedD5_7_0_, facilitynu0_.UpdatedBy as UpdatedB6_7_0_, facilitynu0_.UpdatedDate as UpdatedD7_7_0_, facilitynu0_.FacilityID as Facility8_7_0_ from facility_numberpool facilitynu0_ where facilitynu0_.FacilityNumberPoolID=? for update
22:05:36.762 [main] DEBUG org.hibernate.loader.Loader - Static select for entity com.ylc.domain.FacilityNumberPool [FORCE]: select facilitynu0_.FacilityNumberPoolID as Facility1_7_0_, facilitynu0_.PNumber as PNumber2_7_0_, facilitynu0_.Status as Status3_7_0_, facilitynu0_.CreatedBy as CreatedB4_7_0_, facilitynu0_.CreatedDate as CreatedD5_7_0_, facilitynu0_.UpdatedBy as UpdatedB6_7_0_, facilitynu0_.UpdatedDate as UpdatedD7_7_0_, facilitynu0_.FacilityID as Facility8_7_0_ from facility_numberpool facilitynu0_ where facilitynu0_.FacilityNumberPoolID=? for update
22:05:36.762 [main] DEBUG org.hibernate.loader.Loader - Static select for entity com.ylc.domain.FacilityNumberPool [PESSIMISTIC_READ]: select facilitynu0_.FacilityNumberPoolID as Facility1_7_0_, facilitynu0_.PNumber as PNumber2_7_0_, facilitynu0_.Status as Status3_7_0_, facilitynu0_.CreatedBy as CreatedB4_7_0_, facilitynu0_.CreatedDate as CreatedD5_7_0_, facilitynu0_.UpdatedBy as UpdatedB6_7_0_, facilitynu0_.UpdatedDate as UpdatedD7_7_0_, facilitynu0_.FacilityID as Facility8_7_0_ from facility_numberpool facilitynu0_ where facilitynu0_.FacilityNumberPoolID=? lock in share mode
22:05:36.762 [main] DEBUG org.hibernate.loader.Loader - Static select for entity com.ylc.domain.FacilityNumberPool [PESSIMISTIC_WRITE]: select facilitynu0_.FacilityNumberPoolID as Facility1_7_0_, facilitynu0_.PNumber as PNumber2_7_0_, facilitynu0_.Status as Status3_7_0_, facilitynu0_.CreatedBy as CreatedB4_7_0_, facilitynu0_.CreatedDate as CreatedD5_7_0_, facilitynu0_.UpdatedBy as UpdatedB6_7_0_, facilitynu0_.UpdatedDate as UpdatedD7_7_0_, facilitynu0_.FacilityID as Facility8_7_0_ from facility_numberpool facilitynu0_ where facilitynu0_.FacilityNumberPoolID=? for update
22:05:36.762 [main] DEBUG org.hibernate.loader.Loader - Static select for entity com.ylc.domain.FacilityNumberPool [PESSIMISTIC_FORCE_INCREMENT]: select facilitynu0_.FacilityNumberPoolID as Facility1_7_0_, facilitynu0_.PNumber as PNumber2_7_0_, facilitynu0_.Status as Status3_7_0_, facilitynu0_.CreatedBy as CreatedB4_7_0_, facilitynu0_.CreatedDate as CreatedD5_7_0_, facilitynu0_.UpdatedBy as UpdatedB6_7_0_, facilitynu0_.UpdatedDate as UpdatedD7_7_0_, facilitynu0_.FacilityID as Facility8_7_0_ from facility_numberpool facilitynu0_ where facilitynu0_.FacilityNumberPoolID=? for update
22:05:36.762 [main] DEBUG org.hibernate.loader.Loader - Static select for entity com.ylc.domain.FacilityNumberPool [OPTIMISTIC]: select facilitynu0_.FacilityNumberPoolID as Facility1_7_0_, facilitynu0_.PNumber as PNumber2_7_0_, facilitynu0_.Status as Status3_7_0_, facilitynu0_.CreatedBy as CreatedB4_7_0_, facilitynu0_.CreatedDate as CreatedD5_7_0_, facilitynu0_.UpdatedBy as UpdatedB6_7_0_, facilitynu0_.UpdatedDate as UpdatedD7_7_0_, facilitynu0_.FacilityID as Facility8_7_0_ from facility_numberpool facilitynu0_ where facilitynu0_.FacilityNumberPoolID=?
22:05:36.763 [main] DEBUG org.hibernate.loader.Loader - Static select for entity com.ylc.domain.FacilityNumberPool [OPTIMISTIC_FORCE_INCREMENT]: select facilitynu0_.FacilityNumberPoolID as Facility1_7_0_, facilitynu0_.PNumber as PNumber2_7_0_, facilitynu0_.Status as Status3_7_0_, facilitynu0_.CreatedBy as CreatedB4_7_0_, facilitynu0_.CreatedDate as CreatedD5_7_0_, facilitynu0_.UpdatedBy as UpdatedB6_7_0_, facilitynu0_.UpdatedDate as UpdatedD7_7_0_, facilitynu0_.FacilityID as Facility8_7_0_ from facility_numberpool facilitynu0_ where facilitynu0_.FacilityNumberPoolID=?
22:05:36.763 [main] DEBUG org.hibernate.loader.Loader - Static select for action ACTION_MERGE on entity com.ylc.domain.FacilityNumberPool: select facilitynu0_.FacilityNumberPoolID as Facility1_7_0_, facilitynu0_.PNumber as PNumber2_7_0_, facilitynu0_.Status as Status3_7_0_, facilitynu0_.CreatedBy as CreatedB4_7_0_, facilitynu0_.CreatedDate as CreatedD5_7_0_, facilitynu0_.UpdatedBy as UpdatedB6_7_0_, facilitynu0_.UpdatedDate as UpdatedD7_7_0_, facilitynu0_.FacilityID as Facility8_7_0_ from facility_numberpool facilitynu0_ where facilitynu0_.FacilityNumberPoolID=?
22:05:36.763 [main] DEBUG org.hibernate.loader.Loader - Static select for action ACTION_REFRESH on entity com.ylc.domain.FacilityNumberPool: select facilitynu0_.FacilityNumberPoolID as Facility1_7_0_, facilitynu0_.PNumber as PNumber2_7_0_, facilitynu0_.Status as Status3_7_0_, facilitynu0_.CreatedBy as CreatedB4_7_0_, facilitynu0_.CreatedDate as CreatedD5_7_0_, facilitynu0_.UpdatedBy as UpdatedB6_7_0_, facilitynu0_.UpdatedDate as UpdatedD7_7_0_, facilitynu0_.FacilityID as Facility8_7_0_ from facility_numberpool facilitynu0_ where facilitynu0_.FacilityNumberPoolID=?
22:05:36.763 [main] DEBUG org.hibernate.loader.Loader - Static select for entity com.ylc.domain.Customer [NONE]: select customer0_.CustomerID as Customer1_5_0_, customer0_.FirstName as FirstNam2_5_0_, customer0_.MiddleName as MiddleNa3_5_0_, customer0_.LastName as LastName4_5_0_, customer0_.MobileNumber as MobileNu5_5_0_, customer0_.Address1 as Address6_5_0_, customer0_.Address2 as Address7_5_0_, customer0_.City as City8_5_0_, customer0_.ZipCode as ZipCode9_5_0_, customer0_.Active as Active10_5_0_, customer0_.PaymentGatewayId as Payment11_5_0_, customer0_.CreatedBy as Created12_5_0_, customer0_.CreatedDate as Created13_5_0_, customer0_.UpdatedBy as Updated14_5_0_, customer0_.UpdatedDate as Updated15_5_0_, customer0_.RecurringPayment as Recurri16_5_0_, customer0_.PrePaidAmount as PrePaid17_5_0_, customer0_.RecurringPaymentDate as Recurri18_5_0_, customer0_.RecurringPaymentAmount as Recurri19_5_0_, customer0_.countryID as country20_5_0_, customer0_.stateID as stateID21_5_0_ from customers customer0_ where customer0_.CustomerID=?
22:05:36.764 [main] DEBUG org.hibernate.loader.Loader - Static select for entity com.ylc.domain.Customer [READ]: select customer0_.CustomerID as Customer1_5_0_, customer0_.FirstName as FirstNam2_5_0_, customer0_.MiddleName as MiddleNa3_5_0_, customer0_.LastName as LastName4_5_0_, customer0_.MobileNumber as MobileNu5_5_0_, customer0_.Address1 as Address6_5_0_, customer0_.Address2 as Address7_5_0_, customer0_.City as City8_5_0_, customer0_.ZipCode as ZipCode9_5_0_, customer0_.Active as Active10_5_0_, customer0_.PaymentGatewayId as Payment11_5_0_, customer0_.CreatedBy as Created12_5_0_, customer0_.CreatedDate as Created13_5_0_, customer0_.UpdatedBy as Updated14_5_0_, customer0_.UpdatedDate as Updated15_5_0_, customer0_.RecurringPayment as Recurri16_5_0_, customer0_.PrePaidAmount as PrePaid17_5_0_, customer0_.RecurringPaymentDate as Recurri18_5_0_, customer0_.RecurringPaymentAmount as Recurri19_5_0_, customer0_.countryID as country20_5_0_, customer0_.stateID as stateID21_5_0_ from customers customer0_ where customer0_.CustomerID=?
22:05:36.764 [main] DEBUG org.hibernate.loader.Loader - Static select for entity com.ylc.domain.Customer [UPGRADE]: select customer0_.CustomerID as Customer1_5_0_, customer0_.FirstName as FirstNam2_5_0_, customer0_.MiddleName as MiddleNa3_5_0_, customer0_.LastName as LastName4_5_0_, customer0_.MobileNumber as MobileNu5_5_0_, customer0_.Address1 as Address6_5_0_, customer0_.Address2 as Address7_5_0_, customer0_.City as City8_5_0_, customer0_.ZipCode as ZipCode9_5_0_, customer0_.Active as Active10_5_0_, customer0_.PaymentGatewayId as Payment11_5_0_, customer0_.CreatedBy as Created12_5_0_, customer0_.CreatedDate as Created13_5_0_, customer0_.UpdatedBy as Updated14_5_0_, customer0_.UpdatedDate as Updated15_5_0_, customer0_.RecurringPayment as Recurri16_5_0_, customer0_.PrePaidAmount as PrePaid17_5_0_, customer0_.RecurringPaymentDate as Recurri18_5_0_, customer0_.RecurringPaymentAmount as Recurri19_5_0_, customer0_.countryID as country20_5_0_, customer0_.stateID as stateID21_5_0_ from customers customer0_ where customer0_.CustomerID=? for update
22:05:36.765 [main] DEBUG org.hibernate.loader.Loader - Static select for entity com.ylc.domain.Customer [UPGRADE_NOWAIT]: select customer0_.CustomerID as Customer1_5_0_, customer0_.FirstName as FirstNam2_5_0_, customer0_.MiddleName as MiddleNa3_5_0_, customer0_.LastName as LastName4_5_0_, customer0_.MobileNumber as MobileNu5_5_0_, customer0_.Address1 as Address6_5_0_, customer0_.Address2 as Address7_5_0_, customer0_.City as City8_5_0_, customer0_.ZipCode as ZipCode9_5_0_, customer0_.Active as Active10_5_0_, customer0_.PaymentGatewayId as Payment11_5_0_, customer0_.CreatedBy as Created12_5_0_, customer0_.CreatedDate as Created13_5_0_, customer0_.UpdatedBy as Updated14_5_0_, customer0_.UpdatedDate as Updated15_5_0_, customer0_.RecurringPayment as Recurri16_5_0_, customer0_.PrePaidAmount as PrePaid17_5_0_, customer0_.RecurringPaymentDate as Recurri18_5_0_, customer0_.RecurringPaymentAmount as Recurri19_5_0_, customer0_.countryID as country20_5_0_, customer0_.stateID as stateID21_5_0_ from customers customer0_ where customer0_.CustomerID=? for update
22:05:36.765 [main] DEBUG org.hibernate.loader.Loader - Static select for entity com.ylc.domain.Customer [FORCE]: select customer0_.CustomerID as Customer1_5_0_, customer0_.FirstName as FirstNam2_5_0_, customer0_.MiddleName as MiddleNa3_5_0_, customer0_.LastName as LastName4_5_0_, customer0_.MobileNumber as MobileNu5_5_0_, customer0_.Address1 as Address6_5_0_, customer0_.Address2 as Address7_5_0_, customer0_.City as City8_5_0_, customer0_.ZipCode as ZipCode9_5_0_, customer0_.Active as Active10_5_0_, customer0_.PaymentGatewayId as Payment11_5_0_, customer0_.CreatedBy as Created12_5_0_, customer0_.CreatedDate as Created13_5_0_, customer0_.UpdatedBy as Updated14_5_0_, customer0_.UpdatedDate as Updated15_5_0_, customer0_.RecurringPayment as Recurri16_5_0_, customer0_.PrePaidAmount as PrePaid17_5_0_, customer0_.RecurringPaymentDate as Recurri18_5_0_, customer0_.RecurringPaymentAmount as Recurri19_5_0_, customer0_.countryID as country20_5_0_, customer0_.stateID as stateID21_5_0_ from customers customer0_ where customer0_.CustomerID=? for update
22:05:36.765 [main] DEBUG org.hibernate.loader.Loader - Static select for entity com.ylc.domain.Customer [PESSIMISTIC_READ]: select customer0_.CustomerID as Customer1_5_0_, customer0_.FirstName as FirstNam2_5_0_, customer0_.MiddleName as MiddleNa3_5_0_, customer0_.LastName as LastName4_5_0_, customer0_.MobileNumber as MobileNu5_5_0_, customer0_.Address1 as Address6_5_0_, customer0_.Address2 as Address7_5_0_, customer0_.City as City8_5_0_, customer0_.ZipCode as ZipCode9_5_0_, customer0_.Active as Active10_5_0_, customer0_.PaymentGatewayId as Payment11_5_0_, customer0_.CreatedBy as Created12_5_0_, customer0_.CreatedDate as Created13_5_0_, customer0_.UpdatedBy as Updated14_5_0_, customer0_.UpdatedDate as Updated15_5_0_, customer0_.RecurringPayment as Recurri16_5_0_, customer0_.PrePaidAmount as PrePaid17_5_0_, customer0_.RecurringPaymentDate as Recurri18_5_0_, customer0_.RecurringPaymentAmount as Recurri19_5_0_, customer0_.countryID as country20_5_0_, customer0_.stateID as stateID21_5_0_ from customers customer0_ where customer0_.CustomerID=? lock in share mode
22:05:36.765 [main] DEBUG org.hibernate.loader.Loader - Static select for entity com.ylc.domain.Customer [PESSIMISTIC_WRITE]: select customer0_.CustomerID as Customer1_5_0_, customer0_.FirstName as FirstNam2_5_0_, customer0_.MiddleName as MiddleNa3_5_0_, customer0_.LastName as LastName4_5_0_, customer0_.MobileNumber as MobileNu5_5_0_, customer0_.Address1 as Address6_5_0_, customer0_.Address2 as Address7_5_0_, customer0_.City as City8_5_0_, customer0_.ZipCode as ZipCode9_5_0_, customer0_.Active as Active10_5_0_, customer0_.PaymentGatewayId as Payment11_5_0_, customer0_.CreatedBy as Created12_5_0_, customer0_.CreatedDate as Created13_5_0_, customer0_.UpdatedBy as Updated14_5_0_, customer0_.UpdatedDate as Updated15_5_0_, customer0_.RecurringPayment as Recurri16_5_0_, customer0_.PrePaidAmount as PrePaid17_5_0_, customer0_.RecurringPaymentDate as Recurri18_5_0_, customer0_.RecurringPaymentAmount as Recurri19_5_0_, customer0_.countryID as country20_5_0_, customer0_.stateID as stateID21_5_0_ from customers customer0_ where customer0_.CustomerID=? for update
22:05:36.766 [main] DEBUG org.hibernate.loader.Loader - Static select for entity com.ylc.domain.Customer [PESSIMISTIC_FORCE_INCREMENT]: select customer0_.CustomerID as Customer1_5_0_, customer0_.FirstName as FirstNam2_5_0_, customer0_.MiddleName as MiddleNa3_5_0_, customer0_.LastName as LastName4_5_0_, customer0_.MobileNumber as MobileNu5_5_0_, customer0_.Address1 as Address6_5_0_, customer0_.Address2 as Address7_5_0_, customer0_.City as City8_5_0_, customer0_.ZipCode as ZipCode9_5_0_, customer0_.Active as Active10_5_0_, customer0_.PaymentGatewayId as Payment11_5_0_, customer0_.CreatedBy as Created12_5_0_, customer0_.CreatedDate as Created13_5_0_, customer0_.UpdatedBy as Updated14_5_0_, customer0_.UpdatedDate as Updated15_5_0_, customer0_.RecurringPayment as Recurri16_5_0_, customer0_.PrePaidAmount as PrePaid17_5_0_, customer0_.RecurringPaymentDate as Recurri18_5_0_, customer0_.RecurringPaymentAmount as Recurri19_5_0_, customer0_.countryID as country20_5_0_, customer0_.stateID as stateID21_5_0_ from customers customer0_ where customer0_.CustomerID=? for update
22:05:36.766 [main] DEBUG org.hibernate.loader.Loader - Static select for entity com.ylc.domain.Customer [OPTIMISTIC]: select customer0_.CustomerID as Customer1_5_0_, customer0_.FirstName as FirstNam2_5_0_, customer0_.MiddleName as MiddleNa3_5_0_, customer0_.LastName as LastName4_5_0_, customer0_.MobileNumber as MobileNu5_5_0_, customer0_.Address1 as Address6_5_0_, customer0_.Address2 as Address7_5_0_, customer0_.City as City8_5_0_, customer0_.ZipCode as ZipCode9_5_0_, customer0_.Active as Active10_5_0_, customer0_.PaymentGatewayId as Payment11_5_0_, customer0_.CreatedBy as Created12_5_0_, customer0_.CreatedDate as Created13_5_0_, customer0_.UpdatedBy as Updated14_5_0_, customer0_.UpdatedDate as Updated15_5_0_, customer0_.RecurringPayment as Recurri16_5_0_, customer0_.PrePaidAmount as PrePaid17_5_0_, customer0_.RecurringPaymentDate as Recurri18_5_0_, customer0_.RecurringPaymentAmount as Recurri19_5_0_, customer0_.countryID as country20_5_0_, customer0_.stateID as stateID21_5_0_ from customers customer0_ where customer0_.CustomerID=?
22:05:36.770 [main] DEBUG org.hibernate.loader.Loader - Static select for entity com.ylc.domain.Customer [OPTIMISTIC_FORCE_INCREMENT]: select customer0_.CustomerID as Customer1_5_0_, customer0_.FirstName as FirstNam2_5_0_, customer0_.MiddleName as MiddleNa3_5_0_, customer0_.LastName as LastName4_5_0_, customer0_.MobileNumber as MobileNu5_5_0_, customer0_.Address1 as Address6_5_0_, customer0_.Address2 as Address7_5_0_, customer0_.City as City8_5_0_, customer0_.ZipCode as ZipCode9_5_0_, customer0_.Active as Active10_5_0_, customer0_.PaymentGatewayId as Payment11_5_0_, customer0_.CreatedBy as Created12_5_0_, customer0_.CreatedDate as Created13_5_0_, customer0_.UpdatedBy as Updated14_5_0_, customer0_.UpdatedDate as Updated15_5_0_, customer0_.RecurringPayment as Recurri16_5_0_, customer0_.PrePaidAmount as PrePaid17_5_0_, customer0_.RecurringPaymentDate as Recurri18_5_0_, customer0_.RecurringPaymentAmount as Recurri19_5_0_, customer0_.countryID as country20_5_0_, customer0_.stateID as stateID21_5_0_ from customers customer0_ where customer0_.CustomerID=?
22:05:36.771 [main] DEBUG org.hibernate.loader.Loader - Static select for action ACTION_MERGE on entity com.ylc.domain.Customer: select customer0_.CustomerID as Customer1_5_0_, customer0_.FirstName as FirstNam2_5_0_, customer0_.MiddleName as MiddleNa3_5_0_, customer0_.LastName as LastName4_5_0_, customer0_.MobileNumber as MobileNu5_5_0_, customer0_.Address1 as Address6_5_0_, customer0_.Address2 as Address7_5_0_, customer0_.City as City8_5_0_, customer0_.ZipCode as ZipCode9_5_0_, customer0_.Active as Active10_5_0_, customer0_.PaymentGatewayId as Payment11_5_0_, customer0_.CreatedBy as Created12_5_0_, customer0_.CreatedDate as Created13_5_0_, customer0_.UpdatedBy as Updated14_5_0_, customer0_.UpdatedDate as Updated15_5_0_, customer0_.RecurringPayment as Recurri16_5_0_, customer0_.PrePaidAmount as PrePaid17_5_0_, customer0_.RecurringPaymentDate as Recurri18_5_0_, customer0_.RecurringPaymentAmount as Recurri19_5_0_, customer0_.countryID as country20_5_0_, customer0_.stateID as stateID21_5_0_ from customers customer0_ where customer0_.CustomerID=?
22:05:36.771 [main] DEBUG org.hibernate.loader.Loader - Static select for action ACTION_REFRESH on entity com.ylc.domain.Customer: select customer0_.CustomerID as Customer1_5_0_, customer0_.FirstName as FirstNam2_5_0_, customer0_.MiddleName as MiddleNa3_5_0_, customer0_.LastName as LastName4_5_0_, customer0_.MobileNumber as MobileNu5_5_0_, customer0_.Address1 as Address6_5_0_, customer0_.Address2 as Address7_5_0_, customer0_.City as City8_5_0_, customer0_.ZipCode as ZipCode9_5_0_, customer0_.Active as Active10_5_0_, customer0_.PaymentGatewayId as Payment11_5_0_, customer0_.CreatedBy as Created12_5_0_, customer0_.CreatedDate as Created13_5_0_, customer0_.UpdatedBy as Updated14_5_0_, customer0_.UpdatedDate as Updated15_5_0_, customer0_.RecurringPayment as Recurri16_5_0_, customer0_.PrePaidAmount as PrePaid17_5_0_, customer0_.RecurringPaymentDate as Recurri18_5_0_, customer0_.RecurringPaymentAmount as Recurri19_5_0_, customer0_.countryID as country20_5_0_, customer0_.stateID as stateID21_5_0_ from customers customer0_ where customer0_.CustomerID=?
22:05:36.771 [main] DEBUG org.hibernate.loader.Loader - Static select for entity com.ylc.domain.PaymentCardType [NONE]: select paymentcar0_.PaymentCardTypeID as PaymentC1_13_0_, paymentcar0_.PaymentCardName as PaymentC2_13_0_, paymentcar0_.Active as Active3_13_0_ from payment_card_types paymentcar0_ where paymentcar0_.PaymentCardTypeID=?
22:05:36.772 [main] DEBUG org.hibernate.loader.Loader - Static select for entity com.ylc.domain.PaymentCardType [READ]: select paymentcar0_.PaymentCardTypeID as PaymentC1_13_0_, paymentcar0_.PaymentCardName as PaymentC2_13_0_, paymentcar0_.Active as Active3_13_0_ from payment_card_types paymentcar0_ where paymentcar0_.PaymentCardTypeID=?
22:05:36.772 [main] DEBUG org.hibernate.loader.Loader - Static select for entity com.ylc.domain.PaymentCardType [UPGRADE]: select paymentcar0_.PaymentCardTypeID as PaymentC1_13_0_, paymentcar0_.PaymentCardName as PaymentC2_13_0_, paymentcar0_.Active as Active3_13_0_ from payment_card_types paymentcar0_ where paymentcar0_.PaymentCardTypeID=? for update
22:05:36.772 [main] DEBUG org.hibernate.loader.Loader - Static select for entity com.ylc.domain.PaymentCardType [UPGRADE_NOWAIT]: select paymentcar0_.PaymentCardTypeID as PaymentC1_13_0_, paymentcar0_.PaymentCardName as PaymentC2_13_0_, paymentcar0_.Active as Active3_13_0_ from payment_card_types paymentcar0_ where paymentcar0_.PaymentCardTypeID=? for update
22:05:36.772 [main] DEBUG org.hibernate.loader.Loader - Static select for entity com.ylc.domain.PaymentCardType [FORCE]: select paymentcar0_.PaymentCardTypeID as PaymentC1_13_0_, paymentcar0_.PaymentCardName as PaymentC2_13_0_, paymentcar0_.Active as Active3_13_0_ from payment_card_types paymentcar0_ where paymentcar0_.PaymentCardTypeID=? for update
22:05:36.772 [main] DEBUG org.hibernate.loader.Loader - Static select for entity com.ylc.domain.PaymentCardType [PESSIMISTIC_READ]: select paymentcar0_.PaymentCardTypeID as PaymentC1_13_0_, paymentcar0_.PaymentCardName as PaymentC2_13_0_, paymentcar0_.Active as Active3_13_0_ from payment_card_types paymentcar0_ where paymentcar0_.PaymentCardTypeID=? lock in share mode
22:05:36.772 [main] DEBUG org.hibernate.loader.Loader - Static select for entity com.ylc.domain.PaymentCardType [PESSIMISTIC_WRITE]: select paymentcar0_.PaymentCardTypeID as PaymentC1_13_0_, paymentcar0_.PaymentCardName as PaymentC2_13_0_, paymentcar0_.Active as Active3_13_0_ from payment_card_types paymentcar0_ where paymentcar0_.PaymentCardTypeID=? for update
22:05:36.773 [main] DEBUG org.hibernate.loader.Loader - Static select for entity com.ylc.domain.PaymentCardType [PESSIMISTIC_FORCE_INCREMENT]: select paymentcar0_.PaymentCardTypeID as PaymentC1_13_0_, paymentcar0_.PaymentCardName as PaymentC2_13_0_, paymentcar0_.Active as Active3_13_0_ from payment_card_types paymentcar0_ where paymentcar0_.PaymentCardTypeID=? for update
22:05:36.773 [main] DEBUG org.hibernate.loader.Loader - Static select for entity com.ylc.domain.PaymentCardType [OPTIMISTIC]: select paymentcar0_.PaymentCardTypeID as PaymentC1_13_0_, paymentcar0_.PaymentCardName as PaymentC2_13_0_, paymentcar0_.Active as Active3_13_0_ from payment_card_types paymentcar0_ where paymentcar0_.PaymentCardTypeID=?
22:05:36.773 [main] DEBUG org.hibernate.loader.Loader - Static select for entity com.ylc.domain.PaymentCardType [OPTIMISTIC_FORCE_INCREMENT]: select paymentcar0_.PaymentCardTypeID as PaymentC1_13_0_, paymentcar0_.PaymentCardName as PaymentC2_13_0_, paymentcar0_.Active as Active3_13_0_ from payment_card_types paymentcar0_ where paymentcar0_.PaymentCardTypeID=?
22:05:36.773 [main] DEBUG org.hibernate.loader.Loader - Static select for action ACTION_MERGE on entity com.ylc.domain.PaymentCardType: select paymentcar0_.PaymentCardTypeID as PaymentC1_13_0_, paymentcar0_.PaymentCardName as PaymentC2_13_0_, paymentcar0_.Active as Active3_13_0_ from payment_card_types paymentcar0_ where paymentcar0_.PaymentCardTypeID=?
22:05:36.773 [main] DEBUG org.hibernate.loader.Loader - Static select for action ACTION_REFRESH on entity com.ylc.domain.PaymentCardType: select paymentcar0_.PaymentCardTypeID as PaymentC1_13_0_, paymentcar0_.PaymentCardName as PaymentC2_13_0_, paymentcar0_.Active as Active3_13_0_ from payment_card_types paymentcar0_ where paymentcar0_.PaymentCardTypeID=?
22:05:36.774 [main] DEBUG org.hibernate.loader.Loader - Static select for entity com.ylc.domain.CustomerPaymentDetail [NONE]: select customerpa0_.LinePaymentDetailID as LinePaym1_19_0_, customerpa0_.PaidFor as PaidFor2_19_0_, customerpa0_.PaymentType as PaymentT3_19_0_, customerpa0_.PaymentAmount as PaymentA4_19_0_, customerpa0_.NameOnCard as NameOnCa5_19_0_, customerpa0_.Last4DigitsOfCard as Last6_19_0_, customerpa0_.PaymentConformationCode as PaymentC7_19_0_, customerpa0_.PaymentDate as PaymentD8_19_0_, customerpa0_.NumberOfMinutes as NumberOf9_19_0_, customerpa0_.IsPaidByQuickPay as IsPaidB10_19_0_, customerpa0_.IsInitiatedByInmate as IsIniti11_19_0_, customerpa0_.IsRecurringPayemnt as IsRecur12_19_0_, customerpa0_.IsInvoiceGenerated as IsInvoi13_19_0_, customerpa0_.InvoiceGeneratedDate as Invoice14_19_0_, customerpa0_.CreatedBy as Created15_19_0_, customerpa0_.CreatedDate as Created16_19_0_, customerpa0_.UpdatedBy as Updated17_19_0_, customerpa0_.UpdatedDate as Updated18_19_0_, customerpa0_.CustomerID as Custome19_19_0_, customerpa0_.PaymentCardTypeID as Payment20_19_0_, customerpa0_.PrepaidPricingID as Prepaid21_19_0_ from ylc.customer_payment_details customerpa0_ where customerpa0_.LinePaymentDetailID=?
22:05:36.774 [main] DEBUG org.hibernate.loader.Loader - Static select for entity com.ylc.domain.CustomerPaymentDetail [READ]: select customerpa0_.LinePaymentDetailID as LinePaym1_19_0_, customerpa0_.PaidFor as PaidFor2_19_0_, customerpa0_.PaymentType as PaymentT3_19_0_, customerpa0_.PaymentAmount as PaymentA4_19_0_, customerpa0_.NameOnCard as NameOnCa5_19_0_, customerpa0_.Last4DigitsOfCard as Last6_19_0_, customerpa0_.PaymentConformationCode as PaymentC7_19_0_, customerpa0_.PaymentDate as PaymentD8_19_0_, customerpa0_.NumberOfMinutes as NumberOf9_19_0_, customerpa0_.IsPaidByQuickPay as IsPaidB10_19_0_, customerpa0_.IsInitiatedByInmate as IsIniti11_19_0_, customerpa0_.IsRecurringPayemnt as IsRecur12_19_0_, customerpa0_.IsInvoiceGenerated as IsInvoi13_19_0_, customerpa0_.InvoiceGeneratedDate as Invoice14_19_0_, customerpa0_.CreatedBy as Created15_19_0_, customerpa0_.CreatedDate as Created16_19_0_, customerpa0_.UpdatedBy as Updated17_19_0_, customerpa0_.UpdatedDate as Updated18_19_0_, customerpa0_.CustomerID as Custome19_19_0_, customerpa0_.PaymentCardTypeID as Payment20_19_0_, customerpa0_.PrepaidPricingID as Prepaid21_19_0_ from ylc.customer_payment_details customerpa0_ where customerpa0_.LinePaymentDetailID=?
22:05:36.774 [main] DEBUG org.hibernate.loader.Loader - Static select for entity com.ylc.domain.CustomerPaymentDetail [UPGRADE]: select customerpa0_.LinePaymentDetailID as LinePaym1_19_0_, customerpa0_.PaidFor as PaidFor2_19_0_, customerpa0_.PaymentType as PaymentT3_19_0_, customerpa0_.PaymentAmount as PaymentA4_19_0_, customerpa0_.NameOnCard as NameOnCa5_19_0_, customerpa0_.Last4DigitsOfCard as Last6_19_0_, customerpa0_.PaymentConformationCode as PaymentC7_19_0_, customerpa0_.PaymentDate as PaymentD8_19_0_, customerpa0_.NumberOfMinutes as NumberOf9_19_0_, customerpa0_.IsPaidByQuickPay as IsPaidB10_19_0_, customerpa0_.IsInitiatedByInmate as IsIniti11_19_0_, customerpa0_.IsRecurringPayemnt as IsRecur12_19_0_, customerpa0_.IsInvoiceGenerated as IsInvoi13_19_0_, customerpa0_.InvoiceGeneratedDate as Invoice14_19_0_, customerpa0_.CreatedBy as Created15_19_0_, customerpa0_.CreatedDate as Created16_19_0_, customerpa0_.UpdatedBy as Updated17_19_0_, customerpa0_.UpdatedDate as Updated18_19_0_, customerpa0_.CustomerID as Custome19_19_0_, customerpa0_.PaymentCardTypeID as Payment20_19_0_, customerpa0_.PrepaidPricingID as Prepaid21_19_0_ from ylc.customer_payment_details customerpa0_ where customerpa0_.LinePaymentDetailID=? for update
22:05:36.775 [main] DEBUG org.hibernate.loader.Loader - Static select for entity com.ylc.domain.CustomerPaymentDetail [UPGRADE_NOWAIT]: select customerpa0_.LinePaymentDetailID as LinePaym1_19_0_, customerpa0_.PaidFor as PaidFor2_19_0_, customerpa0_.PaymentType as PaymentT3_19_0_, customerpa0_.PaymentAmount as PaymentA4_19_0_, customerpa0_.NameOnCard as NameOnCa5_19_0_, customerpa0_.Last4DigitsOfCard as Last6_19_0_, customerpa0_.PaymentConformationCode as PaymentC7_19_0_, customerpa0_.PaymentDate as PaymentD8_19_0_, customerpa0_.NumberOfMinutes as NumberOf9_19_0_, customerpa0_.IsPaidByQuickPay as IsPaidB10_19_0_, customerpa0_.IsInitiatedByInmate as IsIniti11_19_0_, customerpa0_.IsRecurringPayemnt as IsRecur12_19_0_, customerpa0_.IsInvoiceGenerated as IsInvoi13_19_0_, customerpa0_.InvoiceGeneratedDate as Invoice14_19_0_, customerpa0_.CreatedBy as Created15_19_0_, customerpa0_.CreatedDate as Created16_19_0_, customerpa0_.UpdatedBy as Updated17_19_0_, customerpa0_.UpdatedDate as Updated18_19_0_, customerpa0_.CustomerID as Custome19_19_0_, customerpa0_.PaymentCardTypeID as Payment20_19_0_, customerpa0_.PrepaidPricingID as Prepaid21_19_0_ from ylc.customer_payment_details customerpa0_ where customerpa0_.LinePaymentDetailID=? for update
22:05:36.775 [main] DEBUG org.hibernate.loader.Loader - Static select for entity com.ylc.domain.CustomerPaymentDetail [FORCE]: select customerpa0_.LinePaymentDetailID as LinePaym1_19_0_, customerpa0_.PaidFor as PaidFor2_19_0_, customerpa0_.PaymentType as PaymentT3_19_0_, customerpa0_.PaymentAmount as PaymentA4_19_0_, customerpa0_.NameOnCard as NameOnCa5_19_0_, customerpa0_.Last4DigitsOfCard as Last6_19_0_, customerpa0_.PaymentConformationCode as PaymentC7_19_0_, customerpa0_.PaymentDate as PaymentD8_19_0_, customerpa0_.NumberOfMinutes as NumberOf9_19_0_, customerpa0_.IsPaidByQuickPay as IsPaidB10_19_0_, customerpa0_.IsInitiatedByInmate as IsIniti11_19_0_, customerpa0_.IsRecurringPayemnt as IsRecur12_19_0_, customerpa0_.IsInvoiceGenerated as IsInvoi13_19_0_, customerpa0_.InvoiceGeneratedDate as Invoice14_19_0_, customerpa0_.CreatedBy as Created15_19_0_, customerpa0_.CreatedDate as Created16_19_0_, customerpa0_.UpdatedBy as Updated17_19_0_, customerpa0_.UpdatedDate as Updated18_19_0_, customerpa0_.CustomerID as Custome19_19_0_, customerpa0_.PaymentCardTypeID as Payment20_19_0_, customerpa0_.PrepaidPricingID as Prepaid21_19_0_ from ylc.customer_payment_details customerpa0_ where customerpa0_.LinePaymentDetailID=? for update
22:05:36.776 [main] DEBUG org.hibernate.loader.Loader - Static select for entity com.ylc.domain.CustomerPaymentDetail [PESSIMISTIC_READ]: select customerpa0_.LinePaymentDetailID as LinePaym1_19_0_, customerpa0_.PaidFor as PaidFor2_19_0_, customerpa0_.PaymentType as PaymentT3_19_0_, customerpa0_.PaymentAmount as PaymentA4_19_0_, customerpa0_.NameOnCard as NameOnCa5_19_0_, customerpa0_.Last4DigitsOfCard as Last6_19_0_, customerpa0_.PaymentConformationCode as PaymentC7_19_0_, customerpa0_.PaymentDate as PaymentD8_19_0_, customerpa0_.NumberOfMinutes as NumberOf9_19_0_, customerpa0_.IsPaidByQuickPay as IsPaidB10_19_0_, customerpa0_.IsInitiatedByInmate as IsIniti11_19_0_, customerpa0_.IsRecurringPayemnt as IsRecur12_19_0_, customerpa0_.IsInvoiceGenerated as IsInvoi13_19_0_, customerpa0_.InvoiceGeneratedDate as Invoice14_19_0_, customerpa0_.CreatedBy as Created15_19_0_, customerpa0_.CreatedDate as Created16_19_0_, customerpa0_.UpdatedBy as Updated17_19_0_, customerpa0_.UpdatedDate as Updated18_19_0_, customerpa0_.CustomerID as Custome19_19_0_, customerpa0_.PaymentCardTypeID as Payment20_19_0_, customerpa0_.PrepaidPricingID as Prepaid21_19_0_ from ylc.customer_payment_details customerpa0_ where customerpa0_.LinePaymentDetailID=? lock in share mode
22:05:36.776 [main] DEBUG org.hibernate.loader.Loader - Static select for entity com.ylc.domain.CustomerPaymentDetail [PESSIMISTIC_WRITE]: select customerpa0_.LinePaymentDetailID as LinePaym1_19_0_, customerpa0_.PaidFor as PaidFor2_19_0_, customerpa0_.PaymentType as PaymentT3_19_0_, customerpa0_.PaymentAmount as PaymentA4_19_0_, customerpa0_.NameOnCard as NameOnCa5_19_0_, customerpa0_.Last4DigitsOfCard as Last6_19_0_, customerpa0_.PaymentConformationCode as PaymentC7_19_0_, customerpa0_.PaymentDate as PaymentD8_19_0_, customerpa0_.NumberOfMinutes as NumberOf9_19_0_, customerpa0_.IsPaidByQuickPay as IsPaidB10_19_0_, customerpa0_.IsInitiatedByInmate as IsIniti11_19_0_, customerpa0_.IsRecurringPayemnt as IsRecur12_19_0_, customerpa0_.IsInvoiceGenerated as IsInvoi13_19_0_, customerpa0_.InvoiceGeneratedDate as Invoice14_19_0_, customerpa0_.CreatedBy as Created15_19_0_, customerpa0_.CreatedDate as Created16_19_0_, customerpa0_.UpdatedBy as Updated17_19_0_, customerpa0_.UpdatedDate as Updated18_19_0_, customerpa0_.CustomerID as Custome19_19_0_, customerpa0_.PaymentCardTypeID as Payment20_19_0_, customerpa0_.PrepaidPricingID as Prepaid21_19_0_ from ylc.customer_payment_details customerpa0_ where customerpa0_.LinePaymentDetailID=? for update
22:05:36.776 [main] DEBUG org.hibernate.loader.Loader - Static select for entity com.ylc.domain.CustomerPaymentDetail [PESSIMISTIC_FORCE_INCREMENT]: select customerpa0_.LinePaymentDetailID as LinePaym1_19_0_, customerpa0_.PaidFor as PaidFor2_19_0_, customerpa0_.PaymentType as PaymentT3_19_0_, customerpa0_.PaymentAmount as PaymentA4_19_0_, customerpa0_.NameOnCard as NameOnCa5_19_0_, customerpa0_.Last4DigitsOfCard as Last6_19_0_, customerpa0_.PaymentConformationCode as PaymentC7_19_0_, customerpa0_.PaymentDate as PaymentD8_19_0_, customerpa0_.NumberOfMinutes as NumberOf9_19_0_, customerpa0_.IsPaidByQuickPay as IsPaidB10_19_0_, customerpa0_.IsInitiatedByInmate as IsIniti11_19_0_, customerpa0_.IsRecurringPayemnt as IsRecur12_19_0_, customerpa0_.IsInvoiceGenerated as IsInvoi13_19_0_, customerpa0_.InvoiceGeneratedDate as Invoice14_19_0_, customerpa0_.CreatedBy as Created15_19_0_, customerpa0_.CreatedDate as Created16_19_0_, customerpa0_.UpdatedBy as Updated17_19_0_, customerpa0_.UpdatedDate as Updated18_19_0_, customerpa0_.CustomerID as Custome19_19_0_, customerpa0_.PaymentCardTypeID as Payment20_19_0_, customerpa0_.PrepaidPricingID as Prepaid21_19_0_ from ylc.customer_payment_details customerpa0_ where customerpa0_.LinePaymentDetailID=? for update
22:05:36.777 [main] DEBUG org.hibernate.loader.Loader - Static select for entity com.ylc.domain.CustomerPaymentDetail [OPTIMISTIC]: select customerpa0_.LinePaymentDetailID as LinePaym1_19_0_, customerpa0_.PaidFor as PaidFor2_19_0_, customerpa0_.PaymentType as PaymentT3_19_0_, customerpa0_.PaymentAmount as PaymentA4_19_0_, customerpa0_.NameOnCard as NameOnCa5_19_0_, customerpa0_.Last4DigitsOfCard as Last6_19_0_, customerpa0_.PaymentConformationCode as PaymentC7_19_0_, customerpa0_.PaymentDate as PaymentD8_19_0_, customerpa0_.NumberOfMinutes as NumberOf9_19_0_, customerpa0_.IsPaidByQuickPay as IsPaidB10_19_0_, customerpa0_.IsInitiatedByInmate as IsIniti11_19_0_, customerpa0_.IsRecurringPayemnt as IsRecur12_19_0_, customerpa0_.IsInvoiceGenerated as IsInvoi13_19_0_, customerpa0_.InvoiceGeneratedDate as Invoice14_19_0_, customerpa0_.CreatedBy as Created15_19_0_, customerpa0_.CreatedDate as Created16_19_0_, customerpa0_.UpdatedBy as Updated17_19_0_, customerpa0_.UpdatedDate as Updated18_19_0_, customerpa0_.CustomerID as Custome19_19_0_, customerpa0_.PaymentCardTypeID as Payment20_19_0_, customerpa0_.PrepaidPricingID as Prepaid21_19_0_ from ylc.customer_payment_details customerpa0_ where customerpa0_.LinePaymentDetailID=?
22:05:36.777 [main] DEBUG org.hibernate.loader.Loader - Static select for entity com.ylc.domain.CustomerPaymentDetail [OPTIMISTIC_FORCE_INCREMENT]: select customerpa0_.LinePaymentDetailID as LinePaym1_19_0_, customerpa0_.PaidFor as PaidFor2_19_0_, customerpa0_.PaymentType as PaymentT3_19_0_, customerpa0_.PaymentAmount as PaymentA4_19_0_, customerpa0_.NameOnCard as NameOnCa5_19_0_, customerpa0_.Last4DigitsOfCard as Last6_19_0_, customerpa0_.PaymentConformationCode as PaymentC7_19_0_, customerpa0_.PaymentDate as PaymentD8_19_0_, customerpa0_.NumberOfMinutes as NumberOf9_19_0_, customerpa0_.IsPaidByQuickPay as IsPaidB10_19_0_, customerpa0_.IsInitiatedByInmate as IsIniti11_19_0_, customerpa0_.IsRecurringPayemnt as IsRecur12_19_0_, customerpa0_.IsInvoiceGenerated as IsInvoi13_19_0_, customerpa0_.InvoiceGeneratedDate as Invoice14_19_0_, customerpa0_.CreatedBy as Created15_19_0_, customerpa0_.CreatedDate as Created16_19_0_, customerpa0_.UpdatedBy as Updated17_19_0_, customerpa0_.UpdatedDate as Updated18_19_0_, customerpa0_.CustomerID as Custome19_19_0_, customerpa0_.PaymentCardTypeID as Payment20_19_0_, customerpa0_.PrepaidPricingID as Prepaid21_19_0_ from ylc.customer_payment_details customerpa0_ where customerpa0_.LinePaymentDetailID=?
22:05:36.777 [main] DEBUG org.hibernate.loader.Loader - Static select for action ACTION_MERGE on entity com.ylc.domain.CustomerPaymentDetail: select customerpa0_.LinePaymentDetailID as LinePaym1_19_0_, customerpa0_.PaidFor as PaidFor2_19_0_, customerpa0_.PaymentType as PaymentT3_19_0_, customerpa0_.PaymentAmount as PaymentA4_19_0_, customerpa0_.NameOnCard as NameOnCa5_19_0_, customerpa0_.Last4DigitsOfCard as Last6_19_0_, customerpa0_.PaymentConformationCode as PaymentC7_19_0_, customerpa0_.PaymentDate as PaymentD8_19_0_, customerpa0_.NumberOfMinutes as NumberOf9_19_0_, customerpa0_.IsPaidByQuickPay as IsPaidB10_19_0_, customerpa0_.IsInitiatedByInmate as IsIniti11_19_0_, customerpa0_.IsRecurringPayemnt as IsRecur12_19_0_, customerpa0_.IsInvoiceGenerated as IsInvoi13_19_0_, customerpa0_.InvoiceGeneratedDate as Invoice14_19_0_, customerpa0_.CreatedBy as Created15_19_0_, customerpa0_.CreatedDate as Created16_19_0_, customerpa0_.UpdatedBy as Updated17_19_0_, customerpa0_.UpdatedDate as Updated18_19_0_, customerpa0_.CustomerID as Custome19_19_0_, customerpa0_.PaymentCardTypeID as Payment20_19_0_, customerpa0_.PrepaidPricingID as Prepaid21_19_0_ from ylc.customer_payment_details customerpa0_ where customerpa0_.LinePaymentDetailID=?
22:05:36.778 [main] DEBUG org.hibernate.loader.Loader - Static select for action ACTION_REFRESH on entity com.ylc.domain.CustomerPaymentDetail: select customerpa0_.LinePaymentDetailID as LinePaym1_19_0_, customerpa0_.PaidFor as PaidFor2_19_0_, customerpa0_.PaymentType as PaymentT3_19_0_, customerpa0_.PaymentAmount as PaymentA4_19_0_, customerpa0_.NameOnCard as NameOnCa5_19_0_, customerpa0_.Last4DigitsOfCard as Last6_19_0_, customerpa0_.PaymentConformationCode as PaymentC7_19_0_, customerpa0_.PaymentDate as PaymentD8_19_0_, customerpa0_.NumberOfMinutes as NumberOf9_19_0_, customerpa0_.IsPaidByQuickPay as IsPaidB10_19_0_, customerpa0_.IsInitiatedByInmate as IsIniti11_19_0_, customerpa0_.IsRecurringPayemnt as IsRecur12_19_0_, customerpa0_.IsInvoiceGenerated as IsInvoi13_19_0_, customerpa0_.InvoiceGeneratedDate as Invoice14_19_0_, customerpa0_.CreatedBy as Created15_19_0_, customerpa0_.CreatedDate as Created16_19_0_, customerpa0_.UpdatedBy as Updated17_19_0_, customerpa0_.UpdatedDate as Updated18_19_0_, customerpa0_.CustomerID as Custome19_19_0_, customerpa0_.PaymentCardTypeID as Payment20_19_0_, customerpa0_.PrepaidPricingID as Prepaid21_19_0_ from ylc.customer_payment_details customerpa0_ where customerpa0_.LinePaymentDetailID=?
22:05:36.778 [main] DEBUG org.hibernate.loader.Loader - Static select for entity com.ylc.domain.CallLog [NONE]: select calllog0_.LineCallLogID as LineCall1_1_0_, calllog0_.LocalLineNumber as LocalLin2_1_0_, calllog0_.DestinationLineNumber as Destinat3_1_0_, calllog0_.CallStartDateTime as CallStar4_1_0_, calllog0_.CallEndDateTime as CallEndD5_1_0_, calllog0_.CallDuration as CallDura6_1_0_, calllog0_.MinutesLeft as MinutesL7_1_0_, calllog0_.CreatedBy as CreatedB8_1_0_, calllog0_.CreatedDate as CreatedD9_1_0_, calllog0_.UpdatedBy as Updated10_1_0_, calllog0_.UpdatedDate as Updated11_1_0_, calllog0_.LinePaymentDetailID as LinePay12_1_0_ from call_log calllog0_ where calllog0_.LineCallLogID=?
22:05:36.779 [main] DEBUG org.hibernate.loader.Loader - Static select for entity com.ylc.domain.CallLog [READ]: select calllog0_.LineCallLogID as LineCall1_1_0_, calllog0_.LocalLineNumber as LocalLin2_1_0_, calllog0_.DestinationLineNumber as Destinat3_1_0_, calllog0_.CallStartDateTime as CallStar4_1_0_, calllog0_.CallEndDateTime as CallEndD5_1_0_, calllog0_.CallDuration as CallDura6_1_0_, calllog0_.MinutesLeft as MinutesL7_1_0_, calllog0_.CreatedBy as CreatedB8_1_0_, calllog0_.CreatedDate as CreatedD9_1_0_, calllog0_.UpdatedBy as Updated10_1_0_, calllog0_.UpdatedDate as Updated11_1_0_, calllog0_.LinePaymentDetailID as LinePay12_1_0_ from call_log calllog0_ where calllog0_.LineCallLogID=?
22:05:36.779 [main] DEBUG org.hibernate.loader.Loader - Static select for entity com.ylc.domain.CallLog [UPGRADE]: select calllog0_.LineCallLogID as LineCall1_1_0_, calllog0_.LocalLineNumber as LocalLin2_1_0_, calllog0_.DestinationLineNumber as Destinat3_1_0_, calllog0_.CallStartDateTime as CallStar4_1_0_, calllog0_.CallEndDateTime as CallEndD5_1_0_, calllog0_.CallDuration as CallDura6_1_0_, calllog0_.MinutesLeft as MinutesL7_1_0_, calllog0_.CreatedBy as CreatedB8_1_0_, calllog0_.CreatedDate as CreatedD9_1_0_, calllog0_.UpdatedBy as Updated10_1_0_, calllog0_.UpdatedDate as Updated11_1_0_, calllog0_.LinePaymentDetailID as LinePay12_1_0_ from call_log calllog0_ where calllog0_.LineCallLogID=? for update
22:05:36.780 [main] DEBUG org.hibernate.loader.Loader - Static select for entity com.ylc.domain.CallLog [UPGRADE_NOWAIT]: select calllog0_.LineCallLogID as LineCall1_1_0_, calllog0_.LocalLineNumber as LocalLin2_1_0_, calllog0_.DestinationLineNumber as Destinat3_1_0_, calllog0_.CallStartDateTime as CallStar4_1_0_, calllog0_.CallEndDateTime as CallEndD5_1_0_, calllog0_.CallDuration as CallDura6_1_0_, calllog0_.MinutesLeft as MinutesL7_1_0_, calllog0_.CreatedBy as CreatedB8_1_0_, calllog0_.CreatedDate as CreatedD9_1_0_, calllog0_.UpdatedBy as Updated10_1_0_, calllog0_.UpdatedDate as Updated11_1_0_, calllog0_.LinePaymentDetailID as LinePay12_1_0_ from call_log calllog0_ where calllog0_.LineCallLogID=? for update
22:05:36.781 [main] DEBUG org.hibernate.loader.Loader - Static select for entity com.ylc.domain.CallLog [FORCE]: select calllog0_.LineCallLogID as LineCall1_1_0_, calllog0_.LocalLineNumber as LocalLin2_1_0_, calllog0_.DestinationLineNumber as Destinat3_1_0_, calllog0_.CallStartDateTime as CallStar4_1_0_, calllog0_.CallEndDateTime as CallEndD5_1_0_, calllog0_.CallDuration as CallDura6_1_0_, calllog0_.MinutesLeft as MinutesL7_1_0_, calllog0_.CreatedBy as CreatedB8_1_0_, calllog0_.CreatedDate as CreatedD9_1_0_, calllog0_.UpdatedBy as Updated10_1_0_, calllog0_.UpdatedDate as Updated11_1_0_, calllog0_.LinePaymentDetailID as LinePay12_1_0_ from call_log calllog0_ where calllog0_.LineCallLogID=? for update
22:05:36.781 [main] DEBUG org.hibernate.loader.Loader - Static select for entity com.ylc.domain.CallLog [PESSIMISTIC_READ]: select calllog0_.LineCallLogID as LineCall1_1_0_, calllog0_.LocalLineNumber as LocalLin2_1_0_, calllog0_.DestinationLineNumber as Destinat3_1_0_, calllog0_.CallStartDateTime as CallStar4_1_0_, calllog0_.CallEndDateTime as CallEndD5_1_0_, calllog0_.CallDuration as CallDura6_1_0_, calllog0_.MinutesLeft as MinutesL7_1_0_, calllog0_.CreatedBy as CreatedB8_1_0_, calllog0_.CreatedDate as CreatedD9_1_0_, calllog0_.UpdatedBy as Updated10_1_0_, calllog0_.UpdatedDate as Updated11_1_0_, calllog0_.LinePaymentDetailID as LinePay12_1_0_ from call_log calllog0_ where calllog0_.LineCallLogID=? lock in share mode
22:05:36.781 [main] DEBUG org.hibernate.loader.Loader - Static select for entity com.ylc.domain.CallLog [PESSIMISTIC_WRITE]: select calllog0_.LineCallLogID as LineCall1_1_0_, calllog0_.LocalLineNumber as LocalLin2_1_0_, calllog0_.DestinationLineNumber as Destinat3_1_0_, calllog0_.CallStartDateTime as CallStar4_1_0_, calllog0_.CallEndDateTime as CallEndD5_1_0_, calllog0_.CallDuration as CallDura6_1_0_, calllog0_.MinutesLeft as MinutesL7_1_0_, calllog0_.CreatedBy as CreatedB8_1_0_, calllog0_.CreatedDate as CreatedD9_1_0_, calllog0_.UpdatedBy as Updated10_1_0_, calllog0_.UpdatedDate as Updated11_1_0_, calllog0_.LinePaymentDetailID as LinePay12_1_0_ from call_log calllog0_ where calllog0_.LineCallLogID=? for update
22:05:36.782 [main] DEBUG org.hibernate.loader.Loader - Static select for entity com.ylc.domain.CallLog [PESSIMISTIC_FORCE_INCREMENT]: select calllog0_.LineCallLogID as LineCall1_1_0_, calllog0_.LocalLineNumber as LocalLin2_1_0_, calllog0_.DestinationLineNumber as Destinat3_1_0_, calllog0_.CallStartDateTime as CallStar4_1_0_, calllog0_.CallEndDateTime as CallEndD5_1_0_, calllog0_.CallDuration as CallDura6_1_0_, calllog0_.MinutesLeft as MinutesL7_1_0_, calllog0_.CreatedBy as CreatedB8_1_0_, calllog0_.CreatedDate as CreatedD9_1_0_, calllog0_.UpdatedBy as Updated10_1_0_, calllog0_.UpdatedDate as Updated11_1_0_, calllog0_.LinePaymentDetailID as LinePay12_1_0_ from call_log calllog0_ where calllog0_.LineCallLogID=? for update
22:05:36.782 [main] DEBUG org.hibernate.loader.Loader - Static select for entity com.ylc.domain.CallLog [OPTIMISTIC]: select calllog0_.LineCallLogID as LineCall1_1_0_, calllog0_.LocalLineNumber as LocalLin2_1_0_, calllog0_.DestinationLineNumber as Destinat3_1_0_, calllog0_.CallStartDateTime as CallStar4_1_0_, calllog0_.CallEndDateTime as CallEndD5_1_0_, calllog0_.CallDuration as CallDura6_1_0_, calllog0_.MinutesLeft as MinutesL7_1_0_, calllog0_.CreatedBy as CreatedB8_1_0_, calllog0_.CreatedDate as CreatedD9_1_0_, calllog0_.UpdatedBy as Updated10_1_0_, calllog0_.UpdatedDate as Updated11_1_0_, calllog0_.LinePaymentDetailID as LinePay12_1_0_ from call_log calllog0_ where calllog0_.LineCallLogID=?
22:05:36.782 [main] DEBUG org.hibernate.loader.Loader - Static select for entity com.ylc.domain.CallLog [OPTIMISTIC_FORCE_INCREMENT]: select calllog0_.LineCallLogID as LineCall1_1_0_, calllog0_.LocalLineNumber as LocalLin2_1_0_, calllog0_.DestinationLineNumber as Destinat3_1_0_, calllog0_.CallStartDateTime as CallStar4_1_0_, calllog0_.CallEndDateTime as CallEndD5_1_0_, calllog0_.CallDuration as CallDura6_1_0_, calllog0_.MinutesLeft as MinutesL7_1_0_, calllog0_.CreatedBy as CreatedB8_1_0_, calllog0_.CreatedDate as CreatedD9_1_0_, calllog0_.UpdatedBy as Updated10_1_0_, calllog0_.UpdatedDate as Updated11_1_0_, calllog0_.LinePaymentDetailID as LinePay12_1_0_ from call_log calllog0_ where calllog0_.LineCallLogID=?
22:05:36.783 [main] DEBUG org.hibernate.loader.Loader - Static select for action ACTION_MERGE on entity com.ylc.domain.CallLog: select calllog0_.LineCallLogID as LineCall1_1_0_, calllog0_.LocalLineNumber as LocalLin2_1_0_, calllog0_.DestinationLineNumber as Destinat3_1_0_, calllog0_.CallStartDateTime as CallStar4_1_0_, calllog0_.CallEndDateTime as CallEndD5_1_0_, calllog0_.CallDuration as CallDura6_1_0_, calllog0_.MinutesLeft as MinutesL7_1_0_, calllog0_.CreatedBy as CreatedB8_1_0_, calllog0_.CreatedDate as CreatedD9_1_0_, calllog0_.UpdatedBy as Updated10_1_0_, calllog0_.UpdatedDate as Updated11_1_0_, calllog0_.LinePaymentDetailID as LinePay12_1_0_ from call_log calllog0_ where calllog0_.LineCallLogID=?
22:05:36.783 [main] DEBUG org.hibernate.loader.Loader - Static select for action ACTION_REFRESH on entity com.ylc.domain.CallLog: select calllog0_.LineCallLogID as LineCall1_1_0_, calllog0_.LocalLineNumber as LocalLin2_1_0_, calllog0_.DestinationLineNumber as Destinat3_1_0_, calllog0_.CallStartDateTime as CallStar4_1_0_, calllog0_.CallEndDateTime as CallEndD5_1_0_, calllog0_.CallDuration as CallDura6_1_0_, calllog0_.MinutesLeft as MinutesL7_1_0_, calllog0_.CreatedBy as CreatedB8_1_0_, calllog0_.CreatedDate as CreatedD9_1_0_, calllog0_.UpdatedBy as Updated10_1_0_, calllog0_.UpdatedDate as Updated11_1_0_, calllog0_.LinePaymentDetailID as LinePay12_1_0_ from call_log calllog0_ where calllog0_.LineCallLogID=?
22:05:36.783 [main] DEBUG org.hibernate.loader.Loader - Static select for entity com.ylc.domain.State [NONE]: select state0_.StateID as StateID1_17_0_, state0_.StateName as StateNam2_17_0_, state0_.StateAbbr as StateAbb3_17_0_ from states state0_ where state0_.StateID=?
22:05:36.783 [main] DEBUG org.hibernate.loader.Loader - Static select for entity com.ylc.domain.State [READ]: select state0_.StateID as StateID1_17_0_, state0_.StateName as StateNam2_17_0_, state0_.StateAbbr as StateAbb3_17_0_ from states state0_ where state0_.StateID=?
22:05:36.783 [main] DEBUG org.hibernate.loader.Loader - Static select for entity com.ylc.domain.State [UPGRADE]: select state0_.StateID as StateID1_17_0_, state0_.StateName as StateNam2_17_0_, state0_.StateAbbr as StateAbb3_17_0_ from states state0_ where state0_.StateID=? for update
22:05:36.783 [main] DEBUG org.hibernate.loader.Loader - Static select for entity com.ylc.domain.State [UPGRADE_NOWAIT]: select state0_.StateID as StateID1_17_0_, state0_.StateName as StateNam2_17_0_, state0_.StateAbbr as StateAbb3_17_0_ from states state0_ where state0_.StateID=? for update
22:05:36.784 [main] DEBUG org.hibernate.loader.Loader - Static select for entity com.ylc.domain.State [FORCE]: select state0_.StateID as StateID1_17_0_, state0_.StateName as StateNam2_17_0_, state0_.StateAbbr as StateAbb3_17_0_ from states state0_ where state0_.StateID=? for update
22:05:36.785 [main] DEBUG org.hibernate.loader.Loader - Static select for entity com.ylc.domain.State [PESSIMISTIC_READ]: select state0_.StateID as StateID1_17_0_, state0_.StateName as StateNam2_17_0_, state0_.StateAbbr as StateAbb3_17_0_ from states state0_ where state0_.StateID=? lock in share mode
22:05:36.785 [main] DEBUG org.hibernate.loader.Loader - Static select for entity com.ylc.domain.State [PESSIMISTIC_WRITE]: select state0_.StateID as StateID1_17_0_, state0_.StateName as StateNam2_17_0_, state0_.StateAbbr as StateAbb3_17_0_ from states state0_ where state0_.StateID=? for update
22:05:36.785 [main] DEBUG org.hibernate.loader.Loader - Static select for entity com.ylc.domain.State [PESSIMISTIC_FORCE_INCREMENT]: select state0_.StateID as StateID1_17_0_, state0_.StateName as StateNam2_17_0_, state0_.StateAbbr as StateAbb3_17_0_ from states state0_ where state0_.StateID=? for update
22:05:36.785 [main] DEBUG org.hibernate.loader.Loader - Static select for entity com.ylc.domain.State [OPTIMISTIC]: select state0_.StateID as StateID1_17_0_, state0_.StateName as StateNam2_17_0_, state0_.StateAbbr as StateAbb3_17_0_ from states state0_ where state0_.StateID=?
22:05:36.785 [main] DEBUG org.hibernate.loader.Loader - Static select for entity com.ylc.domain.State [OPTIMISTIC_FORCE_INCREMENT]: select state0_.StateID as StateID1_17_0_, state0_.StateName as StateNam2_17_0_, state0_.StateAbbr as StateAbb3_17_0_ from states state0_ where state0_.StateID=?
22:05:36.785 [main] DEBUG org.hibernate.loader.Loader - Static select for action ACTION_MERGE on entity com.ylc.domain.State: select state0_.StateID as StateID1_17_0_, state0_.StateName as StateNam2_17_0_, state0_.StateAbbr as StateAbb3_17_0_ from states state0_ where state0_.StateID=?
22:05:36.785 [main] DEBUG org.hibernate.loader.Loader - Static select for action ACTION_REFRESH on entity com.ylc.domain.State: select state0_.StateID as StateID1_17_0_, state0_.StateName as StateNam2_17_0_, state0_.StateAbbr as StateAbb3_17_0_ from states state0_ where state0_.StateID=?
22:05:36.786 [main] DEBUG org.hibernate.loader.Loader - Static select for entity com.ylc.domain.InmateReferral [NONE]: select inmaterefe0_.InmateReferralID as InmateRe1_9_0_, inmaterefe0_.InmateID as InmateID2_9_0_, inmaterefe0_.ReferredByID as Referred3_9_0_ from inmate_referrals inmaterefe0_ where inmaterefe0_.InmateReferralID=?
22:05:36.786 [main] DEBUG org.hibernate.loader.Loader - Static select for entity com.ylc.domain.InmateReferral [READ]: select inmaterefe0_.InmateReferralID as InmateRe1_9_0_, inmaterefe0_.InmateID as InmateID2_9_0_, inmaterefe0_.ReferredByID as Referred3_9_0_ from inmate_referrals inmaterefe0_ where inmaterefe0_.InmateReferralID=?
22:05:36.786 [main] DEBUG org.hibernate.loader.Loader - Static select for entity com.ylc.domain.InmateReferral [UPGRADE]: select inmaterefe0_.InmateReferralID as InmateRe1_9_0_, inmaterefe0_.InmateID as InmateID2_9_0_, inmaterefe0_.ReferredByID as Referred3_9_0_ from inmate_referrals inmaterefe0_ where inmaterefe0_.InmateReferralID=? for update
22:05:36.786 [main] DEBUG org.hibernate.loader.Loader - Static select for entity com.ylc.domain.InmateReferral [UPGRADE_NOWAIT]: select inmaterefe0_.InmateReferralID as InmateRe1_9_0_, inmaterefe0_.InmateID as InmateID2_9_0_, inmaterefe0_.ReferredByID as Referred3_9_0_ from inmate_referrals inmaterefe0_ where inmaterefe0_.InmateReferralID=? for update
22:05:36.786 [main] DEBUG org.hibernate.loader.Loader - Static select for entity com.ylc.domain.InmateReferral [FORCE]: select inmaterefe0_.InmateReferralID as InmateRe1_9_0_, inmaterefe0_.InmateID as InmateID2_9_0_, inmaterefe0_.ReferredByID as Referred3_9_0_ from inmate_referrals inmaterefe0_ where inmaterefe0_.InmateReferralID=? for update
22:05:36.787 [main] DEBUG org.hibernate.loader.Loader - Static select for entity com.ylc.domain.InmateReferral [PESSIMISTIC_READ]: select inmaterefe0_.InmateReferralID as InmateRe1_9_0_, inmaterefe0_.InmateID as InmateID2_9_0_, inmaterefe0_.ReferredByID as Referred3_9_0_ from inmate_referrals inmaterefe0_ where inmaterefe0_.InmateReferralID=? lock in share mode
22:05:36.787 [main] DEBUG org.hibernate.loader.Loader - Static select for entity com.ylc.domain.InmateReferral [PESSIMISTIC_WRITE]: select inmaterefe0_.InmateReferralID as InmateRe1_9_0_, inmaterefe0_.InmateID as InmateID2_9_0_, inmaterefe0_.ReferredByID as Referred3_9_0_ from inmate_referrals inmaterefe0_ where inmaterefe0_.InmateReferralID=? for update
22:05:36.787 [main] DEBUG org.hibernate.loader.Loader - Static select for entity com.ylc.domain.InmateReferral [PESSIMISTIC_FORCE_INCREMENT]: select inmaterefe0_.InmateReferralID as InmateRe1_9_0_, inmaterefe0_.InmateID as InmateID2_9_0_, inmaterefe0_.ReferredByID as Referred3_9_0_ from inmate_referrals inmaterefe0_ where inmaterefe0_.InmateReferralID=? for update
22:05:36.788 [main] DEBUG org.hibernate.loader.Loader - Static select for entity com.ylc.domain.InmateReferral [OPTIMISTIC]: select inmaterefe0_.InmateReferralID as InmateRe1_9_0_, inmaterefe0_.InmateID as InmateID2_9_0_, inmaterefe0_.ReferredByID as Referred3_9_0_ from inmate_referrals inmaterefe0_ where inmaterefe0_.InmateReferralID=?
22:05:36.790 [main] DEBUG org.hibernate.loader.Loader - Static select for entity com.ylc.domain.InmateReferral [OPTIMISTIC_FORCE_INCREMENT]: select inmaterefe0_.InmateReferralID as InmateRe1_9_0_, inmaterefe0_.InmateID as InmateID2_9_0_, inmaterefe0_.ReferredByID as Referred3_9_0_ from inmate_referrals inmaterefe0_ where inmaterefe0_.InmateReferralID=?
22:05:36.790 [main] DEBUG org.hibernate.loader.Loader - Static select for action ACTION_MERGE on entity com.ylc.domain.InmateReferral: select inmaterefe0_.InmateReferralID as InmateRe1_9_0_, inmaterefe0_.InmateID as InmateID2_9_0_, inmaterefe0_.ReferredByID as Referred3_9_0_ from inmate_referrals inmaterefe0_ where inmaterefe0_.InmateReferralID=?
22:05:36.790 [main] DEBUG org.hibernate.loader.Loader - Static select for action ACTION_REFRESH on entity com.ylc.domain.InmateReferral: select inmaterefe0_.InmateReferralID as InmateRe1_9_0_, inmaterefe0_.InmateID as InmateID2_9_0_, inmaterefe0_.ReferredByID as Referred3_9_0_ from inmate_referrals inmaterefe0_ where inmaterefe0_.InmateReferralID=?
22:05:36.790 [main] DEBUG org.hibernate.loader.Loader - Static select for entity com.ylc.domain.CustomerLinePaymentDetail [NONE]: select customerli0_.LinePaymentDetailID as LinePaym1_3_0_, customerli0_.PaidFor as PaidFor2_3_0_, customerli0_.PaymentType as PaymentT3_3_0_, customerli0_.PaymentAmount as PaymentA4_3_0_, customerli0_.NameOnCard as NameOnCa5_3_0_, customerli0_.Last4DigitsOfCard as Last6_3_0_, customerli0_.PaymentConformationCode as PaymentC7_3_0_, customerli0_.PaymentDate as PaymentD8_3_0_, customerli0_.NumberOfMinutes as NumberOf9_3_0_, customerli0_.IsPaidByQuickPay as IsPaidB10_3_0_, customerli0_.IsInitiatedByInmate as IsIniti11_3_0_, customerli0_.IsRecurringPayemnt as IsRecur12_3_0_, customerli0_.IsInvoiceGenerated as IsInvoi13_3_0_, customerli0_.InvoiceGeneratedDate as Invoice14_3_0_, customerli0_.CreatedBy as Created15_3_0_, customerli0_.CreatedDate as Created16_3_0_, customerli0_.UpdatedBy as Updated17_3_0_, customerli0_.UpdatedDate as Updated18_3_0_, customerli0_.CustomerLineID as Custome19_3_0_, customerli0_.PaymentCardTypeID as Payment20_3_0_, customerli0_.PrepaidPricingID as Prepaid21_3_0_ from customer_line_payment_details customerli0_ where customerli0_.LinePaymentDetailID=?
22:05:36.791 [main] DEBUG org.hibernate.loader.Loader - Static select for entity com.ylc.domain.CustomerLinePaymentDetail [READ]: select customerli0_.LinePaymentDetailID as LinePaym1_3_0_, customerli0_.PaidFor as PaidFor2_3_0_, customerli0_.PaymentType as PaymentT3_3_0_, customerli0_.PaymentAmount as PaymentA4_3_0_, customerli0_.NameOnCard as NameOnCa5_3_0_, customerli0_.Last4DigitsOfCard as Last6_3_0_, customerli0_.PaymentConformationCode as PaymentC7_3_0_, customerli0_.PaymentDate as PaymentD8_3_0_, customerli0_.NumberOfMinutes as NumberOf9_3_0_, customerli0_.IsPaidByQuickPay as IsPaidB10_3_0_, customerli0_.IsInitiatedByInmate as IsIniti11_3_0_, customerli0_.IsRecurringPayemnt as IsRecur12_3_0_, customerli0_.IsInvoiceGenerated as IsInvoi13_3_0_, customerli0_.InvoiceGeneratedDate as Invoice14_3_0_, customerli0_.CreatedBy as Created15_3_0_, customerli0_.CreatedDate as Created16_3_0_, customerli0_.UpdatedBy as Updated17_3_0_, customerli0_.UpdatedDate as Updated18_3_0_, customerli0_.CustomerLineID as Custome19_3_0_, customerli0_.PaymentCardTypeID as Payment20_3_0_, customerli0_.PrepaidPricingID as Prepaid21_3_0_ from customer_line_payment_details customerli0_ where customerli0_.LinePaymentDetailID=?
22:05:36.791 [main] DEBUG org.hibernate.loader.Loader - Static select for entity com.ylc.domain.CustomerLinePaymentDetail [UPGRADE]: select customerli0_.LinePaymentDetailID as LinePaym1_3_0_, customerli0_.PaidFor as PaidFor2_3_0_, customerli0_.PaymentType as PaymentT3_3_0_, customerli0_.PaymentAmount as PaymentA4_3_0_, customerli0_.NameOnCard as NameOnCa5_3_0_, customerli0_.Last4DigitsOfCard as Last6_3_0_, customerli0_.PaymentConformationCode as PaymentC7_3_0_, customerli0_.PaymentDate as PaymentD8_3_0_, customerli0_.NumberOfMinutes as NumberOf9_3_0_, customerli0_.IsPaidByQuickPay as IsPaidB10_3_0_, customerli0_.IsInitiatedByInmate as IsIniti11_3_0_, customerli0_.IsRecurringPayemnt as IsRecur12_3_0_, customerli0_.IsInvoiceGenerated as IsInvoi13_3_0_, customerli0_.InvoiceGeneratedDate as Invoice14_3_0_, customerli0_.CreatedBy as Created15_3_0_, customerli0_.CreatedDate as Created16_3_0_, customerli0_.UpdatedBy as Updated17_3_0_, customerli0_.UpdatedDate as Updated18_3_0_, customerli0_.CustomerLineID as Custome19_3_0_, customerli0_.PaymentCardTypeID as Payment20_3_0_, customerli0_.PrepaidPricingID as Prepaid21_3_0_ from customer_line_payment_details customerli0_ where customerli0_.LinePaymentDetailID=? for update
22:05:36.793 [main] DEBUG org.hibernate.loader.Loader - Static select for entity com.ylc.domain.CustomerLinePaymentDetail [UPGRADE_NOWAIT]: select customerli0_.LinePaymentDetailID as LinePaym1_3_0_, customerli0_.PaidFor as PaidFor2_3_0_, customerli0_.PaymentType as PaymentT3_3_0_, customerli0_.PaymentAmount as PaymentA4_3_0_, customerli0_.NameOnCard as NameOnCa5_3_0_, customerli0_.Last4DigitsOfCard as Last6_3_0_, customerli0_.PaymentConformationCode as PaymentC7_3_0_, customerli0_.PaymentDate as PaymentD8_3_0_, customerli0_.NumberOfMinutes as NumberOf9_3_0_, customerli0_.IsPaidByQuickPay as IsPaidB10_3_0_, customerli0_.IsInitiatedByInmate as IsIniti11_3_0_, customerli0_.IsRecurringPayemnt as IsRecur12_3_0_, customerli0_.IsInvoiceGenerated as IsInvoi13_3_0_, customerli0_.InvoiceGeneratedDate as Invoice14_3_0_, customerli0_.CreatedBy as Created15_3_0_, customerli0_.CreatedDate as Created16_3_0_, customerli0_.UpdatedBy as Updated17_3_0_, customerli0_.UpdatedDate as Updated18_3_0_, customerli0_.CustomerLineID as Custome19_3_0_, customerli0_.PaymentCardTypeID as Payment20_3_0_, customerli0_.PrepaidPricingID as Prepaid21_3_0_ from customer_line_payment_details customerli0_ where customerli0_.LinePaymentDetailID=? for update
22:05:36.794 [main] DEBUG org.hibernate.loader.Loader - Static select for entity com.ylc.domain.CustomerLinePaymentDetail [FORCE]: select customerli0_.LinePaymentDetailID as LinePaym1_3_0_, customerli0_.PaidFor as PaidFor2_3_0_, customerli0_.PaymentType as PaymentT3_3_0_, customerli0_.PaymentAmount as PaymentA4_3_0_, customerli0_.NameOnCard as NameOnCa5_3_0_, customerli0_.Last4DigitsOfCard as Last6_3_0_, customerli0_.PaymentConformationCode as PaymentC7_3_0_, customerli0_.PaymentDate as PaymentD8_3_0_, customerli0_.NumberOfMinutes as NumberOf9_3_0_, customerli0_.IsPaidByQuickPay as IsPaidB10_3_0_, customerli0_.IsInitiatedByInmate as IsIniti11_3_0_, customerli0_.IsRecurringPayemnt as IsRecur12_3_0_, customerli0_.IsInvoiceGenerated as IsInvoi13_3_0_, customerli0_.InvoiceGeneratedDate as Invoice14_3_0_, customerli0_.CreatedBy as Created15_3_0_, customerli0_.CreatedDate as Created16_3_0_, customerli0_.UpdatedBy as Updated17_3_0_, customerli0_.UpdatedDate as Updated18_3_0_, customerli0_.CustomerLineID as Custome19_3_0_, customerli0_.PaymentCardTypeID as Payment20_3_0_, customerli0_.PrepaidPricingID as Prepaid21_3_0_ from customer_line_payment_details customerli0_ where customerli0_.LinePaymentDetailID=? for update
22:05:36.794 [main] DEBUG org.hibernate.loader.Loader - Static select for entity com.ylc.domain.CustomerLinePaymentDetail [PESSIMISTIC_READ]: select customerli0_.LinePaymentDetailID as LinePaym1_3_0_, customerli0_.PaidFor as PaidFor2_3_0_, customerli0_.PaymentType as PaymentT3_3_0_, customerli0_.PaymentAmount as PaymentA4_3_0_, customerli0_.NameOnCard as NameOnCa5_3_0_, customerli0_.Last4DigitsOfCard as Last6_3_0_, customerli0_.PaymentConformationCode as PaymentC7_3_0_, customerli0_.PaymentDate as PaymentD8_3_0_, customerli0_.NumberOfMinutes as NumberOf9_3_0_, customerli0_.IsPaidByQuickPay as IsPaidB10_3_0_, customerli0_.IsInitiatedByInmate as IsIniti11_3_0_, customerli0_.IsRecurringPayemnt as IsRecur12_3_0_, customerli0_.IsInvoiceGenerated as IsInvoi13_3_0_, customerli0_.InvoiceGeneratedDate as Invoice14_3_0_, customerli0_.CreatedBy as Created15_3_0_, customerli0_.CreatedDate as Created16_3_0_, customerli0_.UpdatedBy as Updated17_3_0_, customerli0_.UpdatedDate as Updated18_3_0_, customerli0_.CustomerLineID as Custome19_3_0_, customerli0_.PaymentCardTypeID as Payment20_3_0_, customerli0_.PrepaidPricingID as Prepaid21_3_0_ from customer_line_payment_details customerli0_ where customerli0_.LinePaymentDetailID=? lock in share mode
22:05:36.794 [main] DEBUG org.hibernate.loader.Loader - Static select for entity com.ylc.domain.CustomerLinePaymentDetail [PESSIMISTIC_WRITE]: select customerli0_.LinePaymentDetailID as LinePaym1_3_0_, customerli0_.PaidFor as PaidFor2_3_0_, customerli0_.PaymentType as PaymentT3_3_0_, customerli0_.PaymentAmount as PaymentA4_3_0_, customerli0_.NameOnCard as NameOnCa5_3_0_, customerli0_.Last4DigitsOfCard as Last6_3_0_, customerli0_.PaymentConformationCode as PaymentC7_3_0_, customerli0_.PaymentDate as PaymentD8_3_0_, customerli0_.NumberOfMinutes as NumberOf9_3_0_, customerli0_.IsPaidByQuickPay as IsPaidB10_3_0_, customerli0_.IsInitiatedByInmate as IsIniti11_3_0_, customerli0_.IsRecurringPayemnt as IsRecur12_3_0_, customerli0_.IsInvoiceGenerated as IsInvoi13_3_0_, customerli0_.InvoiceGeneratedDate as Invoice14_3_0_, customerli0_.CreatedBy as Created15_3_0_, customerli0_.CreatedDate as Created16_3_0_, customerli0_.UpdatedBy as Updated17_3_0_, customerli0_.UpdatedDate as Updated18_3_0_, customerli0_.CustomerLineID as Custome19_3_0_, customerli0_.PaymentCardTypeID as Payment20_3_0_, customerli0_.PrepaidPricingID as Prepaid21_3_0_ from customer_line_payment_details customerli0_ where customerli0_.LinePaymentDetailID=? for update
22:05:36.795 [main] DEBUG org.hibernate.loader.Loader - Static select for entity com.ylc.domain.CustomerLinePaymentDetail [PESSIMISTIC_FORCE_INCREMENT]: select customerli0_.LinePaymentDetailID as LinePaym1_3_0_, customerli0_.PaidFor as PaidFor2_3_0_, customerli0_.PaymentType as PaymentT3_3_0_, customerli0_.PaymentAmount as PaymentA4_3_0_, customerli0_.NameOnCard as NameOnCa5_3_0_, customerli0_.Last4DigitsOfCard as Last6_3_0_, customerli0_.PaymentConformationCode as PaymentC7_3_0_, customerli0_.PaymentDate as PaymentD8_3_0_, customerli0_.NumberOfMinutes as NumberOf9_3_0_, customerli0_.IsPaidByQuickPay as IsPaidB10_3_0_, customerli0_.IsInitiatedByInmate as IsIniti11_3_0_, customerli0_.IsRecurringPayemnt as IsRecur12_3_0_, customerli0_.IsInvoiceGenerated as IsInvoi13_3_0_, customerli0_.InvoiceGeneratedDate as Invoice14_3_0_, customerli0_.CreatedBy as Created15_3_0_, customerli0_.CreatedDate as Created16_3_0_, customerli0_.UpdatedBy as Updated17_3_0_, customerli0_.UpdatedDate as Updated18_3_0_, customerli0_.CustomerLineID as Custome19_3_0_, customerli0_.PaymentCardTypeID as Payment20_3_0_, customerli0_.PrepaidPricingID as Prepaid21_3_0_ from customer_line_payment_details customerli0_ where customerli0_.LinePaymentDetailID=? for update
22:05:36.796 [main] DEBUG org.hibernate.loader.Loader - Static select for entity com.ylc.domain.CustomerLinePaymentDetail [OPTIMISTIC]: select customerli0_.LinePaymentDetailID as LinePaym1_3_0_, customerli0_.PaidFor as PaidFor2_3_0_, customerli0_.PaymentType as PaymentT3_3_0_, customerli0_.PaymentAmount as PaymentA4_3_0_, customerli0_.NameOnCard as NameOnCa5_3_0_, customerli0_.Last4DigitsOfCard as Last6_3_0_, customerli0_.PaymentConformationCode as PaymentC7_3_0_, customerli0_.PaymentDate as PaymentD8_3_0_, customerli0_.NumberOfMinutes as NumberOf9_3_0_, customerli0_.IsPaidByQuickPay as IsPaidB10_3_0_, customerli0_.IsInitiatedByInmate as IsIniti11_3_0_, customerli0_.IsRecurringPayemnt as IsRecur12_3_0_, customerli0_.IsInvoiceGenerated as IsInvoi13_3_0_, customerli0_.InvoiceGeneratedDate as Invoice14_3_0_, customerli0_.CreatedBy as Created15_3_0_, customerli0_.CreatedDate as Created16_3_0_, customerli0_.UpdatedBy as Updated17_3_0_, customerli0_.UpdatedDate as Updated18_3_0_, customerli0_.CustomerLineID as Custome19_3_0_, customerli0_.PaymentCardTypeID as Payment20_3_0_, customerli0_.PrepaidPricingID as Prepaid21_3_0_ from customer_line_payment_details customerli0_ where customerli0_.LinePaymentDetailID=?
22:05:36.796 [main] DEBUG org.hibernate.loader.Loader - Static select for entity com.ylc.domain.CustomerLinePaymentDetail [OPTIMISTIC_FORCE_INCREMENT]: select customerli0_.LinePaymentDetailID as LinePaym1_3_0_, customerli0_.PaidFor as PaidFor2_3_0_, customerli0_.PaymentType as PaymentT3_3_0_, customerli0_.PaymentAmount as PaymentA4_3_0_, customerli0_.NameOnCard as NameOnCa5_3_0_, customerli0_.Last4DigitsOfCard as Last6_3_0_, customerli0_.PaymentConformationCode as PaymentC7_3_0_, customerli0_.PaymentDate as PaymentD8_3_0_, customerli0_.NumberOfMinutes as NumberOf9_3_0_, customerli0_.IsPaidByQuickPay as IsPaidB10_3_0_, customerli0_.IsInitiatedByInmate as IsIniti11_3_0_, customerli0_.IsRecurringPayemnt as IsRecur12_3_0_, customerli0_.IsInvoiceGenerated as IsInvoi13_3_0_, customerli0_.InvoiceGeneratedDate as Invoice14_3_0_, customerli0_.CreatedBy as Created15_3_0_, customerli0_.CreatedDate as Created16_3_0_, customerli0_.UpdatedBy as Updated17_3_0_, customerli0_.UpdatedDate as Updated18_3_0_, customerli0_.CustomerLineID as Custome19_3_0_, customerli0_.PaymentCardTypeID as Payment20_3_0_, customerli0_.PrepaidPricingID as Prepaid21_3_0_ from customer_line_payment_details customerli0_ where customerli0_.LinePaymentDetailID=?
22:05:36.796 [main] DEBUG org.hibernate.loader.Loader - Static select for action ACTION_MERGE on entity com.ylc.domain.CustomerLinePaymentDetail: select customerli0_.LinePaymentDetailID as LinePaym1_3_0_, customerli0_.PaidFor as PaidFor2_3_0_, customerli0_.PaymentType as PaymentT3_3_0_, customerli0_.PaymentAmount as PaymentA4_3_0_, customerli0_.NameOnCard as NameOnCa5_3_0_, customerli0_.Last4DigitsOfCard as Last6_3_0_, customerli0_.PaymentConformationCode as PaymentC7_3_0_, customerli0_.PaymentDate as PaymentD8_3_0_, customerli0_.NumberOfMinutes as NumberOf9_3_0_, customerli0_.IsPaidByQuickPay as IsPaidB10_3_0_, customerli0_.IsInitiatedByInmate as IsIniti11_3_0_, customerli0_.IsRecurringPayemnt as IsRecur12_3_0_, customerli0_.IsInvoiceGenerated as IsInvoi13_3_0_, customerli0_.InvoiceGeneratedDate as Invoice14_3_0_, customerli0_.CreatedBy as Created15_3_0_, customerli0_.CreatedDate as Created16_3_0_, customerli0_.UpdatedBy as Updated17_3_0_, customerli0_.UpdatedDate as Updated18_3_0_, customerli0_.CustomerLineID as Custome19_3_0_, customerli0_.PaymentCardTypeID as Payment20_3_0_, customerli0_.PrepaidPricingID as Prepaid21_3_0_ from customer_line_payment_details customerli0_ where customerli0_.LinePaymentDetailID=?
22:05:36.797 [main] DEBUG org.hibernate.loader.Loader - Static select for action ACTION_REFRESH on entity com.ylc.domain.CustomerLinePaymentDetail: select customerli0_.LinePaymentDetailID as LinePaym1_3_0_, customerli0_.PaidFor as PaidFor2_3_0_, customerli0_.PaymentType as PaymentT3_3_0_, customerli0_.PaymentAmount as PaymentA4_3_0_, customerli0_.NameOnCard as NameOnCa5_3_0_, customerli0_.Last4DigitsOfCard as Last6_3_0_, customerli0_.PaymentConformationCode as PaymentC7_3_0_, customerli0_.PaymentDate as PaymentD8_3_0_, customerli0_.NumberOfMinutes as NumberOf9_3_0_, customerli0_.IsPaidByQuickPay as IsPaidB10_3_0_, customerli0_.IsInitiatedByInmate as IsIniti11_3_0_, customerli0_.IsRecurringPayemnt as IsRecur12_3_0_, customerli0_.IsInvoiceGenerated as IsInvoi13_3_0_, customerli0_.InvoiceGeneratedDate as Invoice14_3_0_, customerli0_.CreatedBy as Created15_3_0_, customerli0_.CreatedDate as Created16_3_0_, customerli0_.UpdatedBy as Updated17_3_0_, customerli0_.UpdatedDate as Updated18_3_0_, customerli0_.CustomerLineID as Custome19_3_0_, customerli0_.PaymentCardTypeID as Payment20_3_0_, customerli0_.PrepaidPricingID as Prepaid21_3_0_ from customer_line_payment_details customerli0_ where customerli0_.LinePaymentDetailID=?
22:05:36.797 [main] DEBUG org.hibernate.loader.Loader - Static select for entity com.ylc.domain.Role [NONE]: select role0_.RoleID as RoleID1_16_0_, role0_.RoleName as RoleName2_16_0_, role0_.Active as Active3_16_0_, role0_.CreatedBy as CreatedB4_16_0_, role0_.CreatedDate as CreatedD5_16_0_, role0_.UpdatedBy as UpdatedB6_16_0_, role0_.UpdatedDate as UpdatedD7_16_0_ from roles role0_ where role0_.RoleID=?
22:05:36.797 [main] DEBUG org.hibernate.loader.Loader - Static select for entity com.ylc.domain.Role [READ]: select role0_.RoleID as RoleID1_16_0_, role0_.RoleName as RoleName2_16_0_, role0_.Active as Active3_16_0_, role0_.CreatedBy as CreatedB4_16_0_, role0_.CreatedDate as CreatedD5_16_0_, role0_.UpdatedBy as UpdatedB6_16_0_, role0_.UpdatedDate as UpdatedD7_16_0_ from roles role0_ where role0_.RoleID=?
22:05:36.797 [main] DEBUG org.hibernate.loader.Loader - Static select for entity com.ylc.domain.Role [UPGRADE]: select role0_.RoleID as RoleID1_16_0_, role0_.RoleName as RoleName2_16_0_, role0_.Active as Active3_16_0_, role0_.CreatedBy as CreatedB4_16_0_, role0_.CreatedDate as CreatedD5_16_0_, role0_.UpdatedBy as UpdatedB6_16_0_, role0_.UpdatedDate as UpdatedD7_16_0_ from roles role0_ where role0_.RoleID=? for update
22:05:36.797 [main] DEBUG org.hibernate.loader.Loader - Static select for entity com.ylc.domain.Role [UPGRADE_NOWAIT]: select role0_.RoleID as RoleID1_16_0_, role0_.RoleName as RoleName2_16_0_, role0_.Active as Active3_16_0_, role0_.CreatedBy as CreatedB4_16_0_, role0_.CreatedDate as CreatedD5_16_0_, role0_.UpdatedBy as UpdatedB6_16_0_, role0_.UpdatedDate as UpdatedD7_16_0_ from roles role0_ where role0_.RoleID=? for update
22:05:36.797 [main] DEBUG org.hibernate.loader.Loader - Static select for entity com.ylc.domain.Role [FORCE]: select role0_.RoleID as RoleID1_16_0_, role0_.RoleName as RoleName2_16_0_, role0_.Active as Active3_16_0_, role0_.CreatedBy as CreatedB4_16_0_, role0_.CreatedDate as CreatedD5_16_0_, role0_.UpdatedBy as UpdatedB6_16_0_, role0_.UpdatedDate as UpdatedD7_16_0_ from roles role0_ where role0_.RoleID=? for update
22:05:36.798 [main] DEBUG org.hibernate.loader.Loader - Static select for entity com.ylc.domain.Role [PESSIMISTIC_READ]: select role0_.RoleID as RoleID1_16_0_, role0_.RoleName as RoleName2_16_0_, role0_.Active as Active3_16_0_, role0_.CreatedBy as CreatedB4_16_0_, role0_.CreatedDate as CreatedD5_16_0_, role0_.UpdatedBy as UpdatedB6_16_0_, role0_.UpdatedDate as UpdatedD7_16_0_ from roles role0_ where role0_.RoleID=? lock in share mode
22:05:36.798 [main] DEBUG org.hibernate.loader.Loader - Static select for entity com.ylc.domain.Role [PESSIMISTIC_WRITE]: select role0_.RoleID as RoleID1_16_0_, role0_.RoleName as RoleName2_16_0_, role0_.Active as Active3_16_0_, role0_.CreatedBy as CreatedB4_16_0_, role0_.CreatedDate as CreatedD5_16_0_, role0_.UpdatedBy as UpdatedB6_16_0_, role0_.UpdatedDate as UpdatedD7_16_0_ from roles role0_ where role0_.RoleID=? for update
22:05:36.798 [main] DEBUG org.hibernate.loader.Loader - Static select for entity com.ylc.domain.Role [PESSIMISTIC_FORCE_INCREMENT]: select role0_.RoleID as RoleID1_16_0_, role0_.RoleName as RoleName2_16_0_, role0_.Active as Active3_16_0_, role0_.CreatedBy as CreatedB4_16_0_, role0_.CreatedDate as CreatedD5_16_0_, role0_.UpdatedBy as UpdatedB6_16_0_, role0_.UpdatedDate as UpdatedD7_16_0_ from roles role0_ where role0_.RoleID=? for update
22:05:36.798 [main] DEBUG org.hibernate.loader.Loader - Static select for entity com.ylc.domain.Role [OPTIMISTIC]: select role0_.RoleID as RoleID1_16_0_, role0_.RoleName as RoleName2_16_0_, role0_.Active as Active3_16_0_, role0_.CreatedBy as CreatedB4_16_0_, role0_.CreatedDate as CreatedD5_16_0_, role0_.UpdatedBy as UpdatedB6_16_0_, role0_.UpdatedDate as UpdatedD7_16_0_ from roles role0_ where role0_.RoleID=?
22:05:36.802 [main] DEBUG org.hibernate.loader.Loader - Static select for entity com.ylc.domain.Role [OPTIMISTIC_FORCE_INCREMENT]: select role0_.RoleID as RoleID1_16_0_, role0_.RoleName as RoleName2_16_0_, role0_.Active as Active3_16_0_, role0_.CreatedBy as CreatedB4_16_0_, role0_.CreatedDate as CreatedD5_16_0_, role0_.UpdatedBy as UpdatedB6_16_0_, role0_.UpdatedDate as UpdatedD7_16_0_ from roles role0_ where role0_.RoleID=?
22:05:36.802 [main] DEBUG org.hibernate.loader.Loader - Static select for action ACTION_MERGE on entity com.ylc.domain.Role: select role0_.RoleID as RoleID1_16_0_, role0_.RoleName as RoleName2_16_0_, role0_.Active as Active3_16_0_, role0_.CreatedBy as CreatedB4_16_0_, role0_.CreatedDate as CreatedD5_16_0_, role0_.UpdatedBy as UpdatedB6_16_0_, role0_.UpdatedDate as UpdatedD7_16_0_ from roles role0_ where role0_.RoleID=?
22:05:36.802 [main] DEBUG org.hibernate.loader.Loader - Static select for action ACTION_REFRESH on entity com.ylc.domain.Role: select role0_.RoleID as RoleID1_16_0_, role0_.RoleName as RoleName2_16_0_, role0_.Active as Active3_16_0_, role0_.CreatedBy as CreatedB4_16_0_, role0_.CreatedDate as CreatedD5_16_0_, role0_.UpdatedBy as UpdatedB6_16_0_, role0_.UpdatedDate as UpdatedD7_16_0_ from roles role0_ where role0_.RoleID=?
22:05:36.802 [main] DEBUG org.hibernate.loader.Loader - Static select for entity com.ylc.domain.FacilityLocation [NONE]: select facilitylo0_.FacilityID as Facility1_6_0_, facilitylo0_.FacilityName as Facility2_6_0_, facilitylo0_.phone as phone3_6_0_, facilitylo0_.inmates as inmates4_6_0_, facilitylo0_.address as address5_6_0_, facilitylo0_.citystatezip as citystat6_6_0_, facilitylo0_.f7 as f7_6_0_, facilitylo0_.timezone as timezone8_6_0_, facilitylo0_.RateCenterID as RateCent9_6_0_ from facility_locations facilitylo0_ where facilitylo0_.FacilityID=?
22:05:36.802 [main] DEBUG org.hibernate.loader.Loader - Static select for entity com.ylc.domain.FacilityLocation [READ]: select facilitylo0_.FacilityID as Facility1_6_0_, facilitylo0_.FacilityName as Facility2_6_0_, facilitylo0_.phone as phone3_6_0_, facilitylo0_.inmates as inmates4_6_0_, facilitylo0_.address as address5_6_0_, facilitylo0_.citystatezip as citystat6_6_0_, facilitylo0_.f7 as f7_6_0_, facilitylo0_.timezone as timezone8_6_0_, facilitylo0_.RateCenterID as RateCent9_6_0_ from facility_locations facilitylo0_ where facilitylo0_.FacilityID=?
22:05:36.803 [main] DEBUG org.hibernate.loader.Loader - Static select for entity com.ylc.domain.FacilityLocation [UPGRADE]: select facilitylo0_.FacilityID as Facility1_6_0_, facilitylo0_.FacilityName as Facility2_6_0_, facilitylo0_.phone as phone3_6_0_, facilitylo0_.inmates as inmates4_6_0_, facilitylo0_.address as address5_6_0_, facilitylo0_.citystatezip as citystat6_6_0_, facilitylo0_.f7 as f7_6_0_, facilitylo0_.timezone as timezone8_6_0_, facilitylo0_.RateCenterID as RateCent9_6_0_ from facility_locations facilitylo0_ where facilitylo0_.FacilityID=? for update
22:05:36.803 [main] DEBUG org.hibernate.loader.Loader - Static select for entity com.ylc.domain.FacilityLocation [UPGRADE_NOWAIT]: select facilitylo0_.FacilityID as Facility1_6_0_, facilitylo0_.FacilityName as Facility2_6_0_, facilitylo0_.phone as phone3_6_0_, facilitylo0_.inmates as inmates4_6_0_, facilitylo0_.address as address5_6_0_, facilitylo0_.citystatezip as citystat6_6_0_, facilitylo0_.f7 as f7_6_0_, facilitylo0_.timezone as timezone8_6_0_, facilitylo0_.RateCenterID as RateCent9_6_0_ from facility_locations facilitylo0_ where facilitylo0_.FacilityID=? for update
22:05:36.803 [main] DEBUG org.hibernate.loader.Loader - Static select for entity com.ylc.domain.FacilityLocation [FORCE]: select facilitylo0_.FacilityID as Facility1_6_0_, facilitylo0_.FacilityName as Facility2_6_0_, facilitylo0_.phone as phone3_6_0_, facilitylo0_.inmates as inmates4_6_0_, facilitylo0_.address as address5_6_0_, facilitylo0_.citystatezip as citystat6_6_0_, facilitylo0_.f7 as f7_6_0_, facilitylo0_.timezone as timezone8_6_0_, facilitylo0_.RateCenterID as RateCent9_6_0_ from facility_locations facilitylo0_ where facilitylo0_.FacilityID=? for update
22:05:36.803 [main] DEBUG org.hibernate.loader.Loader - Static select for entity com.ylc.domain.FacilityLocation [PESSIMISTIC_READ]: select facilitylo0_.FacilityID as Facility1_6_0_, facilitylo0_.FacilityName as Facility2_6_0_, facilitylo0_.phone as phone3_6_0_, facilitylo0_.inmates as inmates4_6_0_, facilitylo0_.address as address5_6_0_, facilitylo0_.citystatezip as citystat6_6_0_, facilitylo0_.f7 as f7_6_0_, facilitylo0_.timezone as timezone8_6_0_, facilitylo0_.RateCenterID as RateCent9_6_0_ from facility_locations facilitylo0_ where facilitylo0_.FacilityID=? lock in share mode
22:05:36.803 [main] DEBUG org.hibernate.loader.Loader - Static select for entity com.ylc.domain.FacilityLocation [PESSIMISTIC_WRITE]: select facilitylo0_.FacilityID as Facility1_6_0_, facilitylo0_.FacilityName as Facility2_6_0_, facilitylo0_.phone as phone3_6_0_, facilitylo0_.inmates as inmates4_6_0_, facilitylo0_.address as address5_6_0_, facilitylo0_.citystatezip as citystat6_6_0_, facilitylo0_.f7 as f7_6_0_, facilitylo0_.timezone as timezone8_6_0_, facilitylo0_.RateCenterID as RateCent9_6_0_ from facility_locations facilitylo0_ where facilitylo0_.FacilityID=? for update
22:05:36.804 [main] DEBUG org.hibernate.loader.Loader - Static select for entity com.ylc.domain.FacilityLocation [PESSIMISTIC_FORCE_INCREMENT]: select facilitylo0_.FacilityID as Facility1_6_0_, facilitylo0_.FacilityName as Facility2_6_0_, facilitylo0_.phone as phone3_6_0_, facilitylo0_.inmates as inmates4_6_0_, facilitylo0_.address as address5_6_0_, facilitylo0_.citystatezip as citystat6_6_0_, facilitylo0_.f7 as f7_6_0_, facilitylo0_.timezone as timezone8_6_0_, facilitylo0_.RateCenterID as RateCent9_6_0_ from facility_locations facilitylo0_ where facilitylo0_.FacilityID=? for update
22:05:36.804 [main] DEBUG org.hibernate.loader.Loader - Static select for entity com.ylc.domain.FacilityLocation [OPTIMISTIC]: select facilitylo0_.FacilityID as Facility1_6_0_, facilitylo0_.FacilityName as Facility2_6_0_, facilitylo0_.phone as phone3_6_0_, facilitylo0_.inmates as inmates4_6_0_, facilitylo0_.address as address5_6_0_, facilitylo0_.citystatezip as citystat6_6_0_, facilitylo0_.f7 as f7_6_0_, facilitylo0_.timezone as timezone8_6_0_, facilitylo0_.RateCenterID as RateCent9_6_0_ from facility_locations facilitylo0_ where facilitylo0_.FacilityID=?
22:05:36.804 [main] DEBUG org.hibernate.loader.Loader - Static select for entity com.ylc.domain.FacilityLocation [OPTIMISTIC_FORCE_INCREMENT]: select facilitylo0_.FacilityID as Facility1_6_0_, facilitylo0_.FacilityName as Facility2_6_0_, facilitylo0_.phone as phone3_6_0_, facilitylo0_.inmates as inmates4_6_0_, facilitylo0_.address as address5_6_0_, facilitylo0_.citystatezip as citystat6_6_0_, facilitylo0_.f7 as f7_6_0_, facilitylo0_.timezone as timezone8_6_0_, facilitylo0_.RateCenterID as RateCent9_6_0_ from facility_locations facilitylo0_ where facilitylo0_.FacilityID=?
22:05:36.804 [main] DEBUG org.hibernate.loader.Loader - Static select for action ACTION_MERGE on entity com.ylc.domain.FacilityLocation: select facilitylo0_.FacilityID as Facility1_6_0_, facilitylo0_.FacilityName as Facility2_6_0_, facilitylo0_.phone as phone3_6_0_, facilitylo0_.inmates as inmates4_6_0_, facilitylo0_.address as address5_6_0_, facilitylo0_.citystatezip as citystat6_6_0_, facilitylo0_.f7 as f7_6_0_, facilitylo0_.timezone as timezone8_6_0_, facilitylo0_.RateCenterID as RateCent9_6_0_ from facility_locations facilitylo0_ where facilitylo0_.FacilityID=?
22:05:36.804 [main] DEBUG org.hibernate.loader.Loader - Static select for action ACTION_REFRESH on entity com.ylc.domain.FacilityLocation: select facilitylo0_.FacilityID as Facility1_6_0_, facilitylo0_.FacilityName as Facility2_6_0_, facilitylo0_.phone as phone3_6_0_, facilitylo0_.inmates as inmates4_6_0_, facilitylo0_.address as address5_6_0_, facilitylo0_.citystatezip as citystat6_6_0_, facilitylo0_.f7 as f7_6_0_, facilitylo0_.timezone as timezone8_6_0_, facilitylo0_.RateCenterID as RateCent9_6_0_ from facility_locations facilitylo0_ where facilitylo0_.FacilityID=?
22:05:36.805 [main] DEBUG org.hibernate.loader.Loader - Static select for entity com.ylc.domain.InMate [NONE]: select inmate0_.InmateID as InmateID1_11_0_, inmate0_.InmateCode as InmateCo2_11_0_, inmate0_.BOPNumber as BOPNumbe3_11_0_, inmate0_.InmateFirstName as InmateFi4_11_0_, inmate0_.InmateLastName as InmateLa5_11_0_, inmate0_.referralCode as referral6_11_0_, inmate0_.PrePaidAmount as PrePaidA7_11_0_, inmate0_.AllowedCallLines as AllowedC8_11_0_, inmate0_.Active as Active9_11_0_, inmate0_.MaxAmtLimit as MaxAmtL10_11_0_, inmate0_.ChargePerLine as ChargeP11_11_0_, inmate0_.IsCreditAllowed as IsCredi12_11_0_, inmate0_.CreatedBy as Created13_11_0_, inmate0_.CreatedDate as Created14_11_0_, inmate0_.UpdatedBy as Updated15_11_0_, inmate0_.UpdatedDate as Updated16_11_0_, inmate0_.facilityID as facilit17_11_0_, inmate0_.InmateStatusID as InmateS18_11_0_ from inmates inmate0_ where inmate0_.InmateID=?
22:05:36.805 [main] DEBUG org.hibernate.loader.Loader - Static select for entity com.ylc.domain.InMate [READ]: select inmate0_.InmateID as InmateID1_11_0_, inmate0_.InmateCode as InmateCo2_11_0_, inmate0_.BOPNumber as BOPNumbe3_11_0_, inmate0_.InmateFirstName as InmateFi4_11_0_, inmate0_.InmateLastName as InmateLa5_11_0_, inmate0_.referralCode as referral6_11_0_, inmate0_.PrePaidAmount as PrePaidA7_11_0_, inmate0_.AllowedCallLines as AllowedC8_11_0_, inmate0_.Active as Active9_11_0_, inmate0_.MaxAmtLimit as MaxAmtL10_11_0_, inmate0_.ChargePerLine as ChargeP11_11_0_, inmate0_.IsCreditAllowed as IsCredi12_11_0_, inmate0_.CreatedBy as Created13_11_0_, inmate0_.CreatedDate as Created14_11_0_, inmate0_.UpdatedBy as Updated15_11_0_, inmate0_.UpdatedDate as Updated16_11_0_, inmate0_.facilityID as facilit17_11_0_, inmate0_.InmateStatusID as InmateS18_11_0_ from inmates inmate0_ where inmate0_.InmateID=?
22:05:36.805 [main] DEBUG org.hibernate.loader.Loader - Static select for entity com.ylc.domain.InMate [UPGRADE]: select inmate0_.InmateID as InmateID1_11_0_, inmate0_.InmateCode as InmateCo2_11_0_, inmate0_.BOPNumber as BOPNumbe3_11_0_, inmate0_.InmateFirstName as InmateFi4_11_0_, inmate0_.InmateLastName as InmateLa5_11_0_, inmate0_.referralCode as referral6_11_0_, inmate0_.PrePaidAmount as PrePaidA7_11_0_, inmate0_.AllowedCallLines as AllowedC8_11_0_, inmate0_.Active as Active9_11_0_, inmate0_.MaxAmtLimit as MaxAmtL10_11_0_, inmate0_.ChargePerLine as ChargeP11_11_0_, inmate0_.IsCreditAllowed as IsCredi12_11_0_, inmate0_.CreatedBy as Created13_11_0_, inmate0_.CreatedDate as Created14_11_0_, inmate0_.UpdatedBy as Updated15_11_0_, inmate0_.UpdatedDate as Updated16_11_0_, inmate0_.facilityID as facilit17_11_0_, inmate0_.InmateStatusID as InmateS18_11_0_ from inmates inmate0_ where inmate0_.InmateID=? for update
22:05:36.806 [main] DEBUG org.hibernate.loader.Loader - Static select for entity com.ylc.domain.InMate [UPGRADE_NOWAIT]: select inmate0_.InmateID as InmateID1_11_0_, inmate0_.InmateCode as InmateCo2_11_0_, inmate0_.BOPNumber as BOPNumbe3_11_0_, inmate0_.InmateFirstName as InmateFi4_11_0_, inmate0_.InmateLastName as InmateLa5_11_0_, inmate0_.referralCode as referral6_11_0_, inmate0_.PrePaidAmount as PrePaidA7_11_0_, inmate0_.AllowedCallLines as AllowedC8_11_0_, inmate0_.Active as Active9_11_0_, inmate0_.MaxAmtLimit as MaxAmtL10_11_0_, inmate0_.ChargePerLine as ChargeP11_11_0_, inmate0_.IsCreditAllowed as IsCredi12_11_0_, inmate0_.CreatedBy as Created13_11_0_, inmate0_.CreatedDate as Created14_11_0_, inmate0_.UpdatedBy as Updated15_11_0_, inmate0_.UpdatedDate as Updated16_11_0_, inmate0_.facilityID as facilit17_11_0_, inmate0_.InmateStatusID as InmateS18_11_0_ from inmates inmate0_ where inmate0_.InmateID=? for update
22:05:36.807 [main] DEBUG org.hibernate.loader.Loader - Static select for entity com.ylc.domain.InMate [FORCE]: select inmate0_.InmateID as InmateID1_11_0_, inmate0_.InmateCode as InmateCo2_11_0_, inmate0_.BOPNumber as BOPNumbe3_11_0_, inmate0_.InmateFirstName as InmateFi4_11_0_, inmate0_.InmateLastName as InmateLa5_11_0_, inmate0_.referralCode as referral6_11_0_, inmate0_.PrePaidAmount as PrePaidA7_11_0_, inmate0_.AllowedCallLines as AllowedC8_11_0_, inmate0_.Active as Active9_11_0_, inmate0_.MaxAmtLimit as MaxAmtL10_11_0_, inmate0_.ChargePerLine as ChargeP11_11_0_, inmate0_.IsCreditAllowed as IsCredi12_11_0_, inmate0_.CreatedBy as Created13_11_0_, inmate0_.CreatedDate as Created14_11_0_, inmate0_.UpdatedBy as Updated15_11_0_, inmate0_.UpdatedDate as Updated16_11_0_, inmate0_.facilityID as facilit17_11_0_, inmate0_.InmateStatusID as InmateS18_11_0_ from inmates inmate0_ where inmate0_.InmateID=? for update
22:05:36.807 [main] DEBUG org.hibernate.loader.Loader - Static select for entity com.ylc.domain.InMate [PESSIMISTIC_READ]: select inmate0_.InmateID as InmateID1_11_0_, inmate0_.InmateCode as InmateCo2_11_0_, inmate0_.BOPNumber as BOPNumbe3_11_0_, inmate0_.InmateFirstName as InmateFi4_11_0_, inmate0_.InmateLastName as InmateLa5_11_0_, inmate0_.referralCode as referral6_11_0_, inmate0_.PrePaidAmount as PrePaidA7_11_0_, inmate0_.AllowedCallLines as AllowedC8_11_0_, inmate0_.Active as Active9_11_0_, inmate0_.MaxAmtLimit as MaxAmtL10_11_0_, inmate0_.ChargePerLine as ChargeP11_11_0_, inmate0_.IsCreditAllowed as IsCredi12_11_0_, inmate0_.CreatedBy as Created13_11_0_, inmate0_.CreatedDate as Created14_11_0_, inmate0_.UpdatedBy as Updated15_11_0_, inmate0_.UpdatedDate as Updated16_11_0_, inmate0_.facilityID as facilit17_11_0_, inmate0_.InmateStatusID as InmateS18_11_0_ from inmates inmate0_ where inmate0_.InmateID=? lock in share mode
22:05:36.808 [main] DEBUG org.hibernate.loader.Loader - Static select for entity com.ylc.domain.InMate [PESSIMISTIC_WRITE]: select inmate0_.InmateID as InmateID1_11_0_, inmate0_.InmateCode as InmateCo2_11_0_, inmate0_.BOPNumber as BOPNumbe3_11_0_, inmate0_.InmateFirstName as InmateFi4_11_0_, inmate0_.InmateLastName as InmateLa5_11_0_, inmate0_.referralCode as referral6_11_0_, inmate0_.PrePaidAmount as PrePaidA7_11_0_, inmate0_.AllowedCallLines as AllowedC8_11_0_, inmate0_.Active as Active9_11_0_, inmate0_.MaxAmtLimit as MaxAmtL10_11_0_, inmate0_.ChargePerLine as ChargeP11_11_0_, inmate0_.IsCreditAllowed as IsCredi12_11_0_, inmate0_.CreatedBy as Created13_11_0_, inmate0_.CreatedDate as Created14_11_0_, inmate0_.UpdatedBy as Updated15_11_0_, inmate0_.UpdatedDate as Updated16_11_0_, inmate0_.facilityID as facilit17_11_0_, inmate0_.InmateStatusID as InmateS18_11_0_ from inmates inmate0_ where inmate0_.InmateID=? for update
22:05:36.808 [main] DEBUG org.hibernate.loader.Loader - Static select for entity com.ylc.domain.InMate [PESSIMISTIC_FORCE_INCREMENT]: select inmate0_.InmateID as InmateID1_11_0_, inmate0_.InmateCode as InmateCo2_11_0_, inmate0_.BOPNumber as BOPNumbe3_11_0_, inmate0_.InmateFirstName as InmateFi4_11_0_, inmate0_.InmateLastName as InmateLa5_11_0_, inmate0_.referralCode as referral6_11_0_, inmate0_.PrePaidAmount as PrePaidA7_11_0_, inmate0_.AllowedCallLines as AllowedC8_11_0_, inmate0_.Active as Active9_11_0_, inmate0_.MaxAmtLimit as MaxAmtL10_11_0_, inmate0_.ChargePerLine as ChargeP11_11_0_, inmate0_.IsCreditAllowed as IsCredi12_11_0_, inmate0_.CreatedBy as Created13_11_0_, inmate0_.CreatedDate as Created14_11_0_, inmate0_.UpdatedBy as Updated15_11_0_, inmate0_.UpdatedDate as Updated16_11_0_, inmate0_.facilityID as facilit17_11_0_, inmate0_.InmateStatusID as InmateS18_11_0_ from inmates inmate0_ where inmate0_.InmateID=? for update
22:05:36.808 [main] DEBUG org.hibernate.loader.Loader - Static select for entity com.ylc.domain.InMate [OPTIMISTIC]: select inmate0_.InmateID as InmateID1_11_0_, inmate0_.InmateCode as InmateCo2_11_0_, inmate0_.BOPNumber as BOPNumbe3_11_0_, inmate0_.InmateFirstName as InmateFi4_11_0_, inmate0_.InmateLastName as InmateLa5_11_0_, inmate0_.referralCode as referral6_11_0_, inmate0_.PrePaidAmount as PrePaidA7_11_0_, inmate0_.AllowedCallLines as AllowedC8_11_0_, inmate0_.Active as Active9_11_0_, inmate0_.MaxAmtLimit as MaxAmtL10_11_0_, inmate0_.ChargePerLine as ChargeP11_11_0_, inmate0_.IsCreditAllowed as IsCredi12_11_0_, inmate0_.CreatedBy as Created13_11_0_, inmate0_.CreatedDate as Created14_11_0_, inmate0_.UpdatedBy as Updated15_11_0_, inmate0_.UpdatedDate as Updated16_11_0_, inmate0_.facilityID as facilit17_11_0_, inmate0_.InmateStatusID as InmateS18_11_0_ from inmates inmate0_ where inmate0_.InmateID=?
22:05:36.809 [main] DEBUG org.hibernate.loader.Loader - Static select for entity com.ylc.domain.InMate [OPTIMISTIC_FORCE_INCREMENT]: select inmate0_.InmateID as InmateID1_11_0_, inmate0_.InmateCode as InmateCo2_11_0_, inmate0_.BOPNumber as BOPNumbe3_11_0_, inmate0_.InmateFirstName as InmateFi4_11_0_, inmate0_.InmateLastName as InmateLa5_11_0_, inmate0_.referralCode as referral6_11_0_, inmate0_.PrePaidAmount as PrePaidA7_11_0_, inmate0_.AllowedCallLines as AllowedC8_11_0_, inmate0_.Active as Active9_11_0_, inmate0_.MaxAmtLimit as MaxAmtL10_11_0_, inmate0_.ChargePerLine as ChargeP11_11_0_, inmate0_.IsCreditAllowed as IsCredi12_11_0_, inmate0_.CreatedBy as Created13_11_0_, inmate0_.CreatedDate as Created14_11_0_, inmate0_.UpdatedBy as Updated15_11_0_, inmate0_.UpdatedDate as Updated16_11_0_, inmate0_.facilityID as facilit17_11_0_, inmate0_.InmateStatusID as InmateS18_11_0_ from inmates inmate0_ where inmate0_.InmateID=?
22:05:36.809 [main] DEBUG org.hibernate.loader.Loader - Static select for action ACTION_MERGE on entity com.ylc.domain.InMate: select inmate0_.InmateID as InmateID1_11_0_, inmate0_.InmateCode as InmateCo2_11_0_, inmate0_.BOPNumber as BOPNumbe3_11_0_, inmate0_.InmateFirstName as InmateFi4_11_0_, inmate0_.InmateLastName as InmateLa5_11_0_, inmate0_.referralCode as referral6_11_0_, inmate0_.PrePaidAmount as PrePaidA7_11_0_, inmate0_.AllowedCallLines as AllowedC8_11_0_, inmate0_.Active as Active9_11_0_, inmate0_.MaxAmtLimit as MaxAmtL10_11_0_, inmate0_.ChargePerLine as ChargeP11_11_0_, inmate0_.IsCreditAllowed as IsCredi12_11_0_, inmate0_.CreatedBy as Created13_11_0_, inmate0_.CreatedDate as Created14_11_0_, inmate0_.UpdatedBy as Updated15_11_0_, inmate0_.UpdatedDate as Updated16_11_0_, inmate0_.facilityID as facilit17_11_0_, inmate0_.InmateStatusID as InmateS18_11_0_ from inmates inmate0_ where inmate0_.InmateID=?
22:05:36.809 [main] DEBUG org.hibernate.loader.Loader - Static select for action ACTION_REFRESH on entity com.ylc.domain.InMate: select inmate0_.InmateID as InmateID1_11_0_, inmate0_.InmateCode as InmateCo2_11_0_, inmate0_.BOPNumber as BOPNumbe3_11_0_, inmate0_.InmateFirstName as InmateFi4_11_0_, inmate0_.InmateLastName as InmateLa5_11_0_, inmate0_.referralCode as referral6_11_0_, inmate0_.PrePaidAmount as PrePaidA7_11_0_, inmate0_.AllowedCallLines as AllowedC8_11_0_, inmate0_.Active as Active9_11_0_, inmate0_.MaxAmtLimit as MaxAmtL10_11_0_, inmate0_.ChargePerLine as ChargeP11_11_0_, inmate0_.IsCreditAllowed as IsCredi12_11_0_, inmate0_.CreatedBy as Created13_11_0_, inmate0_.CreatedDate as Created14_11_0_, inmate0_.UpdatedBy as Updated15_11_0_, inmate0_.UpdatedDate as Updated16_11_0_, inmate0_.facilityID as facilit17_11_0_, inmate0_.InmateStatusID as InmateS18_11_0_ from inmates inmate0_ where inmate0_.InmateID=?
22:05:36.810 [main] DEBUG org.hibernate.loader.Loader - Static select for entity com.ylc.domain.InmateNote [NONE]: select inmatenote0_.InmateNaotesID as InmateNa1_8_0_, inmatenote0_.InmateNotes as InmateNo2_8_0_, inmatenote0_.CreatedBy as CreatedB3_8_0_, inmatenote0_.CreatedDate as CreatedD4_8_0_, inmatenote0_.InmateID as InmateID5_8_0_ from inmate_notes inmatenote0_ where inmatenote0_.InmateNaotesID=?
22:05:36.810 [main] DEBUG org.hibernate.loader.Loader - Static select for entity com.ylc.domain.InmateNote [READ]: select inmatenote0_.InmateNaotesID as InmateNa1_8_0_, inmatenote0_.InmateNotes as InmateNo2_8_0_, inmatenote0_.CreatedBy as CreatedB3_8_0_, inmatenote0_.CreatedDate as CreatedD4_8_0_, inmatenote0_.InmateID as InmateID5_8_0_ from inmate_notes inmatenote0_ where inmatenote0_.InmateNaotesID=?
22:05:36.811 [main] DEBUG org.hibernate.loader.Loader - Static select for entity com.ylc.domain.InmateNote [UPGRADE]: select inmatenote0_.InmateNaotesID as InmateNa1_8_0_, inmatenote0_.InmateNotes as InmateNo2_8_0_, inmatenote0_.CreatedBy as CreatedB3_8_0_, inmatenote0_.CreatedDate as CreatedD4_8_0_, inmatenote0_.InmateID as InmateID5_8_0_ from inmate_notes inmatenote0_ where inmatenote0_.InmateNaotesID=? for update
22:05:36.811 [main] DEBUG org.hibernate.loader.Loader - Static select for entity com.ylc.domain.InmateNote [UPGRADE_NOWAIT]: select inmatenote0_.InmateNaotesID as InmateNa1_8_0_, inmatenote0_.InmateNotes as InmateNo2_8_0_, inmatenote0_.CreatedBy as CreatedB3_8_0_, inmatenote0_.CreatedDate as CreatedD4_8_0_, inmatenote0_.InmateID as InmateID5_8_0_ from inmate_notes inmatenote0_ where inmatenote0_.InmateNaotesID=? for update
22:05:36.811 [main] DEBUG org.hibernate.loader.Loader - Static select for entity com.ylc.domain.InmateNote [FORCE]: select inmatenote0_.InmateNaotesID as InmateNa1_8_0_, inmatenote0_.InmateNotes as InmateNo2_8_0_, inmatenote0_.CreatedBy as CreatedB3_8_0_, inmatenote0_.CreatedDate as CreatedD4_8_0_, inmatenote0_.InmateID as InmateID5_8_0_ from inmate_notes inmatenote0_ where inmatenote0_.InmateNaotesID=? for update
22:05:36.811 [main] DEBUG org.hibernate.loader.Loader - Static select for entity com.ylc.domain.InmateNote [PESSIMISTIC_READ]: select inmatenote0_.InmateNaotesID as InmateNa1_8_0_, inmatenote0_.InmateNotes as InmateNo2_8_0_, inmatenote0_.CreatedBy as CreatedB3_8_0_, inmatenote0_.CreatedDate as CreatedD4_8_0_, inmatenote0_.InmateID as InmateID5_8_0_ from inmate_notes inmatenote0_ where inmatenote0_.InmateNaotesID=? lock in share mode
22:05:36.811 [main] DEBUG org.hibernate.loader.Loader - Static select for entity com.ylc.domain.InmateNote [PESSIMISTIC_WRITE]: select inmatenote0_.InmateNaotesID as InmateNa1_8_0_, inmatenote0_.InmateNotes as InmateNo2_8_0_, inmatenote0_.CreatedBy as CreatedB3_8_0_, inmatenote0_.CreatedDate as CreatedD4_8_0_, inmatenote0_.InmateID as InmateID5_8_0_ from inmate_notes inmatenote0_ where inmatenote0_.InmateNaotesID=? for update
22:05:36.812 [main] DEBUG org.hibernate.loader.Loader - Static select for entity com.ylc.domain.InmateNote [PESSIMISTIC_FORCE_INCREMENT]: select inmatenote0_.InmateNaotesID as InmateNa1_8_0_, inmatenote0_.InmateNotes as InmateNo2_8_0_, inmatenote0_.CreatedBy as CreatedB3_8_0_, inmatenote0_.CreatedDate as CreatedD4_8_0_, inmatenote0_.InmateID as InmateID5_8_0_ from inmate_notes inmatenote0_ where inmatenote0_.InmateNaotesID=? for update
22:05:36.812 [main] DEBUG org.hibernate.loader.Loader - Static select for entity com.ylc.domain.InmateNote [OPTIMISTIC]: select inmatenote0_.InmateNaotesID as InmateNa1_8_0_, inmatenote0_.InmateNotes as InmateNo2_8_0_, inmatenote0_.CreatedBy as CreatedB3_8_0_, inmatenote0_.CreatedDate as CreatedD4_8_0_, inmatenote0_.InmateID as InmateID5_8_0_ from inmate_notes inmatenote0_ where inmatenote0_.InmateNaotesID=?
22:05:36.812 [main] DEBUG org.hibernate.loader.Loader - Static select for entity com.ylc.domain.InmateNote [OPTIMISTIC_FORCE_INCREMENT]: select inmatenote0_.InmateNaotesID as InmateNa1_8_0_, inmatenote0_.InmateNotes as InmateNo2_8_0_, inmatenote0_.CreatedBy as CreatedB3_8_0_, inmatenote0_.CreatedDate as CreatedD4_8_0_, inmatenote0_.InmateID as InmateID5_8_0_ from inmate_notes inmatenote0_ where inmatenote0_.InmateNaotesID=?
22:05:36.812 [main] DEBUG org.hibernate.loader.Loader - Static select for action ACTION_MERGE on entity com.ylc.domain.InmateNote: select inmatenote0_.InmateNaotesID as InmateNa1_8_0_, inmatenote0_.InmateNotes as InmateNo2_8_0_, inmatenote0_.CreatedBy as CreatedB3_8_0_, inmatenote0_.CreatedDate as CreatedD4_8_0_, inmatenote0_.InmateID as InmateID5_8_0_ from inmate_notes inmatenote0_ where inmatenote0_.InmateNaotesID=?
22:05:36.812 [main] DEBUG org.hibernate.loader.Loader - Static select for action ACTION_REFRESH on entity com.ylc.domain.InmateNote: select inmatenote0_.InmateNaotesID as InmateNa1_8_0_, inmatenote0_.InmateNotes as InmateNo2_8_0_, inmatenote0_.CreatedBy as CreatedB3_8_0_, inmatenote0_.CreatedDate as CreatedD4_8_0_, inmatenote0_.InmateID as InmateID5_8_0_ from inmate_notes inmatenote0_ where inmatenote0_.InmateNaotesID=?
22:05:36.813 [main] DEBUG org.hibernate.loader.Loader - Static select for entity com.ylc.domain.Country [NONE]: select country0_.CountryID as CountryI1_2_0_, country0_.CountryName as CountryN2_2_0_, country0_.CountryAbbr as CountryA3_2_0_, country0_.CountryCode as CountryC4_2_0_ from countries country0_ where country0_.CountryID=?
22:05:36.813 [main] DEBUG org.hibernate.loader.Loader - Static select for entity com.ylc.domain.Country [READ]: select country0_.CountryID as CountryI1_2_0_, country0_.CountryName as CountryN2_2_0_, country0_.CountryAbbr as CountryA3_2_0_, country0_.CountryCode as CountryC4_2_0_ from countries country0_ where country0_.CountryID=?
22:05:36.813 [main] DEBUG org.hibernate.loader.Loader - Static select for entity com.ylc.domain.Country [UPGRADE]: select country0_.CountryID as CountryI1_2_0_, country0_.CountryName as CountryN2_2_0_, country0_.CountryAbbr as CountryA3_2_0_, country0_.CountryCode as CountryC4_2_0_ from countries country0_ where country0_.CountryID=? for update
22:05:36.813 [main] DEBUG org.hibernate.loader.Loader - Static select for entity com.ylc.domain.Country [UPGRADE_NOWAIT]: select country0_.CountryID as CountryI1_2_0_, country0_.CountryName as CountryN2_2_0_, country0_.CountryAbbr as CountryA3_2_0_, country0_.CountryCode as CountryC4_2_0_ from countries country0_ where country0_.CountryID=? for update
22:05:36.813 [main] DEBUG org.hibernate.loader.Loader - Static select for entity com.ylc.domain.Country [FORCE]: select country0_.CountryID as CountryI1_2_0_, country0_.CountryName as CountryN2_2_0_, country0_.CountryAbbr as CountryA3_2_0_, country0_.CountryCode as CountryC4_2_0_ from countries country0_ where country0_.CountryID=? for update
22:05:36.813 [main] DEBUG org.hibernate.loader.Loader - Static select for entity com.ylc.domain.Country [PESSIMISTIC_READ]: select country0_.CountryID as CountryI1_2_0_, country0_.CountryName as CountryN2_2_0_, country0_.CountryAbbr as CountryA3_2_0_, country0_.CountryCode as CountryC4_2_0_ from countries country0_ where country0_.CountryID=? lock in share mode
22:05:36.814 [main] DEBUG org.hibernate.loader.Loader - Static select for entity com.ylc.domain.Country [PESSIMISTIC_WRITE]: select country0_.CountryID as CountryI1_2_0_, country0_.CountryName as CountryN2_2_0_, country0_.CountryAbbr as CountryA3_2_0_, country0_.CountryCode as CountryC4_2_0_ from countries country0_ where country0_.CountryID=? for update
22:05:36.814 [main] DEBUG org.hibernate.loader.Loader - Static select for entity com.ylc.domain.Country [PESSIMISTIC_FORCE_INCREMENT]: select country0_.CountryID as CountryI1_2_0_, country0_.CountryName as CountryN2_2_0_, country0_.CountryAbbr as CountryA3_2_0_, country0_.CountryCode as CountryC4_2_0_ from countries country0_ where country0_.CountryID=? for update
22:05:36.814 [main] DEBUG org.hibernate.loader.Loader - Static select for entity com.ylc.domain.Country [OPTIMISTIC]: select country0_.CountryID as CountryI1_2_0_, country0_.CountryName as CountryN2_2_0_, country0_.CountryAbbr as CountryA3_2_0_, country0_.CountryCode as CountryC4_2_0_ from countries country0_ where country0_.CountryID=?
22:05:36.814 [main] DEBUG org.hibernate.loader.Loader - Static select for entity com.ylc.domain.Country [OPTIMISTIC_FORCE_INCREMENT]: select country0_.CountryID as CountryI1_2_0_, country0_.CountryName as CountryN2_2_0_, country0_.CountryAbbr as CountryA3_2_0_, country0_.CountryCode as CountryC4_2_0_ from countries country0_ where country0_.CountryID=?
22:05:36.814 [main] DEBUG org.hibernate.loader.Loader - Static select for action ACTION_MERGE on entity com.ylc.domain.Country: select country0_.CountryID as CountryI1_2_0_, country0_.CountryName as CountryN2_2_0_, country0_.CountryAbbr as CountryA3_2_0_, country0_.CountryCode as CountryC4_2_0_ from countries country0_ where country0_.CountryID=?
22:05:36.815 [main] DEBUG org.hibernate.loader.Loader - Static select for action ACTION_REFRESH on entity com.ylc.domain.Country: select country0_.CountryID as CountryI1_2_0_, country0_.CountryName as CountryN2_2_0_, country0_.CountryAbbr as CountryA3_2_0_, country0_.CountryCode as CountryC4_2_0_ from countries country0_ where country0_.CountryID=?
22:05:36.815 [main] DEBUG org.hibernate.loader.Loader - Static select for entity com.ylc.domain.PrepaidPricing [NONE]: select prepaidpri0_.PrepaidPricingID as PrepaidP1_14_0_, prepaidpri0_.NameOfBlock as NameOfBl2_14_0_, prepaidpri0_.NoOfMinutes as NoOfMinu3_14_0_, prepaidpri0_.Description as Descript4_14_0_, prepaidpri0_.BlockPrice as BlockPri5_14_0_, prepaidpri0_.Active as Active6_14_0_, prepaidpri0_.CreatedBy as CreatedB7_14_0_, prepaidpri0_.CreatedDate as CreatedD8_14_0_, prepaidpri0_.UpdatedBy as UpdatedB9_14_0_, prepaidpri0_.UpdatedDate as Updated10_14_0_ from prepaid_pricing prepaidpri0_ where prepaidpri0_.PrepaidPricingID=?
22:05:36.815 [main] DEBUG org.hibernate.loader.Loader - Static select for entity com.ylc.domain.PrepaidPricing [READ]: select prepaidpri0_.PrepaidPricingID as PrepaidP1_14_0_, prepaidpri0_.NameOfBlock as NameOfBl2_14_0_, prepaidpri0_.NoOfMinutes as NoOfMinu3_14_0_, prepaidpri0_.Description as Descript4_14_0_, prepaidpri0_.BlockPrice as BlockPri5_14_0_, prepaidpri0_.Active as Active6_14_0_, prepaidpri0_.CreatedBy as CreatedB7_14_0_, prepaidpri0_.CreatedDate as CreatedD8_14_0_, prepaidpri0_.UpdatedBy as UpdatedB9_14_0_, prepaidpri0_.UpdatedDate as Updated10_14_0_ from prepaid_pricing prepaidpri0_ where prepaidpri0_.PrepaidPricingID=?
22:05:36.815 [main] DEBUG org.hibernate.loader.Loader - Static select for entity com.ylc.domain.PrepaidPricing [UPGRADE]: select prepaidpri0_.PrepaidPricingID as PrepaidP1_14_0_, prepaidpri0_.NameOfBlock as NameOfBl2_14_0_, prepaidpri0_.NoOfMinutes as NoOfMinu3_14_0_, prepaidpri0_.Description as Descript4_14_0_, prepaidpri0_.BlockPrice as BlockPri5_14_0_, prepaidpri0_.Active as Active6_14_0_, prepaidpri0_.CreatedBy as CreatedB7_14_0_, prepaidpri0_.CreatedDate as CreatedD8_14_0_, prepaidpri0_.UpdatedBy as UpdatedB9_14_0_, prepaidpri0_.UpdatedDate as Updated10_14_0_ from prepaid_pricing prepaidpri0_ where prepaidpri0_.PrepaidPricingID=? for update
22:05:36.815 [main] DEBUG org.hibernate.loader.Loader - Static select for entity com.ylc.domain.PrepaidPricing [UPGRADE_NOWAIT]: select prepaidpri0_.PrepaidPricingID as PrepaidP1_14_0_, prepaidpri0_.NameOfBlock as NameOfBl2_14_0_, prepaidpri0_.NoOfMinutes as NoOfMinu3_14_0_, prepaidpri0_.Description as Descript4_14_0_, prepaidpri0_.BlockPrice as BlockPri5_14_0_, prepaidpri0_.Active as Active6_14_0_, prepaidpri0_.CreatedBy as CreatedB7_14_0_, prepaidpri0_.CreatedDate as CreatedD8_14_0_, prepaidpri0_.UpdatedBy as UpdatedB9_14_0_, prepaidpri0_.UpdatedDate as Updated10_14_0_ from prepaid_pricing prepaidpri0_ where prepaidpri0_.PrepaidPricingID=? for update
22:05:36.816 [main] DEBUG org.hibernate.loader.Loader - Static select for entity com.ylc.domain.PrepaidPricing [FORCE]: select prepaidpri0_.PrepaidPricingID as PrepaidP1_14_0_, prepaidpri0_.NameOfBlock as NameOfBl2_14_0_, prepaidpri0_.NoOfMinutes as NoOfMinu3_14_0_, prepaidpri0_.Description as Descript4_14_0_, prepaidpri0_.BlockPrice as BlockPri5_14_0_, prepaidpri0_.Active as Active6_14_0_, prepaidpri0_.CreatedBy as CreatedB7_14_0_, prepaidpri0_.CreatedDate as CreatedD8_14_0_, prepaidpri0_.UpdatedBy as UpdatedB9_14_0_, prepaidpri0_.UpdatedDate as Updated10_14_0_ from prepaid_pricing prepaidpri0_ where prepaidpri0_.PrepaidPricingID=? for update
22:05:36.823 [main] DEBUG org.hibernate.loader.Loader - Static select for entity com.ylc.domain.PrepaidPricing [PESSIMISTIC_READ]: select prepaidpri0_.PrepaidPricingID as PrepaidP1_14_0_, prepaidpri0_.NameOfBlock as NameOfBl2_14_0_, prepaidpri0_.NoOfMinutes as NoOfMinu3_14_0_, prepaidpri0_.Description as Descript4_14_0_, prepaidpri0_.BlockPrice as BlockPri5_14_0_, prepaidpri0_.Active as Active6_14_0_, prepaidpri0_.CreatedBy as CreatedB7_14_0_, prepaidpri0_.CreatedDate as CreatedD8_14_0_, prepaidpri0_.UpdatedBy as UpdatedB9_14_0_, prepaidpri0_.UpdatedDate as Updated10_14_0_ from prepaid_pricing prepaidpri0_ where prepaidpri0_.PrepaidPricingID=? lock in share mode
22:05:36.823 [main] DEBUG org.hibernate.loader.Loader - Static select for entity com.ylc.domain.PrepaidPricing [PESSIMISTIC_WRITE]: select prepaidpri0_.PrepaidPricingID as PrepaidP1_14_0_, prepaidpri0_.NameOfBlock as NameOfBl2_14_0_, prepaidpri0_.NoOfMinutes as NoOfMinu3_14_0_, prepaidpri0_.Description as Descript4_14_0_, prepaidpri0_.BlockPrice as BlockPri5_14_0_, prepaidpri0_.Active as Active6_14_0_, prepaidpri0_.CreatedBy as CreatedB7_14_0_, prepaidpri0_.CreatedDate as CreatedD8_14_0_, prepaidpri0_.UpdatedBy as UpdatedB9_14_0_, prepaidpri0_.UpdatedDate as Updated10_14_0_ from prepaid_pricing prepaidpri0_ where prepaidpri0_.PrepaidPricingID=? for update
22:05:36.824 [main] DEBUG org.hibernate.loader.Loader - Static select for entity com.ylc.domain.PrepaidPricing [PESSIMISTIC_FORCE_INCREMENT]: select prepaidpri0_.PrepaidPricingID as PrepaidP1_14_0_, prepaidpri0_.NameOfBlock as NameOfBl2_14_0_, prepaidpri0_.NoOfMinutes as NoOfMinu3_14_0_, prepaidpri0_.Description as Descript4_14_0_, prepaidpri0_.BlockPrice as BlockPri5_14_0_, prepaidpri0_.Active as Active6_14_0_, prepaidpri0_.CreatedBy as CreatedB7_14_0_, prepaidpri0_.CreatedDate as CreatedD8_14_0_, prepaidpri0_.UpdatedBy as UpdatedB9_14_0_, prepaidpri0_.UpdatedDate as Updated10_14_0_ from prepaid_pricing prepaidpri0_ where prepaidpri0_.PrepaidPricingID=? for update
22:05:36.824 [main] DEBUG org.hibernate.loader.Loader - Static select for entity com.ylc.domain.PrepaidPricing [OPTIMISTIC]: select prepaidpri0_.PrepaidPricingID as PrepaidP1_14_0_, prepaidpri0_.NameOfBlock as NameOfBl2_14_0_, prepaidpri0_.NoOfMinutes as NoOfMinu3_14_0_, prepaidpri0_.Description as Descript4_14_0_, prepaidpri0_.BlockPrice as BlockPri5_14_0_, prepaidpri0_.Active as Active6_14_0_, prepaidpri0_.CreatedBy as CreatedB7_14_0_, prepaidpri0_.CreatedDate as CreatedD8_14_0_, prepaidpri0_.UpdatedBy as UpdatedB9_14_0_, prepaidpri0_.UpdatedDate as Updated10_14_0_ from prepaid_pricing prepaidpri0_ where prepaidpri0_.PrepaidPricingID=?
22:05:36.824 [main] DEBUG org.hibernate.loader.Loader - Static select for entity com.ylc.domain.PrepaidPricing [OPTIMISTIC_FORCE_INCREMENT]: select prepaidpri0_.PrepaidPricingID as PrepaidP1_14_0_, prepaidpri0_.NameOfBlock as NameOfBl2_14_0_, prepaidpri0_.NoOfMinutes as NoOfMinu3_14_0_, prepaidpri0_.Description as Descript4_14_0_, prepaidpri0_.BlockPrice as BlockPri5_14_0_, prepaidpri0_.Active as Active6_14_0_, prepaidpri0_.CreatedBy as CreatedB7_14_0_, prepaidpri0_.CreatedDate as CreatedD8_14_0_, prepaidpri0_.UpdatedBy as UpdatedB9_14_0_, prepaidpri0_.UpdatedDate as Updated10_14_0_ from prepaid_pricing prepaidpri0_ where prepaidpri0_.PrepaidPricingID=?
22:05:36.824 [main] DEBUG org.hibernate.loader.Loader - Static select for action ACTION_MERGE on entity com.ylc.domain.PrepaidPricing: select prepaidpri0_.PrepaidPricingID as PrepaidP1_14_0_, prepaidpri0_.NameOfBlock as NameOfBl2_14_0_, prepaidpri0_.NoOfMinutes as NoOfMinu3_14_0_, prepaidpri0_.Description as Descript4_14_0_, prepaidpri0_.BlockPrice as BlockPri5_14_0_, prepaidpri0_.Active as Active6_14_0_, prepaidpri0_.CreatedBy as CreatedB7_14_0_, prepaidpri0_.CreatedDate as CreatedD8_14_0_, prepaidpri0_.UpdatedBy as UpdatedB9_14_0_, prepaidpri0_.UpdatedDate as Updated10_14_0_ from prepaid_pricing prepaidpri0_ where prepaidpri0_.PrepaidPricingID=?
22:05:36.824 [main] DEBUG org.hibernate.loader.Loader - Static select for action ACTION_REFRESH on entity com.ylc.domain.PrepaidPricing: select prepaidpri0_.PrepaidPricingID as PrepaidP1_14_0_, prepaidpri0_.NameOfBlock as NameOfBl2_14_0_, prepaidpri0_.NoOfMinutes as NoOfMinu3_14_0_, prepaidpri0_.Description as Descript4_14_0_, prepaidpri0_.BlockPrice as BlockPri5_14_0_, prepaidpri0_.Active as Active6_14_0_, prepaidpri0_.CreatedBy as CreatedB7_14_0_, prepaidpri0_.CreatedDate as CreatedD8_14_0_, prepaidpri0_.UpdatedBy as UpdatedB9_14_0_, prepaidpri0_.UpdatedDate as Updated10_14_0_ from prepaid_pricing prepaidpri0_ where prepaidpri0_.PrepaidPricingID=?
22:05:36.829 [main] DEBUG o.h.l.collection.OneToManyLoader - Static select for one-to-many com.ylc.domain.CustomerLine.customerLinePaymentDetails: select customerli0_.CustomerLineID as Custome19_4_1_, customerli0_.LinePaymentDetailID as LinePaym1_3_1_, customerli0_.LinePaymentDetailID as LinePaym1_3_0_, customerli0_.PaidFor as PaidFor2_3_0_, customerli0_.PaymentType as PaymentT3_3_0_, customerli0_.PaymentAmount as PaymentA4_3_0_, customerli0_.NameOnCard as NameOnCa5_3_0_, customerli0_.Last4DigitsOfCard as Last6_3_0_, customerli0_.PaymentConformationCode as PaymentC7_3_0_, customerli0_.PaymentDate as PaymentD8_3_0_, customerli0_.NumberOfMinutes as NumberOf9_3_0_, customerli0_.IsPaidByQuickPay as IsPaidB10_3_0_, customerli0_.IsInitiatedByInmate as IsIniti11_3_0_, customerli0_.IsRecurringPayemnt as IsRecur12_3_0_, customerli0_.IsInvoiceGenerated as IsInvoi13_3_0_, customerli0_.InvoiceGeneratedDate as Invoice14_3_0_, customerli0_.CreatedBy as Created15_3_0_, customerli0_.CreatedDate as Created16_3_0_, customerli0_.UpdatedBy as Updated17_3_0_, customerli0_.UpdatedDate as Updated18_3_0_, customerli0_.CustomerLineID as Custome19_3_0_, customerli0_.PaymentCardTypeID as Payment20_3_0_, customerli0_.PrepaidPricingID as Prepaid21_3_0_ from customer_line_payment_details customerli0_ where customerli0_.CustomerLineID=?
22:05:36.830 [main] DEBUG o.h.l.collection.OneToManyLoader - Static select for one-to-many com.ylc.domain.User.customerLines: select customerli0_.CustomerID as Custome17_18_1_, customerli0_.CustomerLineID as Customer1_4_1_, customerli0_.CustomerLineID as Customer1_4_0_, customerli0_.InmateLocationID as InmateLo2_4_0_, customerli0_.LocalLineNumber as LocalLin3_4_0_, customerli0_.DestinationLineNumber as Destinat4_4_0_, customerli0_.PrepaidMinutes as PrepaidM5_4_0_, customerli0_.IsInitiatedByInmate as IsInitia6_4_0_, customerli0_.IsPaidByQuickPay as IsPaidBy7_4_0_, customerli0_.StartDate as StartDat8_4_0_, customerli0_.EndDate as EndDate9_4_0_, customerli0_.Active as Active10_4_0_, customerli0_.CreatedBy as Created11_4_0_, customerli0_.CreatedDate as Created12_4_0_, customerli0_.UpdatedBy as Updated13_4_0_, customerli0_.UpdatedDate as Updated14_4_0_, customerli0_.InmateID as InmateI15_4_0_, customerli0_.LineTypeID as LineTyp16_4_0_, customerli0_.customerID as custome17_4_0_ from customer_lines customerli0_ where customerli0_.CustomerID=?
22:05:36.832 [main] DEBUG o.h.internal.SessionFactoryRegistry - Initializing SessionFactoryRegistry : org.hibernate.internal.SessionFactoryRegistry@74cec793
22:05:36.832 [main] DEBUG o.h.internal.SessionFactoryRegistry - Registering SessionFactory: 79bdc82f-f367-4574-b433-f123f4d2537a (&lt;unnamed&gt;)
22:05:36.832 [main] DEBUG o.h.internal.SessionFactoryRegistry - Not binding SessionFactory to JNDI, no JNDI name configured
22:05:36.832 [main] DEBUG o.h.internal.SessionFactoryImpl - Instantiated session factory
22:05:36.834 [main] DEBUG o.h.internal.SessionFactoryImpl - Checking 0 named HQL queries
22:05:36.834 [main] DEBUG o.h.internal.SessionFactoryImpl - Checking 0 named SQL queries
22:05:36.839 [main] DEBUG o.h.s.internal.StatisticsInitiator - Statistics initialized [enabled=false]
22:05:36.840 [main] DEBUG o.s.b.f.s.DefaultListableBeanFactory - Returning cached instance of singleton bean &apos;org.springframework.aop.support.DefaultBeanFactoryPointcutAdvisor#0&apos;
22:05:36.840 [main] DEBUG o.s.b.f.s.DefaultListableBeanFactory - Returning cached instance of singleton bean &apos;org.springframework.aop.support.DefaultBeanFactoryPointcutAdvisor#0&apos;
22:05:36.849 [main] DEBUG o.s.b.f.s.DefaultListableBeanFactory - Finished creating instance of bean &apos;sessionFactory&apos;
22:05:36.849 [main] DEBUG o.s.b.f.s.DefaultListableBeanFactory - Returning cached instance of singleton bean &apos;org.springframework.aop.support.DefaultBeanFactoryPointcutAdvisor#0&apos;
22:05:36.849 [main] DEBUG o.s.b.f.s.DefaultListableBeanFactory - Returning cached instance of singleton bean &apos;org.springframework.aop.support.DefaultBeanFactoryPointcutAdvisor#0&apos;
22:05:36.876 [main] DEBUG o.s.b.f.a.AutowiredAnnotationBeanPostProcessor - Autowiring by type from bean name &apos;billingAddressDao&apos; to bean named &apos;sessionFactory&apos;
22:05:36.877 [main] DEBUG o.s.b.f.s.DefaultListableBeanFactory - Returning cached instance of singleton bean &apos;org.springframework.aop.support.DefaultBeanFactoryPointcutAdvisor#0&apos;
22:05:36.877 [main] DEBUG o.s.b.f.s.DefaultListableBeanFactory - Returning cached instance of singleton bean &apos;org.springframework.aop.support.DefaultBeanFactoryPointcutAdvisor#0&apos;
22:05:36.878 [main] DEBUG o.s.b.f.s.DefaultListableBeanFactory - Finished creating instance of bean &apos;billingAddressDao&apos;
22:05:36.879 [main] DEBUG o.s.b.f.a.AutowiredAnnotationBeanPostProcessor - Autowiring by type from bean name &apos;billingService&apos; to bean named &apos;billingAddressDao&apos;
22:05:36.879 [main] DEBUG o.s.b.f.s.DefaultListableBeanFactory - Returning cached instance of singleton bean &apos;org.springframework.aop.support.DefaultBeanFactoryPointcutAdvisor#0&apos;
22:05:36.879 [main] DEBUG o.s.b.f.s.DefaultListableBeanFactory - Returning cached instance of singleton bean &apos;org.springframework.aop.support.DefaultBeanFactoryPointcutAdvisor#0&apos;
22:05:36.881 [main] DEBUG o.s.b.f.s.DefaultListableBeanFactory - Creating shared instance of singleton bean &apos;txAdvice&apos;
22:05:36.881 [main] DEBUG o.s.b.f.s.DefaultListableBeanFactory - Creating instance of bean &apos;txAdvice&apos;
22:05:36.882 [main] DEBUG o.s.b.f.s.DefaultListableBeanFactory - Eagerly caching bean &apos;txAdvice&apos; to allow for resolving potential circular references
22:05:36.886 [main] DEBUG o.s.b.f.s.DefaultListableBeanFactory - Creating shared instance of singleton bean &apos;transactionManager&apos;
22:05:36.886 [main] DEBUG o.s.b.f.s.DefaultListableBeanFactory - Creating instance of bean &apos;transactionManager&apos;
22:05:36.886 [main] DEBUG o.s.b.f.s.DefaultListableBeanFactory - Returning cached instance of singleton bean &apos;org.springframework.aop.support.DefaultBeanFactoryPointcutAdvisor#0&apos;
22:05:36.893 [main] DEBUG o.s.b.f.s.DefaultListableBeanFactory - Eagerly caching bean &apos;transactionManager&apos; to allow for resolving potential circular references
22:05:36.900 [main] DEBUG o.s.b.f.s.DefaultListableBeanFactory - Returning cached instance of singleton bean &apos;sessionFactory&apos;
22:05:36.901 [main] DEBUG o.s.b.f.s.DefaultListableBeanFactory - Invoking afterPropertiesSet() on bean with name &apos;transactionManager&apos;
22:05:36.909 [main] INFO  o.s.o.h.HibernateTransactionManager - Using DataSource [org.apache.commons.dbcp.BasicDataSource@85e6769] of Hibernate SessionFactory for HibernateTransactionManager
22:05:36.911 [main] DEBUG o.s.b.f.s.DefaultListableBeanFactory - Returning cached instance of singleton bean &apos;org.springframework.aop.support.DefaultBeanFactoryPointcutAdvisor#0&apos;
22:05:36.911 [main] DEBUG o.s.b.f.s.DefaultListableBeanFactory - Returning cached instance of singleton bean &apos;org.springframework.aop.support.DefaultBeanFactoryPointcutAdvisor#0&apos;
22:05:36.923 [main] DEBUG o.s.b.f.s.DefaultListableBeanFactory - Finished creating instance of bean &apos;transactionManager&apos;
22:05:36.924 [main] DEBUG o.s.b.f.s.DefaultListableBeanFactory - Creating instance of bean &apos;(inner bean)#6bc248ed&apos;
22:05:36.925 [main] DEBUG o.s.b.f.s.DefaultListableBeanFactory - Returning cached instance of singleton bean &apos;org.springframework.aop.support.DefaultBeanFactoryPointcutAdvisor#0&apos;
22:05:36.935 [main] DEBUG o.s.t.i.NameMatchTransactionAttributeSource - Adding transactional method [get*] with attribute [PROPAGATION_REQUIRED,ISOLATION_DEFAULT,readOnly]
22:05:36.935 [main] DEBUG o.s.t.i.NameMatchTransactionAttributeSource - Adding transactional method [find*] with attribute [PROPAGATION_REQUIRED,ISOLATION_DEFAULT,readOnly]
22:05:36.935 [main] DEBUG o.s.t.i.NameMatchTransactionAttributeSource - Adding transactional method [*] with attribute [PROPAGATION_REQUIRED,ISOLATION_DEFAULT]
22:05:36.936 [main] DEBUG o.s.b.f.s.DefaultListableBeanFactory - Returning cached instance of singleton bean &apos;org.springframework.aop.support.DefaultBeanFactoryPointcutAdvisor#0&apos;
22:05:36.936 [main] DEBUG o.s.b.f.s.DefaultListableBeanFactory - Returning cached instance of singleton bean &apos;org.springframework.aop.support.DefaultBeanFactoryPointcutAdvisor#0&apos;
22:05:36.938 [main] DEBUG o.s.b.f.s.DefaultListableBeanFactory - Finished creating instance of bean &apos;(inner bean)#6bc248ed&apos;
22:05:36.941 [main] DEBUG o.s.b.f.s.DefaultListableBeanFactory - Invoking afterPropertiesSet() on bean with name &apos;txAdvice&apos;
22:05:36.941 [main] DEBUG o.s.b.f.s.DefaultListableBeanFactory - Finished creating instance of bean &apos;txAdvice&apos;
22:05:36.950 [main] DEBUG o.s.a.a.a.AspectJAwareAdvisorAutoProxyCreator - Creating implicit proxy for bean &apos;billingService&apos; with 0 common interceptors and 2 specific interceptors
22:05:36.956 [main] DEBUG o.s.aop.framework.CglibAopProxy - Creating CGLIB proxy: target source is SingletonTargetSource for target object [com.ylc.service.BillingService@bc57b40]
22:05:37.007 [main] DEBUG o.s.aop.framework.CglibAopProxy - Unable to apply any optimisations to advised method: public com.ylc.model.BillingAddress com.ylc.service.BillingService.getAddressByCustomerId(com.ylc.model.Customer) throws java.lang.IllegalAccessException,java.lang.reflect.InvocationTargetException
22:05:37.007 [main] DEBUG o.s.aop.framework.CglibAopProxy - Unable to apply any optimisations to advised method: public void com.ylc.service.BillingService.saveAddress(com.ylc.model.BillingAddress) throws java.lang.IllegalAccessException,java.lang.reflect.InvocationTargetException
22:05:37.007 [main] DEBUG o.s.aop.framework.CglibAopProxy - Found finalize() method - using NO_OVERRIDE
22:05:37.007 [main] DEBUG o.s.aop.framework.CglibAopProxy - Found &apos;equals&apos; method: public boolean java.lang.Object.equals(java.lang.Object)
22:05:37.007 [main] DEBUG o.s.aop.framework.CglibAopProxy - Unable to apply any optimisations to advised method: public java.lang.String java.lang.Object.toString()
22:05:37.007 [main] DEBUG o.s.aop.framework.CglibAopProxy - Found &apos;hashCode&apos; method: public native int java.lang.Object.hashCode()
22:05:37.007 [main] DEBUG o.s.aop.framework.CglibAopProxy - Unable to apply any optimisations to advised method: protected native java.lang.Object java.lang.Object.clone() throws java.lang.CloneNotSupportedException
22:05:37.007 [main] DEBUG o.s.aop.framework.CglibAopProxy - Method is declared on Advised interface: public abstract int org.springframework.aop.framework.Advised.indexOf(org.springframework.aop.Advisor)
22:05:37.007 [main] DEBUG o.s.aop.framework.CglibAopProxy - Method is declared on Advised interface: public abstract int org.springframework.aop.framework.Advised.indexOf(org.aopalliance.aop.Advice)
22:05:37.007 [main] DEBUG o.s.aop.framework.CglibAopProxy - Method is declared on Advised interface: public abstract boolean org.springframework.aop.framework.Advised.isFrozen()
22:05:37.007 [main] DEBUG o.s.aop.framework.CglibAopProxy - Method is declared on Advised interface: public abstract org.springframework.aop.TargetSource org.springframework.aop.framework.Advised.getTargetSource()
22:05:37.007 [main] DEBUG o.s.aop.framework.CglibAopProxy - Method is declared on Advised interface: public abstract boolean org.springframework.aop.framework.Advised.isProxyTargetClass()
22:05:37.007 [main] DEBUG o.s.aop.framework.CglibAopProxy - Method is declared on Advised interface: public abstract void org.springframework.aop.framework.Advised.addAdvisor(int,org.springframework.aop.Advisor) throws org.springframework.aop.framework.AopConfigException
22:05:37.007 [main] DEBUG o.s.aop.framework.CglibAopProxy - Method is declared on Advised interface: public abstract void org.springframework.aop.framework.Advised.addAdvisor(org.springframework.aop.Advisor) throws org.springframework.aop.framework.AopConfigException
22:05:37.008 [main] DEBUG o.s.aop.framework.CglibAopProxy - Method is declared on Advised interface: public abstract void org.springframework.aop.framework.Advised.setPreFiltered(boolean)
22:05:37.008 [main] DEBUG o.s.aop.framework.CglibAopProxy - Method is declared on Advised interface: public abstract void org.springframework.aop.framework.Advised.setExposeProxy(boolean)
22:05:37.008 [main] DEBUG o.s.aop.framework.CglibAopProxy - Method is declared on Advised interface: public abstract boolean org.springframework.aop.framework.Advised.isExposeProxy()
22:05:37.008 [main] DEBUG o.s.aop.framework.CglibAopProxy - Method is declared on Advised interface: public abstract void org.springframework.aop.framework.Advised.addAdvice(org.aopalliance.aop.Advice) throws org.springframework.aop.framework.AopConfigException
22:05:37.008 [main] DEBUG o.s.aop.framework.CglibAopProxy - Method is declared on Advised interface: public abstract void org.springframework.aop.framework.Advised.addAdvice(int,org.aopalliance.aop.Advice) throws org.springframework.aop.framework.AopConfigException
22:05:37.008 [main] DEBUG o.s.aop.framework.CglibAopProxy - Method is declared on Advised interface: public abstract boolean org.springframework.aop.framework.Advised.isPreFiltered()
22:05:37.008 [main] DEBUG o.s.aop.framework.CglibAopProxy - Method is declared on Advised interface: public abstract java.lang.Class[] org.springframework.aop.framework.Advised.getProxiedInterfaces()
22:05:37.008 [main] DEBUG o.s.aop.framework.CglibAopProxy - Method is declared on Advised interface: public abstract boolean org.springframework.aop.framework.Advised.isInterfaceProxied(java.lang.Class)
22:05:37.008 [main] DEBUG o.s.aop.framework.CglibAopProxy - Method is declared on Advised interface: public abstract org.springframework.aop.Advisor[] org.springframework.aop.framework.Advised.getAdvisors()
22:05:37.008 [main] DEBUG o.s.aop.framework.CglibAopProxy - Method is declared on Advised interface: public abstract boolean org.springframework.aop.framework.Advised.removeAdvisor(org.springframework.aop.Advisor)
22:05:37.008 [main] DEBUG o.s.aop.framework.CglibAopProxy - Method is declared on Advised interface: public abstract void org.springframework.aop.framework.Advised.removeAdvisor(int) throws org.springframework.aop.framework.AopConfigException
22:05:37.008 [main] DEBUG o.s.aop.framework.CglibAopProxy - Method is declared on Advised interface: public abstract boolean org.springframework.aop.framework.Advised.replaceAdvisor(org.springframework.aop.Advisor,org.springframework.aop.Advisor) throws org.springframework.aop.framework.AopConfigException
22:05:37.008 [main] DEBUG o.s.aop.framework.CglibAopProxy - Method is declared on Advised interface: public abstract boolean org.springframework.aop.framework.Advised.removeAdvice(org.aopalliance.aop.Advice)
22:05:37.008 [main] DEBUG o.s.aop.framework.CglibAopProxy - Method is declared on Advised interface: public abstract java.lang.String org.springframework.aop.framework.Advised.toProxyConfigString()
22:05:37.008 [main] DEBUG o.s.aop.framework.CglibAopProxy - Method is declared on Advised interface: public abstract void org.springframework.aop.framework.Advised.setTargetSource(org.springframework.aop.TargetSource)
22:05:37.008 [main] DEBUG o.s.aop.framework.CglibAopProxy - Method is declared on Advised interface: public abstract java.lang.Class org.springframework.aop.TargetClassAware.getTargetClass()
22:05:37.029 [main] DEBUG o.s.b.f.s.DefaultListableBeanFactory - Finished creating instance of bean &apos;billingService&apos;
22:05:37.029 [main] DEBUG o.s.b.f.s.DefaultListableBeanFactory - Creating shared instance of singleton bean &apos;callLogService&apos;
22:05:37.029 [main] DEBUG o.s.b.f.s.DefaultListableBeanFactory - Creating instance of bean &apos;callLogService&apos;
22:05:37.029 [main] DEBUG o.s.b.f.s.DefaultListableBeanFactory - Returning cached instance of singleton bean &apos;org.springframework.aop.support.DefaultBeanFactoryPointcutAdvisor#0&apos;
22:05:37.032 [main] DEBUG o.s.b.f.annotation.InjectionMetadata - Registered injected element on class [com.ylc.service.CallLogService]: AutowiredFieldElement for com.ylc.dao.CallLogDao com.ylc.service.CallLogService.callLogDao
22:05:37.032 [main] DEBUG o.s.b.f.s.DefaultListableBeanFactory - Eagerly caching bean &apos;callLogService&apos; to allow for resolving potential circular references
22:05:37.033 [main] DEBUG o.s.b.f.annotation.InjectionMetadata - Processing injected method of bean &apos;callLogService&apos;: AutowiredFieldElement for com.ylc.dao.CallLogDao com.ylc.service.CallLogService.callLogDao
22:05:37.034 [main] DEBUG o.s.b.f.s.DefaultListableBeanFactory - Creating shared instance of singleton bean &apos;callLogDao&apos;
22:05:37.034 [main] DEBUG o.s.b.f.s.DefaultListableBeanFactory - Creating instance of bean &apos;callLogDao&apos;
22:05:37.034 [main] DEBUG o.s.b.f.s.DefaultListableBeanFactory - Returning cached instance of singleton bean &apos;org.springframework.aop.support.DefaultBeanFactoryPointcutAdvisor#0&apos;
22:05:37.034 [main] DEBUG o.s.b.f.annotation.InjectionMetadata - Registered injected element on class [com.ylc.dao.CallLogDao]: AutowiredFieldElement for org.hibernate.SessionFactory com.ylc.dao.CallLogDao.sessionFactory
22:05:37.034 [main] DEBUG o.s.b.f.s.DefaultListableBeanFactory - Eagerly caching bean &apos;callLogDao&apos; to allow for resolving potential circular references
22:05:37.035 [main] DEBUG o.s.b.f.annotation.InjectionMetadata - Processing injected method of bean &apos;callLogDao&apos;: AutowiredFieldElement for org.hibernate.SessionFactory com.ylc.dao.CallLogDao.sessionFactory
22:05:37.035 [main] DEBUG o.s.b.f.s.DefaultListableBeanFactory - Returning cached instance of singleton bean &apos;sessionFactory&apos;
22:05:37.035 [main] DEBUG o.s.b.f.a.AutowiredAnnotationBeanPostProcessor - Autowiring by type from bean name &apos;callLogDao&apos; to bean named &apos;sessionFactory&apos;
22:05:37.035 [main] DEBUG o.s.b.f.s.DefaultListableBeanFactory - Returning cached instance of singleton bean &apos;org.springframework.aop.support.DefaultBeanFactoryPointcutAdvisor#0&apos;
22:05:37.035 [main] DEBUG o.s.b.f.s.DefaultListableBeanFactory - Returning cached instance of singleton bean &apos;org.springframework.aop.support.DefaultBeanFactoryPointcutAdvisor#0&apos;
22:05:37.036 [main] DEBUG o.s.b.f.s.DefaultListableBeanFactory - Finished creating instance of bean &apos;callLogDao&apos;
22:05:37.036 [main] DEBUG o.s.b.f.a.AutowiredAnnotationBeanPostProcessor - Autowiring by type from bean name &apos;callLogService&apos; to bean named &apos;callLogDao&apos;
22:05:37.036 [main] DEBUG o.s.b.f.s.DefaultListableBeanFactory - Returning cached instance of singleton bean &apos;org.springframework.aop.support.DefaultBeanFactoryPointcutAdvisor#0&apos;
22:05:37.036 [main] DEBUG o.s.b.f.s.DefaultListableBeanFactory - Returning cached instance of singleton bean &apos;org.springframework.aop.support.DefaultBeanFactoryPointcutAdvisor#0&apos;
22:05:37.036 [main] DEBUG o.s.a.a.a.AspectJAwareAdvisorAutoProxyCreator - Creating implicit proxy for bean &apos;callLogService&apos; with 0 common interceptors and 2 specific interceptors
22:05:37.036 [main] DEBUG o.s.aop.framework.CglibAopProxy - Creating CGLIB proxy: target source is SingletonTargetSource for target object [com.ylc.service.CallLogService@2f40a43]
22:05:37.037 [main] DEBUG o.s.aop.framework.CglibAopProxy - Unable to apply any optimisations to advised method: public void com.ylc.service.CallLogService.saveCallLog(com.ylc.model.CallLog) throws java.lang.IllegalAccessException,java.lang.reflect.InvocationTargetException
22:05:37.037 [main] DEBUG o.s.aop.framework.CglibAopProxy - Found finalize() method - using NO_OVERRIDE
22:05:37.037 [main] DEBUG o.s.aop.framework.CglibAopProxy - Found &apos;equals&apos; method: public boolean java.lang.Object.equals(java.lang.Object)
22:05:37.038 [main] DEBUG o.s.aop.framework.CglibAopProxy - Unable to apply any optimisations to advised method: public java.lang.String java.lang.Object.toString()
22:05:37.038 [main] DEBUG o.s.aop.framework.CglibAopProxy - Found &apos;hashCode&apos; method: public native int java.lang.Object.hashCode()
22:05:37.038 [main] DEBUG o.s.aop.framework.CglibAopProxy - Unable to apply any optimisations to advised method: protected native java.lang.Object java.lang.Object.clone() throws java.lang.CloneNotSupportedException
22:05:37.038 [main] DEBUG o.s.aop.framework.CglibAopProxy - Method is declared on Advised interface: public abstract int org.springframework.aop.framework.Advised.indexOf(org.springframework.aop.Advisor)
22:05:37.038 [main] DEBUG o.s.aop.framework.CglibAopProxy - Method is declared on Advised interface: public abstract int org.springframework.aop.framework.Advised.indexOf(org.aopalliance.aop.Advice)
22:05:37.038 [main] DEBUG o.s.aop.framework.CglibAopProxy - Method is declared on Advised interface: public abstract boolean org.springframework.aop.framework.Advised.isFrozen()
22:05:37.038 [main] DEBUG o.s.aop.framework.CglibAopProxy - Method is declared on Advised interface: public abstract org.springframework.aop.TargetSource org.springframework.aop.framework.Advised.getTargetSource()
22:05:37.038 [main] DEBUG o.s.aop.framework.CglibAopProxy - Method is declared on Advised interface: public abstract boolean org.springframework.aop.framework.Advised.isProxyTargetClass()
22:05:37.038 [main] DEBUG o.s.aop.framework.CglibAopProxy - Method is declared on Advised interface: public abstract void org.springframework.aop.framework.Advised.addAdvisor(int,org.springframework.aop.Advisor) throws org.springframework.aop.framework.AopConfigException
22:05:37.038 [main] DEBUG o.s.aop.framework.CglibAopProxy - Method is declared on Advised interface: public abstract void org.springframework.aop.framework.Advised.addAdvisor(org.springframework.aop.Advisor) throws org.springframework.aop.framework.AopConfigException
22:05:37.038 [main] DEBUG o.s.aop.framework.CglibAopProxy - Method is declared on Advised interface: public abstract void org.springframework.aop.framework.Advised.setPreFiltered(boolean)
22:05:37.038 [main] DEBUG o.s.aop.framework.CglibAopProxy - Method is declared on Advised interface: public abstract void org.springframework.aop.framework.Advised.setExposeProxy(boolean)
22:05:37.038 [main] DEBUG o.s.aop.framework.CglibAopProxy - Method is declared on Advised interface: public abstract boolean org.springframework.aop.framework.Advised.isExposeProxy()
22:05:37.038 [main] DEBUG o.s.aop.framework.CglibAopProxy - Method is declared on Advised interface: public abstract void org.springframework.aop.framework.Advised.addAdvice(org.aopalliance.aop.Advice) throws org.springframework.aop.framework.AopConfigException
22:05:37.038 [main] DEBUG o.s.aop.framework.CglibAopProxy - Method is declared on Advised interface: public abstract void org.springframework.aop.framework.Advised.addAdvice(int,org.aopalliance.aop.Advice) throws org.springframework.aop.framework.AopConfigException
22:05:37.038 [main] DEBUG o.s.aop.framework.CglibAopProxy - Method is declared on Advised interface: public abstract boolean org.springframework.aop.framework.Advised.isPreFiltered()
22:05:37.038 [main] DEBUG o.s.aop.framework.CglibAopProxy - Method is declared on Advised interface: public abstract java.lang.Class[] org.springframework.aop.framework.Advised.getProxiedInterfaces()
22:05:37.038 [main] DEBUG o.s.aop.framework.CglibAopProxy - Method is declared on Advised interface: public abstract boolean org.springframework.aop.framework.Advised.isInterfaceProxied(java.lang.Class)
22:05:37.038 [main] DEBUG o.s.aop.framework.CglibAopProxy - Method is declared on Advised interface: public abstract org.springframework.aop.Advisor[] org.springframework.aop.framework.Advised.getAdvisors()
22:05:37.038 [main] DEBUG o.s.aop.framework.CglibAopProxy - Method is declared on Advised interface: public abstract boolean org.springframework.aop.framework.Advised.removeAdvisor(org.springframework.aop.Advisor)
22:05:37.038 [main] DEBUG o.s.aop.framework.CglibAopProxy - Method is declared on Advised interface: public abstract void org.springframework.aop.framework.Advised.removeAdvisor(int) throws org.springframework.aop.framework.AopConfigException
22:05:37.038 [main] DEBUG o.s.aop.framework.CglibAopProxy - Method is declared on Advised interface: public abstract boolean org.springframework.aop.framework.Advised.replaceAdvisor(org.springframework.aop.Advisor,org.springframework.aop.Advisor) throws org.springframework.aop.framework.AopConfigException
22:05:37.038 [main] DEBUG o.s.aop.framework.CglibAopProxy - Method is declared on Advised interface: public abstract boolean org.springframework.aop.framework.Advised.removeAdvice(org.aopalliance.aop.Advice)
22:05:37.038 [main] DEBUG o.s.aop.framework.CglibAopProxy - Method is declared on Advised interface: public abstract java.lang.String org.springframework.aop.framework.Advised.toProxyConfigString()
22:05:37.038 [main] DEBUG o.s.aop.framework.CglibAopProxy - Method is declared on Advised interface: public abstract void org.springframework.aop.framework.Advised.setTargetSource(org.springframework.aop.TargetSource)
22:05:37.038 [main] DEBUG o.s.aop.framework.CglibAopProxy - Method is declared on Advised interface: public abstract java.lang.Class org.springframework.aop.TargetClassAware.getTargetClass()
22:05:37.046 [main] DEBUG o.s.b.f.s.DefaultListableBeanFactory - Finished creating instance of bean &apos;callLogService&apos;
22:05:37.046 [main] DEBUG o.s.b.f.s.DefaultListableBeanFactory - Creating shared instance of singleton bean &apos;citronUserDetailsService&apos;
22:05:37.046 [main] DEBUG o.s.b.f.s.DefaultListableBeanFactory - Creating instance of bean &apos;citronUserDetailsService&apos;
22:05:37.046 [main] DEBUG o.s.b.f.s.DefaultListableBeanFactory - Returning cached instance of singleton bean &apos;org.springframework.aop.support.DefaultBeanFactoryPointcutAdvisor#0&apos;
22:05:37.049 [main] DEBUG o.s.b.f.annotation.InjectionMetadata - Registered injected element on class [com.ylc.service.CitronUserDetailsService]: AutowiredFieldElement for com.ylc.service.UserService com.ylc.service.CitronUserDetailsService.userService
22:05:37.049 [main] DEBUG o.s.b.f.s.DefaultListableBeanFactory - Eagerly caching bean &apos;citronUserDetailsService&apos; to allow for resolving potential circular references
22:05:37.051 [main] DEBUG o.s.b.f.annotation.InjectionMetadata - Processing injected method of bean &apos;citronUserDetailsService&apos;: AutowiredFieldElement for com.ylc.service.UserService com.ylc.service.CitronUserDetailsService.userService
22:05:37.051 [main] DEBUG o.s.b.f.s.DefaultListableBeanFactory - Creating shared instance of singleton bean &apos;userService&apos;
22:05:37.051 [main] DEBUG o.s.b.f.s.DefaultListableBeanFactory - Creating instance of bean &apos;userService&apos;
22:05:37.051 [main] DEBUG o.s.b.f.s.DefaultListableBeanFactory - Returning cached instance of singleton bean &apos;org.springframework.aop.support.DefaultBeanFactoryPointcutAdvisor#0&apos;
22:05:37.052 [main] DEBUG o.s.b.f.annotation.InjectionMetadata - Registered injected element on class [com.ylc.service.UserService]: AutowiredFieldElement for com.ylc.dao.UserDao com.ylc.service.UserService.userDao
22:05:37.052 [main] DEBUG o.s.b.f.s.DefaultListableBeanFactory - Eagerly caching bean &apos;userService&apos; to allow for resolving potential circular references
22:05:37.058 [main] DEBUG o.s.b.f.annotation.InjectionMetadata - Processing injected method of bean &apos;userService&apos;: AutowiredFieldElement for com.ylc.dao.UserDao com.ylc.service.UserService.userDao
22:05:37.069 [main] DEBUG o.s.b.f.s.DefaultListableBeanFactory - Creating shared instance of singleton bean &apos;userDao&apos;
22:05:37.069 [main] DEBUG o.s.b.f.s.DefaultListableBeanFactory - Creating instance of bean &apos;userDao&apos;
22:05:37.069 [main] DEBUG o.s.b.f.s.DefaultListableBeanFactory - Returning cached instance of singleton bean &apos;org.springframework.aop.support.DefaultBeanFactoryPointcutAdvisor#0&apos;
22:05:37.069 [main] DEBUG o.s.b.f.annotation.InjectionMetadata - Registered injected element on class [com.ylc.dao.UserDao]: AutowiredFieldElement for org.hibernate.SessionFactory com.ylc.dao.UserDao.sessionFactory
22:05:37.070 [main] DEBUG o.s.b.f.s.DefaultListableBeanFactory - Eagerly caching bean &apos;userDao&apos; to allow for resolving potential circular references
22:05:37.071 [main] DEBUG o.s.b.f.annotation.InjectionMetadata - Processing injected method of bean &apos;userDao&apos;: AutowiredFieldElement for org.hibernate.SessionFactory com.ylc.dao.UserDao.sessionFactory
22:05:37.071 [main] DEBUG o.s.b.f.s.DefaultListableBeanFactory - Returning cached instance of singleton bean &apos;sessionFactory&apos;
22:05:37.071 [main] DEBUG o.s.b.f.a.AutowiredAnnotationBeanPostProcessor - Autowiring by type from bean name &apos;userDao&apos; to bean named &apos;sessionFactory&apos;
22:05:37.071 [main] DEBUG o.s.b.f.s.DefaultListableBeanFactory - Returning cached instance of singleton bean &apos;org.springframework.aop.support.DefaultBeanFactoryPointcutAdvisor#0&apos;
22:05:37.071 [main] DEBUG o.s.b.f.s.DefaultListableBeanFactory - Returning cached instance of singleton bean &apos;org.springframework.aop.support.DefaultBeanFactoryPointcutAdvisor#0&apos;
22:05:37.072 [main] DEBUG o.s.b.f.s.DefaultListableBeanFactory - Finished creating instance of bean &apos;userDao&apos;
22:05:37.072 [main] DEBUG o.s.b.f.a.AutowiredAnnotationBeanPostProcessor - Autowiring by type from bean name &apos;userService&apos; to bean named &apos;userDao&apos;
22:05:37.072 [main] DEBUG o.s.b.f.s.DefaultListableBeanFactory - Returning cached instance of singleton bean &apos;org.springframework.aop.support.DefaultBeanFactoryPointcutAdvisor#0&apos;
22:05:37.072 [main] DEBUG o.s.b.f.s.DefaultListableBeanFactory - Returning cached instance of singleton bean &apos;org.springframework.aop.support.DefaultBeanFactoryPointcutAdvisor#0&apos;
22:05:37.073 [main] DEBUG o.s.a.a.a.AspectJAwareAdvisorAutoProxyCreator - Creating implicit proxy for bean &apos;userService&apos; with 0 common interceptors and 2 specific interceptors
22:05:37.073 [main] DEBUG o.s.aop.framework.CglibAopProxy - Creating CGLIB proxy: target source is SingletonTargetSource for target object [com.ylc.service.UserService@58a55449]
22:05:37.074 [main] DEBUG o.s.aop.framework.CglibAopProxy - Unable to apply any optimisations to advised method: public int com.ylc.service.UserService.saveUser(com.ylc.model.User)
22:05:37.075 [main] DEBUG o.s.aop.framework.CglibAopProxy - Unable to apply any optimisations to advised method: public com.ylc.model.User com.ylc.service.UserService.findByUserByEmail(com.ylc.model.User)
22:05:37.076 [main] DEBUG o.s.aop.framework.CglibAopProxy - Unable to apply any optimisations to advised method: public void com.ylc.service.UserService.saveRole(com.ylc.model.Role) throws java.lang.IllegalAccessException,java.lang.reflect.InvocationTargetException
22:05:37.076 [main] DEBUG o.s.aop.framework.CglibAopProxy - Unable to apply any optimisations to advised method: public com.ylc.model.User com.ylc.service.UserService.findByUserById(com.ylc.model.User)
22:05:37.076 [main] DEBUG o.s.aop.framework.CglibAopProxy - Found finalize() method - using NO_OVERRIDE
22:05:37.076 [main] DEBUG o.s.aop.framework.CglibAopProxy - Found &apos;equals&apos; method: public boolean java.lang.Object.equals(java.lang.Object)
22:05:37.076 [main] DEBUG o.s.aop.framework.CglibAopProxy - Unable to apply any optimisations to advised method: public java.lang.String java.lang.Object.toString()
22:05:37.076 [main] DEBUG o.s.aop.framework.CglibAopProxy - Found &apos;hashCode&apos; method: public native int java.lang.Object.hashCode()
22:05:37.076 [main] DEBUG o.s.aop.framework.CglibAopProxy - Unable to apply any optimisations to advised method: protected native java.lang.Object java.lang.Object.clone() throws java.lang.CloneNotSupportedException
22:05:37.077 [main] DEBUG o.s.aop.framework.CglibAopProxy - Method is declared on Advised interface: public abstract int org.springframework.aop.framework.Advised.indexOf(org.springframework.aop.Advisor)
22:05:37.077 [main] DEBUG o.s.aop.framework.CglibAopProxy - Method is declared on Advised interface: public abstract int org.springframework.aop.framework.Advised.indexOf(org.aopalliance.aop.Advice)
22:05:37.077 [main] DEBUG o.s.aop.framework.CglibAopProxy - Method is declared on Advised interface: public abstract boolean org.springframework.aop.framework.Advised.isFrozen()
22:05:37.077 [main] DEBUG o.s.aop.framework.CglibAopProxy - Method is declared on Advised interface: public abstract org.springframework.aop.TargetSource org.springframework.aop.framework.Advised.getTargetSource()
22:05:37.077 [main] DEBUG o.s.aop.framework.CglibAopProxy - Method is declared on Advised interface: public abstract boolean org.springframework.aop.framework.Advised.isProxyTargetClass()
22:05:37.077 [main] DEBUG o.s.aop.framework.CglibAopProxy - Method is declared on Advised interface: public abstract void org.springframework.aop.framework.Advised.addAdvisor(int,org.springframework.aop.Advisor) throws org.springframework.aop.framework.AopConfigException
22:05:37.077 [main] DEBUG o.s.aop.framework.CglibAopProxy - Method is declared on Advised interface: public abstract void org.springframework.aop.framework.Advised.addAdvisor(org.springframework.aop.Advisor) throws org.springframework.aop.framework.AopConfigException
22:05:37.077 [main] DEBUG o.s.aop.framework.CglibAopProxy - Method is declared on Advised interface: public abstract void org.springframework.aop.framework.Advised.setPreFiltered(boolean)
22:05:37.077 [main] DEBUG o.s.aop.framework.CglibAopProxy - Method is declared on Advised interface: public abstract void org.springframework.aop.framework.Advised.setExposeProxy(boolean)
22:05:37.077 [main] DEBUG o.s.aop.framework.CglibAopProxy - Method is declared on Advised interface: public abstract boolean org.springframework.aop.framework.Advised.isExposeProxy()
22:05:37.077 [main] DEBUG o.s.aop.framework.CglibAopProxy - Method is declared on Advised interface: public abstract void org.springframework.aop.framework.Advised.addAdvice(org.aopalliance.aop.Advice) throws org.springframework.aop.framework.AopConfigException
22:05:37.077 [main] DEBUG o.s.aop.framework.CglibAopProxy - Method is declared on Advised interface: public abstract void org.springframework.aop.framework.Advised.addAdvice(int,org.aopalliance.aop.Advice) throws org.springframework.aop.framework.AopConfigException
22:05:37.077 [main] DEBUG o.s.aop.framework.CglibAopProxy - Method is declared on Advised interface: public abstract boolean org.springframework.aop.framework.Advised.isPreFiltered()
22:05:37.077 [main] DEBUG o.s.aop.framework.CglibAopProxy - Method is declared on Advised interface: public abstract java.lang.Class[] org.springframework.aop.framework.Advised.getProxiedInterfaces()
22:05:37.077 [main] DEBUG o.s.aop.framework.CglibAopProxy - Method is declared on Advised interface: public abstract boolean org.springframework.aop.framework.Advised.isInterfaceProxied(java.lang.Class)
22:05:37.077 [main] DEBUG o.s.aop.framework.CglibAopProxy - Method is declared on Advised interface: public abstract org.springframework.aop.Advisor[] org.springframework.aop.framework.Advised.getAdvisors()
22:05:37.077 [main] DEBUG o.s.aop.framework.CglibAopProxy - Method is declared on Advised interface: public abstract boolean org.springframework.aop.framework.Advised.removeAdvisor(org.springframework.aop.Advisor)
22:05:37.077 [main] DEBUG o.s.aop.framework.CglibAopProxy - Method is declared on Advised interface: public abstract void org.springframework.aop.framework.Advised.removeAdvisor(int) throws org.springframework.aop.framework.AopConfigException
22:05:37.077 [main] DEBUG o.s.aop.framework.CglibAopProxy - Method is declared on Advised interface: public abstract boolean org.springframework.aop.framework.Advised.replaceAdvisor(org.springframework.aop.Advisor,org.springframework.aop.Advisor) throws org.springframework.aop.framework.AopConfigException
22:05:37.078 [main] DEBUG o.s.aop.framework.CglibAopProxy - Method is declared on Advised interface: public abstract boolean org.springframework.aop.framework.Advised.removeAdvice(org.aopalliance.aop.Advice)
22:05:37.078 [main] DEBUG o.s.aop.framework.CglibAopProxy - Method is declared on Advised interface: public abstract java.lang.String org.springframework.aop.framework.Advised.toProxyConfigString()
22:05:37.078 [main] DEBUG o.s.aop.framework.CglibAopProxy - Method is declared on Advised interface: public abstract void org.springframework.aop.framework.Advised.setTargetSource(org.springframework.aop.TargetSource)
22:05:37.078 [main] DEBUG o.s.aop.framework.CglibAopProxy - Method is declared on Advised interface: public abstract java.lang.Class org.springframework.aop.TargetClassAware.getTargetClass()
22:05:37.086 [main] DEBUG o.s.b.f.s.DefaultListableBeanFactory - Finished creating instance of bean &apos;userService&apos;
22:05:37.086 [main] DEBUG o.s.b.f.a.AutowiredAnnotationBeanPostProcessor - Autowiring by type from bean name &apos;citronUserDetailsService&apos; to bean named &apos;userService&apos;
22:05:37.087 [main] DEBUG o.s.b.f.s.DefaultListableBeanFactory - Returning cached instance of singleton bean &apos;org.springframework.aop.support.DefaultBeanFactoryPointcutAdvisor#0&apos;
22:05:37.087 [main] DEBUG o.s.b.f.s.DefaultListableBeanFactory - Returning cached instance of singleton bean &apos;org.springframework.aop.support.DefaultBeanFactoryPointcutAdvisor#0&apos;
22:05:37.087 [main] DEBUG o.s.a.a.a.AspectJAwareAdvisorAutoProxyCreator - Creating implicit proxy for bean &apos;citronUserDetailsService&apos; with 0 common interceptors and 2 specific interceptors
22:05:37.088 [main] DEBUG o.s.aop.framework.JdkDynamicAopProxy - Creating JDK dynamic proxy: target source is SingletonTargetSource for target object [com.ylc.service.CitronUserDetailsService@2d0566ba]
22:05:37.091 [main] DEBUG o.s.b.f.s.DefaultListableBeanFactory - Finished creating instance of bean &apos;citronUserDetailsService&apos;
22:05:37.092 [main] DEBUG o.s.b.f.s.DefaultListableBeanFactory - Creating shared instance of singleton bean &apos;countryService&apos;
22:05:37.092 [main] DEBUG o.s.b.f.s.DefaultListableBeanFactory - Creating instance of bean &apos;countryService&apos;
22:05:37.092 [main] DEBUG o.s.b.f.s.DefaultListableBeanFactory - Returning cached instance of singleton bean &apos;org.springframework.aop.support.DefaultBeanFactoryPointcutAdvisor#0&apos;
22:05:37.093 [main] DEBUG o.s.b.f.annotation.InjectionMetadata - Registered injected element on class [com.ylc.service.CountryService]: AutowiredFieldElement for com.ylc.dao.CountryDao com.ylc.service.CountryService.countryDao
22:05:37.093 [main] DEBUG o.s.b.f.s.DefaultListableBeanFactory - Eagerly caching bean &apos;countryService&apos; to allow for resolving potential circular references
22:05:37.095 [main] DEBUG o.s.b.f.annotation.InjectionMetadata - Processing injected method of bean &apos;countryService&apos;: AutowiredFieldElement for com.ylc.dao.CountryDao com.ylc.service.CountryService.countryDao
22:05:37.095 [main] DEBUG o.s.b.f.s.DefaultListableBeanFactory - Creating shared instance of singleton bean &apos;countryDao&apos;
22:05:37.095 [main] DEBUG o.s.b.f.s.DefaultListableBeanFactory - Creating instance of bean &apos;countryDao&apos;
22:05:37.095 [main] DEBUG o.s.b.f.s.DefaultListableBeanFactory - Returning cached instance of singleton bean &apos;org.springframework.aop.support.DefaultBeanFactoryPointcutAdvisor#0&apos;
22:05:37.096 [main] DEBUG o.s.b.f.annotation.InjectionMetadata - Registered injected element on class [com.ylc.dao.CountryDao]: AutowiredFieldElement for org.hibernate.SessionFactory com.ylc.dao.CountryDao.sessionFactory
22:05:37.096 [main] DEBUG o.s.b.f.s.DefaultListableBeanFactory - Eagerly caching bean &apos;countryDao&apos; to allow for resolving potential circular references
22:05:37.097 [main] DEBUG o.s.b.f.annotation.InjectionMetadata - Processing injected method of bean &apos;countryDao&apos;: AutowiredFieldElement for org.hibernate.SessionFactory com.ylc.dao.CountryDao.sessionFactory
22:05:37.097 [main] DEBUG o.s.b.f.s.DefaultListableBeanFactory - Returning cached instance of singleton bean &apos;sessionFactory&apos;
22:05:37.097 [main] DEBUG o.s.b.f.a.AutowiredAnnotationBeanPostProcessor - Autowiring by type from bean name &apos;countryDao&apos; to bean named &apos;sessionFactory&apos;
22:05:37.098 [main] DEBUG o.s.b.f.s.DefaultListableBeanFactory - Returning cached instance of singleton bean &apos;org.springframework.aop.support.DefaultBeanFactoryPointcutAdvisor#0&apos;
22:05:37.098 [main] DEBUG o.s.b.f.s.DefaultListableBeanFactory - Returning cached instance of singleton bean &apos;org.springframework.aop.support.DefaultBeanFactoryPointcutAdvisor#0&apos;
22:05:37.098 [main] DEBUG o.s.b.f.s.DefaultListableBeanFactory - Finished creating instance of bean &apos;countryDao&apos;
22:05:37.098 [main] DEBUG o.s.b.f.a.AutowiredAnnotationBeanPostProcessor - Autowiring by type from bean name &apos;countryService&apos; to bean named &apos;countryDao&apos;
22:05:37.099 [main] DEBUG o.s.b.f.s.DefaultListableBeanFactory - Returning cached instance of singleton bean &apos;org.springframework.aop.support.DefaultBeanFactoryPointcutAdvisor#0&apos;
22:05:37.099 [main] DEBUG o.s.b.f.s.DefaultListableBeanFactory - Returning cached instance of singleton bean &apos;org.springframework.aop.support.DefaultBeanFactoryPointcutAdvisor#0&apos;
22:05:37.099 [main] DEBUG o.s.a.a.a.AspectJAwareAdvisorAutoProxyCreator - Creating implicit proxy for bean &apos;countryService&apos; with 0 common interceptors and 2 specific interceptors
22:05:37.099 [main] DEBUG o.s.aop.framework.CglibAopProxy - Creating CGLIB proxy: target source is SingletonTargetSource for target object [com.ylc.service.CountryService@28c0b664]
22:05:37.100 [main] DEBUG o.s.aop.framework.CglibAopProxy - Unable to apply any optimisations to advised method: public void com.ylc.service.CountryService.saveCountry(com.ylc.model.Country) throws java.lang.IllegalAccessException,java.lang.reflect.InvocationTargetException
22:05:37.101 [main] DEBUG o.s.aop.framework.CglibAopProxy - Unable to apply any optimisations to advised method: public java.util.List com.ylc.service.CountryService.getCountries() throws java.lang.IllegalAccessException,java.lang.reflect.InvocationTargetException,java.lang.InstantiationException
22:05:37.102 [main] DEBUG o.s.aop.framework.CglibAopProxy - Unable to apply any optimisations to advised method: public com.ylc.model.Country com.ylc.service.CountryService.getCountryById(com.ylc.model.Country) throws java.lang.IllegalAccessException,java.lang.reflect.InvocationTargetException
22:05:37.102 [main] DEBUG o.s.aop.framework.CglibAopProxy - Found finalize() method - using NO_OVERRIDE
22:05:37.102 [main] DEBUG o.s.aop.framework.CglibAopProxy - Found &apos;equals&apos; method: public boolean java.lang.Object.equals(java.lang.Object)
22:05:37.102 [main] DEBUG o.s.aop.framework.CglibAopProxy - Unable to apply any optimisations to advised method: public java.lang.String java.lang.Object.toString()
22:05:37.102 [main] DEBUG o.s.aop.framework.CglibAopProxy - Found &apos;hashCode&apos; method: public native int java.lang.Object.hashCode()
22:05:37.102 [main] DEBUG o.s.aop.framework.CglibAopProxy - Unable to apply any optimisations to advised method: protected native java.lang.Object java.lang.Object.clone() throws java.lang.CloneNotSupportedException
22:05:37.102 [main] DEBUG o.s.aop.framework.CglibAopProxy - Method is declared on Advised interface: public abstract int org.springframework.aop.framework.Advised.indexOf(org.springframework.aop.Advisor)
22:05:37.102 [main] DEBUG o.s.aop.framework.CglibAopProxy - Method is declared on Advised interface: public abstract int org.springframework.aop.framework.Advised.indexOf(org.aopalliance.aop.Advice)
22:05:37.102 [main] DEBUG o.s.aop.framework.CglibAopProxy - Method is declared on Advised interface: public abstract boolean org.springframework.aop.framework.Advised.isFrozen()
22:05:37.102 [main] DEBUG o.s.aop.framework.CglibAopProxy - Method is declared on Advised interface: public abstract org.springframework.aop.TargetSource org.springframework.aop.framework.Advised.getTargetSource()
22:05:37.102 [main] DEBUG o.s.aop.framework.CglibAopProxy - Method is declared on Advised interface: public abstract boolean org.springframework.aop.framework.Advised.isProxyTargetClass()
22:05:37.102 [main] DEBUG o.s.aop.framework.CglibAopProxy - Method is declared on Advised interface: public abstract void org.springframework.aop.framework.Advised.addAdvisor(int,org.springframework.aop.Advisor) throws org.springframework.aop.framework.AopConfigException
22:05:37.102 [main] DEBUG o.s.aop.framework.CglibAopProxy - Method is declared on Advised interface: public abstract void org.springframework.aop.framework.Advised.addAdvisor(org.springframework.aop.Advisor) throws org.springframework.aop.framework.AopConfigException
22:05:37.102 [main] DEBUG o.s.aop.framework.CglibAopProxy - Method is declared on Advised interface: public abstract void org.springframework.aop.framework.Advised.setPreFiltered(boolean)
22:05:37.102 [main] DEBUG o.s.aop.framework.CglibAopProxy - Method is declared on Advised interface: public abstract void org.springframework.aop.framework.Advised.setExposeProxy(boolean)
22:05:37.102 [main] DEBUG o.s.aop.framework.CglibAopProxy - Method is declared on Advised interface: public abstract boolean org.springframework.aop.framework.Advised.isExposeProxy()
22:05:37.102 [main] DEBUG o.s.aop.framework.CglibAopProxy - Method is declared on Advised interface: public abstract void org.springframework.aop.framework.Advised.addAdvice(org.aopalliance.aop.Advice) throws org.springframework.aop.framework.AopConfigException
22:05:37.102 [main] DEBUG o.s.aop.framework.CglibAopProxy - Method is declared on Advised interface: public abstract void org.springframework.aop.framework.Advised.addAdvice(int,org.aopalliance.aop.Advice) throws org.springframework.aop.framework.AopConfigException
22:05:37.103 [main] DEBUG o.s.aop.framework.CglibAopProxy - Method is declared on Advised interface: public abstract boolean org.springframework.aop.framework.Advised.isPreFiltered()
22:05:37.103 [main] DEBUG o.s.aop.framework.CglibAopProxy - Method is declared on Advised interface: public abstract java.lang.Class[] org.springframework.aop.framework.Advised.getProxiedInterfaces()
22:05:37.103 [main] DEBUG o.s.aop.framework.CglibAopProxy - Method is declared on Advised interface: public abstract boolean org.springframework.aop.framework.Advised.isInterfaceProxied(java.lang.Class)
22:05:37.103 [main] DEBUG o.s.aop.framework.CglibAopProxy - Method is declared on Advised interface: public abstract org.springframework.aop.Advisor[] org.springframework.aop.framework.Advised.getAdvisors()
22:05:37.103 [main] DEBUG o.s.aop.framework.CglibAopProxy - Method is declared on Advised interface: public abstract boolean org.springframework.aop.framework.Advised.removeAdvisor(org.springframework.aop.Advisor)
22:05:37.103 [main] DEBUG o.s.aop.framework.CglibAopProxy - Method is declared on Advised interface: public abstract void org.springframework.aop.framework.Advised.removeAdvisor(int) throws org.springframework.aop.framework.AopConfigException
22:05:37.103 [main] DEBUG o.s.aop.framework.CglibAopProxy - Method is declared on Advised interface: public abstract boolean org.springframework.aop.framework.Advised.replaceAdvisor(org.springframework.aop.Advisor,org.springframework.aop.Advisor) throws org.springframework.aop.framework.AopConfigException
22:05:37.103 [main] DEBUG o.s.aop.framework.CglibAopProxy - Method is declared on Advised interface: public abstract boolean org.springframework.aop.framework.Advised.removeAdvice(org.aopalliance.aop.Advice)
22:05:37.103 [main] DEBUG o.s.aop.framework.CglibAopProxy - Method is declared on Advised interface: public abstract java.lang.String org.springframework.aop.framework.Advised.toProxyConfigString()
22:05:37.103 [main] DEBUG o.s.aop.framework.CglibAopProxy - Method is declared on Advised interface: public abstract void org.springframework.aop.framework.Advised.setTargetSource(org.springframework.aop.TargetSource)
22:05:37.103 [main] DEBUG o.s.aop.framework.CglibAopProxy - Method is declared on Advised interface: public abstract java.lang.Class org.springframework.aop.TargetClassAware.getTargetClass()
22:05:37.114 [main] DEBUG o.s.b.f.s.DefaultListableBeanFactory - Finished creating instance of bean &apos;countryService&apos;
22:05:37.118 [main] DEBUG o.s.b.f.s.DefaultListableBeanFactory - Creating shared instance of singleton bean &apos;custermerService&apos;
22:05:37.119 [main] DEBUG o.s.b.f.s.DefaultListableBeanFactory - Creating instance of bean &apos;custermerService&apos;
22:05:37.119 [main] DEBUG o.s.b.f.s.DefaultListableBeanFactory - Returning cached instance of singleton bean &apos;org.springframework.aop.support.DefaultBeanFactoryPointcutAdvisor#0&apos;
22:05:37.119 [main] DEBUG o.s.b.f.annotation.InjectionMetadata - Registered injected element on class [com.ylc.service.CustermerService]: AutowiredFieldElement for com.ylc.dao.CustomerDao com.ylc.service.CustermerService.customerDao
22:05:37.119 [main] DEBUG o.s.b.f.s.DefaultListableBeanFactory - Eagerly caching bean &apos;custermerService&apos; to allow for resolving potential circular references
22:05:37.121 [main] DEBUG o.s.b.f.annotation.InjectionMetadata - Processing injected method of bean &apos;custermerService&apos;: AutowiredFieldElement for com.ylc.dao.CustomerDao com.ylc.service.CustermerService.customerDao
22:05:37.121 [main] DEBUG o.s.b.f.s.DefaultListableBeanFactory - Creating shared instance of singleton bean &apos;customerDao&apos;
22:05:37.121 [main] DEBUG o.s.b.f.s.DefaultListableBeanFactory - Creating instance of bean &apos;customerDao&apos;
22:05:37.121 [main] DEBUG o.s.b.f.s.DefaultListableBeanFactory - Returning cached instance of singleton bean &apos;org.springframework.aop.support.DefaultBeanFactoryPointcutAdvisor#0&apos;
22:05:37.122 [main] DEBUG o.s.b.f.annotation.InjectionMetadata - Registered injected element on class [com.ylc.dao.CustomerDao]: AutowiredFieldElement for org.hibernate.SessionFactory com.ylc.dao.CustomerDao.sessionFactory
22:05:37.122 [main] DEBUG o.s.b.f.s.DefaultListableBeanFactory - Eagerly caching bean &apos;customerDao&apos; to allow for resolving potential circular references
22:05:37.123 [main] DEBUG o.s.b.f.annotation.InjectionMetadata - Processing injected method of bean &apos;customerDao&apos;: AutowiredFieldElement for org.hibernate.SessionFactory com.ylc.dao.CustomerDao.sessionFactory
22:05:37.123 [main] DEBUG o.s.b.f.s.DefaultListableBeanFactory - Returning cached instance of singleton bean &apos;sessionFactory&apos;
22:05:37.123 [main] DEBUG o.s.b.f.a.AutowiredAnnotationBeanPostProcessor - Autowiring by type from bean name &apos;customerDao&apos; to bean named &apos;sessionFactory&apos;
22:05:37.123 [main] DEBUG o.s.b.f.s.DefaultListableBeanFactory - Returning cached instance of singleton bean &apos;org.springframework.aop.support.DefaultBeanFactoryPointcutAdvisor#0&apos;
22:05:37.123 [main] DEBUG o.s.b.f.s.DefaultListableBeanFactory - Returning cached instance of singleton bean &apos;org.springframework.aop.support.DefaultBeanFactoryPointcutAdvisor#0&apos;
22:05:37.123 [main] DEBUG o.s.b.f.s.DefaultListableBeanFactory - Finished creating instance of bean &apos;customerDao&apos;
22:05:37.124 [main] DEBUG o.s.b.f.a.AutowiredAnnotationBeanPostProcessor - Autowiring by type from bean name &apos;custermerService&apos; to bean named &apos;customerDao&apos;
22:05:37.124 [main] DEBUG o.s.b.f.s.DefaultListableBeanFactory - Returning cached instance of singleton bean &apos;org.springframework.aop.support.DefaultBeanFactoryPointcutAdvisor#0&apos;
22:05:37.124 [main] DEBUG o.s.b.f.s.DefaultListableBeanFactory - Returning cached instance of singleton bean &apos;org.springframework.aop.support.DefaultBeanFactoryPointcutAdvisor#0&apos;
22:05:37.124 [main] DEBUG o.s.a.a.a.AspectJAwareAdvisorAutoProxyCreator - Creating implicit proxy for bean &apos;custermerService&apos; with 0 common interceptors and 2 specific interceptors
22:05:37.124 [main] DEBUG o.s.aop.framework.CglibAopProxy - Creating CGLIB proxy: target source is SingletonTargetSource for target object [com.ylc.service.CustermerService@68ed96ca]
22:05:37.125 [main] DEBUG o.s.aop.framework.CglibAopProxy - Unable to apply any optimisations to advised method: public void com.ylc.service.CustermerService.saveCustomer(com.ylc.model.Customer) throws java.lang.IllegalAccessException,java.lang.reflect.InvocationTargetException
22:05:37.125 [main] DEBUG o.s.aop.framework.CglibAopProxy - Unable to apply any optimisations to advised method: public com.ylc.model.Customer com.ylc.service.CustermerService.getCustomerById(com.ylc.model.Customer) throws java.lang.IllegalAccessException,java.lang.reflect.InvocationTargetException
22:05:37.125 [main] DEBUG o.s.aop.framework.CglibAopProxy - Found finalize() method - using NO_OVERRIDE
22:05:37.125 [main] DEBUG o.s.aop.framework.CglibAopProxy - Found &apos;equals&apos; method: public boolean java.lang.Object.equals(java.lang.Object)
22:05:37.125 [main] DEBUG o.s.aop.framework.CglibAopProxy - Unable to apply any optimisations to advised method: public java.lang.String java.lang.Object.toString()
22:05:37.126 [main] DEBUG o.s.aop.framework.CglibAopProxy - Found &apos;hashCode&apos; method: public native int java.lang.Object.hashCode()
22:05:37.126 [main] DEBUG o.s.aop.framework.CglibAopProxy - Unable to apply any optimisations to advised method: protected native java.lang.Object java.lang.Object.clone() throws java.lang.CloneNotSupportedException
22:05:37.126 [main] DEBUG o.s.aop.framework.CglibAopProxy - Method is declared on Advised interface: public abstract int org.springframework.aop.framework.Advised.indexOf(org.springframework.aop.Advisor)
22:05:37.126 [main] DEBUG o.s.aop.framework.CglibAopProxy - Method is declared on Advised interface: public abstract int org.springframework.aop.framework.Advised.indexOf(org.aopalliance.aop.Advice)
22:05:37.126 [main] DEBUG o.s.aop.framework.CglibAopProxy - Method is declared on Advised interface: public abstract boolean org.springframework.aop.framework.Advised.isFrozen()
22:05:37.126 [main] DEBUG o.s.aop.framework.CglibAopProxy - Method is declared on Advised interface: public abstract org.springframework.aop.TargetSource org.springframework.aop.framework.Advised.getTargetSource()
22:05:37.126 [main] DEBUG o.s.aop.framework.CglibAopProxy - Method is declared on Advised interface: public abstract boolean org.springframework.aop.framework.Advised.isProxyTargetClass()
22:05:37.126 [main] DEBUG o.s.aop.framework.CglibAopProxy - Method is declared on Advised interface: public abstract void org.springframework.aop.framework.Advised.addAdvisor(int,org.springframework.aop.Advisor) throws org.springframework.aop.framework.AopConfigException
22:05:37.126 [main] DEBUG o.s.aop.framework.CglibAopProxy - Method is declared on Advised interface: public abstract void org.springframework.aop.framework.Advised.addAdvisor(org.springframework.aop.Advisor) throws org.springframework.aop.framework.AopConfigException
22:05:37.126 [main] DEBUG o.s.aop.framework.CglibAopProxy - Method is declared on Advised interface: public abstract void org.springframework.aop.framework.Advised.setPreFiltered(boolean)
22:05:37.126 [main] DEBUG o.s.aop.framework.CglibAopProxy - Method is declared on Advised interface: public abstract void org.springframework.aop.framework.Advised.setExposeProxy(boolean)
22:05:37.126 [main] DEBUG o.s.aop.framework.CglibAopProxy - Method is declared on Advised interface: public abstract boolean org.springframework.aop.framework.Advised.isExposeProxy()
22:05:37.126 [main] DEBUG o.s.aop.framework.CglibAopProxy - Method is declared on Advised interface: public abstract void org.springframework.aop.framework.Advised.addAdvice(org.aopalliance.aop.Advice) throws org.springframework.aop.framework.AopConfigException
22:05:37.126 [main] DEBUG o.s.aop.framework.CglibAopProxy - Method is declared on Advised interface: public abstract void org.springframework.aop.framework.Advised.addAdvice(int,org.aopalliance.aop.Advice) throws org.springframework.aop.framework.AopConfigException
22:05:37.126 [main] DEBUG o.s.aop.framework.CglibAopProxy - Method is declared on Advised interface: public abstract boolean org.springframework.aop.framework.Advised.isPreFiltered()
22:05:37.126 [main] DEBUG o.s.aop.framework.CglibAopProxy - Method is declared on Advised interface: public abstract java.lang.Class[] org.springframework.aop.framework.Advised.getProxiedInterfaces()
22:05:37.126 [main] DEBUG o.s.aop.framework.CglibAopProxy - Method is declared on Advised interface: public abstract boolean org.springframework.aop.framework.Advised.isInterfaceProxied(java.lang.Class)
22:05:37.126 [main] DEBUG o.s.aop.framework.CglibAopProxy - Method is declared on Advised interface: public abstract org.springframework.aop.Advisor[] org.springframework.aop.framework.Advised.getAdvisors()
22:05:37.126 [main] DEBUG o.s.aop.framework.CglibAopProxy - Method is declared on Advised interface: public abstract boolean org.springframework.aop.framework.Advised.removeAdvisor(org.springframework.aop.Advisor)
22:05:37.127 [main] DEBUG o.s.aop.framework.CglibAopProxy - Method is declared on Advised interface: public abstract void org.springframework.aop.framework.Advised.removeAdvisor(int) throws org.springframework.aop.framework.AopConfigException
22:05:37.127 [main] DEBUG o.s.aop.framework.CglibAopProxy - Method is declared on Advised interface: public abstract boolean org.springframework.aop.framework.Advised.replaceAdvisor(org.springframework.aop.Advisor,org.springframework.aop.Advisor) throws org.springframework.aop.framework.AopConfigException
22:05:37.127 [main] DEBUG o.s.aop.framework.CglibAopProxy - Method is declared on Advised interface: public abstract boolean org.springframework.aop.framework.Advised.removeAdvice(org.aopalliance.aop.Advice)
22:05:37.127 [main] DEBUG o.s.aop.framework.CglibAopProxy - Method is declared on Advised interface: public abstract java.lang.String org.springframework.aop.framework.Advised.toProxyConfigString()
22:05:37.127 [main] DEBUG o.s.aop.framework.CglibAopProxy - Method is declared on Advised interface: public abstract void org.springframework.aop.framework.Advised.setTargetSource(org.springframework.aop.TargetSource)
22:05:37.127 [main] DEBUG o.s.aop.framework.CglibAopProxy - Method is declared on Advised interface: public abstract java.lang.Class org.springframework.aop.TargetClassAware.getTargetClass()
22:05:37.133 [main] DEBUG o.s.b.f.s.DefaultListableBeanFactory - Finished creating instance of bean &apos;custermerService&apos;
22:05:37.133 [main] DEBUG o.s.b.f.s.DefaultListableBeanFactory - Creating shared instance of singleton bean &apos;customerLinePaymentDetailService&apos;
22:05:37.133 [main] DEBUG o.s.b.f.s.DefaultListableBeanFactory - Creating instance of bean &apos;customerLinePaymentDetailService&apos;
22:05:37.133 [main] DEBUG o.s.b.f.s.DefaultListableBeanFactory - Returning cached instance of singleton bean &apos;org.springframework.aop.support.DefaultBeanFactoryPointcutAdvisor#0&apos;
22:05:37.135 [main] DEBUG o.s.b.f.annotation.InjectionMetadata - Registered injected element on class [com.ylc.service.CustomerLinePaymentDetailService]: AutowiredFieldElement for com.ylc.dao.CustomerLinePaymentDetailDao com.ylc.service.CustomerLinePaymentDetailService.customerLinePaymentDetailDao
22:05:37.135 [main] DEBUG o.s.b.f.s.DefaultListableBeanFactory - Eagerly caching bean &apos;customerLinePaymentDetailService&apos; to allow for resolving potential circular references
22:05:37.136 [main] DEBUG o.s.b.f.annotation.InjectionMetadata - Processing injected method of bean &apos;customerLinePaymentDetailService&apos;: AutowiredFieldElement for com.ylc.dao.CustomerLinePaymentDetailDao com.ylc.service.CustomerLinePaymentDetailService.customerLinePaymentDetailDao
22:05:37.137 [main] DEBUG o.s.b.f.s.DefaultListableBeanFactory - Creating shared instance of singleton bean &apos;customerLinePaymentDetailDao&apos;
22:05:37.137 [main] DEBUG o.s.b.f.s.DefaultListableBeanFactory - Creating instance of bean &apos;customerLinePaymentDetailDao&apos;
22:05:37.137 [main] DEBUG o.s.b.f.s.DefaultListableBeanFactory - Returning cached instance of singleton bean &apos;org.springframework.aop.support.DefaultBeanFactoryPointcutAdvisor#0&apos;
22:05:37.137 [main] DEBUG o.s.b.f.annotation.InjectionMetadata - Registered injected element on class [com.ylc.dao.CustomerLinePaymentDetailDao]: AutowiredFieldElement for org.hibernate.SessionFactory com.ylc.dao.CustomerLinePaymentDetailDao.sessionFactory
22:05:37.137 [main] DEBUG o.s.b.f.s.DefaultListableBeanFactory - Eagerly caching bean &apos;customerLinePaymentDetailDao&apos; to allow for resolving potential circular references
22:05:37.139 [main] DEBUG o.s.b.f.annotation.InjectionMetadata - Processing injected method of bean &apos;customerLinePaymentDetailDao&apos;: AutowiredFieldElement for org.hibernate.SessionFactory com.ylc.dao.CustomerLinePaymentDetailDao.sessionFactory
22:05:37.139 [main] DEBUG o.s.b.f.s.DefaultListableBeanFactory - Returning cached instance of singleton bean &apos;sessionFactory&apos;
22:05:37.139 [main] DEBUG o.s.b.f.a.AutowiredAnnotationBeanPostProcessor - Autowiring by type from bean name &apos;customerLinePaymentDetailDao&apos; to bean named &apos;sessionFactory&apos;
22:05:37.139 [main] DEBUG o.s.b.f.s.DefaultListableBeanFactory - Returning cached instance of singleton bean &apos;org.springframework.aop.support.DefaultBeanFactoryPointcutAdvisor#0&apos;
22:05:37.139 [main] DEBUG o.s.b.f.s.DefaultListableBeanFactory - Returning cached instance of singleton bean &apos;org.springframework.aop.support.DefaultBeanFactoryPointcutAdvisor#0&apos;
22:05:37.140 [main] DEBUG o.s.b.f.s.DefaultListableBeanFactory - Finished creating instance of bean &apos;customerLinePaymentDetailDao&apos;
22:05:37.140 [main] DEBUG o.s.b.f.a.AutowiredAnnotationBeanPostProcessor - Autowiring by type from bean name &apos;customerLinePaymentDetailService&apos; to bean named &apos;customerLinePaymentDetailDao&apos;
22:05:37.140 [main] DEBUG o.s.b.f.s.DefaultListableBeanFactory - Returning cached instance of singleton bean &apos;org.springframework.aop.support.DefaultBeanFactoryPointcutAdvisor#0&apos;
22:05:37.140 [main] DEBUG o.s.b.f.s.DefaultListableBeanFactory - Returning cached instance of singleton bean &apos;org.springframework.aop.support.DefaultBeanFactoryPointcutAdvisor#0&apos;
22:05:37.140 [main] DEBUG o.s.a.a.a.AspectJAwareAdvisorAutoProxyCreator - Creating implicit proxy for bean &apos;customerLinePaymentDetailService&apos; with 0 common interceptors and 2 specific interceptors
22:05:37.140 [main] DEBUG o.s.aop.framework.CglibAopProxy - Creating CGLIB proxy: target source is SingletonTargetSource for target object [com.ylc.service.CustomerLinePaymentDetailService@51c929ae]
22:05:37.141 [main] DEBUG o.s.aop.framework.CglibAopProxy - Unable to apply any optimisations to advised method: public void com.ylc.service.CustomerLinePaymentDetailService.saveCustomerLinePaymentDetail(com.ylc.model.CustomerLinePaymentDetail) throws java.lang.IllegalAccessException,java.lang.reflect.InvocationTargetException
22:05:37.141 [main] DEBUG o.s.aop.framework.CglibAopProxy - Unable to apply any optimisations to advised method: public java.util.List com.ylc.service.CustomerLinePaymentDetailService.getCustomerLinePaymentDetailByCustomer(com.ylc.model.Customer)
22:05:37.141 [main] DEBUG o.s.aop.framework.CglibAopProxy - Found finalize() method - using NO_OVERRIDE
22:05:37.141 [main] DEBUG o.s.aop.framework.CglibAopProxy - Found &apos;equals&apos; method: public boolean java.lang.Object.equals(java.lang.Object)
22:05:37.141 [main] DEBUG o.s.aop.framework.CglibAopProxy - Unable to apply any optimisations to advised method: public java.lang.String java.lang.Object.toString()
22:05:37.141 [main] DEBUG o.s.aop.framework.CglibAopProxy - Found &apos;hashCode&apos; method: public native int java.lang.Object.hashCode()
22:05:37.141 [main] DEBUG o.s.aop.framework.CglibAopProxy - Unable to apply any optimisations to advised method: protected native java.lang.Object java.lang.Object.clone() throws java.lang.CloneNotSupportedException
22:05:37.141 [main] DEBUG o.s.aop.framework.CglibAopProxy - Method is declared on Advised interface: public abstract int org.springframework.aop.framework.Advised.indexOf(org.springframework.aop.Advisor)
22:05:37.142 [main] DEBUG o.s.aop.framework.CglibAopProxy - Method is declared on Advised interface: public abstract int org.springframework.aop.framework.Advised.indexOf(org.aopalliance.aop.Advice)
22:05:37.142 [main] DEBUG o.s.aop.framework.CglibAopProxy - Method is declared on Advised interface: public abstract boolean org.springframework.aop.framework.Advised.isFrozen()
22:05:37.142 [main] DEBUG o.s.aop.framework.CglibAopProxy - Method is declared on Advised interface: public abstract org.springframework.aop.TargetSource org.springframework.aop.framework.Advised.getTargetSource()
22:05:37.142 [main] DEBUG o.s.aop.framework.CglibAopProxy - Method is declared on Advised interface: public abstract boolean org.springframework.aop.framework.Advised.isProxyTargetClass()
22:05:37.142 [main] DEBUG o.s.aop.framework.CglibAopProxy - Method is declared on Advised interface: public abstract void org.springframework.aop.framework.Advised.addAdvisor(int,org.springframework.aop.Advisor) throws org.springframework.aop.framework.AopConfigException
22:05:37.142 [main] DEBUG o.s.aop.framework.CglibAopProxy - Method is declared on Advised interface: public abstract void org.springframework.aop.framework.Advised.addAdvisor(org.springframework.aop.Advisor) throws org.springframework.aop.framework.AopConfigException
22:05:37.142 [main] DEBUG o.s.aop.framework.CglibAopProxy - Method is declared on Advised interface: public abstract void org.springframework.aop.framework.Advised.setPreFiltered(boolean)
22:05:37.142 [main] DEBUG o.s.aop.framework.CglibAopProxy - Method is declared on Advised interface: public abstract void org.springframework.aop.framework.Advised.setExposeProxy(boolean)
22:05:37.142 [main] DEBUG o.s.aop.framework.CglibAopProxy - Method is declared on Advised interface: public abstract boolean org.springframework.aop.framework.Advised.isExposeProxy()
22:05:37.142 [main] DEBUG o.s.aop.framework.CglibAopProxy - Method is declared on Advised interface: public abstract void org.springframework.aop.framework.Advised.addAdvice(org.aopalliance.aop.Advice) throws org.springframework.aop.framework.AopConfigException
22:05:37.142 [main] DEBUG o.s.aop.framework.CglibAopProxy - Method is declared on Advised interface: public abstract void org.springframework.aop.framework.Advised.addAdvice(int,org.aopalliance.aop.Advice) throws org.springframework.aop.framework.AopConfigException
22:05:37.142 [main] DEBUG o.s.aop.framework.CglibAopProxy - Method is declared on Advised interface: public abstract boolean org.springframework.aop.framework.Advised.isPreFiltered()
22:05:37.142 [main] DEBUG o.s.aop.framework.CglibAopProxy - Method is declared on Advised interface: public abstract java.lang.Class[] org.springframework.aop.framework.Advised.getProxiedInterfaces()
22:05:37.142 [main] DEBUG o.s.aop.framework.CglibAopProxy - Method is declared on Advised interface: public abstract boolean org.springframework.aop.framework.Advised.isInterfaceProxied(java.lang.Class)
22:05:37.142 [main] DEBUG o.s.aop.framework.CglibAopProxy - Method is declared on Advised interface: public abstract org.springframework.aop.Advisor[] org.springframework.aop.framework.Advised.getAdvisors()
22:05:37.142 [main] DEBUG o.s.aop.framework.CglibAopProxy - Method is declared on Advised interface: public abstract boolean org.springframework.aop.framework.Advised.removeAdvisor(org.springframework.aop.Advisor)
22:05:37.142 [main] DEBUG o.s.aop.framework.CglibAopProxy - Method is declared on Advised interface: public abstract void org.springframework.aop.framework.Advised.removeAdvisor(int) throws org.springframework.aop.framework.AopConfigException
22:05:37.142 [main] DEBUG o.s.aop.framework.CglibAopProxy - Method is declared on Advised interface: public abstract boolean org.springframework.aop.framework.Advised.replaceAdvisor(org.springframework.aop.Advisor,org.springframework.aop.Advisor) throws org.springframework.aop.framework.AopConfigException
22:05:37.142 [main] DEBUG o.s.aop.framework.CglibAopProxy - Method is declared on Advised interface: public abstract boolean org.springframework.aop.framework.Advised.removeAdvice(org.aopalliance.aop.Advice)
22:05:37.142 [main] DEBUG o.s.aop.framework.CglibAopProxy - Method is declared on Advised interface: public abstract java.lang.String org.springframework.aop.framework.Advised.toProxyConfigString()
22:05:37.142 [main] DEBUG o.s.aop.framework.CglibAopProxy - Method is declared on Advised interface: public abstract void org.springframework.aop.framework.Advised.setTargetSource(org.springframework.aop.TargetSource)
22:05:37.142 [main] DEBUG o.s.aop.framework.CglibAopProxy - Method is declared on Advised interface: public abstract java.lang.Class org.springframework.aop.TargetClassAware.getTargetClass()
22:05:37.148 [main] DEBUG o.s.b.f.s.DefaultListableBeanFactory - Finished creating instance of bean &apos;customerLinePaymentDetailService&apos;
22:05:37.148 [main] DEBUG o.s.b.f.s.DefaultListableBeanFactory - Creating shared instance of singleton bean &apos;customerLineService&apos;
22:05:37.148 [main] DEBUG o.s.b.f.s.DefaultListableBeanFactory - Creating instance of bean &apos;customerLineService&apos;
22:05:37.148 [main] DEBUG o.s.b.f.s.DefaultListableBeanFactory - Returning cached instance of singleton bean &apos;org.springframework.aop.support.DefaultBeanFactoryPointcutAdvisor#0&apos;
22:05:37.150 [main] DEBUG o.s.b.f.annotation.InjectionMetadata - Registered injected element on class [com.ylc.service.CustomerLineService]: AutowiredFieldElement for com.ylc.dao.CustomerLineDao com.ylc.service.CustomerLineService.customerLineDao
22:05:37.150 [main] DEBUG o.s.b.f.s.DefaultListableBeanFactory - Eagerly caching bean &apos;customerLineService&apos; to allow for resolving potential circular references
22:05:37.151 [main] DEBUG o.s.b.f.annotation.InjectionMetadata - Processing injected method of bean &apos;customerLineService&apos;: AutowiredFieldElement for com.ylc.dao.CustomerLineDao com.ylc.service.CustomerLineService.customerLineDao
22:05:37.151 [main] DEBUG o.s.b.f.s.DefaultListableBeanFactory - Creating shared instance of singleton bean &apos;customerLineDao&apos;
22:05:37.151 [main] DEBUG o.s.b.f.s.DefaultListableBeanFactory - Creating instance of bean &apos;customerLineDao&apos;
22:05:37.151 [main] DEBUG o.s.b.f.s.DefaultListableBeanFactory - Returning cached instance of singleton bean &apos;org.springframework.aop.support.DefaultBeanFactoryPointcutAdvisor#0&apos;
22:05:37.152 [main] DEBUG o.s.b.f.annotation.InjectionMetadata - Registered injected element on class [com.ylc.dao.CustomerLineDao]: AutowiredFieldElement for org.hibernate.SessionFactory com.ylc.dao.CustomerLineDao.sessionFactory
22:05:37.152 [main] DEBUG o.s.b.f.s.DefaultListableBeanFactory - Eagerly caching bean &apos;customerLineDao&apos; to allow for resolving potential circular references
22:05:37.153 [main] DEBUG o.s.b.f.annotation.InjectionMetadata - Processing injected method of bean &apos;customerLineDao&apos;: AutowiredFieldElement for org.hibernate.SessionFactory com.ylc.dao.CustomerLineDao.sessionFactory
22:05:37.153 [main] DEBUG o.s.b.f.s.DefaultListableBeanFactory - Returning cached instance of singleton bean &apos;sessionFactory&apos;
22:05:37.153 [main] DEBUG o.s.b.f.a.AutowiredAnnotationBeanPostProcessor - Autowiring by type from bean name &apos;customerLineDao&apos; to bean named &apos;sessionFactory&apos;
22:05:37.153 [main] DEBUG o.s.b.f.s.DefaultListableBeanFactory - Returning cached instance of singleton bean &apos;org.springframework.aop.support.DefaultBeanFactoryPointcutAdvisor#0&apos;
22:05:37.153 [main] DEBUG o.s.b.f.s.DefaultListableBeanFactory - Returning cached instance of singleton bean &apos;org.springframework.aop.support.DefaultBeanFactoryPointcutAdvisor#0&apos;
22:05:37.154 [main] DEBUG o.s.b.f.s.DefaultListableBeanFactory - Finished creating instance of bean &apos;customerLineDao&apos;
22:05:37.154 [main] DEBUG o.s.b.f.a.AutowiredAnnotationBeanPostProcessor - Autowiring by type from bean name &apos;customerLineService&apos; to bean named &apos;customerLineDao&apos;
22:05:37.154 [main] DEBUG o.s.b.f.s.DefaultListableBeanFactory - Returning cached instance of singleton bean &apos;org.springframework.aop.support.DefaultBeanFactoryPointcutAdvisor#0&apos;
22:05:37.154 [main] DEBUG o.s.b.f.s.DefaultListableBeanFactory - Returning cached instance of singleton bean &apos;org.springframework.aop.support.DefaultBeanFactoryPointcutAdvisor#0&apos;
22:05:37.155 [main] DEBUG o.s.a.a.a.AspectJAwareAdvisorAutoProxyCreator - Creating implicit proxy for bean &apos;customerLineService&apos; with 0 common interceptors and 2 specific interceptors
22:05:37.155 [main] DEBUG o.s.aop.framework.CglibAopProxy - Creating CGLIB proxy: target source is SingletonTargetSource for target object [com.ylc.service.CustomerLineService@3a7b503d]
22:05:37.156 [main] DEBUG o.s.aop.framework.CglibAopProxy - Unable to apply any optimisations to advised method: public void com.ylc.service.CustomerLineService.setCustomerLineDao(com.ylc.dao.CustomerLineDao)
22:05:37.156 [main] DEBUG o.s.aop.framework.CglibAopProxy - Unable to apply any optimisations to advised method: public void com.ylc.service.CustomerLineService.saveCustomerLine(com.ylc.model.CustomerLine) throws java.lang.IllegalAccessException,java.lang.reflect.InvocationTargetException
22:05:37.156 [main] DEBUG o.s.aop.framework.CglibAopProxy - Unable to apply any optimisations to advised method: public java.util.List com.ylc.service.CustomerLineService.getCustomerLineByCustomer(com.ylc.model.Customer)
22:05:37.158 [main] DEBUG o.s.aop.framework.CglibAopProxy - Unable to apply any optimisations to advised method: public com.ylc.model.CustomerLine com.ylc.service.CustomerLineService.getCustomerLineByLineID(com.ylc.model.CustomerLine)
22:05:37.158 [main] DEBUG o.s.aop.framework.CglibAopProxy - Found finalize() method - using NO_OVERRIDE
22:05:37.158 [main] DEBUG o.s.aop.framework.CglibAopProxy - Found &apos;equals&apos; method: public boolean java.lang.Object.equals(java.lang.Object)
22:05:37.158 [main] DEBUG o.s.aop.framework.CglibAopProxy - Unable to apply any optimisations to advised method: public java.lang.String java.lang.Object.toString()
22:05:37.158 [main] DEBUG o.s.aop.framework.CglibAopProxy - Found &apos;hashCode&apos; method: public native int java.lang.Object.hashCode()
22:05:37.158 [main] DEBUG o.s.aop.framework.CglibAopProxy - Unable to apply any optimisations to advised method: protected native java.lang.Object java.lang.Object.clone() throws java.lang.CloneNotSupportedException
22:05:37.158 [main] DEBUG o.s.aop.framework.CglibAopProxy - Method is declared on Advised interface: public abstract int org.springframework.aop.framework.Advised.indexOf(org.springframework.aop.Advisor)
22:05:37.158 [main] DEBUG o.s.aop.framework.CglibAopProxy - Method is declared on Advised interface: public abstract int org.springframework.aop.framework.Advised.indexOf(org.aopalliance.aop.Advice)
22:05:37.158 [main] DEBUG o.s.aop.framework.CglibAopProxy - Method is declared on Advised interface: public abstract boolean org.springframework.aop.framework.Advised.isFrozen()
22:05:37.158 [main] DEBUG o.s.aop.framework.CglibAopProxy - Method is declared on Advised interface: public abstract org.springframework.aop.TargetSource org.springframework.aop.framework.Advised.getTargetSource()
22:05:37.158 [main] DEBUG o.s.aop.framework.CglibAopProxy - Method is declared on Advised interface: public abstract boolean org.springframework.aop.framework.Advised.isProxyTargetClass()
22:05:37.158 [main] DEBUG o.s.aop.framework.CglibAopProxy - Method is declared on Advised interface: public abstract void org.springframework.aop.framework.Advised.addAdvisor(int,org.springframework.aop.Advisor) throws org.springframework.aop.framework.AopConfigException
22:05:37.158 [main] DEBUG o.s.aop.framework.CglibAopProxy - Method is declared on Advised interface: public abstract void org.springframework.aop.framework.Advised.addAdvisor(org.springframework.aop.Advisor) throws org.springframework.aop.framework.AopConfigException
22:05:37.159 [main] DEBUG o.s.aop.framework.CglibAopProxy - Method is declared on Advised interface: public abstract void org.springframework.aop.framework.Advised.setPreFiltered(boolean)
22:05:37.159 [main] DEBUG o.s.aop.framework.CglibAopProxy - Method is declared on Advised interface: public abstract void org.springframework.aop.framework.Advised.setExposeProxy(boolean)
22:05:37.159 [main] DEBUG o.s.aop.framework.CglibAopProxy - Method is declared on Advised interface: public abstract boolean org.springframework.aop.framework.Advised.isExposeProxy()
22:05:37.159 [main] DEBUG o.s.aop.framework.CglibAopProxy - Method is declared on Advised interface: public abstract void org.springframework.aop.framework.Advised.addAdvice(org.aopalliance.aop.Advice) throws org.springframework.aop.framework.AopConfigException
22:05:37.159 [main] DEBUG o.s.aop.framework.CglibAopProxy - Method is declared on Advised interface: public abstract void org.springframework.aop.framework.Advised.addAdvice(int,org.aopalliance.aop.Advice) throws org.springframework.aop.framework.AopConfigException
22:05:37.159 [main] DEBUG o.s.aop.framework.CglibAopProxy - Method is declared on Advised interface: public abstract boolean org.springframework.aop.framework.Advised.isPreFiltered()
22:05:37.159 [main] DEBUG o.s.aop.framework.CglibAopProxy - Method is declared on Advised interface: public abstract java.lang.Class[] org.springframework.aop.framework.Advised.getProxiedInterfaces()
22:05:37.159 [main] DEBUG o.s.aop.framework.CglibAopProxy - Method is declared on Advised interface: public abstract boolean org.springframework.aop.framework.Advised.isInterfaceProxied(java.lang.Class)
22:05:37.159 [main] DEBUG o.s.aop.framework.CglibAopProxy - Method is declared on Advised interface: public abstract org.springframework.aop.Advisor[] org.springframework.aop.framework.Advised.getAdvisors()
22:05:37.159 [main] DEBUG o.s.aop.framework.CglibAopProxy - Method is declared on Advised interface: public abstract boolean org.springframework.aop.framework.Advised.removeAdvisor(org.springframework.aop.Advisor)
22:05:37.159 [main] DEBUG o.s.aop.framework.CglibAopProxy - Method is declared on Advised interface: public abstract void org.springframework.aop.framework.Advised.removeAdvisor(int) throws org.springframework.aop.framework.AopConfigException
22:05:37.159 [main] DEBUG o.s.aop.framework.CglibAopProxy - Method is declared on Advised interface: public abstract boolean org.springframework.aop.framework.Advised.replaceAdvisor(org.springframework.aop.Advisor,org.springframework.aop.Advisor) throws org.springframework.aop.framework.AopConfigException
22:05:37.159 [main] DEBUG o.s.aop.framework.CglibAopProxy - Method is declared on Advised interface: public abstract boolean org.springframework.aop.framework.Advised.removeAdvice(org.aopalliance.aop.Advice)
22:05:37.159 [main] DEBUG o.s.aop.framework.CglibAopProxy - Method is declared on Advised interface: public abstract java.lang.String org.springframework.aop.framework.Advised.toProxyConfigString()
22:05:37.160 [main] DEBUG o.s.aop.framework.CglibAopProxy - Method is declared on Advised interface: public abstract void org.springframework.aop.framework.Advised.setTargetSource(org.springframework.aop.TargetSource)
22:05:37.160 [main] DEBUG o.s.aop.framework.CglibAopProxy - Method is declared on Advised interface: public abstract java.lang.Class org.springframework.aop.TargetClassAware.getTargetClass()
22:05:37.169 [main] DEBUG o.s.b.f.s.DefaultListableBeanFactory - Finished creating instance of bean &apos;customerLineService&apos;
22:05:37.169 [main] DEBUG o.s.b.f.s.DefaultListableBeanFactory - Creating shared instance of singleton bean &apos;customerPaymentDetailService&apos;
22:05:37.169 [main] DEBUG o.s.b.f.s.DefaultListableBeanFactory - Creating instance of bean &apos;customerPaymentDetailService&apos;
22:05:37.169 [main] DEBUG o.s.b.f.s.DefaultListableBeanFactory - Returning cached instance of singleton bean &apos;org.springframework.aop.support.DefaultBeanFactoryPointcutAdvisor#0&apos;
22:05:37.170 [main] DEBUG o.s.b.f.annotation.InjectionMetadata - Registered injected element on class [com.ylc.service.CustomerPaymentDetailService]: AutowiredFieldElement for com.ylc.dao.CustomerPaymentDetailDao com.ylc.service.CustomerPaymentDetailService.customerPaymentDetailDao
22:05:37.170 [main] DEBUG o.s.b.f.s.DefaultListableBeanFactory - Eagerly caching bean &apos;customerPaymentDetailService&apos; to allow for resolving potential circular references
22:05:37.171 [main] DEBUG o.s.b.f.annotation.InjectionMetadata - Processing injected method of bean &apos;customerPaymentDetailService&apos;: AutowiredFieldElement for com.ylc.dao.CustomerPaymentDetailDao com.ylc.service.CustomerPaymentDetailService.customerPaymentDetailDao
22:05:37.172 [main] DEBUG o.s.b.f.s.DefaultListableBeanFactory - Creating shared instance of singleton bean &apos;customerPaymentDetailDao&apos;
22:05:37.172 [main] DEBUG o.s.b.f.s.DefaultListableBeanFactory - Creating instance of bean &apos;customerPaymentDetailDao&apos;
22:05:37.172 [main] DEBUG o.s.b.f.s.DefaultListableBeanFactory - Returning cached instance of singleton bean &apos;org.springframework.aop.support.DefaultBeanFactoryPointcutAdvisor#0&apos;
22:05:37.172 [main] DEBUG o.s.b.f.annotation.InjectionMetadata - Registered injected element on class [com.ylc.dao.CustomerPaymentDetailDao]: AutowiredFieldElement for org.hibernate.SessionFactory com.ylc.dao.CustomerPaymentDetailDao.sessionFactory
22:05:37.172 [main] DEBUG o.s.b.f.s.DefaultListableBeanFactory - Eagerly caching bean &apos;customerPaymentDetailDao&apos; to allow for resolving potential circular references
22:05:37.173 [main] DEBUG o.s.b.f.annotation.InjectionMetadata - Processing injected method of bean &apos;customerPaymentDetailDao&apos;: AutowiredFieldElement for org.hibernate.SessionFactory com.ylc.dao.CustomerPaymentDetailDao.sessionFactory
22:05:37.173 [main] DEBUG o.s.b.f.s.DefaultListableBeanFactory - Returning cached instance of singleton bean &apos;sessionFactory&apos;
22:05:37.173 [main] DEBUG o.s.b.f.a.AutowiredAnnotationBeanPostProcessor - Autowiring by type from bean name &apos;customerPaymentDetailDao&apos; to bean named &apos;sessionFactory&apos;
22:05:37.173 [main] DEBUG o.s.b.f.s.DefaultListableBeanFactory - Returning cached instance of singleton bean &apos;org.springframework.aop.support.DefaultBeanFactoryPointcutAdvisor#0&apos;
22:05:37.173 [main] DEBUG o.s.b.f.s.DefaultListableBeanFactory - Returning cached instance of singleton bean &apos;org.springframework.aop.support.DefaultBeanFactoryPointcutAdvisor#0&apos;
22:05:37.174 [main] DEBUG o.s.b.f.s.DefaultListableBeanFactory - Finished creating instance of bean &apos;customerPaymentDetailDao&apos;
22:05:37.174 [main] DEBUG o.s.b.f.a.AutowiredAnnotationBeanPostProcessor - Autowiring by type from bean name &apos;customerPaymentDetailService&apos; to bean named &apos;customerPaymentDetailDao&apos;
22:05:37.174 [main] DEBUG o.s.b.f.s.DefaultListableBeanFactory - Returning cached instance of singleton bean &apos;org.springframework.aop.support.DefaultBeanFactoryPointcutAdvisor#0&apos;
22:05:37.174 [main] DEBUG o.s.b.f.s.DefaultListableBeanFactory - Returning cached instance of singleton bean &apos;org.springframework.aop.support.DefaultBeanFactoryPointcutAdvisor#0&apos;
22:05:37.174 [main] DEBUG o.s.a.a.a.AspectJAwareAdvisorAutoProxyCreator - Creating implicit proxy for bean &apos;customerPaymentDetailService&apos; with 0 common interceptors and 2 specific interceptors
22:05:37.174 [main] DEBUG o.s.aop.framework.CglibAopProxy - Creating CGLIB proxy: target source is SingletonTargetSource for target object [com.ylc.service.CustomerPaymentDetailService@751e664e]
22:05:37.175 [main] DEBUG o.s.aop.framework.CglibAopProxy - Unable to apply any optimisations to advised method: public void com.ylc.service.CustomerPaymentDetailService.saveCustomerPaymentDetail(com.ylc.model.CustomerPaymentDetail) throws java.lang.IllegalAccessException,java.lang.reflect.InvocationTargetException
22:05:37.175 [main] DEBUG o.s.aop.framework.CglibAopProxy - Unable to apply any optimisations to advised method: public java.util.List com.ylc.service.CustomerPaymentDetailService.getCustomerPaymentDetailByCustomer(com.ylc.model.Customer)
22:05:37.175 [main] DEBUG o.s.aop.framework.CglibAopProxy - Found finalize() method - using NO_OVERRIDE
22:05:37.175 [main] DEBUG o.s.aop.framework.CglibAopProxy - Found &apos;equals&apos; method: public boolean java.lang.Object.equals(java.lang.Object)
22:05:37.175 [main] DEBUG o.s.aop.framework.CglibAopProxy - Unable to apply any optimisations to advised method: public java.lang.String java.lang.Object.toString()
22:05:37.175 [main] DEBUG o.s.aop.framework.CglibAopProxy - Found &apos;hashCode&apos; method: public native int java.lang.Object.hashCode()
22:05:37.175 [main] DEBUG o.s.aop.framework.CglibAopProxy - Unable to apply any optimisations to advised method: protected native java.lang.Object java.lang.Object.clone() throws java.lang.CloneNotSupportedException
22:05:37.175 [main] DEBUG o.s.aop.framework.CglibAopProxy - Method is declared on Advised interface: public abstract int org.springframework.aop.framework.Advised.indexOf(org.springframework.aop.Advisor)
22:05:37.175 [main] DEBUG o.s.aop.framework.CglibAopProxy - Method is declared on Advised interface: public abstract int org.springframework.aop.framework.Advised.indexOf(org.aopalliance.aop.Advice)
22:05:37.175 [main] DEBUG o.s.aop.framework.CglibAopProxy - Method is declared on Advised interface: public abstract boolean org.springframework.aop.framework.Advised.isFrozen()
22:05:37.175 [main] DEBUG o.s.aop.framework.CglibAopProxy - Method is declared on Advised interface: public abstract org.springframework.aop.TargetSource org.springframework.aop.framework.Advised.getTargetSource()
22:05:37.175 [main] DEBUG o.s.aop.framework.CglibAopProxy - Method is declared on Advised interface: public abstract boolean org.springframework.aop.framework.Advised.isProxyTargetClass()
22:05:37.175 [main] DEBUG o.s.aop.framework.CglibAopProxy - Method is declared on Advised interface: public abstract void org.springframework.aop.framework.Advised.addAdvisor(int,org.springframework.aop.Advisor) throws org.springframework.aop.framework.AopConfigException
22:05:37.175 [main] DEBUG o.s.aop.framework.CglibAopProxy - Method is declared on Advised interface: public abstract void org.springframework.aop.framework.Advised.addAdvisor(org.springframework.aop.Advisor) throws org.springframework.aop.framework.AopConfigException
22:05:37.175 [main] DEBUG o.s.aop.framework.CglibAopProxy - Method is declared on Advised interface: public abstract void org.springframework.aop.framework.Advised.setPreFiltered(boolean)
22:05:37.175 [main] DEBUG o.s.aop.framework.CglibAopProxy - Method is declared on Advised interface: public abstract void org.springframework.aop.framework.Advised.setExposeProxy(boolean)
22:05:37.175 [main] DEBUG o.s.aop.framework.CglibAopProxy - Method is declared on Advised interface: public abstract boolean org.springframework.aop.framework.Advised.isExposeProxy()
22:05:37.175 [main] DEBUG o.s.aop.framework.CglibAopProxy - Method is declared on Advised interface: public abstract void org.springframework.aop.framework.Advised.addAdvice(org.aopalliance.aop.Advice) throws org.springframework.aop.framework.AopConfigException
22:05:37.175 [main] DEBUG o.s.aop.framework.CglibAopProxy - Method is declared on Advised interface: public abstract void org.springframework.aop.framework.Advised.addAdvice(int,org.aopalliance.aop.Advice) throws org.springframework.aop.framework.AopConfigException
22:05:37.175 [main] DEBUG o.s.aop.framework.CglibAopProxy - Method is declared on Advised interface: public abstract boolean org.springframework.aop.framework.Advised.isPreFiltered()
22:05:37.175 [main] DEBUG o.s.aop.framework.CglibAopProxy - Method is declared on Advised interface: public abstract java.lang.Class[] org.springframework.aop.framework.Advised.getProxiedInterfaces()
22:05:37.175 [main] DEBUG o.s.aop.framework.CglibAopProxy - Method is declared on Advised interface: public abstract boolean org.springframework.aop.framework.Advised.isInterfaceProxied(java.lang.Class)
22:05:37.175 [main] DEBUG o.s.aop.framework.CglibAopProxy - Method is declared on Advised interface: public abstract org.springframework.aop.Advisor[] org.springframework.aop.framework.Advised.getAdvisors()
22:05:37.175 [main] DEBUG o.s.aop.framework.CglibAopProxy - Method is declared on Advised interface: public abstract boolean org.springframework.aop.framework.Advised.removeAdvisor(org.springframework.aop.Advisor)
22:05:37.175 [main] DEBUG o.s.aop.framework.CglibAopProxy - Method is declared on Advised interface: public abstract void org.springframework.aop.framework.Advised.removeAdvisor(int) throws org.springframework.aop.framework.AopConfigException
22:05:37.175 [main] DEBUG o.s.aop.framework.CglibAopProxy - Method is declared on Advised interface: public abstract boolean org.springframework.aop.framework.Advised.replaceAdvisor(org.springframework.aop.Advisor,org.springframework.aop.Advisor) throws org.springframework.aop.framework.AopConfigException
22:05:37.176 [main] DEBUG o.s.aop.framework.CglibAopProxy - Method is declared on Advised interface: public abstract boolean org.springframework.aop.framework.Advised.removeAdvice(org.aopalliance.aop.Advice)
22:05:37.176 [main] DEBUG o.s.aop.framework.CglibAopProxy - Method is declared on Advised interface: public abstract java.lang.String org.springframework.aop.framework.Advised.toProxyConfigString()
22:05:37.176 [main] DEBUG o.s.aop.framework.CglibAopProxy - Method is declared on Advised interface: public abstract void org.springframework.aop.framework.Advised.setTargetSource(org.springframework.aop.TargetSource)
22:05:37.176 [main] DEBUG o.s.aop.framework.CglibAopProxy - Method is declared on Advised interface: public abstract java.lang.Class org.springframework.aop.TargetClassAware.getTargetClass()
22:05:37.181 [main] DEBUG o.s.b.f.s.DefaultListableBeanFactory - Finished creating instance of bean &apos;customerPaymentDetailService&apos;
22:05:37.181 [main] DEBUG o.s.b.f.s.DefaultListableBeanFactory - Creating shared instance of singleton bean &apos;facilityNumberPoolService&apos;
22:05:37.181 [main] DEBUG o.s.b.f.s.DefaultListableBeanFactory - Creating instance of bean &apos;facilityNumberPoolService&apos;
22:05:37.181 [main] DEBUG o.s.b.f.s.DefaultListableBeanFactory - Returning cached instance of singleton bean &apos;org.springframework.aop.support.DefaultBeanFactoryPointcutAdvisor#0&apos;
22:05:37.182 [main] DEBUG o.s.b.f.annotation.InjectionMetadata - Registered injected element on class [com.ylc.service.FacilityNumberPoolService]: AutowiredFieldElement for com.ylc.dao.FacilityNumberPoolDao com.ylc.service.FacilityNumberPoolService.facilityNumberPoolDao
22:05:37.182 [main] DEBUG o.s.b.f.s.DefaultListableBeanFactory - Eagerly caching bean &apos;facilityNumberPoolService&apos; to allow for resolving potential circular references
22:05:37.183 [main] DEBUG o.s.b.f.annotation.InjectionMetadata - Processing injected method of bean &apos;facilityNumberPoolService&apos;: AutowiredFieldElement for com.ylc.dao.FacilityNumberPoolDao com.ylc.service.FacilityNumberPoolService.facilityNumberPoolDao
22:05:37.183 [main] DEBUG o.s.b.f.s.DefaultListableBeanFactory - Creating shared instance of singleton bean &apos;facilityNumberPoolDao&apos;
22:05:37.183 [main] DEBUG o.s.b.f.s.DefaultListableBeanFactory - Creating instance of bean &apos;facilityNumberPoolDao&apos;
22:05:37.183 [main] DEBUG o.s.b.f.s.DefaultListableBeanFactory - Returning cached instance of singleton bean &apos;org.springframework.aop.support.DefaultBeanFactoryPointcutAdvisor#0&apos;
22:05:37.183 [main] DEBUG o.s.b.f.annotation.InjectionMetadata - Registered injected element on class [com.ylc.dao.FacilityNumberPoolDao]: AutowiredFieldElement for org.hibernate.SessionFactory com.ylc.dao.FacilityNumberPoolDao.sessionFactory
22:05:37.183 [main] DEBUG o.s.b.f.s.DefaultListableBeanFactory - Eagerly caching bean &apos;facilityNumberPoolDao&apos; to allow for resolving potential circular references
22:05:37.184 [main] DEBUG o.s.b.f.annotation.InjectionMetadata - Processing injected method of bean &apos;facilityNumberPoolDao&apos;: AutowiredFieldElement for org.hibernate.SessionFactory com.ylc.dao.FacilityNumberPoolDao.sessionFactory
22:05:37.184 [main] DEBUG o.s.b.f.s.DefaultListableBeanFactory - Returning cached instance of singleton bean &apos;sessionFactory&apos;
22:05:37.184 [main] DEBUG o.s.b.f.a.AutowiredAnnotationBeanPostProcessor - Autowiring by type from bean name &apos;facilityNumberPoolDao&apos; to bean named &apos;sessionFactory&apos;
22:05:37.184 [main] DEBUG o.s.b.f.s.DefaultListableBeanFactory - Returning cached instance of singleton bean &apos;org.springframework.aop.support.DefaultBeanFactoryPointcutAdvisor#0&apos;
22:05:37.184 [main] DEBUG o.s.b.f.s.DefaultListableBeanFactory - Returning cached instance of singleton bean &apos;org.springframework.aop.support.DefaultBeanFactoryPointcutAdvisor#0&apos;
22:05:37.185 [main] DEBUG o.s.b.f.s.DefaultListableBeanFactory - Finished creating instance of bean &apos;facilityNumberPoolDao&apos;
22:05:37.185 [main] DEBUG o.s.b.f.a.AutowiredAnnotationBeanPostProcessor - Autowiring by type from bean name &apos;facilityNumberPoolService&apos; to bean named &apos;facilityNumberPoolDao&apos;
22:05:37.185 [main] DEBUG o.s.b.f.s.DefaultListableBeanFactory - Returning cached instance of singleton bean &apos;org.springframework.aop.support.DefaultBeanFactoryPointcutAdvisor#0&apos;
22:05:37.185 [main] DEBUG o.s.b.f.s.DefaultListableBeanFactory - Returning cached instance of singleton bean &apos;org.springframework.aop.support.DefaultBeanFactoryPointcutAdvisor#0&apos;
22:05:37.185 [main] DEBUG o.s.a.a.a.AspectJAwareAdvisorAutoProxyCreator - Creating implicit proxy for bean &apos;facilityNumberPoolService&apos; with 0 common interceptors and 2 specific interceptors
22:05:37.185 [main] DEBUG o.s.aop.framework.CglibAopProxy - Creating CGLIB proxy: target source is SingletonTargetSource for target object [com.ylc.service.FacilityNumberPoolService@3704122f]
22:05:37.186 [main] DEBUG o.s.aop.framework.CglibAopProxy - Unable to apply any optimisations to advised method: public void com.ylc.service.FacilityNumberPoolService.saveFacilityNumberPool(com.ylc.model.FacilityNumberPool) throws java.lang.IllegalAccessException,java.lang.reflect.InvocationTargetException
22:05:37.186 [main] DEBUG o.s.aop.framework.CglibAopProxy - Unable to apply any optimisations to advised method: public java.util.List com.ylc.service.FacilityNumberPoolService.getFacilityNumberPools() throws java.lang.IllegalAccessException,java.lang.reflect.InvocationTargetException,java.lang.InstantiationException
22:05:37.186 [main] DEBUG o.s.aop.framework.CglibAopProxy - Unable to apply any optimisations to advised method: public com.ylc.model.FacilityNumberPool com.ylc.service.FacilityNumberPoolService.getFacilityNumberPoolsByPhoneNumber(com.ylc.model.FacilityNumberPool) throws java.lang.IllegalAccessException,java.lang.reflect.InvocationTargetException,java.lang.InstantiationException
22:05:37.186 [main] DEBUG o.s.aop.framework.CglibAopProxy - Found finalize() method - using NO_OVERRIDE
22:05:37.187 [main] DEBUG o.s.aop.framework.CglibAopProxy - Found &apos;equals&apos; method: public boolean java.lang.Object.equals(java.lang.Object)
22:05:37.187 [main] DEBUG o.s.aop.framework.CglibAopProxy - Unable to apply any optimisations to advised method: public java.lang.String java.lang.Object.toString()
22:05:37.187 [main] DEBUG o.s.aop.framework.CglibAopProxy - Found &apos;hashCode&apos; method: public native int java.lang.Object.hashCode()
22:05:37.187 [main] DEBUG o.s.aop.framework.CglibAopProxy - Unable to apply any optimisations to advised method: protected native java.lang.Object java.lang.Object.clone() throws java.lang.CloneNotSupportedException
22:05:37.187 [main] DEBUG o.s.aop.framework.CglibAopProxy - Method is declared on Advised interface: public abstract int org.springframework.aop.framework.Advised.indexOf(org.springframework.aop.Advisor)
22:05:37.187 [main] DEBUG o.s.aop.framework.CglibAopProxy - Method is declared on Advised interface: public abstract int org.springframework.aop.framework.Advised.indexOf(org.aopalliance.aop.Advice)
22:05:37.187 [main] DEBUG o.s.aop.framework.CglibAopProxy - Method is declared on Advised interface: public abstract boolean org.springframework.aop.framework.Advised.isFrozen()
22:05:37.187 [main] DEBUG o.s.aop.framework.CglibAopProxy - Method is declared on Advised interface: public abstract org.springframework.aop.TargetSource org.springframework.aop.framework.Advised.getTargetSource()
22:05:37.187 [main] DEBUG o.s.aop.framework.CglibAopProxy - Method is declared on Advised interface: public abstract boolean org.springframework.aop.framework.Advised.isProxyTargetClass()
22:05:37.187 [main] DEBUG o.s.aop.framework.CglibAopProxy - Method is declared on Advised interface: public abstract void org.springframework.aop.framework.Advised.addAdvisor(int,org.springframework.aop.Advisor) throws org.springframework.aop.framework.AopConfigException
22:05:37.187 [main] DEBUG o.s.aop.framework.CglibAopProxy - Method is declared on Advised interface: public abstract void org.springframework.aop.framework.Advised.addAdvisor(org.springframework.aop.Advisor) throws org.springframework.aop.framework.AopConfigException
22:05:37.187 [main] DEBUG o.s.aop.framework.CglibAopProxy - Method is declared on Advised interface: public abstract void org.springframework.aop.framework.Advised.setPreFiltered(boolean)
22:05:37.187 [main] DEBUG o.s.aop.framework.CglibAopProxy - Method is declared on Advised interface: public abstract void org.springframework.aop.framework.Advised.setExposeProxy(boolean)
22:05:37.187 [main] DEBUG o.s.aop.framework.CglibAopProxy - Method is declared on Advised interface: public abstract boolean org.springframework.aop.framework.Advised.isExposeProxy()
22:05:37.187 [main] DEBUG o.s.aop.framework.CglibAopProxy - Method is declared on Advised interface: public abstract void org.springframework.aop.framework.Advised.addAdvice(org.aopalliance.aop.Advice) throws org.springframework.aop.framework.AopConfigException
22:05:37.187 [main] DEBUG o.s.aop.framework.CglibAopProxy - Method is declared on Advised interface: public abstract void org.springframework.aop.framework.Advised.addAdvice(int,org.aopalliance.aop.Advice) throws org.springframework.aop.framework.AopConfigException
22:05:37.187 [main] DEBUG o.s.aop.framework.CglibAopProxy - Method is declared on Advised interface: public abstract boolean org.springframework.aop.framework.Advised.isPreFiltered()
22:05:37.187 [main] DEBUG o.s.aop.framework.CglibAopProxy - Method is declared on Advised interface: public abstract java.lang.Class[] org.springframework.aop.framework.Advised.getProxiedInterfaces()
22:05:37.187 [main] DEBUG o.s.aop.framework.CglibAopProxy - Method is declared on Advised interface: public abstract boolean org.springframework.aop.framework.Advised.isInterfaceProxied(java.lang.Class)
22:05:37.187 [main] DEBUG o.s.aop.framework.CglibAopProxy - Method is declared on Advised interface: public abstract org.springframework.aop.Advisor[] org.springframework.aop.framework.Advised.getAdvisors()
22:05:37.187 [main] DEBUG o.s.aop.framework.CglibAopProxy - Method is declared on Advised interface: public abstract boolean org.springframework.aop.framework.Advised.removeAdvisor(org.springframework.aop.Advisor)
22:05:37.188 [main] DEBUG o.s.aop.framework.CglibAopProxy - Method is declared on Advised interface: public abstract void org.springframework.aop.framework.Advised.removeAdvisor(int) throws org.springframework.aop.framework.AopConfigException
22:05:37.188 [main] DEBUG o.s.aop.framework.CglibAopProxy - Method is declared on Advised interface: public abstract boolean org.springframework.aop.framework.Advised.replaceAdvisor(org.springframework.aop.Advisor,org.springframework.aop.Advisor) throws org.springframework.aop.framework.AopConfigException
22:05:37.188 [main] DEBUG o.s.aop.framework.CglibAopProxy - Method is declared on Advised interface: public abstract boolean org.springframework.aop.framework.Advised.removeAdvice(org.aopalliance.aop.Advice)
22:05:37.188 [main] DEBUG o.s.aop.framework.CglibAopProxy - Method is declared on Advised interface: public abstract java.lang.String org.springframework.aop.framework.Advised.toProxyConfigString()
22:05:37.188 [main] DEBUG o.s.aop.framework.CglibAopProxy - Method is declared on Advised interface: public abstract void org.springframework.aop.framework.Advised.setTargetSource(org.springframework.aop.TargetSource)
22:05:37.188 [main] DEBUG o.s.aop.framework.CglibAopProxy - Method is declared on Advised interface: public abstract java.lang.Class org.springframework.aop.TargetClassAware.getTargetClass()
22:05:37.192 [main] DEBUG o.s.b.f.s.DefaultListableBeanFactory - Finished creating instance of bean &apos;facilityNumberPoolService&apos;
22:05:37.192 [main] DEBUG o.s.b.f.s.DefaultListableBeanFactory - Creating shared instance of singleton bean &apos;facilityService&apos;
22:05:37.192 [main] DEBUG o.s.b.f.s.DefaultListableBeanFactory - Creating instance of bean &apos;facilityService&apos;
22:05:37.192 [main] DEBUG o.s.b.f.s.DefaultListableBeanFactory - Returning cached instance of singleton bean &apos;org.springframework.aop.support.DefaultBeanFactoryPointcutAdvisor#0&apos;
22:05:37.193 [main] DEBUG o.s.b.f.annotation.InjectionMetadata - Registered injected element on class [com.ylc.service.FacilityService]: AutowiredFieldElement for com.ylc.dao.FacilityDao com.ylc.service.FacilityService.facilityDao
22:05:37.193 [main] DEBUG o.s.b.f.s.DefaultListableBeanFactory - Eagerly caching bean &apos;facilityService&apos; to allow for resolving potential circular references
22:05:37.194 [main] DEBUG o.s.b.f.annotation.InjectionMetadata - Processing injected method of bean &apos;facilityService&apos;: AutowiredFieldElement for com.ylc.dao.FacilityDao com.ylc.service.FacilityService.facilityDao
22:05:37.194 [main] DEBUG o.s.b.f.s.DefaultListableBeanFactory - Creating shared instance of singleton bean &apos;facilityDao&apos;
22:05:37.194 [main] DEBUG o.s.b.f.s.DefaultListableBeanFactory - Creating instance of bean &apos;facilityDao&apos;
22:05:37.194 [main] DEBUG o.s.b.f.s.DefaultListableBeanFactory - Returning cached instance of singleton bean &apos;org.springframework.aop.support.DefaultBeanFactoryPointcutAdvisor#0&apos;
22:05:37.195 [main] DEBUG o.s.b.f.annotation.InjectionMetadata - Registered injected element on class [com.ylc.dao.FacilityDao]: AutowiredFieldElement for org.hibernate.SessionFactory com.ylc.dao.FacilityDao.sessionFactory
22:05:37.195 [main] DEBUG o.s.b.f.s.DefaultListableBeanFactory - Eagerly caching bean &apos;facilityDao&apos; to allow for resolving potential circular references
22:05:37.196 [main] DEBUG o.s.b.f.annotation.InjectionMetadata - Processing injected method of bean &apos;facilityDao&apos;: AutowiredFieldElement for org.hibernate.SessionFactory com.ylc.dao.FacilityDao.sessionFactory
22:05:37.196 [main] DEBUG o.s.b.f.s.DefaultListableBeanFactory - Returning cached instance of singleton bean &apos;sessionFactory&apos;
22:05:37.196 [main] DEBUG o.s.b.f.a.AutowiredAnnotationBeanPostProcessor - Autowiring by type from bean name &apos;facilityDao&apos; to bean named &apos;sessionFactory&apos;
22:05:37.196 [main] DEBUG o.s.b.f.s.DefaultListableBeanFactory - Returning cached instance of singleton bean &apos;org.springframework.aop.support.DefaultBeanFactoryPointcutAdvisor#0&apos;
22:05:37.196 [main] DEBUG o.s.b.f.s.DefaultListableBeanFactory - Returning cached instance of singleton bean &apos;org.springframework.aop.support.DefaultBeanFactoryPointcutAdvisor#0&apos;
22:05:37.196 [main] DEBUG o.s.b.f.s.DefaultListableBeanFactory - Finished creating instance of bean &apos;facilityDao&apos;
22:05:37.196 [main] DEBUG o.s.b.f.a.AutowiredAnnotationBeanPostProcessor - Autowiring by type from bean name &apos;facilityService&apos; to bean named &apos;facilityDao&apos;
22:05:37.197 [main] DEBUG o.s.b.f.s.DefaultListableBeanFactory - Returning cached instance of singleton bean &apos;org.springframework.aop.support.DefaultBeanFactoryPointcutAdvisor#0&apos;
22:05:37.197 [main] DEBUG o.s.b.f.s.DefaultListableBeanFactory - Returning cached instance of singleton bean &apos;org.springframework.aop.support.DefaultBeanFactoryPointcutAdvisor#0&apos;
22:05:37.197 [main] DEBUG o.s.a.a.a.AspectJAwareAdvisorAutoProxyCreator - Creating implicit proxy for bean &apos;facilityService&apos; with 0 common interceptors and 2 specific interceptors
22:05:37.197 [main] DEBUG o.s.aop.framework.CglibAopProxy - Creating CGLIB proxy: target source is SingletonTargetSource for target object [com.ylc.service.FacilityService@ea27e34]
22:05:37.197 [main] DEBUG o.s.aop.framework.CglibAopProxy - Unable to apply any optimisations to advised method: public java.util.List com.ylc.service.FacilityService.getFacilities() throws java.lang.IllegalAccessException,java.lang.reflect.InvocationTargetException,java.lang.InstantiationException
22:05:37.198 [main] DEBUG o.s.aop.framework.CglibAopProxy - Unable to apply any optimisations to advised method: public java.util.List com.ylc.service.FacilityService.getFacilitiesByID(java.lang.Integer) throws java.lang.IllegalAccessException,java.lang.reflect.InvocationTargetException,java.lang.InstantiationException
22:05:37.198 [main] DEBUG o.s.aop.framework.CglibAopProxy - Unable to apply any optimisations to advised method: public void com.ylc.service.FacilityService.saveFacility(com.ylc.model.FacilityLocation) throws java.lang.IllegalAccessException,java.lang.reflect.InvocationTargetException
22:05:37.198 [main] DEBUG o.s.aop.framework.CglibAopProxy - Found finalize() method - using NO_OVERRIDE
22:05:37.198 [main] DEBUG o.s.aop.framework.CglibAopProxy - Found &apos;equals&apos; method: public boolean java.lang.Object.equals(java.lang.Object)
22:05:37.198 [main] DEBUG o.s.aop.framework.CglibAopProxy - Unable to apply any optimisations to advised method: public java.lang.String java.lang.Object.toString()
22:05:37.198 [main] DEBUG o.s.aop.framework.CglibAopProxy - Found &apos;hashCode&apos; method: public native int java.lang.Object.hashCode()
22:05:37.198 [main] DEBUG o.s.aop.framework.CglibAopProxy - Unable to apply any optimisations to advised method: protected native java.lang.Object java.lang.Object.clone() throws java.lang.CloneNotSupportedException
22:05:37.198 [main] DEBUG o.s.aop.framework.CglibAopProxy - Method is declared on Advised interface: public abstract int org.springframework.aop.framework.Advised.indexOf(org.springframework.aop.Advisor)
22:05:37.198 [main] DEBUG o.s.aop.framework.CglibAopProxy - Method is declared on Advised interface: public abstract int org.springframework.aop.framework.Advised.indexOf(org.aopalliance.aop.Advice)
22:05:37.198 [main] DEBUG o.s.aop.framework.CglibAopProxy - Method is declared on Advised interface: public abstract boolean org.springframework.aop.framework.Advised.isFrozen()
22:05:37.198 [main] DEBUG o.s.aop.framework.CglibAopProxy - Method is declared on Advised interface: public abstract org.springframework.aop.TargetSource org.springframework.aop.framework.Advised.getTargetSource()
22:05:37.198 [main] DEBUG o.s.aop.framework.CglibAopProxy - Method is declared on Advised interface: public abstract boolean org.springframework.aop.framework.Advised.isProxyTargetClass()
22:05:37.198 [main] DEBUG o.s.aop.framework.CglibAopProxy - Method is declared on Advised interface: public abstract void org.springframework.aop.framework.Advised.addAdvisor(int,org.springframework.aop.Advisor) throws org.springframework.aop.framework.AopConfigException
22:05:37.198 [main] DEBUG o.s.aop.framework.CglibAopProxy - Method is declared on Advised interface: public abstract void org.springframework.aop.framework.Advised.addAdvisor(org.springframework.aop.Advisor) throws org.springframework.aop.framework.AopConfigException
22:05:37.198 [main] DEBUG o.s.aop.framework.CglibAopProxy - Method is declared on Advised interface: public abstract void org.springframework.aop.framework.Advised.setPreFiltered(boolean)
22:05:37.198 [main] DEBUG o.s.aop.framework.CglibAopProxy - Method is declared on Advised interface: public abstract void org.springframework.aop.framework.Advised.setExposeProxy(boolean)
22:05:37.198 [main] DEBUG o.s.aop.framework.CglibAopProxy - Method is declared on Advised interface: public abstract boolean org.springframework.aop.framework.Advised.isExposeProxy()
22:05:37.198 [main] DEBUG o.s.aop.framework.CglibAopProxy - Method is declared on Advised interface: public abstract void org.springframework.aop.framework.Advised.addAdvice(org.aopalliance.aop.Advice) throws org.springframework.aop.framework.AopConfigException
22:05:37.198 [main] DEBUG o.s.aop.framework.CglibAopProxy - Method is declared on Advised interface: public abstract void org.springframework.aop.framework.Advised.addAdvice(int,org.aopalliance.aop.Advice) throws org.springframework.aop.framework.AopConfigException
22:05:37.198 [main] DEBUG o.s.aop.framework.CglibAopProxy - Method is declared on Advised interface: public abstract boolean org.springframework.aop.framework.Advised.isPreFiltered()
22:05:37.198 [main] DEBUG o.s.aop.framework.CglibAopProxy - Method is declared on Advised interface: public abstract java.lang.Class[] org.springframework.aop.framework.Advised.getProxiedInterfaces()
22:05:37.198 [main] DEBUG o.s.aop.framework.CglibAopProxy - Method is declared on Advised interface: public abstract boolean org.springframework.aop.framework.Advised.isInterfaceProxied(java.lang.Class)
22:05:37.198 [main] DEBUG o.s.aop.framework.CglibAopProxy - Method is declared on Advised interface: public abstract org.springframework.aop.Advisor[] org.springframework.aop.framework.Advised.getAdvisors()
22:05:37.199 [main] DEBUG o.s.aop.framework.CglibAopProxy - Method is declared on Advised interface: public abstract boolean org.springframework.aop.framework.Advised.removeAdvisor(org.springframework.aop.Advisor)
22:05:37.199 [main] DEBUG o.s.aop.framework.CglibAopProxy - Method is declared on Advised interface: public abstract void org.springframework.aop.framework.Advised.removeAdvisor(int) throws org.springframework.aop.framework.AopConfigException
22:05:37.199 [main] DEBUG o.s.aop.framework.CglibAopProxy - Method is declared on Advised interface: public abstract boolean org.springframework.aop.framework.Advised.replaceAdvisor(org.springframework.aop.Advisor,org.springframework.aop.Advisor) throws org.springframework.aop.framework.AopConfigException
22:05:37.199 [main] DEBUG o.s.aop.framework.CglibAopProxy - Method is declared on Advised interface: public abstract boolean org.springframework.aop.framework.Advised.removeAdvice(org.aopalliance.aop.Advice)
22:05:37.199 [main] DEBUG o.s.aop.framework.CglibAopProxy - Method is declared on Advised interface: public abstract java.lang.String org.springframework.aop.framework.Advised.toProxyConfigString()
22:05:37.199 [main] DEBUG o.s.aop.framework.CglibAopProxy - Method is declared on Advised interface: public abstract void org.springframework.aop.framework.Advised.setTargetSource(org.springframework.aop.TargetSource)
22:05:37.199 [main] DEBUG o.s.aop.framework.CglibAopProxy - Method is declared on Advised interface: public abstract java.lang.Class org.springframework.aop.TargetClassAware.getTargetClass()
22:05:37.205 [main] DEBUG o.s.b.f.s.DefaultListableBeanFactory - Finished creating instance of bean &apos;facilityService&apos;
22:05:37.205 [main] DEBUG o.s.b.f.s.DefaultListableBeanFactory - Creating shared instance of singleton bean &apos;inmateNoteService&apos;
22:05:37.205 [main] DEBUG o.s.b.f.s.DefaultListableBeanFactory - Creating instance of bean &apos;inmateNoteService&apos;
22:05:37.205 [main] DEBUG o.s.b.f.s.DefaultListableBeanFactory - Returning cached instance of singleton bean &apos;org.springframework.aop.support.DefaultBeanFactoryPointcutAdvisor#0&apos;
22:05:37.206 [main] DEBUG o.s.b.f.annotation.InjectionMetadata - Registered injected element on class [com.ylc.service.InmateNoteService]: AutowiredFieldElement for com.ylc.dao.InmateNoteDao com.ylc.service.InmateNoteService.inmateNoteDao
22:05:37.206 [main] DEBUG o.s.b.f.s.DefaultListableBeanFactory - Eagerly caching bean &apos;inmateNoteService&apos; to allow for resolving potential circular references
22:05:37.207 [main] DEBUG o.s.b.f.annotation.InjectionMetadata - Processing injected method of bean &apos;inmateNoteService&apos;: AutowiredFieldElement for com.ylc.dao.InmateNoteDao com.ylc.service.InmateNoteService.inmateNoteDao
22:05:37.208 [main] DEBUG o.s.b.f.s.DefaultListableBeanFactory - Creating shared instance of singleton bean &apos;inmateNoteDao&apos;
22:05:37.208 [main] DEBUG o.s.b.f.s.DefaultListableBeanFactory - Creating instance of bean &apos;inmateNoteDao&apos;
22:05:37.208 [main] DEBUG o.s.b.f.s.DefaultListableBeanFactory - Returning cached instance of singleton bean &apos;org.springframework.aop.support.DefaultBeanFactoryPointcutAdvisor#0&apos;
22:05:37.208 [main] DEBUG o.s.b.f.annotation.InjectionMetadata - Registered injected element on class [com.ylc.dao.InmateNoteDao]: AutowiredFieldElement for org.hibernate.SessionFactory com.ylc.dao.InmateNoteDao.sessionFactory
22:05:37.208 [main] DEBUG o.s.b.f.s.DefaultListableBeanFactory - Eagerly caching bean &apos;inmateNoteDao&apos; to allow for resolving potential circular references
22:05:37.209 [main] DEBUG o.s.b.f.annotation.InjectionMetadata - Processing injected method of bean &apos;inmateNoteDao&apos;: AutowiredFieldElement for org.hibernate.SessionFactory com.ylc.dao.InmateNoteDao.sessionFactory
22:05:37.210 [main] DEBUG o.s.b.f.s.DefaultListableBeanFactory - Returning cached instance of singleton bean &apos;sessionFactory&apos;
22:05:37.210 [main] DEBUG o.s.b.f.a.AutowiredAnnotationBeanPostProcessor - Autowiring by type from bean name &apos;inmateNoteDao&apos; to bean named &apos;sessionFactory&apos;
22:05:37.210 [main] DEBUG o.s.b.f.s.DefaultListableBeanFactory - Returning cached instance of singleton bean &apos;org.springframework.aop.support.DefaultBeanFactoryPointcutAdvisor#0&apos;
22:05:37.210 [main] DEBUG o.s.b.f.s.DefaultListableBeanFactory - Returning cached instance of singleton bean &apos;org.springframework.aop.support.DefaultBeanFactoryPointcutAdvisor#0&apos;
22:05:37.210 [main] DEBUG o.s.b.f.s.DefaultListableBeanFactory - Finished creating instance of bean &apos;inmateNoteDao&apos;
22:05:37.210 [main] DEBUG o.s.b.f.a.AutowiredAnnotationBeanPostProcessor - Autowiring by type from bean name &apos;inmateNoteService&apos; to bean named &apos;inmateNoteDao&apos;
22:05:37.211 [main] DEBUG o.s.b.f.s.DefaultListableBeanFactory - Returning cached instance of singleton bean &apos;org.springframework.aop.support.DefaultBeanFactoryPointcutAdvisor#0&apos;
22:05:37.211 [main] DEBUG o.s.b.f.s.DefaultListableBeanFactory - Returning cached instance of singleton bean &apos;org.springframework.aop.support.DefaultBeanFactoryPointcutAdvisor#0&apos;
22:05:37.211 [main] DEBUG o.s.a.a.a.AspectJAwareAdvisorAutoProxyCreator - Creating implicit proxy for bean &apos;inmateNoteService&apos; with 0 common interceptors and 2 specific interceptors
22:05:37.211 [main] DEBUG o.s.aop.framework.CglibAopProxy - Creating CGLIB proxy: target source is SingletonTargetSource for target object [com.ylc.service.InmateNoteService@24855019]
22:05:37.212 [main] DEBUG o.s.aop.framework.CglibAopProxy - Unable to apply any optimisations to advised method: public void com.ylc.service.InmateNoteService.saveInmateNote(com.ylc.model.InmateNote)
22:05:37.212 [main] DEBUG o.s.aop.framework.CglibAopProxy - Found finalize() method - using NO_OVERRIDE
22:05:37.212 [main] DEBUG o.s.aop.framework.CglibAopProxy - Found &apos;equals&apos; method: public boolean java.lang.Object.equals(java.lang.Object)
22:05:37.212 [main] DEBUG o.s.aop.framework.CglibAopProxy - Unable to apply any optimisations to advised method: public java.lang.String java.lang.Object.toString()
22:05:37.212 [main] DEBUG o.s.aop.framework.CglibAopProxy - Found &apos;hashCode&apos; method: public native int java.lang.Object.hashCode()
22:05:37.212 [main] DEBUG o.s.aop.framework.CglibAopProxy - Unable to apply any optimisations to advised method: protected native java.lang.Object java.lang.Object.clone() throws java.lang.CloneNotSupportedException
22:05:37.212 [main] DEBUG o.s.aop.framework.CglibAopProxy - Method is declared on Advised interface: public abstract int org.springframework.aop.framework.Advised.indexOf(org.springframework.aop.Advisor)
22:05:37.212 [main] DEBUG o.s.aop.framework.CglibAopProxy - Method is declared on Advised interface: public abstract int org.springframework.aop.framework.Advised.indexOf(org.aopalliance.aop.Advice)
22:05:37.212 [main] DEBUG o.s.aop.framework.CglibAopProxy - Method is declared on Advised interface: public abstract boolean org.springframework.aop.framework.Advised.isFrozen()
22:05:37.212 [main] DEBUG o.s.aop.framework.CglibAopProxy - Method is declared on Advised interface: public abstract org.springframework.aop.TargetSource org.springframework.aop.framework.Advised.getTargetSource()
22:05:37.212 [main] DEBUG o.s.aop.framework.CglibAopProxy - Method is declared on Advised interface: public abstract boolean org.springframework.aop.framework.Advised.isProxyTargetClass()
22:05:37.213 [main] DEBUG o.s.aop.framework.CglibAopProxy - Method is declared on Advised interface: public abstract void org.springframework.aop.framework.Advised.addAdvisor(int,org.springframework.aop.Advisor) throws org.springframework.aop.framework.AopConfigException
22:05:37.213 [main] DEBUG o.s.aop.framework.CglibAopProxy - Method is declared on Advised interface: public abstract void org.springframework.aop.framework.Advised.addAdvisor(org.springframework.aop.Advisor) throws org.springframework.aop.framework.AopConfigException
22:05:37.213 [main] DEBUG o.s.aop.framework.CglibAopProxy - Method is declared on Advised interface: public abstract void org.springframework.aop.framework.Advised.setPreFiltered(boolean)
22:05:37.213 [main] DEBUG o.s.aop.framework.CglibAopProxy - Method is declared on Advised interface: public abstract void org.springframework.aop.framework.Advised.setExposeProxy(boolean)
22:05:37.213 [main] DEBUG o.s.aop.framework.CglibAopProxy - Method is declared on Advised interface: public abstract boolean org.springframework.aop.framework.Advised.isExposeProxy()
22:05:37.213 [main] DEBUG o.s.aop.framework.CglibAopProxy - Method is declared on Advised interface: public abstract void org.springframework.aop.framework.Advised.addAdvice(org.aopalliance.aop.Advice) throws org.springframework.aop.framework.AopConfigException
22:05:37.213 [main] DEBUG o.s.aop.framework.CglibAopProxy - Method is declared on Advised interface: public abstract void org.springframework.aop.framework.Advised.addAdvice(int,org.aopalliance.aop.Advice) throws org.springframework.aop.framework.AopConfigException
22:05:37.213 [main] DEBUG o.s.aop.framework.CglibAopProxy - Method is declared on Advised interface: public abstract boolean org.springframework.aop.framework.Advised.isPreFiltered()
22:05:37.213 [main] DEBUG o.s.aop.framework.CglibAopProxy - Method is declared on Advised interface: public abstract java.lang.Class[] org.springframework.aop.framework.Advised.getProxiedInterfaces()
22:05:37.213 [main] DEBUG o.s.aop.framework.CglibAopProxy - Method is declared on Advised interface: public abstract boolean org.springframework.aop.framework.Advised.isInterfaceProxied(java.lang.Class)
22:05:37.213 [main] DEBUG o.s.aop.framework.CglibAopProxy - Method is declared on Advised interface: public abstract org.springframework.aop.Advisor[] org.springframework.aop.framework.Advised.getAdvisors()
22:05:37.213 [main] DEBUG o.s.aop.framework.CglibAopProxy - Method is declared on Advised interface: public abstract boolean org.springframework.aop.framework.Advised.removeAdvisor(org.springframework.aop.Advisor)
22:05:37.213 [main] DEBUG o.s.aop.framework.CglibAopProxy - Method is declared on Advised interface: public abstract void org.springframework.aop.framework.Advised.removeAdvisor(int) throws org.springframework.aop.framework.AopConfigException
22:05:37.213 [main] DEBUG o.s.aop.framework.CglibAopProxy - Method is declared on Advised interface: public abstract boolean org.springframework.aop.framework.Advised.replaceAdvisor(org.springframework.aop.Advisor,org.springframework.aop.Advisor) throws org.springframework.aop.framework.AopConfigException
22:05:37.213 [main] DEBUG o.s.aop.framework.CglibAopProxy - Method is declared on Advised interface: public abstract boolean org.springframework.aop.framework.Advised.removeAdvice(org.aopalliance.aop.Advice)
22:05:37.213 [main] DEBUG o.s.aop.framework.CglibAopProxy - Method is declared on Advised interface: public abstract java.lang.String org.springframework.aop.framework.Advised.toProxyConfigString()
22:05:37.213 [main] DEBUG o.s.aop.framework.CglibAopProxy - Method is declared on Advised interface: public abstract void org.springframework.aop.framework.Advised.setTargetSource(org.springframework.aop.TargetSource)
22:05:37.213 [main] DEBUG o.s.aop.framework.CglibAopProxy - Method is declared on Advised interface: public abstract java.lang.Class org.springframework.aop.TargetClassAware.getTargetClass()
22:05:37.218 [main] DEBUG o.s.b.f.s.DefaultListableBeanFactory - Finished creating instance of bean &apos;inmateNoteService&apos;
22:05:37.218 [main] DEBUG o.s.b.f.s.DefaultListableBeanFactory - Creating shared instance of singleton bean &apos;inmateReferralService&apos;
22:05:37.218 [main] DEBUG o.s.b.f.s.DefaultListableBeanFactory - Creating instance of bean &apos;inmateReferralService&apos;
22:05:37.218 [main] DEBUG o.s.b.f.s.DefaultListableBeanFactory - Returning cached instance of singleton bean &apos;org.springframework.aop.support.DefaultBeanFactoryPointcutAdvisor#0&apos;
22:05:37.220 [main] DEBUG o.s.b.f.annotation.InjectionMetadata - Registered injected element on class [com.ylc.service.InmateReferralService]: AutowiredFieldElement for com.ylc.dao.InmateReferralDao com.ylc.service.InmateReferralService.inmateReferralDao
22:05:37.220 [main] DEBUG o.s.b.f.s.DefaultListableBeanFactory - Eagerly caching bean &apos;inmateReferralService&apos; to allow for resolving potential circular references
22:05:37.221 [main] DEBUG o.s.b.f.annotation.InjectionMetadata - Processing injected method of bean &apos;inmateReferralService&apos;: AutowiredFieldElement for com.ylc.dao.InmateReferralDao com.ylc.service.InmateReferralService.inmateReferralDao
22:05:37.221 [main] DEBUG o.s.b.f.s.DefaultListableBeanFactory - Creating shared instance of singleton bean &apos;inmateReferralDao&apos;
22:05:37.222 [main] DEBUG o.s.b.f.s.DefaultListableBeanFactory - Creating instance of bean &apos;inmateReferralDao&apos;
22:05:37.222 [main] DEBUG o.s.b.f.s.DefaultListableBeanFactory - Returning cached instance of singleton bean &apos;org.springframework.aop.support.DefaultBeanFactoryPointcutAdvisor#0&apos;
22:05:37.222 [main] DEBUG o.s.b.f.annotation.InjectionMetadata - Registered injected element on class [com.ylc.dao.InmateReferralDao]: AutowiredFieldElement for org.hibernate.SessionFactory com.ylc.dao.InmateReferralDao.sessionFactory
22:05:37.222 [main] DEBUG o.s.b.f.s.DefaultListableBeanFactory - Eagerly caching bean &apos;inmateReferralDao&apos; to allow for resolving potential circular references
22:05:37.223 [main] DEBUG o.s.b.f.annotation.InjectionMetadata - Processing injected method of bean &apos;inmateReferralDao&apos;: AutowiredFieldElement for org.hibernate.SessionFactory com.ylc.dao.InmateReferralDao.sessionFactory
22:05:37.224 [main] DEBUG o.s.b.f.s.DefaultListableBeanFactory - Returning cached instance of singleton bean &apos;sessionFactory&apos;
22:05:37.224 [main] DEBUG o.s.b.f.a.AutowiredAnnotationBeanPostProcessor - Autowiring by type from bean name &apos;inmateReferralDao&apos; to bean named &apos;sessionFactory&apos;
22:05:37.225 [main] DEBUG o.s.b.f.s.DefaultListableBeanFactory - Returning cached instance of singleton bean &apos;org.springframework.aop.support.DefaultBeanFactoryPointcutAdvisor#0&apos;
22:05:37.225 [main] DEBUG o.s.b.f.s.DefaultListableBeanFactory - Returning cached instance of singleton bean &apos;org.springframework.aop.support.DefaultBeanFactoryPointcutAdvisor#0&apos;
22:05:37.226 [main] DEBUG o.s.b.f.s.DefaultListableBeanFactory - Finished creating instance of bean &apos;inmateReferralDao&apos;
22:05:37.226 [main] DEBUG o.s.b.f.a.AutowiredAnnotationBeanPostProcessor - Autowiring by type from bean name &apos;inmateReferralService&apos; to bean named &apos;inmateReferralDao&apos;
22:05:37.226 [main] DEBUG o.s.b.f.s.DefaultListableBeanFactory - Returning cached instance of singleton bean &apos;org.springframework.aop.support.DefaultBeanFactoryPointcutAdvisor#0&apos;
22:05:37.226 [main] DEBUG o.s.b.f.s.DefaultListableBeanFactory - Returning cached instance of singleton bean &apos;org.springframework.aop.support.DefaultBeanFactoryPointcutAdvisor#0&apos;
22:05:37.227 [main] DEBUG o.s.a.a.a.AspectJAwareAdvisorAutoProxyCreator - Creating implicit proxy for bean &apos;inmateReferralService&apos; with 0 common interceptors and 2 specific interceptors
22:05:37.227 [main] DEBUG o.s.aop.framework.CglibAopProxy - Creating CGLIB proxy: target source is SingletonTargetSource for target object [com.ylc.service.InmateReferralService@1e392345]
22:05:37.228 [main] DEBUG o.s.aop.framework.CglibAopProxy - Unable to apply any optimisations to advised method: public void com.ylc.service.InmateReferralService.saveInmateNote(com.ylc.model.InmateReferral)
22:05:37.228 [main] DEBUG o.s.aop.framework.CglibAopProxy - Found finalize() method - using NO_OVERRIDE
22:05:37.228 [main] DEBUG o.s.aop.framework.CglibAopProxy - Found &apos;equals&apos; method: public boolean java.lang.Object.equals(java.lang.Object)
22:05:37.229 [main] DEBUG o.s.aop.framework.CglibAopProxy - Unable to apply any optimisations to advised method: public java.lang.String java.lang.Object.toString()
22:05:37.229 [main] DEBUG o.s.aop.framework.CglibAopProxy - Found &apos;hashCode&apos; method: public native int java.lang.Object.hashCode()
22:05:37.229 [main] DEBUG o.s.aop.framework.CglibAopProxy - Unable to apply any optimisations to advised method: protected native java.lang.Object java.lang.Object.clone() throws java.lang.CloneNotSupportedException
22:05:37.229 [main] DEBUG o.s.aop.framework.CglibAopProxy - Method is declared on Advised interface: public abstract int org.springframework.aop.framework.Advised.indexOf(org.springframework.aop.Advisor)
22:05:37.229 [main] DEBUG o.s.aop.framework.CglibAopProxy - Method is declared on Advised interface: public abstract int org.springframework.aop.framework.Advised.indexOf(org.aopalliance.aop.Advice)
22:05:37.229 [main] DEBUG o.s.aop.framework.CglibAopProxy - Method is declared on Advised interface: public abstract boolean org.springframework.aop.framework.Advised.isFrozen()
22:05:37.230 [main] DEBUG o.s.aop.framework.CglibAopProxy - Method is declared on Advised interface: public abstract org.springframework.aop.TargetSource org.springframework.aop.framework.Advised.getTargetSource()
22:05:37.230 [main] DEBUG o.s.aop.framework.CglibAopProxy - Method is declared on Advised interface: public abstract boolean org.springframework.aop.framework.Advised.isProxyTargetClass()
22:05:37.230 [main] DEBUG o.s.aop.framework.CglibAopProxy - Method is declared on Advised interface: public abstract void org.springframework.aop.framework.Advised.addAdvisor(int,org.springframework.aop.Advisor) throws org.springframework.aop.framework.AopConfigException
22:05:37.231 [main] DEBUG o.s.aop.framework.CglibAopProxy - Method is declared on Advised interface: public abstract void org.springframework.aop.framework.Advised.addAdvisor(org.springframework.aop.Advisor) throws org.springframework.aop.framework.AopConfigException
22:05:37.231 [main] DEBUG o.s.aop.framework.CglibAopProxy - Method is declared on Advised interface: public abstract void org.springframework.aop.framework.Advised.setPreFiltered(boolean)
22:05:37.231 [main] DEBUG o.s.aop.framework.CglibAopProxy - Method is declared on Advised interface: public abstract void org.springframework.aop.framework.Advised.setExposeProxy(boolean)
22:05:37.231 [main] DEBUG o.s.aop.framework.CglibAopProxy - Method is declared on Advised interface: public abstract boolean org.springframework.aop.framework.Advised.isExposeProxy()
22:05:37.231 [main] DEBUG o.s.aop.framework.CglibAopProxy - Method is declared on Advised interface: public abstract void org.springframework.aop.framework.Advised.addAdvice(org.aopalliance.aop.Advice) throws org.springframework.aop.framework.AopConfigException
22:05:37.231 [main] DEBUG o.s.aop.framework.CglibAopProxy - Method is declared on Advised interface: public abstract void org.springframework.aop.framework.Advised.addAdvice(int,org.aopalliance.aop.Advice) throws org.springframework.aop.framework.AopConfigException
22:05:37.231 [main] DEBUG o.s.aop.framework.CglibAopProxy - Method is declared on Advised interface: public abstract boolean org.springframework.aop.framework.Advised.isPreFiltered()
22:05:37.231 [main] DEBUG o.s.aop.framework.CglibAopProxy - Method is declared on Advised interface: public abstract java.lang.Class[] org.springframework.aop.framework.Advised.getProxiedInterfaces()
22:05:37.231 [main] DEBUG o.s.aop.framework.CglibAopProxy - Method is declared on Advised interface: public abstract boolean org.springframework.aop.framework.Advised.isInterfaceProxied(java.lang.Class)
22:05:37.231 [main] DEBUG o.s.aop.framework.CglibAopProxy - Method is declared on Advised interface: public abstract org.springframework.aop.Advisor[] org.springframework.aop.framework.Advised.getAdvisors()
22:05:37.231 [main] DEBUG o.s.aop.framework.CglibAopProxy - Method is declared on Advised interface: public abstract boolean org.springframework.aop.framework.Advised.removeAdvisor(org.springframework.aop.Advisor)
22:05:37.231 [main] DEBUG o.s.aop.framework.CglibAopProxy - Method is declared on Advised interface: public abstract void org.springframework.aop.framework.Advised.removeAdvisor(int) throws org.springframework.aop.framework.AopConfigException
22:05:37.231 [main] DEBUG o.s.aop.framework.CglibAopProxy - Method is declared on Advised interface: public abstract boolean org.springframework.aop.framework.Advised.replaceAdvisor(org.springframework.aop.Advisor,org.springframework.aop.Advisor) throws org.springframework.aop.framework.AopConfigException
22:05:37.231 [main] DEBUG o.s.aop.framework.CglibAopProxy - Method is declared on Advised interface: public abstract boolean org.springframework.aop.framework.Advised.removeAdvice(org.aopalliance.aop.Advice)
22:05:37.231 [main] DEBUG o.s.aop.framework.CglibAopProxy - Method is declared on Advised interface: public abstract java.lang.String org.springframework.aop.framework.Advised.toProxyConfigString()
22:05:37.232 [main] DEBUG o.s.aop.framework.CglibAopProxy - Method is declared on Advised interface: public abstract void org.springframework.aop.framework.Advised.setTargetSource(org.springframework.aop.TargetSource)
22:05:37.232 [main] DEBUG o.s.aop.framework.CglibAopProxy - Method is declared on Advised interface: public abstract java.lang.Class org.springframework.aop.TargetClassAware.getTargetClass()
22:05:37.237 [main] DEBUG o.s.b.f.s.DefaultListableBeanFactory - Finished creating instance of bean &apos;inmateReferralService&apos;
22:05:37.237 [main] DEBUG o.s.b.f.s.DefaultListableBeanFactory - Creating shared instance of singleton bean &apos;inMateService&apos;
22:05:37.237 [main] DEBUG o.s.b.f.s.DefaultListableBeanFactory - Creating instance of bean &apos;inMateService&apos;
22:05:37.237 [main] DEBUG o.s.b.f.s.DefaultListableBeanFactory - Returning cached instance of singleton bean &apos;org.springframework.aop.support.DefaultBeanFactoryPointcutAdvisor#0&apos;
22:05:37.238 [main] DEBUG o.s.b.f.annotation.InjectionMetadata - Registered injected element on class [com.ylc.service.InMateService]: AutowiredFieldElement for com.ylc.dao.InMateDao com.ylc.service.InMateService.inMateDao
22:05:37.239 [main] DEBUG o.s.b.f.annotation.InjectionMetadata - Registered injected element on class [com.ylc.service.InMateService]: AutowiredFieldElement for private com.ylc.service.CustomerLineService com.ylc.service.InMateService.customerLineService
22:05:37.239 [main] DEBUG o.s.b.f.s.DefaultListableBeanFactory - Eagerly caching bean &apos;inMateService&apos; to allow for resolving potential circular references
22:05:37.240 [main] DEBUG o.s.b.f.annotation.InjectionMetadata - Processing injected method of bean &apos;inMateService&apos;: AutowiredFieldElement for com.ylc.dao.InMateDao com.ylc.service.InMateService.inMateDao
22:05:37.240 [main] DEBUG o.s.b.f.s.DefaultListableBeanFactory - Creating shared instance of singleton bean &apos;inMateDao&apos;
22:05:37.240 [main] DEBUG o.s.b.f.s.DefaultListableBeanFactory - Creating instance of bean &apos;inMateDao&apos;
22:05:37.240 [main] DEBUG o.s.b.f.s.DefaultListableBeanFactory - Returning cached instance of singleton bean &apos;org.springframework.aop.support.DefaultBeanFactoryPointcutAdvisor#0&apos;
22:05:37.241 [main] DEBUG o.s.b.f.annotation.InjectionMetadata - Registered injected element on class [com.ylc.dao.InMateDao]: AutowiredFieldElement for org.hibernate.SessionFactory com.ylc.dao.InMateDao.sessionFactory
22:05:37.241 [main] DEBUG o.s.b.f.s.DefaultListableBeanFactory - Eagerly caching bean &apos;inMateDao&apos; to allow for resolving potential circular references
22:05:37.242 [main] DEBUG o.s.b.f.annotation.InjectionMetadata - Processing injected method of bean &apos;inMateDao&apos;: AutowiredFieldElement for org.hibernate.SessionFactory com.ylc.dao.InMateDao.sessionFactory
22:05:37.242 [main] DEBUG o.s.b.f.s.DefaultListableBeanFactory - Returning cached instance of singleton bean &apos;sessionFactory&apos;
22:05:37.243 [main] DEBUG o.s.b.f.a.AutowiredAnnotationBeanPostProcessor - Autowiring by type from bean name &apos;inMateDao&apos; to bean named &apos;sessionFactory&apos;
22:05:37.243 [main] DEBUG o.s.b.f.s.DefaultListableBeanFactory - Returning cached instance of singleton bean &apos;org.springframework.aop.support.DefaultBeanFactoryPointcutAdvisor#0&apos;
22:05:37.243 [main] DEBUG o.s.b.f.s.DefaultListableBeanFactory - Returning cached instance of singleton bean &apos;org.springframework.aop.support.DefaultBeanFactoryPointcutAdvisor#0&apos;
22:05:37.244 [main] DEBUG o.s.b.f.s.DefaultListableBeanFactory - Finished creating instance of bean &apos;inMateDao&apos;
22:05:37.244 [main] DEBUG o.s.b.f.a.AutowiredAnnotationBeanPostProcessor - Autowiring by type from bean name &apos;inMateService&apos; to bean named &apos;inMateDao&apos;
22:05:37.244 [main] DEBUG o.s.b.f.annotation.InjectionMetadata - Processing injected method of bean &apos;inMateService&apos;: AutowiredFieldElement for private com.ylc.service.CustomerLineService com.ylc.service.InMateService.customerLineService
22:05:37.244 [main] DEBUG o.s.b.f.s.DefaultListableBeanFactory - Returning cached instance of singleton bean &apos;customerLineService&apos;
22:05:37.244 [main] DEBUG o.s.b.f.a.AutowiredAnnotationBeanPostProcessor - Autowiring by type from bean name &apos;inMateService&apos; to bean named &apos;customerLineService&apos;
22:05:37.244 [main] DEBUG o.s.b.f.s.DefaultListableBeanFactory - Returning cached instance of singleton bean &apos;org.springframework.aop.support.DefaultBeanFactoryPointcutAdvisor#0&apos;
22:05:37.244 [main] DEBUG o.s.b.f.s.DefaultListableBeanFactory - Returning cached instance of singleton bean &apos;org.springframework.aop.support.DefaultBeanFactoryPointcutAdvisor#0&apos;
22:05:37.245 [main] DEBUG o.s.a.a.a.AspectJAwareAdvisorAutoProxyCreator - Creating implicit proxy for bean &apos;inMateService&apos; with 0 common interceptors and 2 specific interceptors
22:05:37.245 [main] DEBUG o.s.aop.framework.CglibAopProxy - Creating CGLIB proxy: target source is SingletonTargetSource for target object [com.ylc.service.InMateService@51b01960]
22:05:37.245 [main] DEBUG o.s.aop.framework.CglibAopProxy - Unable to apply any optimisations to advised method: public java.util.List com.ylc.service.InMateService.getInmateByByFirstAndLastName(com.ylc.model.InMate)
22:05:37.246 [main] DEBUG o.s.aop.framework.CglibAopProxy - Unable to apply any optimisations to advised method: public java.util.List com.ylc.service.InMateService.getInmateForCustomer(com.ylc.model.Customer)
22:05:37.246 [main] DEBUG o.s.aop.framework.CglibAopProxy - Unable to apply any optimisations to advised method: public java.util.List com.ylc.service.InMateService.getInmateByCode(com.ylc.model.InMate)
22:05:37.246 [main] DEBUG o.s.aop.framework.CglibAopProxy - Unable to apply any optimisations to advised method: public java.util.List com.ylc.service.InMateService.getInmateByBOP(com.ylc.model.InMate)
22:05:37.246 [main] DEBUG o.s.aop.framework.CglibAopProxy - Unable to apply any optimisations to advised method: public void com.ylc.service.InMateService.saveInMate(com.ylc.model.InMate) throws java.lang.IllegalAccessException,java.lang.reflect.InvocationTargetException
22:05:37.246 [main] DEBUG o.s.aop.framework.CglibAopProxy - Found finalize() method - using NO_OVERRIDE
22:05:37.246 [main] DEBUG o.s.aop.framework.CglibAopProxy - Found &apos;equals&apos; method: public boolean java.lang.Object.equals(java.lang.Object)
22:05:37.246 [main] DEBUG o.s.aop.framework.CglibAopProxy - Unable to apply any optimisations to advised method: public java.lang.String java.lang.Object.toString()
22:05:37.246 [main] DEBUG o.s.aop.framework.CglibAopProxy - Found &apos;hashCode&apos; method: public native int java.lang.Object.hashCode()
22:05:37.246 [main] DEBUG o.s.aop.framework.CglibAopProxy - Unable to apply any optimisations to advised method: protected native java.lang.Object java.lang.Object.clone() throws java.lang.CloneNotSupportedException
22:05:37.247 [main] DEBUG o.s.aop.framework.CglibAopProxy - Method is declared on Advised interface: public abstract int org.springframework.aop.framework.Advised.indexOf(org.springframework.aop.Advisor)
22:05:37.247 [main] DEBUG o.s.aop.framework.CglibAopProxy - Method is declared on Advised interface: public abstract int org.springframework.aop.framework.Advised.indexOf(org.aopalliance.aop.Advice)
22:05:37.247 [main] DEBUG o.s.aop.framework.CglibAopProxy - Method is declared on Advised interface: public abstract boolean org.springframework.aop.framework.Advised.isFrozen()
22:05:37.247 [main] DEBUG o.s.aop.framework.CglibAopProxy - Method is declared on Advised interface: public abstract org.springframework.aop.TargetSource org.springframework.aop.framework.Advised.getTargetSource()
22:05:37.247 [main] DEBUG o.s.aop.framework.CglibAopProxy - Method is declared on Advised interface: public abstract boolean org.springframework.aop.framework.Advised.isProxyTargetClass()
22:05:37.247 [main] DEBUG o.s.aop.framework.CglibAopProxy - Method is declared on Advised interface: public abstract void org.springframework.aop.framework.Advised.addAdvisor(int,org.springframework.aop.Advisor) throws org.springframework.aop.framework.AopConfigException
22:05:37.247 [main] DEBUG o.s.aop.framework.CglibAopProxy - Method is declared on Advised interface: public abstract void org.springframework.aop.framework.Advised.addAdvisor(org.springframework.aop.Advisor) throws org.springframework.aop.framework.AopConfigException
22:05:37.247 [main] DEBUG o.s.aop.framework.CglibAopProxy - Method is declared on Advised interface: public abstract void org.springframework.aop.framework.Advised.setPreFiltered(boolean)
22:05:37.247 [main] DEBUG o.s.aop.framework.CglibAopProxy - Method is declared on Advised interface: public abstract void org.springframework.aop.framework.Advised.setExposeProxy(boolean)
22:05:37.247 [main] DEBUG o.s.aop.framework.CglibAopProxy - Method is declared on Advised interface: public abstract boolean org.springframework.aop.framework.Advised.isExposeProxy()
22:05:37.247 [main] DEBUG o.s.aop.framework.CglibAopProxy - Method is declared on Advised interface: public abstract void org.springframework.aop.framework.Advised.addAdvice(org.aopalliance.aop.Advice) throws org.springframework.aop.framework.AopConfigException
22:05:37.247 [main] DEBUG o.s.aop.framework.CglibAopProxy - Method is declared on Advised interface: public abstract void org.springframework.aop.framework.Advised.addAdvice(int,org.aopalliance.aop.Advice) throws org.springframework.aop.framework.AopConfigException
22:05:37.247 [main] DEBUG o.s.aop.framework.CglibAopProxy - Method is declared on Advised interface: public abstract boolean org.springframework.aop.framework.Advised.isPreFiltered()
22:05:37.247 [main] DEBUG o.s.aop.framework.CglibAopProxy - Method is declared on Advised interface: public abstract java.lang.Class[] org.springframework.aop.framework.Advised.getProxiedInterfaces()
22:05:37.247 [main] DEBUG o.s.aop.framework.CglibAopProxy - Method is declared on Advised interface: public abstract boolean org.springframework.aop.framework.Advised.isInterfaceProxied(java.lang.Class)
22:05:37.247 [main] DEBUG o.s.aop.framework.CglibAopProxy - Method is declared on Advised interface: public abstract org.springframework.aop.Advisor[] org.springframework.aop.framework.Advised.getAdvisors()
22:05:37.247 [main] DEBUG o.s.aop.framework.CglibAopProxy - Method is declared on Advised interface: public abstract boolean org.springframework.aop.framework.Advised.removeAdvisor(org.springframework.aop.Advisor)
22:05:37.247 [main] DEBUG o.s.aop.framework.CglibAopProxy - Method is declared on Advised interface: public abstract void org.springframework.aop.framework.Advised.removeAdvisor(int) throws org.springframework.aop.framework.AopConfigException
22:05:37.247 [main] DEBUG o.s.aop.framework.CglibAopProxy - Method is declared on Advised interface: public abstract boolean org.springframework.aop.framework.Advised.replaceAdvisor(org.springframework.aop.Advisor,org.springframework.aop.Advisor) throws org.springframework.aop.framework.AopConfigException
22:05:37.248 [main] DEBUG o.s.aop.framework.CglibAopProxy - Method is declared on Advised interface: public abstract boolean org.springframework.aop.framework.Advised.removeAdvice(org.aopalliance.aop.Advice)
22:05:37.248 [main] DEBUG o.s.aop.framework.CglibAopProxy - Method is declared on Advised interface: public abstract java.lang.String org.springframework.aop.framework.Advised.toProxyConfigString()
22:05:37.248 [main] DEBUG o.s.aop.framework.CglibAopProxy - Method is declared on Advised interface: public abstract void org.springframework.aop.framework.Advised.setTargetSource(org.springframework.aop.TargetSource)
22:05:37.248 [main] DEBUG o.s.aop.framework.CglibAopProxy - Method is declared on Advised interface: public abstract java.lang.Class org.springframework.aop.TargetClassAware.getTargetClass()
22:05:37.254 [main] DEBUG o.s.b.f.s.DefaultListableBeanFactory - Finished creating instance of bean &apos;inMateService&apos;
22:05:37.254 [main] DEBUG o.s.b.f.s.DefaultListableBeanFactory - Creating shared instance of singleton bean &apos;inmateStatusService&apos;
22:05:37.254 [main] DEBUG o.s.b.f.s.DefaultListableBeanFactory - Creating instance of bean &apos;inmateStatusService&apos;
22:05:37.254 [main] DEBUG o.s.b.f.s.DefaultListableBeanFactory - Returning cached instance of singleton bean &apos;org.springframework.aop.support.DefaultBeanFactoryPointcutAdvisor#0&apos;
22:05:37.255 [main] DEBUG o.s.b.f.annotation.InjectionMetadata - Registered injected element on class [com.ylc.service.InmateStatusService]: AutowiredFieldElement for com.ylc.dao.InmateStatusDao com.ylc.service.InmateStatusService.inmateStatusDao
22:05:37.255 [main] DEBUG o.s.b.f.s.DefaultListableBeanFactory - Eagerly caching bean &apos;inmateStatusService&apos; to allow for resolving potential circular references
22:05:37.256 [main] DEBUG o.s.b.f.annotation.InjectionMetadata - Processing injected method of bean &apos;inmateStatusService&apos;: AutowiredFieldElement for com.ylc.dao.InmateStatusDao com.ylc.service.InmateStatusService.inmateStatusDao
22:05:37.257 [main] DEBUG o.s.b.f.s.DefaultListableBeanFactory - Creating shared instance of singleton bean &apos;inmateStatusDao&apos;
22:05:37.257 [main] DEBUG o.s.b.f.s.DefaultListableBeanFactory - Creating instance of bean &apos;inmateStatusDao&apos;
22:05:37.257 [main] DEBUG o.s.b.f.s.DefaultListableBeanFactory - Returning cached instance of singleton bean &apos;org.springframework.aop.support.DefaultBeanFactoryPointcutAdvisor#0&apos;
22:05:37.258 [main] DEBUG o.s.b.f.annotation.InjectionMetadata - Registered injected element on class [com.ylc.dao.InmateStatusDao]: AutowiredFieldElement for org.hibernate.SessionFactory com.ylc.dao.InmateStatusDao.sessionFactory
22:05:37.258 [main] DEBUG o.s.b.f.s.DefaultListableBeanFactory - Eagerly caching bean &apos;inmateStatusDao&apos; to allow for resolving potential circular references
22:05:37.261 [main] DEBUG o.s.b.f.annotation.InjectionMetadata - Processing injected method of bean &apos;inmateStatusDao&apos;: AutowiredFieldElement for org.hibernate.SessionFactory com.ylc.dao.InmateStatusDao.sessionFactory
22:05:37.261 [main] DEBUG o.s.b.f.s.DefaultListableBeanFactory - Returning cached instance of singleton bean &apos;sessionFactory&apos;
22:05:37.261 [main] DEBUG o.s.b.f.a.AutowiredAnnotationBeanPostProcessor - Autowiring by type from bean name &apos;inmateStatusDao&apos; to bean named &apos;sessionFactory&apos;
22:05:37.261 [main] DEBUG o.s.b.f.s.DefaultListableBeanFactory - Returning cached instance of singleton bean &apos;org.springframework.aop.support.DefaultBeanFactoryPointcutAdvisor#0&apos;
22:05:37.261 [main] DEBUG o.s.b.f.s.DefaultListableBeanFactory - Returning cached instance of singleton bean &apos;org.springframework.aop.support.DefaultBeanFactoryPointcutAdvisor#0&apos;
22:05:37.262 [main] DEBUG o.s.b.f.s.DefaultListableBeanFactory - Finished creating instance of bean &apos;inmateStatusDao&apos;
22:05:37.262 [main] DEBUG o.s.b.f.a.AutowiredAnnotationBeanPostProcessor - Autowiring by type from bean name &apos;inmateStatusService&apos; to bean named &apos;inmateStatusDao&apos;
22:05:37.262 [main] DEBUG o.s.b.f.s.DefaultListableBeanFactory - Returning cached instance of singleton bean &apos;org.springframework.aop.support.DefaultBeanFactoryPointcutAdvisor#0&apos;
22:05:37.262 [main] DEBUG o.s.b.f.s.DefaultListableBeanFactory - Returning cached instance of singleton bean &apos;org.springframework.aop.support.DefaultBeanFactoryPointcutAdvisor#0&apos;
22:05:37.262 [main] DEBUG o.s.a.a.a.AspectJAwareAdvisorAutoProxyCreator - Creating implicit proxy for bean &apos;inmateStatusService&apos; with 0 common interceptors and 2 specific interceptors
22:05:37.262 [main] DEBUG o.s.aop.framework.CglibAopProxy - Creating CGLIB proxy: target source is SingletonTargetSource for target object [com.ylc.service.InmateStatusService@18e8473e]
22:05:37.263 [main] DEBUG o.s.aop.framework.CglibAopProxy - Unable to apply any optimisations to advised method: public void com.ylc.service.InmateStatusService.saveInmateStatus(com.ylc.model.InmateStatus) throws java.lang.IllegalAccessException,java.lang.reflect.InvocationTargetException
22:05:37.263 [main] DEBUG o.s.aop.framework.CglibAopProxy - Unable to apply any optimisations to advised method: public void com.ylc.service.InmateStatusService.setInmateStatusDao(com.ylc.dao.InmateStatusDao)
22:05:37.264 [main] DEBUG o.s.aop.framework.CglibAopProxy - Found finalize() method - using NO_OVERRIDE
22:05:37.264 [main] DEBUG o.s.aop.framework.CglibAopProxy - Found &apos;equals&apos; method: public boolean java.lang.Object.equals(java.lang.Object)
22:05:37.264 [main] DEBUG o.s.aop.framework.CglibAopProxy - Unable to apply any optimisations to advised method: public java.lang.String java.lang.Object.toString()
22:05:37.264 [main] DEBUG o.s.aop.framework.CglibAopProxy - Found &apos;hashCode&apos; method: public native int java.lang.Object.hashCode()
22:05:37.264 [main] DEBUG o.s.aop.framework.CglibAopProxy - Unable to apply any optimisations to advised method: protected native java.lang.Object java.lang.Object.clone() throws java.lang.CloneNotSupportedException
22:05:37.265 [main] DEBUG o.s.aop.framework.CglibAopProxy - Method is declared on Advised interface: public abstract int org.springframework.aop.framework.Advised.indexOf(org.springframework.aop.Advisor)
22:05:37.265 [main] DEBUG o.s.aop.framework.CglibAopProxy - Method is declared on Advised interface: public abstract int org.springframework.aop.framework.Advised.indexOf(org.aopalliance.aop.Advice)
22:05:37.265 [main] DEBUG o.s.aop.framework.CglibAopProxy - Method is declared on Advised interface: public abstract boolean org.springframework.aop.framework.Advised.isFrozen()
22:05:37.265 [main] DEBUG o.s.aop.framework.CglibAopProxy - Method is declared on Advised interface: public abstract org.springframework.aop.TargetSource org.springframework.aop.framework.Advised.getTargetSource()
22:05:37.265 [main] DEBUG o.s.aop.framework.CglibAopProxy - Method is declared on Advised interface: public abstract boolean org.springframework.aop.framework.Advised.isProxyTargetClass()
22:05:37.265 [main] DEBUG o.s.aop.framework.CglibAopProxy - Method is declared on Advised interface: public abstract void org.springframework.aop.framework.Advised.addAdvisor(int,org.springframework.aop.Advisor) throws org.springframework.aop.framework.AopConfigException
22:05:37.265 [main] DEBUG o.s.aop.framework.CglibAopProxy - Method is declared on Advised interface: public abstract void org.springframework.aop.framework.Advised.addAdvisor(org.springframework.aop.Advisor) throws org.springframework.aop.framework.AopConfigException
22:05:37.265 [main] DEBUG o.s.aop.framework.CglibAopProxy - Method is declared on Advised interface: public abstract void org.springframework.aop.framework.Advised.setPreFiltered(boolean)
22:05:37.265 [main] DEBUG o.s.aop.framework.CglibAopProxy - Method is declared on Advised interface: public abstract void org.springframework.aop.framework.Advised.setExposeProxy(boolean)
22:05:37.265 [main] DEBUG o.s.aop.framework.CglibAopProxy - Method is declared on Advised interface: public abstract boolean org.springframework.aop.framework.Advised.isExposeProxy()
22:05:37.265 [main] DEBUG o.s.aop.framework.CglibAopProxy - Method is declared on Advised interface: public abstract void org.springframework.aop.framework.Advised.addAdvice(org.aopalliance.aop.Advice) throws org.springframework.aop.framework.AopConfigException
22:05:37.265 [main] DEBUG o.s.aop.framework.CglibAopProxy - Method is declared on Advised interface: public abstract void org.springframework.aop.framework.Advised.addAdvice(int,org.aopalliance.aop.Advice) throws org.springframework.aop.framework.AopConfigException
22:05:37.265 [main] DEBUG o.s.aop.framework.CglibAopProxy - Method is declared on Advised interface: public abstract boolean org.springframework.aop.framework.Advised.isPreFiltered()
22:05:37.265 [main] DEBUG o.s.aop.framework.CglibAopProxy - Method is declared on Advised interface: public abstract java.lang.Class[] org.springframework.aop.framework.Advised.getProxiedInterfaces()
22:05:37.265 [main] DEBUG o.s.aop.framework.CglibAopProxy - Method is declared on Advised interface: public abstract boolean org.springframework.aop.framework.Advised.isInterfaceProxied(java.lang.Class)
22:05:37.265 [main] DEBUG o.s.aop.framework.CglibAopProxy - Method is declared on Advised interface: public abstract org.springframework.aop.Advisor[] org.springframework.aop.framework.Advised.getAdvisors()
22:05:37.265 [main] DEBUG o.s.aop.framework.CglibAopProxy - Method is declared on Advised interface: public abstract boolean org.springframework.aop.framework.Advised.removeAdvisor(org.springframework.aop.Advisor)
22:05:37.265 [main] DEBUG o.s.aop.framework.CglibAopProxy - Method is declared on Advised interface: public abstract void org.springframework.aop.framework.Advised.removeAdvisor(int) throws org.springframework.aop.framework.AopConfigException
22:05:37.265 [main] DEBUG o.s.aop.framework.CglibAopProxy - Method is declared on Advised interface: public abstract boolean org.springframework.aop.framework.Advised.replaceAdvisor(org.springframework.aop.Advisor,org.springframework.aop.Advisor) throws org.springframework.aop.framework.AopConfigException
22:05:37.265 [main] DEBUG o.s.aop.framework.CglibAopProxy - Method is declared on Advised interface: public abstract boolean org.springframework.aop.framework.Advised.removeAdvice(org.aopalliance.aop.Advice)
22:05:37.265 [main] DEBUG o.s.aop.framework.CglibAopProxy - Method is declared on Advised interface: public abstract java.lang.String org.springframework.aop.framework.Advised.toProxyConfigString()
22:05:37.265 [main] DEBUG o.s.aop.framework.CglibAopProxy - Method is declared on Advised interface: public abstract void org.springframework.aop.framework.Advised.setTargetSource(org.springframework.aop.TargetSource)
22:05:37.265 [main] DEBUG o.s.aop.framework.CglibAopProxy - Method is declared on Advised interface: public abstract java.lang.Class org.springframework.aop.TargetClassAware.getTargetClass()
22:05:37.271 [main] DEBUG o.s.b.f.s.DefaultListableBeanFactory - Finished creating instance of bean &apos;inmateStatusService&apos;
22:05:37.271 [main] DEBUG o.s.b.f.s.DefaultListableBeanFactory - Creating shared instance of singleton bean &apos;lineTypeService&apos;
22:05:37.271 [main] DEBUG o.s.b.f.s.DefaultListableBeanFactory - Creating instance of bean &apos;lineTypeService&apos;
22:05:37.271 [main] DEBUG o.s.b.f.s.DefaultListableBeanFactory - Returning cached instance of singleton bean &apos;org.springframework.aop.support.DefaultBeanFactoryPointcutAdvisor#0&apos;
22:05:37.272 [main] DEBUG o.s.b.f.annotation.InjectionMetadata - Registered injected element on class [com.ylc.service.LineTypeService]: AutowiredFieldElement for com.ylc.dao.LineTypeDao com.ylc.service.LineTypeService.lineTypeDao
22:05:37.272 [main] DEBUG o.s.b.f.s.DefaultListableBeanFactory - Eagerly caching bean &apos;lineTypeService&apos; to allow for resolving potential circular references
22:05:37.275 [main] DEBUG o.s.b.f.annotation.InjectionMetadata - Processing injected method of bean &apos;lineTypeService&apos;: AutowiredFieldElement for com.ylc.dao.LineTypeDao com.ylc.service.LineTypeService.lineTypeDao
22:05:37.276 [main] DEBUG o.s.b.f.s.DefaultListableBeanFactory - Creating shared instance of singleton bean &apos;lineTypeDao&apos;
22:05:37.276 [main] DEBUG o.s.b.f.s.DefaultListableBeanFactory - Creating instance of bean &apos;lineTypeDao&apos;
22:05:37.276 [main] DEBUG o.s.b.f.s.DefaultListableBeanFactory - Returning cached instance of singleton bean &apos;org.springframework.aop.support.DefaultBeanFactoryPointcutAdvisor#0&apos;
22:05:37.276 [main] DEBUG o.s.b.f.annotation.InjectionMetadata - Registered injected element on class [com.ylc.dao.LineTypeDao]: AutowiredFieldElement for org.hibernate.SessionFactory com.ylc.dao.LineTypeDao.sessionFactory
22:05:37.276 [main] DEBUG o.s.b.f.s.DefaultListableBeanFactory - Eagerly caching bean &apos;lineTypeDao&apos; to allow for resolving potential circular references
22:05:37.277 [main] DEBUG o.s.b.f.annotation.InjectionMetadata - Processing injected method of bean &apos;lineTypeDao&apos;: AutowiredFieldElement for org.hibernate.SessionFactory com.ylc.dao.LineTypeDao.sessionFactory
22:05:37.277 [main] DEBUG o.s.b.f.s.DefaultListableBeanFactory - Returning cached instance of singleton bean &apos;sessionFactory&apos;
22:05:37.278 [main] DEBUG o.s.b.f.a.AutowiredAnnotationBeanPostProcessor - Autowiring by type from bean name &apos;lineTypeDao&apos; to bean named &apos;sessionFactory&apos;
22:05:37.278 [main] DEBUG o.s.b.f.s.DefaultListableBeanFactory - Returning cached instance of singleton bean &apos;org.springframework.aop.support.DefaultBeanFactoryPointcutAdvisor#0&apos;
22:05:37.278 [main] DEBUG o.s.b.f.s.DefaultListableBeanFactory - Returning cached instance of singleton bean &apos;org.springframework.aop.support.DefaultBeanFactoryPointcutAdvisor#0&apos;
22:05:37.278 [main] DEBUG o.s.b.f.s.DefaultListableBeanFactory - Finished creating instance of bean &apos;lineTypeDao&apos;
22:05:37.279 [main] DEBUG o.s.b.f.a.AutowiredAnnotationBeanPostProcessor - Autowiring by type from bean name &apos;lineTypeService&apos; to bean named &apos;lineTypeDao&apos;
22:05:37.279 [main] DEBUG o.s.b.f.s.DefaultListableBeanFactory - Returning cached instance of singleton bean &apos;org.springframework.aop.support.DefaultBeanFactoryPointcutAdvisor#0&apos;
22:05:37.279 [main] DEBUG o.s.b.f.s.DefaultListableBeanFactory - Returning cached instance of singleton bean &apos;org.springframework.aop.support.DefaultBeanFactoryPointcutAdvisor#0&apos;
22:05:37.280 [main] DEBUG o.s.a.a.a.AspectJAwareAdvisorAutoProxyCreator - Creating implicit proxy for bean &apos;lineTypeService&apos; with 0 common interceptors and 2 specific interceptors
22:05:37.281 [main] DEBUG o.s.aop.framework.CglibAopProxy - Creating CGLIB proxy: target source is SingletonTargetSource for target object [com.ylc.service.LineTypeService@3bb9efbc]
22:05:37.281 [main] DEBUG o.s.aop.framework.CglibAopProxy - Unable to apply any optimisations to advised method: public void com.ylc.service.LineTypeService.saveLineType(com.ylc.model.Linetype) throws java.lang.IllegalAccessException,java.lang.reflect.InvocationTargetException
22:05:37.282 [main] DEBUG o.s.aop.framework.CglibAopProxy - Unable to apply any optimisations to advised method: public void com.ylc.service.LineTypeService.setLineTypeDao(com.ylc.dao.LineTypeDao)
22:05:37.282 [main] DEBUG o.s.aop.framework.CglibAopProxy - Found finalize() method - using NO_OVERRIDE
22:05:37.282 [main] DEBUG o.s.aop.framework.CglibAopProxy - Found &apos;equals&apos; method: public boolean java.lang.Object.equals(java.lang.Object)
22:05:37.282 [main] DEBUG o.s.aop.framework.CglibAopProxy - Unable to apply any optimisations to advised method: public java.lang.String java.lang.Object.toString()
22:05:37.282 [main] DEBUG o.s.aop.framework.CglibAopProxy - Found &apos;hashCode&apos; method: public native int java.lang.Object.hashCode()
22:05:37.282 [main] DEBUG o.s.aop.framework.CglibAopProxy - Unable to apply any optimisations to advised method: protected native java.lang.Object java.lang.Object.clone() throws java.lang.CloneNotSupportedException
22:05:37.282 [main] DEBUG o.s.aop.framework.CglibAopProxy - Method is declared on Advised interface: public abstract int org.springframework.aop.framework.Advised.indexOf(org.springframework.aop.Advisor)
22:05:37.282 [main] DEBUG o.s.aop.framework.CglibAopProxy - Method is declared on Advised interface: public abstract int org.springframework.aop.framework.Advised.indexOf(org.aopalliance.aop.Advice)
22:05:37.282 [main] DEBUG o.s.aop.framework.CglibAopProxy - Method is declared on Advised interface: public abstract boolean org.springframework.aop.framework.Advised.isFrozen()
22:05:37.282 [main] DEBUG o.s.aop.framework.CglibAopProxy - Method is declared on Advised interface: public abstract org.springframework.aop.TargetSource org.springframework.aop.framework.Advised.getTargetSource()
22:05:37.282 [main] DEBUG o.s.aop.framework.CglibAopProxy - Method is declared on Advised interface: public abstract boolean org.springframework.aop.framework.Advised.isProxyTargetClass()
22:05:37.282 [main] DEBUG o.s.aop.framework.CglibAopProxy - Method is declared on Advised interface: public abstract void org.springframework.aop.framework.Advised.addAdvisor(int,org.springframework.aop.Advisor) throws org.springframework.aop.framework.AopConfigException
22:05:37.282 [main] DEBUG o.s.aop.framework.CglibAopProxy - Method is declared on Advised interface: public abstract void org.springframework.aop.framework.Advised.addAdvisor(org.springframework.aop.Advisor) throws org.springframework.aop.framework.AopConfigException
22:05:37.282 [main] DEBUG o.s.aop.framework.CglibAopProxy - Method is declared on Advised interface: public abstract void org.springframework.aop.framework.Advised.setPreFiltered(boolean)
22:05:37.282 [main] DEBUG o.s.aop.framework.CglibAopProxy - Method is declared on Advised interface: public abstract void org.springframework.aop.framework.Advised.setExposeProxy(boolean)
22:05:37.282 [main] DEBUG o.s.aop.framework.CglibAopProxy - Method is declared on Advised interface: public abstract boolean org.springframework.aop.framework.Advised.isExposeProxy()
22:05:37.282 [main] DEBUG o.s.aop.framework.CglibAopProxy - Method is declared on Advised interface: public abstract void org.springframework.aop.framework.Advised.addAdvice(org.aopalliance.aop.Advice) throws org.springframework.aop.framework.AopConfigException
22:05:37.283 [main] DEBUG o.s.aop.framework.CglibAopProxy - Method is declared on Advised interface: public abstract void org.springframework.aop.framework.Advised.addAdvice(int,org.aopalliance.aop.Advice) throws org.springframework.aop.framework.AopConfigException
22:05:37.283 [main] DEBUG o.s.aop.framework.CglibAopProxy - Method is declared on Advised interface: public abstract boolean org.springframework.aop.framework.Advised.isPreFiltered()
22:05:37.283 [main] DEBUG o.s.aop.framework.CglibAopProxy - Method is declared on Advised interface: public abstract java.lang.Class[] org.springframework.aop.framework.Advised.getProxiedInterfaces()
22:05:37.283 [main] DEBUG o.s.aop.framework.CglibAopProxy - Method is declared on Advised interface: public abstract boolean org.springframework.aop.framework.Advised.isInterfaceProxied(java.lang.Class)
22:05:37.283 [main] DEBUG o.s.aop.framework.CglibAopProxy - Method is declared on Advised interface: public abstract org.springframework.aop.Advisor[] org.springframework.aop.framework.Advised.getAdvisors()
22:05:37.283 [main] DEBUG o.s.aop.framework.CglibAopProxy - Method is declared on Advised interface: public abstract boolean org.springframework.aop.framework.Advised.removeAdvisor(org.springframework.aop.Advisor)
22:05:37.283 [main] DEBUG o.s.aop.framework.CglibAopProxy - Method is declared on Advised interface: public abstract void org.springframework.aop.framework.Advised.removeAdvisor(int) throws org.springframework.aop.framework.AopConfigException
22:05:37.283 [main] DEBUG o.s.aop.framework.CglibAopProxy - Method is declared on Advised interface: public abstract boolean org.springframework.aop.framework.Advised.replaceAdvisor(org.springframework.aop.Advisor,org.springframework.aop.Advisor) throws org.springframework.aop.framework.AopConfigException
22:05:37.283 [main] DEBUG o.s.aop.framework.CglibAopProxy - Method is declared on Advised interface: public abstract boolean org.springframework.aop.framework.Advised.removeAdvice(org.aopalliance.aop.Advice)
22:05:37.283 [main] DEBUG o.s.aop.framework.CglibAopProxy - Method is declared on Advised interface: public abstract java.lang.String org.springframework.aop.framework.Advised.toProxyConfigString()
22:05:37.283 [main] DEBUG o.s.aop.framework.CglibAopProxy - Method is declared on Advised interface: public abstract void org.springframework.aop.framework.Advised.setTargetSource(org.springframework.aop.TargetSource)
22:05:37.283 [main] DEBUG o.s.aop.framework.CglibAopProxy - Method is declared on Advised interface: public abstract java.lang.Class org.springframework.aop.TargetClassAware.getTargetClass()
22:05:37.288 [main] DEBUG o.s.b.f.s.DefaultListableBeanFactory - Finished creating instance of bean &apos;lineTypeService&apos;
22:05:37.288 [main] DEBUG o.s.b.f.s.DefaultListableBeanFactory - Creating shared instance of singleton bean &apos;paymentCardTypeService&apos;
22:05:37.288 [main] DEBUG o.s.b.f.s.DefaultListableBeanFactory - Creating instance of bean &apos;paymentCardTypeService&apos;
22:05:37.288 [main] DEBUG o.s.b.f.s.DefaultListableBeanFactory - Returning cached instance of singleton bean &apos;org.springframework.aop.support.DefaultBeanFactoryPointcutAdvisor#0&apos;
22:05:37.289 [main] DEBUG o.s.b.f.annotation.InjectionMetadata - Registered injected element on class [com.ylc.service.PaymentCardTypeService]: AutowiredFieldElement for com.ylc.dao.PaymentCardTypeDao com.ylc.service.PaymentCardTypeService.paymentCardTypeDao
22:05:37.290 [main] DEBUG o.s.b.f.s.DefaultListableBeanFactory - Eagerly caching bean &apos;paymentCardTypeService&apos; to allow for resolving potential circular references
22:05:37.291 [main] DEBUG o.s.b.f.annotation.InjectionMetadata - Processing injected method of bean &apos;paymentCardTypeService&apos;: AutowiredFieldElement for com.ylc.dao.PaymentCardTypeDao com.ylc.service.PaymentCardTypeService.paymentCardTypeDao
22:05:37.291 [main] DEBUG o.s.b.f.s.DefaultListableBeanFactory - Creating shared instance of singleton bean &apos;paymentCardTypeDao&apos;
22:05:37.291 [main] DEBUG o.s.b.f.s.DefaultListableBeanFactory - Creating instance of bean &apos;paymentCardTypeDao&apos;
22:05:37.291 [main] DEBUG o.s.b.f.s.DefaultListableBeanFactory - Returning cached instance of singleton bean &apos;org.springframework.aop.support.DefaultBeanFactoryPointcutAdvisor#0&apos;
22:05:37.291 [main] DEBUG o.s.b.f.annotation.InjectionMetadata - Registered injected element on class [com.ylc.dao.PaymentCardTypeDao]: AutowiredFieldElement for org.hibernate.SessionFactory com.ylc.dao.PaymentCardTypeDao.sessionFactory
22:05:37.291 [main] DEBUG o.s.b.f.s.DefaultListableBeanFactory - Eagerly caching bean &apos;paymentCardTypeDao&apos; to allow for resolving potential circular references
22:05:37.292 [main] DEBUG o.s.b.f.annotation.InjectionMetadata - Processing injected method of bean &apos;paymentCardTypeDao&apos;: AutowiredFieldElement for org.hibernate.SessionFactory com.ylc.dao.PaymentCardTypeDao.sessionFactory
22:05:37.292 [main] DEBUG o.s.b.f.s.DefaultListableBeanFactory - Returning cached instance of singleton bean &apos;sessionFactory&apos;
22:05:37.292 [main] DEBUG o.s.b.f.a.AutowiredAnnotationBeanPostProcessor - Autowiring by type from bean name &apos;paymentCardTypeDao&apos; to bean named &apos;sessionFactory&apos;
22:05:37.293 [main] DEBUG o.s.b.f.s.DefaultListableBeanFactory - Returning cached instance of singleton bean &apos;org.springframework.aop.support.DefaultBeanFactoryPointcutAdvisor#0&apos;
22:05:37.293 [main] DEBUG o.s.b.f.s.DefaultListableBeanFactory - Returning cached instance of singleton bean &apos;org.springframework.aop.support.DefaultBeanFactoryPointcutAdvisor#0&apos;
22:05:37.293 [main] DEBUG o.s.b.f.s.DefaultListableBeanFactory - Finished creating instance of bean &apos;paymentCardTypeDao&apos;
22:05:37.293 [main] DEBUG o.s.b.f.a.AutowiredAnnotationBeanPostProcessor - Autowiring by type from bean name &apos;paymentCardTypeService&apos; to bean named &apos;paymentCardTypeDao&apos;
22:05:37.294 [main] DEBUG o.s.b.f.s.DefaultListableBeanFactory - Returning cached instance of singleton bean &apos;org.springframework.aop.support.DefaultBeanFactoryPointcutAdvisor#0&apos;
22:05:37.294 [main] DEBUG o.s.b.f.s.DefaultListableBeanFactory - Returning cached instance of singleton bean &apos;org.springframework.aop.support.DefaultBeanFactoryPointcutAdvisor#0&apos;
22:05:37.294 [main] DEBUG o.s.a.a.a.AspectJAwareAdvisorAutoProxyCreator - Creating implicit proxy for bean &apos;paymentCardTypeService&apos; with 0 common interceptors and 2 specific interceptors
22:05:37.294 [main] DEBUG o.s.aop.framework.CglibAopProxy - Creating CGLIB proxy: target source is SingletonTargetSource for target object [com.ylc.service.PaymentCardTypeService@50d68830]
22:05:37.294 [main] DEBUG o.s.aop.framework.CglibAopProxy - Unable to apply any optimisations to advised method: public void com.ylc.service.PaymentCardTypeService.savePaymentCardType(com.ylc.model.PaymentCardType) throws java.lang.IllegalAccessException,java.lang.reflect.InvocationTargetException
22:05:37.295 [main] DEBUG o.s.aop.framework.CglibAopProxy - Unable to apply any optimisations to advised method: public void com.ylc.service.PaymentCardTypeService.setPaymentCardTypeDao(com.ylc.dao.PaymentCardTypeDao)
22:05:37.295 [main] DEBUG o.s.aop.framework.CglibAopProxy - Found finalize() method - using NO_OVERRIDE
22:05:37.295 [main] DEBUG o.s.aop.framework.CglibAopProxy - Found &apos;equals&apos; method: public boolean java.lang.Object.equals(java.lang.Object)
22:05:37.295 [main] DEBUG o.s.aop.framework.CglibAopProxy - Unable to apply any optimisations to advised method: public java.lang.String java.lang.Object.toString()
22:05:37.295 [main] DEBUG o.s.aop.framework.CglibAopProxy - Found &apos;hashCode&apos; method: public native int java.lang.Object.hashCode()
22:05:37.295 [main] DEBUG o.s.aop.framework.CglibAopProxy - Unable to apply any optimisations to advised method: protected native java.lang.Object java.lang.Object.clone() throws java.lang.CloneNotSupportedException
22:05:37.295 [main] DEBUG o.s.aop.framework.CglibAopProxy - Method is declared on Advised interface: public abstract int org.springframework.aop.framework.Advised.indexOf(org.springframework.aop.Advisor)
22:05:37.295 [main] DEBUG o.s.aop.framework.CglibAopProxy - Method is declared on Advised interface: public abstract int org.springframework.aop.framework.Advised.indexOf(org.aopalliance.aop.Advice)
22:05:37.295 [main] DEBUG o.s.aop.framework.CglibAopProxy - Method is declared on Advised interface: public abstract boolean org.springframework.aop.framework.Advised.isFrozen()
22:05:37.295 [main] DEBUG o.s.aop.framework.CglibAopProxy - Method is declared on Advised interface: public abstract org.springframework.aop.TargetSource org.springframework.aop.framework.Advised.getTargetSource()
22:05:37.295 [main] DEBUG o.s.aop.framework.CglibAopProxy - Method is declared on Advised interface: public abstract boolean org.springframework.aop.framework.Advised.isProxyTargetClass()
22:05:37.295 [main] DEBUG o.s.aop.framework.CglibAopProxy - Method is declared on Advised interface: public abstract void org.springframework.aop.framework.Advised.addAdvisor(int,org.springframework.aop.Advisor) throws org.springframework.aop.framework.AopConfigException
22:05:37.295 [main] DEBUG o.s.aop.framework.CglibAopProxy - Method is declared on Advised interface: public abstract void org.springframework.aop.framework.Advised.addAdvisor(org.springframework.aop.Advisor) throws org.springframework.aop.framework.AopConfigException
22:05:37.295 [main] DEBUG o.s.aop.framework.CglibAopProxy - Method is declared on Advised interface: public abstract void org.springframework.aop.framework.Advised.setPreFiltered(boolean)
22:05:37.295 [main] DEBUG o.s.aop.framework.CglibAopProxy - Method is declared on Advised interface: public abstract void org.springframework.aop.framework.Advised.setExposeProxy(boolean)
22:05:37.295 [main] DEBUG o.s.aop.framework.CglibAopProxy - Method is declared on Advised interface: public abstract boolean org.springframework.aop.framework.Advised.isExposeProxy()
22:05:37.295 [main] DEBUG o.s.aop.framework.CglibAopProxy - Method is declared on Advised interface: public abstract void org.springframework.aop.framework.Advised.addAdvice(org.aopalliance.aop.Advice) throws org.springframework.aop.framework.AopConfigException
22:05:37.295 [main] DEBUG o.s.aop.framework.CglibAopProxy - Method is declared on Advised interface: public abstract void org.springframework.aop.framework.Advised.addAdvice(int,org.aopalliance.aop.Advice) throws org.springframework.aop.framework.AopConfigException
22:05:37.295 [main] DEBUG o.s.aop.framework.CglibAopProxy - Method is declared on Advised interface: public abstract boolean org.springframework.aop.framework.Advised.isPreFiltered()
22:05:37.295 [main] DEBUG o.s.aop.framework.CglibAopProxy - Method is declared on Advised interface: public abstract java.lang.Class[] org.springframework.aop.framework.Advised.getProxiedInterfaces()
22:05:37.295 [main] DEBUG o.s.aop.framework.CglibAopProxy - Method is declared on Advised interface: public abstract boolean org.springframework.aop.framework.Advised.isInterfaceProxied(java.lang.Class)
22:05:37.296 [main] DEBUG o.s.aop.framework.CglibAopProxy - Method is declared on Advised interface: public abstract org.springframework.aop.Advisor[] org.springframework.aop.framework.Advised.getAdvisors()
22:05:37.296 [main] DEBUG o.s.aop.framework.CglibAopProxy - Method is declared on Advised interface: public abstract boolean org.springframework.aop.framework.Advised.removeAdvisor(org.springframework.aop.Advisor)
22:05:37.296 [main] DEBUG o.s.aop.framework.CglibAopProxy - Method is declared on Advised interface: public abstract void org.springframework.aop.framework.Advised.removeAdvisor(int) throws org.springframework.aop.framework.AopConfigException
22:05:37.296 [main] DEBUG o.s.aop.framework.CglibAopProxy - Method is declared on Advised interface: public abstract boolean org.springframework.aop.framework.Advised.replaceAdvisor(org.springframework.aop.Advisor,org.springframework.aop.Advisor) throws org.springframework.aop.framework.AopConfigException
22:05:37.296 [main] DEBUG o.s.aop.framework.CglibAopProxy - Method is declared on Advised interface: public abstract boolean org.springframework.aop.framework.Advised.removeAdvice(org.aopalliance.aop.Advice)
22:05:37.296 [main] DEBUG o.s.aop.framework.CglibAopProxy - Method is declared on Advised interface: public abstract java.lang.String org.springframework.aop.framework.Advised.toProxyConfigString()
22:05:37.296 [main] DEBUG o.s.aop.framework.CglibAopProxy - Method is declared on Advised interface: public abstract void org.springframework.aop.framework.Advised.setTargetSource(org.springframework.aop.TargetSource)
22:05:37.296 [main] DEBUG o.s.aop.framework.CglibAopProxy - Method is declared on Advised interface: public abstract java.lang.Class org.springframework.aop.TargetClassAware.getTargetClass()
22:05:37.300 [main] DEBUG o.s.b.f.s.DefaultListableBeanFactory - Finished creating instance of bean &apos;paymentCardTypeService&apos;
22:05:37.300 [main] DEBUG o.s.b.f.s.DefaultListableBeanFactory - Creating shared instance of singleton bean &apos;prepaidPricingService&apos;
22:05:37.300 [main] DEBUG o.s.b.f.s.DefaultListableBeanFactory - Creating instance of bean &apos;prepaidPricingService&apos;
22:05:37.300 [main] DEBUG o.s.b.f.s.DefaultListableBeanFactory - Returning cached instance of singleton bean &apos;org.springframework.aop.support.DefaultBeanFactoryPointcutAdvisor#0&apos;
22:05:37.301 [main] DEBUG o.s.b.f.annotation.InjectionMetadata - Registered injected element on class [com.ylc.service.PrepaidPricingService]: AutowiredFieldElement for com.ylc.dao.PrepaidPricingDao com.ylc.service.PrepaidPricingService.prepaidPricingDao
22:05:37.301 [main] DEBUG o.s.b.f.s.DefaultListableBeanFactory - Eagerly caching bean &apos;prepaidPricingService&apos; to allow for resolving potential circular references
22:05:37.302 [main] DEBUG o.s.b.f.annotation.InjectionMetadata - Processing injected method of bean &apos;prepaidPricingService&apos;: AutowiredFieldElement for com.ylc.dao.PrepaidPricingDao com.ylc.service.PrepaidPricingService.prepaidPricingDao
22:05:37.303 [main] DEBUG o.s.b.f.s.DefaultListableBeanFactory - Creating shared instance of singleton bean &apos;prepaidPricingDao&apos;
22:05:37.303 [main] DEBUG o.s.b.f.s.DefaultListableBeanFactory - Creating instance of bean &apos;prepaidPricingDao&apos;
22:05:37.303 [main] DEBUG o.s.b.f.s.DefaultListableBeanFactory - Returning cached instance of singleton bean &apos;org.springframework.aop.support.DefaultBeanFactoryPointcutAdvisor#0&apos;
22:05:37.303 [main] DEBUG o.s.b.f.annotation.InjectionMetadata - Registered injected element on class [com.ylc.dao.PrepaidPricingDao]: AutowiredFieldElement for org.hibernate.SessionFactory com.ylc.dao.PrepaidPricingDao.sessionFactory
22:05:37.303 [main] DEBUG o.s.b.f.s.DefaultListableBeanFactory - Eagerly caching bean &apos;prepaidPricingDao&apos; to allow for resolving potential circular references
22:05:37.304 [main] DEBUG o.s.b.f.annotation.InjectionMetadata - Processing injected method of bean &apos;prepaidPricingDao&apos;: AutowiredFieldElement for org.hibernate.SessionFactory com.ylc.dao.PrepaidPricingDao.sessionFactory
22:05:37.305 [main] DEBUG o.s.b.f.s.DefaultListableBeanFactory - Returning cached instance of singleton bean &apos;sessionFactory&apos;
22:05:37.305 [main] DEBUG o.s.b.f.a.AutowiredAnnotationBeanPostProcessor - Autowiring by type from bean name &apos;prepaidPricingDao&apos; to bean named &apos;sessionFactory&apos;
22:05:37.305 [main] DEBUG o.s.b.f.s.DefaultListableBeanFactory - Returning cached instance of singleton bean &apos;org.springframework.aop.support.DefaultBeanFactoryPointcutAdvisor#0&apos;
22:05:37.305 [main] DEBUG o.s.b.f.s.DefaultListableBeanFactory - Returning cached instance of singleton bean &apos;org.springframework.aop.support.DefaultBeanFactoryPointcutAdvisor#0&apos;
22:05:37.305 [main] DEBUG o.s.b.f.s.DefaultListableBeanFactory - Finished creating instance of bean &apos;prepaidPricingDao&apos;
22:05:37.305 [main] DEBUG o.s.b.f.a.AutowiredAnnotationBeanPostProcessor - Autowiring by type from bean name &apos;prepaidPricingService&apos; to bean named &apos;prepaidPricingDao&apos;
22:05:37.305 [main] DEBUG o.s.b.f.s.DefaultListableBeanFactory - Returning cached instance of singleton bean &apos;org.springframework.aop.support.DefaultBeanFactoryPointcutAdvisor#0&apos;
22:05:37.305 [main] DEBUG o.s.b.f.s.DefaultListableBeanFactory - Returning cached instance of singleton bean &apos;org.springframework.aop.support.DefaultBeanFactoryPointcutAdvisor#0&apos;
22:05:37.306 [main] DEBUG o.s.a.a.a.AspectJAwareAdvisorAutoProxyCreator - Creating implicit proxy for bean &apos;prepaidPricingService&apos; with 0 common interceptors and 2 specific interceptors
22:05:37.306 [main] DEBUG o.s.aop.framework.CglibAopProxy - Creating CGLIB proxy: target source is SingletonTargetSource for target object [com.ylc.service.PrepaidPricingService@4acf72b6]
22:05:37.306 [main] DEBUG o.s.aop.framework.CglibAopProxy - Unable to apply any optimisations to advised method: public void com.ylc.service.PrepaidPricingService.savePrepaidPricing(com.ylc.model.PrepaidPricing) throws java.lang.IllegalAccessException,java.lang.reflect.InvocationTargetException
22:05:37.306 [main] DEBUG o.s.aop.framework.CglibAopProxy - Unable to apply any optimisations to advised method: public java.util.List com.ylc.service.PrepaidPricingService.getPrepaidPricings() throws java.lang.IllegalAccessException,java.lang.reflect.InvocationTargetException,java.lang.InstantiationException
22:05:37.306 [main] DEBUG o.s.aop.framework.CglibAopProxy - Found finalize() method - using NO_OVERRIDE
22:05:37.306 [main] DEBUG o.s.aop.framework.CglibAopProxy - Found &apos;equals&apos; method: public boolean java.lang.Object.equals(java.lang.Object)
22:05:37.306 [main] DEBUG o.s.aop.framework.CglibAopProxy - Unable to apply any optimisations to advised method: public java.lang.String java.lang.Object.toString()
22:05:37.306 [main] DEBUG o.s.aop.framework.CglibAopProxy - Found &apos;hashCode&apos; method: public native int java.lang.Object.hashCode()
22:05:37.306 [main] DEBUG o.s.aop.framework.CglibAopProxy - Unable to apply any optimisations to advised method: protected native java.lang.Object java.lang.Object.clone() throws java.lang.CloneNotSupportedException
22:05:37.306 [main] DEBUG o.s.aop.framework.CglibAopProxy - Method is declared on Advised interface: public abstract int org.springframework.aop.framework.Advised.indexOf(org.springframework.aop.Advisor)
22:05:37.306 [main] DEBUG o.s.aop.framework.CglibAopProxy - Method is declared on Advised interface: public abstract int org.springframework.aop.framework.Advised.indexOf(org.aopalliance.aop.Advice)
22:05:37.307 [main] DEBUG o.s.aop.framework.CglibAopProxy - Method is declared on Advised interface: public abstract boolean org.springframework.aop.framework.Advised.isFrozen()
22:05:37.307 [main] DEBUG o.s.aop.framework.CglibAopProxy - Method is declared on Advised interface: public abstract org.springframework.aop.TargetSource org.springframework.aop.framework.Advised.getTargetSource()
22:05:37.307 [main] DEBUG o.s.aop.framework.CglibAopProxy - Method is declared on Advised interface: public abstract boolean org.springframework.aop.framework.Advised.isProxyTargetClass()
22:05:37.307 [main] DEBUG o.s.aop.framework.CglibAopProxy - Method is declared on Advised interface: public abstract void org.springframework.aop.framework.Advised.addAdvisor(int,org.springframework.aop.Advisor) throws org.springframework.aop.framework.AopConfigException
22:05:37.307 [main] DEBUG o.s.aop.framework.CglibAopProxy - Method is declared on Advised interface: public abstract void org.springframework.aop.framework.Advised.addAdvisor(org.springframework.aop.Advisor) throws org.springframework.aop.framework.AopConfigException
22:05:37.307 [main] DEBUG o.s.aop.framework.CglibAopProxy - Method is declared on Advised interface: public abstract void org.springframework.aop.framework.Advised.setPreFiltered(boolean)
22:05:37.307 [main] DEBUG o.s.aop.framework.CglibAopProxy - Method is declared on Advised interface: public abstract void org.springframework.aop.framework.Advised.setExposeProxy(boolean)
22:05:37.307 [main] DEBUG o.s.aop.framework.CglibAopProxy - Method is declared on Advised interface: public abstract boolean org.springframework.aop.framework.Advised.isExposeProxy()
22:05:37.307 [main] DEBUG o.s.aop.framework.CglibAopProxy - Method is declared on Advised interface: public abstract void org.springframework.aop.framework.Advised.addAdvice(org.aopalliance.aop.Advice) throws org.springframework.aop.framework.AopConfigException
22:05:37.307 [main] DEBUG o.s.aop.framework.CglibAopProxy - Method is declared on Advised interface: public abstract void org.springframework.aop.framework.Advised.addAdvice(int,org.aopalliance.aop.Advice) throws org.springframework.aop.framework.AopConfigException
22:05:37.307 [main] DEBUG o.s.aop.framework.CglibAopProxy - Method is declared on Advised interface: public abstract boolean org.springframework.aop.framework.Advised.isPreFiltered()
22:05:37.307 [main] DEBUG o.s.aop.framework.CglibAopProxy - Method is declared on Advised interface: public abstract java.lang.Class[] org.springframework.aop.framework.Advised.getProxiedInterfaces()
22:05:37.307 [main] DEBUG o.s.aop.framework.CglibAopProxy - Method is declared on Advised interface: public abstract boolean org.springframework.aop.framework.Advised.isInterfaceProxied(java.lang.Class)
22:05:37.307 [main] DEBUG o.s.aop.framework.CglibAopProxy - Method is declared on Advised interface: public abstract org.springframework.aop.Advisor[] org.springframework.aop.framework.Advised.getAdvisors()
22:05:37.307 [main] DEBUG o.s.aop.framework.CglibAopProxy - Method is declared on Advised interface: public abstract boolean org.springframework.aop.framework.Advised.removeAdvisor(org.springframework.aop.Advisor)
22:05:37.307 [main] DEBUG o.s.aop.framework.CglibAopProxy - Method is declared on Advised interface: public abstract void org.springframework.aop.framework.Advised.removeAdvisor(int) throws org.springframework.aop.framework.AopConfigException
22:05:37.307 [main] DEBUG o.s.aop.framework.CglibAopProxy - Method is declared on Advised interface: public abstract boolean org.springframework.aop.framework.Advised.replaceAdvisor(org.springframework.aop.Advisor,org.springframework.aop.Advisor) throws org.springframework.aop.framework.AopConfigException
22:05:37.307 [main] DEBUG o.s.aop.framework.CglibAopProxy - Method is declared on Advised interface: public abstract boolean org.springframework.aop.framework.Advised.removeAdvice(org.aopalliance.aop.Advice)
22:05:37.307 [main] DEBUG o.s.aop.framework.CglibAopProxy - Method is declared on Advised interface: public abstract java.lang.String org.springframework.aop.framework.Advised.toProxyConfigString()
22:05:37.307 [main] DEBUG o.s.aop.framework.CglibAopProxy - Method is declared on Advised interface: public abstract void org.springframework.aop.framework.Advised.setTargetSource(org.springframework.aop.TargetSource)
22:05:37.307 [main] DEBUG o.s.aop.framework.CglibAopProxy - Method is declared on Advised interface: public abstract java.lang.Class org.springframework.aop.TargetClassAware.getTargetClass()
22:05:37.311 [main] DEBUG o.s.b.f.s.DefaultListableBeanFactory - Finished creating instance of bean &apos;prepaidPricingService&apos;
22:05:37.311 [main] DEBUG o.s.b.f.s.DefaultListableBeanFactory - Creating shared instance of singleton bean &apos;rateCenterService&apos;
22:05:37.311 [main] DEBUG o.s.b.f.s.DefaultListableBeanFactory - Creating instance of bean &apos;rateCenterService&apos;
22:05:37.311 [main] DEBUG o.s.b.f.s.DefaultListableBeanFactory - Returning cached instance of singleton bean &apos;org.springframework.aop.support.DefaultBeanFactoryPointcutAdvisor#0&apos;
22:05:37.312 [main] DEBUG o.s.b.f.annotation.InjectionMetadata - Registered injected element on class [com.ylc.service.RateCenterService]: AutowiredFieldElement for com.ylc.dao.RateCenterDao com.ylc.service.RateCenterService.rateCenterDao
22:05:37.312 [main] DEBUG o.s.b.f.s.DefaultListableBeanFactory - Eagerly caching bean &apos;rateCenterService&apos; to allow for resolving potential circular references
22:05:37.313 [main] DEBUG o.s.b.f.annotation.InjectionMetadata - Processing injected method of bean &apos;rateCenterService&apos;: AutowiredFieldElement for com.ylc.dao.RateCenterDao com.ylc.service.RateCenterService.rateCenterDao
22:05:37.313 [main] DEBUG o.s.b.f.s.DefaultListableBeanFactory - Creating shared instance of singleton bean &apos;rateCenterDao&apos;
22:05:37.313 [main] DEBUG o.s.b.f.s.DefaultListableBeanFactory - Creating instance of bean &apos;rateCenterDao&apos;
22:05:37.314 [main] DEBUG o.s.b.f.s.DefaultListableBeanFactory - Returning cached instance of singleton bean &apos;org.springframework.aop.support.DefaultBeanFactoryPointcutAdvisor#0&apos;
22:05:37.314 [main] DEBUG o.s.b.f.annotation.InjectionMetadata - Registered injected element on class [com.ylc.dao.RateCenterDao]: AutowiredFieldElement for org.hibernate.SessionFactory com.ylc.dao.RateCenterDao.sessionFactory
22:05:37.314 [main] DEBUG o.s.b.f.s.DefaultListableBeanFactory - Eagerly caching bean &apos;rateCenterDao&apos; to allow for resolving potential circular references
22:05:37.315 [main] DEBUG o.s.b.f.annotation.InjectionMetadata - Processing injected method of bean &apos;rateCenterDao&apos;: AutowiredFieldElement for org.hibernate.SessionFactory com.ylc.dao.RateCenterDao.sessionFactory
22:05:37.315 [main] DEBUG o.s.b.f.s.DefaultListableBeanFactory - Returning cached instance of singleton bean &apos;sessionFactory&apos;
22:05:37.315 [main] DEBUG o.s.b.f.a.AutowiredAnnotationBeanPostProcessor - Autowiring by type from bean name &apos;rateCenterDao&apos; to bean named &apos;sessionFactory&apos;
22:05:37.315 [main] DEBUG o.s.b.f.s.DefaultListableBeanFactory - Returning cached instance of singleton bean &apos;org.springframework.aop.support.DefaultBeanFactoryPointcutAdvisor#0&apos;
22:05:37.315 [main] DEBUG o.s.b.f.s.DefaultListableBeanFactory - Returning cached instance of singleton bean &apos;org.springframework.aop.support.DefaultBeanFactoryPointcutAdvisor#0&apos;
22:05:37.315 [main] DEBUG o.s.b.f.s.DefaultListableBeanFactory - Finished creating instance of bean &apos;rateCenterDao&apos;
22:05:37.315 [main] DEBUG o.s.b.f.a.AutowiredAnnotationBeanPostProcessor - Autowiring by type from bean name &apos;rateCenterService&apos; to bean named &apos;rateCenterDao&apos;
22:05:37.316 [main] DEBUG o.s.b.f.s.DefaultListableBeanFactory - Returning cached instance of singleton bean &apos;org.springframework.aop.support.DefaultBeanFactoryPointcutAdvisor#0&apos;
22:05:37.316 [main] DEBUG o.s.b.f.s.DefaultListableBeanFactory - Returning cached instance of singleton bean &apos;org.springframework.aop.support.DefaultBeanFactoryPointcutAdvisor#0&apos;
22:05:37.316 [main] DEBUG o.s.a.a.a.AspectJAwareAdvisorAutoProxyCreator - Creating implicit proxy for bean &apos;rateCenterService&apos; with 0 common interceptors and 2 specific interceptors
22:05:37.316 [main] DEBUG o.s.aop.framework.CglibAopProxy - Creating CGLIB proxy: target source is SingletonTargetSource for target object [com.ylc.service.RateCenterService@57a4d5ee]
22:05:37.316 [main] DEBUG o.s.aop.framework.CglibAopProxy - Unable to apply any optimisations to advised method: public void com.ylc.service.RateCenterService.saveRateCenter(com.ylc.model.RateCenter) throws java.lang.IllegalAccessException,java.lang.reflect.InvocationTargetException
22:05:37.317 [main] DEBUG o.s.aop.framework.CglibAopProxy - Unable to apply any optimisations to advised method: public java.util.List com.ylc.service.RateCenterService.getRateCenters() throws java.lang.IllegalAccessException,java.lang.reflect.InvocationTargetException,java.lang.InstantiationException
22:05:37.317 [main] DEBUG o.s.aop.framework.CglibAopProxy - Found finalize() method - using NO_OVERRIDE
22:05:37.317 [main] DEBUG o.s.aop.framework.CglibAopProxy - Found &apos;equals&apos; method: public boolean java.lang.Object.equals(java.lang.Object)
22:05:37.317 [main] DEBUG o.s.aop.framework.CglibAopProxy - Unable to apply any optimisations to advised method: public java.lang.String java.lang.Object.toString()
22:05:37.317 [main] DEBUG o.s.aop.framework.CglibAopProxy - Found &apos;hashCode&apos; method: public native int java.lang.Object.hashCode()
22:05:37.317 [main] DEBUG o.s.aop.framework.CglibAopProxy - Unable to apply any optimisations to advised method: protected native java.lang.Object java.lang.Object.clone() throws java.lang.CloneNotSupportedException
22:05:37.317 [main] DEBUG o.s.aop.framework.CglibAopProxy - Method is declared on Advised interface: public abstract int org.springframework.aop.framework.Advised.indexOf(org.springframework.aop.Advisor)
22:05:37.317 [main] DEBUG o.s.aop.framework.CglibAopProxy - Method is declared on Advised interface: public abstract int org.springframework.aop.framework.Advised.indexOf(org.aopalliance.aop.Advice)
22:05:37.317 [main] DEBUG o.s.aop.framework.CglibAopProxy - Method is declared on Advised interface: public abstract boolean org.springframework.aop.framework.Advised.isFrozen()
22:05:37.317 [main] DEBUG o.s.aop.framework.CglibAopProxy - Method is declared on Advised interface: public abstract org.springframework.aop.TargetSource org.springframework.aop.framework.Advised.getTargetSource()
22:05:37.317 [main] DEBUG o.s.aop.framework.CglibAopProxy - Method is declared on Advised interface: public abstract boolean org.springframework.aop.framework.Advised.isProxyTargetClass()
22:05:37.317 [main] DEBUG o.s.aop.framework.CglibAopProxy - Method is declared on Advised interface: public abstract void org.springframework.aop.framework.Advised.addAdvisor(int,org.springframework.aop.Advisor) throws org.springframework.aop.framework.AopConfigException
22:05:37.317 [main] DEBUG o.s.aop.framework.CglibAopProxy - Method is declared on Advised interface: public abstract void org.springframework.aop.framework.Advised.addAdvisor(org.springframework.aop.Advisor) throws org.springframework.aop.framework.AopConfigException
22:05:37.317 [main] DEBUG o.s.aop.framework.CglibAopProxy - Method is declared on Advised interface: public abstract void org.springframework.aop.framework.Advised.setPreFiltered(boolean)
22:05:37.317 [main] DEBUG o.s.aop.framework.CglibAopProxy - Method is declared on Advised interface: public abstract void org.springframework.aop.framework.Advised.setExposeProxy(boolean)
22:05:37.317 [main] DEBUG o.s.aop.framework.CglibAopProxy - Method is declared on Advised interface: public abstract boolean org.springframework.aop.framework.Advised.isExposeProxy()
22:05:37.317 [main] DEBUG o.s.aop.framework.CglibAopProxy - Method is declared on Advised interface: public abstract void org.springframework.aop.framework.Advised.addAdvice(org.aopalliance.aop.Advice) throws org.springframework.aop.framework.AopConfigException
22:05:37.317 [main] DEBUG o.s.aop.framework.CglibAopProxy - Method is declared on Advised interface: public abstract void org.springframework.aop.framework.Advised.addAdvice(int,org.aopalliance.aop.Advice) throws org.springframework.aop.framework.AopConfigException
22:05:37.317 [main] DEBUG o.s.aop.framework.CglibAopProxy - Method is declared on Advised interface: public abstract boolean org.springframework.aop.framework.Advised.isPreFiltered()
22:05:37.317 [main] DEBUG o.s.aop.framework.CglibAopProxy - Method is declared on Advised interface: public abstract java.lang.Class[] org.springframework.aop.framework.Advised.getProxiedInterfaces()
22:05:37.317 [main] DEBUG o.s.aop.framework.CglibAopProxy - Method is declared on Advised interface: public abstract boolean org.springframework.aop.framework.Advised.isInterfaceProxied(java.lang.Class)
22:05:37.318 [main] DEBUG o.s.aop.framework.CglibAopProxy - Method is declared on Advised interface: public abstract org.springframework.aop.Advisor[] org.springframework.aop.framework.Advised.getAdvisors()
22:05:37.318 [main] DEBUG o.s.aop.framework.CglibAopProxy - Method is declared on Advised interface: public abstract boolean org.springframework.aop.framework.Advised.removeAdvisor(org.springframework.aop.Advisor)
22:05:37.318 [main] DEBUG o.s.aop.framework.CglibAopProxy - Method is declared on Advised interface: public abstract void org.springframework.aop.framework.Advised.removeAdvisor(int) throws org.springframework.aop.framework.AopConfigException
22:05:37.318 [main] DEBUG o.s.aop.framework.CglibAopProxy - Method is declared on Advised interface: public abstract boolean org.springframework.aop.framework.Advised.replaceAdvisor(org.springframework.aop.Advisor,org.springframework.aop.Advisor) throws org.springframework.aop.framework.AopConfigException
22:05:37.318 [main] DEBUG o.s.aop.framework.CglibAopProxy - Method is declared on Advised interface: public abstract boolean org.springframework.aop.framework.Advised.removeAdvice(org.aopalliance.aop.Advice)
22:05:37.318 [main] DEBUG o.s.aop.framework.CglibAopProxy - Method is declared on Advised interface: public abstract java.lang.String org.springframework.aop.framework.Advised.toProxyConfigString()
22:05:37.318 [main] DEBUG o.s.aop.framework.CglibAopProxy - Method is declared on Advised interface: public abstract void org.springframework.aop.framework.Advised.setTargetSource(org.springframework.aop.TargetSource)
22:05:37.318 [main] DEBUG o.s.aop.framework.CglibAopProxy - Method is declared on Advised interface: public abstract java.lang.Class org.springframework.aop.TargetClassAware.getTargetClass()
22:05:37.322 [main] DEBUG o.s.b.f.s.DefaultListableBeanFactory - Finished creating instance of bean &apos;rateCenterService&apos;
22:05:37.322 [main] DEBUG o.s.b.f.s.DefaultListableBeanFactory - Creating shared instance of singleton bean &apos;stateService&apos;
22:05:37.322 [main] DEBUG o.s.b.f.s.DefaultListableBeanFactory - Creating instance of bean &apos;stateService&apos;
22:05:37.322 [main] DEBUG o.s.b.f.s.DefaultListableBeanFactory - Returning cached instance of singleton bean &apos;org.springframework.aop.support.DefaultBeanFactoryPointcutAdvisor#0&apos;
22:05:37.323 [main] DEBUG o.s.b.f.annotation.InjectionMetadata - Registered injected element on class [com.ylc.service.StateService]: AutowiredFieldElement for com.ylc.dao.StateDao com.ylc.service.StateService.stateDao
22:05:37.323 [main] DEBUG o.s.b.f.s.DefaultListableBeanFactory - Eagerly caching bean &apos;stateService&apos; to allow for resolving potential circular references
22:05:37.324 [main] DEBUG o.s.b.f.annotation.InjectionMetadata - Processing injected method of bean &apos;stateService&apos;: AutowiredFieldElement for com.ylc.dao.StateDao com.ylc.service.StateService.stateDao
22:05:37.325 [main] DEBUG o.s.b.f.s.DefaultListableBeanFactory - Creating shared instance of singleton bean &apos;stateDao&apos;
22:05:37.325 [main] DEBUG o.s.b.f.s.DefaultListableBeanFactory - Creating instance of bean &apos;stateDao&apos;
22:05:37.325 [main] DEBUG o.s.b.f.s.DefaultListableBeanFactory - Returning cached instance of singleton bean &apos;org.springframework.aop.support.DefaultBeanFactoryPointcutAdvisor#0&apos;
22:05:37.325 [main] DEBUG o.s.b.f.annotation.InjectionMetadata - Registered injected element on class [com.ylc.dao.StateDao]: AutowiredFieldElement for org.hibernate.SessionFactory com.ylc.dao.StateDao.sessionFactory
22:05:37.325 [main] DEBUG o.s.b.f.s.DefaultListableBeanFactory - Eagerly caching bean &apos;stateDao&apos; to allow for resolving potential circular references
22:05:37.327 [main] DEBUG o.s.b.f.annotation.InjectionMetadata - Processing injected method of bean &apos;stateDao&apos;: AutowiredFieldElement for org.hibernate.SessionFactory com.ylc.dao.StateDao.sessionFactory
22:05:37.327 [main] DEBUG o.s.b.f.s.DefaultListableBeanFactory - Returning cached instance of singleton bean &apos;sessionFactory&apos;
22:05:37.327 [main] DEBUG o.s.b.f.a.AutowiredAnnotationBeanPostProcessor - Autowiring by type from bean name &apos;stateDao&apos; to bean named &apos;sessionFactory&apos;
22:05:37.327 [main] DEBUG o.s.b.f.s.DefaultListableBeanFactory - Returning cached instance of singleton bean &apos;org.springframework.aop.support.DefaultBeanFactoryPointcutAdvisor#0&apos;
22:05:37.327 [main] DEBUG o.s.b.f.s.DefaultListableBeanFactory - Returning cached instance of singleton bean &apos;org.springframework.aop.support.DefaultBeanFactoryPointcutAdvisor#0&apos;
22:05:37.328 [main] DEBUG o.s.b.f.s.DefaultListableBeanFactory - Finished creating instance of bean &apos;stateDao&apos;
22:05:37.328 [main] DEBUG o.s.b.f.a.AutowiredAnnotationBeanPostProcessor - Autowiring by type from bean name &apos;stateService&apos; to bean named &apos;stateDao&apos;
22:05:37.328 [main] DEBUG o.s.b.f.s.DefaultListableBeanFactory - Returning cached instance of singleton bean &apos;org.springframework.aop.support.DefaultBeanFactoryPointcutAdvisor#0&apos;
22:05:37.328 [main] DEBUG o.s.b.f.s.DefaultListableBeanFactory - Returning cached instance of singleton bean &apos;org.springframework.aop.support.DefaultBeanFactoryPointcutAdvisor#0&apos;
22:05:37.328 [main] DEBUG o.s.a.a.a.AspectJAwareAdvisorAutoProxyCreator - Creating implicit proxy for bean &apos;stateService&apos; with 0 common interceptors and 2 specific interceptors
22:05:37.328 [main] DEBUG o.s.aop.framework.CglibAopProxy - Creating CGLIB proxy: target source is SingletonTargetSource for target object [com.ylc.service.StateService@27a0a5a2]
22:05:37.329 [main] DEBUG o.s.aop.framework.CglibAopProxy - Unable to apply any optimisations to advised method: public void com.ylc.service.StateService.saveState(com.ylc.model.State) throws java.lang.IllegalAccessException,java.lang.reflect.InvocationTargetException
22:05:37.329 [main] DEBUG o.s.aop.framework.CglibAopProxy - Unable to apply any optimisations to advised method: public com.ylc.model.State com.ylc.service.StateService.getStateById(com.ylc.model.State) throws java.lang.IllegalAccessException,java.lang.reflect.InvocationTargetException
22:05:37.329 [main] DEBUG o.s.aop.framework.CglibAopProxy - Unable to apply any optimisations to advised method: public java.util.List com.ylc.service.StateService.getStates() throws java.lang.IllegalAccessException,java.lang.reflect.InvocationTargetException,java.lang.InstantiationException
22:05:37.329 [main] DEBUG o.s.aop.framework.CglibAopProxy - Unable to apply any optimisations to advised method: public void com.ylc.service.StateService.setStateDao(com.ylc.dao.StateDao)
22:05:37.329 [main] DEBUG o.s.aop.framework.CglibAopProxy - Found finalize() method - using NO_OVERRIDE
22:05:37.329 [main] DEBUG o.s.aop.framework.CglibAopProxy - Found &apos;equals&apos; method: public boolean java.lang.Object.equals(java.lang.Object)
22:05:37.329 [main] DEBUG o.s.aop.framework.CglibAopProxy - Unable to apply any optimisations to advised method: public java.lang.String java.lang.Object.toString()
22:05:37.329 [main] DEBUG o.s.aop.framework.CglibAopProxy - Found &apos;hashCode&apos; method: public native int java.lang.Object.hashCode()
22:05:37.330 [main] DEBUG o.s.aop.framework.CglibAopProxy - Unable to apply any optimisations to advised method: protected native java.lang.Object java.lang.Object.clone() throws java.lang.CloneNotSupportedException
22:05:37.330 [main] DEBUG o.s.aop.framework.CglibAopProxy - Method is declared on Advised interface: public abstract int org.springframework.aop.framework.Advised.indexOf(org.springframework.aop.Advisor)
22:05:37.330 [main] DEBUG o.s.aop.framework.CglibAopProxy - Method is declared on Advised interface: public abstract int org.springframework.aop.framework.Advised.indexOf(org.aopalliance.aop.Advice)
22:05:37.330 [main] DEBUG o.s.aop.framework.CglibAopProxy - Method is declared on Advised interface: public abstract boolean org.springframework.aop.framework.Advised.isFrozen()
22:05:37.330 [main] DEBUG o.s.aop.framework.CglibAopProxy - Method is declared on Advised interface: public abstract org.springframework.aop.TargetSource org.springframework.aop.framework.Advised.getTargetSource()
22:05:37.330 [main] DEBUG o.s.aop.framework.CglibAopProxy - Method is declared on Advised interface: public abstract boolean org.springframework.aop.framework.Advised.isProxyTargetClass()
22:05:37.330 [main] DEBUG o.s.aop.framework.CglibAopProxy - Method is declared on Advised interface: public abstract void org.springframework.aop.framework.Advised.addAdvisor(int,org.springframework.aop.Advisor) throws org.springframework.aop.framework.AopConfigException
22:05:37.330 [main] DEBUG o.s.aop.framework.CglibAopProxy - Method is declared on Advised interface: public abstract void org.springframework.aop.framework.Advised.addAdvisor(org.springframework.aop.Advisor) throws org.springframework.aop.framework.AopConfigException
22:05:37.330 [main] DEBUG o.s.aop.framework.CglibAopProxy - Method is declared on Advised interface: public abstract void org.springframework.aop.framework.Advised.setPreFiltered(boolean)
22:05:37.330 [main] DEBUG o.s.aop.framework.CglibAopProxy - Method is declared on Advised interface: public abstract void org.springframework.aop.framework.Advised.setExposeProxy(boolean)
22:05:37.330 [main] DEBUG o.s.aop.framework.CglibAopProxy - Method is declared on Advised interface: public abstract boolean org.springframework.aop.framework.Advised.isExposeProxy()
22:05:37.330 [main] DEBUG o.s.aop.framework.CglibAopProxy - Method is declared on Advised interface: public abstract void org.springframework.aop.framework.Advised.addAdvice(org.aopalliance.aop.Advice) throws org.springframework.aop.framework.AopConfigException
22:05:37.330 [main] DEBUG o.s.aop.framework.CglibAopProxy - Method is declared on Advised interface: public abstract void org.springframework.aop.framework.Advised.addAdvice(int,org.aopalliance.aop.Advice) throws org.springframework.aop.framework.AopConfigException
22:05:37.330 [main] DEBUG o.s.aop.framework.CglibAopProxy - Method is declared on Advised interface: public abstract boolean org.springframework.aop.framework.Advised.isPreFiltered()
22:05:37.330 [main] DEBUG o.s.aop.framework.CglibAopProxy - Method is declared on Advised interface: public abstract java.lang.Class[] org.springframework.aop.framework.Advised.getProxiedInterfaces()
22:05:37.330 [main] DEBUG o.s.aop.framework.CglibAopProxy - Method is declared on Advised interface: public abstract boolean org.springframework.aop.framework.Advised.isInterfaceProxied(java.lang.Class)
22:05:37.330 [main] DEBUG o.s.aop.framework.CglibAopProxy - Method is declared on Advised interface: public abstract org.springframework.aop.Advisor[] org.springframework.aop.framework.Advised.getAdvisors()
22:05:37.330 [main] DEBUG o.s.aop.framework.CglibAopProxy - Method is declared on Advised interface: public abstract boolean org.springframework.aop.framework.Advised.removeAdvisor(org.springframework.aop.Advisor)
22:05:37.330 [main] DEBUG o.s.aop.framework.CglibAopProxy - Method is declared on Advised interface: public abstract void org.springframework.aop.framework.Advised.removeAdvisor(int) throws org.springframework.aop.framework.AopConfigException
22:05:37.330 [main] DEBUG o.s.aop.framework.CglibAopProxy - Method is declared on Advised interface: public abstract boolean org.springframework.aop.framework.Advised.replaceAdvisor(org.springframework.aop.Advisor,org.springframework.aop.Advisor) throws org.springframework.aop.framework.AopConfigException
22:05:37.330 [main] DEBUG o.s.aop.framework.CglibAopProxy - Method is declared on Advised interface: public abstract boolean org.springframework.aop.framework.Advised.removeAdvice(org.aopalliance.aop.Advice)
22:05:37.330 [main] DEBUG o.s.aop.framework.CglibAopProxy - Method is declared on Advised interface: public abstract java.lang.String org.springframework.aop.framework.Advised.toProxyConfigString()
22:05:37.330 [main] DEBUG o.s.aop.framework.CglibAopProxy - Method is declared on Advised interface: public abstract void org.springframework.aop.framework.Advised.setTargetSource(org.springframework.aop.TargetSource)
22:05:37.330 [main] DEBUG o.s.aop.framework.CglibAopProxy - Method is declared on Advised interface: public abstract java.lang.Class org.springframework.aop.TargetClassAware.getTargetClass()
22:05:37.334 [main] DEBUG o.s.b.f.s.DefaultListableBeanFactory - Finished creating instance of bean &apos;stateService&apos;
22:05:37.335 [main] DEBUG o.s.b.f.s.DefaultListableBeanFactory - Returning cached instance of singleton bean &apos;userService&apos;
22:05:37.335 [main] DEBUG o.s.b.f.s.DefaultListableBeanFactory - Returning cached instance of singleton bean &apos;org.springframework.context.annotation.internalConfigurationAnnotationProcessor&apos;
22:05:37.335 [main] DEBUG o.s.b.f.s.DefaultListableBeanFactory - Returning cached instance of singleton bean &apos;org.springframework.context.annotation.internalAutowiredAnnotationProcessor&apos;
22:05:37.335 [main] DEBUG o.s.b.f.s.DefaultListableBeanFactory - Returning cached instance of singleton bean &apos;org.springframework.context.annotation.internalRequiredAnnotationProcessor&apos;
22:05:37.335 [main] DEBUG o.s.b.f.s.DefaultListableBeanFactory - Returning cached instance of singleton bean &apos;org.springframework.context.annotation.internalCommonAnnotationProcessor&apos;
22:05:37.335 [main] DEBUG o.s.b.f.s.DefaultListableBeanFactory - Returning cached instance of singleton bean &apos;org.springframework.context.annotation.internalPersistenceAnnotationProcessor&apos;
22:05:37.335 [main] DEBUG o.s.b.f.s.DefaultListableBeanFactory - Returning cached instance of singleton bean &apos;billingAddressDao&apos;
22:05:37.335 [main] DEBUG o.s.b.f.s.DefaultListableBeanFactory - Returning cached instance of singleton bean &apos;callLogDao&apos;
22:05:37.335 [main] DEBUG o.s.b.f.s.DefaultListableBeanFactory - Returning cached instance of singleton bean &apos;countryDao&apos;
22:05:37.335 [main] DEBUG o.s.b.f.s.DefaultListableBeanFactory - Returning cached instance of singleton bean &apos;customerDao&apos;
22:05:37.335 [main] DEBUG o.s.b.f.s.DefaultListableBeanFactory - Returning cached instance of singleton bean &apos;customerLineDao&apos;
22:05:37.335 [main] DEBUG o.s.b.f.s.DefaultListableBeanFactory - Returning cached instance of singleton bean &apos;customerLinePaymentDetailDao&apos;
22:05:37.335 [main] DEBUG o.s.b.f.s.DefaultListableBeanFactory - Returning cached instance of singleton bean &apos;customerPaymentDetailDao&apos;
22:05:37.335 [main] DEBUG o.s.b.f.s.DefaultListableBeanFactory - Returning cached instance of singleton bean &apos;facilityDao&apos;
22:05:37.335 [main] DEBUG o.s.b.f.s.DefaultListableBeanFactory - Returning cached instance of singleton bean &apos;facilityNumberPoolDao&apos;
22:05:37.335 [main] DEBUG o.s.b.f.s.DefaultListableBeanFactory - Returning cached instance of singleton bean &apos;inMateDao&apos;
22:05:37.335 [main] DEBUG o.s.b.f.s.DefaultListableBeanFactory - Returning cached instance of singleton bean &apos;inmateNoteDao&apos;
22:05:37.335 [main] DEBUG o.s.b.f.s.DefaultListableBeanFactory - Returning cached instance of singleton bean &apos;inmateReferralDao&apos;
22:05:37.335 [main] DEBUG o.s.b.f.s.DefaultListableBeanFactory - Returning cached instance of singleton bean &apos;inmateStatusDao&apos;
22:05:37.335 [main] DEBUG o.s.b.f.s.DefaultListableBeanFactory - Returning cached instance of singleton bean &apos;lineTypeDao&apos;
22:05:37.335 [main] DEBUG o.s.b.f.s.DefaultListableBeanFactory - Returning cached instance of singleton bean &apos;paymentCardTypeDao&apos;
22:05:37.336 [main] DEBUG o.s.b.f.s.DefaultListableBeanFactory - Returning cached instance of singleton bean &apos;prepaidPricingDao&apos;
22:05:37.336 [main] DEBUG o.s.b.f.s.DefaultListableBeanFactory - Returning cached instance of singleton bean &apos;rateCenterDao&apos;
22:05:37.336 [main] DEBUG o.s.b.f.s.DefaultListableBeanFactory - Returning cached instance of singleton bean &apos;stateDao&apos;
22:05:37.336 [main] DEBUG o.s.b.f.s.DefaultListableBeanFactory - Returning cached instance of singleton bean &apos;userDao&apos;
22:05:37.336 [main] DEBUG o.s.b.f.s.DefaultListableBeanFactory - Creating shared instance of singleton bean &apos;numberPeeringService&apos;
22:05:37.336 [main] DEBUG o.s.b.f.s.DefaultListableBeanFactory - Creating instance of bean &apos;numberPeeringService&apos;
22:05:37.336 [main] DEBUG o.s.b.f.s.DefaultListableBeanFactory - Returning cached instance of singleton bean &apos;org.springframework.aop.support.DefaultBeanFactoryPointcutAdvisor#0&apos;
22:05:37.340 [main] DEBUG o.s.b.f.annotation.InjectionMetadata - Registered injected element on class [com.ylc.peer.service.NumberPeeringService]: AutowiredFieldElement for private java.lang.String com.ylc.peer.service.NumberPeeringService.url
22:05:37.340 [main] DEBUG o.s.b.f.annotation.InjectionMetadata - Registered injected element on class [com.ylc.peer.service.NumberPeeringService]: AutowiredFieldElement for private java.lang.String com.ylc.peer.service.NumberPeeringService.userName
22:05:37.340 [main] DEBUG o.s.b.f.annotation.InjectionMetadata - Registered injected element on class [com.ylc.peer.service.NumberPeeringService]: AutowiredFieldElement for private java.lang.String com.ylc.peer.service.NumberPeeringService.password
22:05:37.340 [main] DEBUG o.s.b.f.s.DefaultListableBeanFactory - Eagerly caching bean &apos;numberPeeringService&apos; to allow for resolving potential circular references
22:05:37.341 [main] DEBUG o.s.b.f.annotation.InjectionMetadata - Processing injected method of bean &apos;numberPeeringService&apos;: AutowiredFieldElement for private java.lang.String com.ylc.peer.service.NumberPeeringService.url
22:05:37.342 [main] DEBUG o.s.c.e.PropertySourcesPropertyResolver - Searching for key &apos;ylc.numberpeering.url&apos; in [environmentProperties]
22:05:37.342 [main] DEBUG o.s.c.e.PropertySourcesPropertyResolver - Searching for key &apos;ylc.numberpeering.url&apos; in [systemProperties]
22:05:37.342 [main] DEBUG o.s.c.e.PropertySourcesPropertyResolver - Searching for key &apos;ylc.numberpeering.url&apos; in [systemEnvironment]
22:05:37.342 [main] DEBUG o.s.c.e.PropertySourcesPropertyResolver - Could not find key &apos;ylc.numberpeering.url&apos; in any property source. Returning [null]
22:05:37.342 [main] DEBUG o.s.c.e.PropertySourcesPropertyResolver - Searching for key &apos;ylc.numberpeering.url&apos; in [localProperties]
22:05:37.342 [main] DEBUG o.s.c.e.PropertySourcesPropertyResolver - Found key &apos;ylc.numberpeering.url&apos; in [localProperties] with type [String] and value &apos;https://secure1.382com.com/peer/peerxml.cgi&apos;
22:05:37.342 [main] DEBUG o.s.b.f.annotation.InjectionMetadata - Processing injected method of bean &apos;numberPeeringService&apos;: AutowiredFieldElement for private java.lang.String com.ylc.peer.service.NumberPeeringService.userName
22:05:37.342 [main] DEBUG o.s.c.e.PropertySourcesPropertyResolver - Searching for key &apos;ylc.numberpeering.user&apos; in [environmentProperties]
22:05:37.342 [main] DEBUG o.s.c.e.PropertySourcesPropertyResolver - Searching for key &apos;ylc.numberpeering.user&apos; in [systemProperties]
22:05:37.343 [main] DEBUG o.s.c.e.PropertySourcesPropertyResolver - Searching for key &apos;ylc.numberpeering.user&apos; in [systemEnvironment]
22:05:37.343 [main] DEBUG o.s.c.e.PropertySourcesPropertyResolver - Could not find key &apos;ylc.numberpeering.user&apos; in any property source. Returning [null]
22:05:37.343 [main] DEBUG o.s.c.e.PropertySourcesPropertyResolver - Searching for key &apos;ylc.numberpeering.user&apos; in [localProperties]
22:05:37.343 [main] DEBUG o.s.c.e.PropertySourcesPropertyResolver - Found key &apos;ylc.numberpeering.user&apos; in [localProperties] with type [String] and value &apos;digitalipvoicedid-nextdid&apos;
22:05:37.343 [main] DEBUG o.s.b.f.annotation.InjectionMetadata - Processing injected method of bean &apos;numberPeeringService&apos;: AutowiredFieldElement for private java.lang.String com.ylc.peer.service.NumberPeeringService.password
22:05:37.343 [main] DEBUG o.s.c.e.PropertySourcesPropertyResolver - Searching for key &apos;ylc.numberpeering.password&apos; in [environmentProperties]
22:05:37.343 [main] DEBUG o.s.c.e.PropertySourcesPropertyResolver - Searching for key &apos;ylc.numberpeering.password&apos; in [systemProperties]
22:05:37.343 [main] DEBUG o.s.c.e.PropertySourcesPropertyResolver - Searching for key &apos;ylc.numberpeering.password&apos; in [systemEnvironment]
22:05:37.343 [main] DEBUG o.s.c.e.PropertySourcesPropertyResolver - Could not find key &apos;ylc.numberpeering.password&apos; in any property source. Returning [null]
22:05:37.343 [main] DEBUG o.s.c.e.PropertySourcesPropertyResolver - Searching for key &apos;ylc.numberpeering.password&apos; in [localProperties]
22:05:37.343 [main] DEBUG o.s.c.e.PropertySourcesPropertyResolver - Found key &apos;ylc.numberpeering.password&apos; in [localProperties] with type [String] and value &apos;r0fl2sdpw&apos;
22:05:37.344 [main] DEBUG o.s.b.f.s.DefaultListableBeanFactory - Returning cached instance of singleton bean &apos;org.springframework.aop.support.DefaultBeanFactoryPointcutAdvisor#0&apos;
22:05:37.344 [main] DEBUG o.s.b.f.s.DefaultListableBeanFactory - Returning cached instance of singleton bean &apos;org.springframework.aop.support.DefaultBeanFactoryPointcutAdvisor#0&apos;
22:05:37.344 [main] DEBUG o.s.b.f.s.DefaultListableBeanFactory - Finished creating instance of bean &apos;numberPeeringService&apos;
22:05:37.344 [main] DEBUG o.s.b.f.s.DefaultListableBeanFactory - Creating shared instance of singleton bean &apos;authorizeNetService&apos;
22:05:37.344 [main] DEBUG o.s.b.f.s.DefaultListableBeanFactory - Creating instance of bean &apos;authorizeNetService&apos;
22:05:37.345 [main] DEBUG o.s.b.f.s.DefaultListableBeanFactory - Returning cached instance of singleton bean &apos;org.springframework.aop.support.DefaultBeanFactoryPointcutAdvisor#0&apos;
22:05:37.348 [main] DEBUG o.s.b.f.annotation.InjectionMetadata - Registered injected element on class [com.ylc.authorize.service.AuthorizeNetService]: AutowiredFieldElement for private java.lang.String com.ylc.authorize.service.AuthorizeNetService.url
22:05:37.348 [main] DEBUG o.s.b.f.annotation.InjectionMetadata - Registered injected element on class [com.ylc.authorize.service.AuthorizeNetService]: AutowiredFieldElement for private java.lang.String com.ylc.authorize.service.AuthorizeNetService.userName
22:05:37.348 [main] DEBUG o.s.b.f.annotation.InjectionMetadata - Registered injected element on class [com.ylc.authorize.service.AuthorizeNetService]: AutowiredFieldElement for private java.lang.String com.ylc.authorize.service.AuthorizeNetService.password
22:05:37.348 [main] DEBUG o.s.b.f.s.DefaultListableBeanFactory - Eagerly caching bean &apos;authorizeNetService&apos; to allow for resolving potential circular references
22:05:37.349 [main] DEBUG o.s.b.f.annotation.InjectionMetadata - Processing injected method of bean &apos;authorizeNetService&apos;: AutowiredFieldElement for private java.lang.String com.ylc.authorize.service.AuthorizeNetService.url
22:05:37.350 [main] DEBUG o.s.c.e.PropertySourcesPropertyResolver - Searching for key &apos;ylc.authorize.url&apos; in [environmentProperties]
22:05:37.350 [main] DEBUG o.s.c.e.PropertySourcesPropertyResolver - Searching for key &apos;ylc.authorize.url&apos; in [systemProperties]
22:05:37.350 [main] DEBUG o.s.c.e.PropertySourcesPropertyResolver - Searching for key &apos;ylc.authorize.url&apos; in [systemEnvironment]
22:05:37.350 [main] DEBUG o.s.c.e.PropertySourcesPropertyResolver - Could not find key &apos;ylc.authorize.url&apos; in any property source. Returning [null]
22:05:37.350 [main] DEBUG o.s.c.e.PropertySourcesPropertyResolver - Searching for key &apos;ylc.authorize.url&apos; in [localProperties]
22:05:37.350 [main] DEBUG o.s.c.e.PropertySourcesPropertyResolver - Found key &apos;ylc.authorize.url&apos; in [localProperties] with type [String] and value &apos;https://apitest.authorize.net/xml/v1/request.api&apos;
22:05:37.350 [main] DEBUG o.s.b.f.annotation.InjectionMetadata - Processing injected method of bean &apos;authorizeNetService&apos;: AutowiredFieldElement for private java.lang.String com.ylc.authorize.service.AuthorizeNetService.userName
22:05:37.350 [main] DEBUG o.s.c.e.PropertySourcesPropertyResolver - Searching for key &apos;ylc.authorize.user&apos; in [environmentProperties]
22:05:37.350 [main] DEBUG o.s.c.e.PropertySourcesPropertyResolver - Searching for key &apos;ylc.authorize.user&apos; in [systemProperties]
22:05:37.350 [main] DEBUG o.s.c.e.PropertySourcesPropertyResolver - Searching for key &apos;ylc.authorize.user&apos; in [systemEnvironment]
22:05:37.350 [main] DEBUG o.s.c.e.PropertySourcesPropertyResolver - Could not find key &apos;ylc.authorize.user&apos; in any property source. Returning [null]
22:05:37.350 [main] DEBUG o.s.c.e.PropertySourcesPropertyResolver - Searching for key &apos;ylc.authorize.user&apos; in [localProperties]
22:05:37.350 [main] DEBUG o.s.c.e.PropertySourcesPropertyResolver - Found key &apos;ylc.authorize.user&apos; in [localProperties] with type [String] and value &apos;9ss4R3WA&apos;
22:05:37.351 [main] DEBUG o.s.b.f.annotation.InjectionMetadata - Processing injected method of bean &apos;authorizeNetService&apos;: AutowiredFieldElement for private java.lang.String com.ylc.authorize.service.AuthorizeNetService.password
22:05:37.351 [main] DEBUG o.s.c.e.PropertySourcesPropertyResolver - Searching for key &apos;ylc.authorize.password&apos; in [environmentProperties]
22:05:37.351 [main] DEBUG o.s.c.e.PropertySourcesPropertyResolver - Searching for key &apos;ylc.authorize.password&apos; in [systemProperties]
22:05:37.351 [main] DEBUG o.s.c.e.PropertySourcesPropertyResolver - Searching for key &apos;ylc.authorize.password&apos; in [systemEnvironment]
22:05:37.351 [main] DEBUG o.s.c.e.PropertySourcesPropertyResolver - Could not find key &apos;ylc.authorize.password&apos; in any property source. Returning [null]
22:05:37.351 [main] DEBUG o.s.c.e.PropertySourcesPropertyResolver - Searching for key &apos;ylc.authorize.password&apos; in [localProperties]
22:05:37.351 [main] DEBUG o.s.c.e.PropertySourcesPropertyResolver - Found key &apos;ylc.authorize.password&apos; in [localProperties] with type [String] and value &apos;2AFQ8ba5w4QFD43s&apos;
22:05:37.351 [main] DEBUG o.s.b.f.s.DefaultListableBeanFactory - Returning cached instance of singleton bean &apos;org.springframework.aop.support.DefaultBeanFactoryPointcutAdvisor#0&apos;
22:05:37.351 [main] DEBUG o.s.b.f.s.DefaultListableBeanFactory - Returning cached instance of singleton bean &apos;org.springframework.aop.support.DefaultBeanFactoryPointcutAdvisor#0&apos;
22:05:37.352 [main] DEBUG o.s.b.f.s.DefaultListableBeanFactory - Finished creating instance of bean &apos;authorizeNetService&apos;
22:05:37.352 [main] DEBUG o.s.b.f.s.DefaultListableBeanFactory - Creating shared instance of singleton bean &apos;carService&apos;
22:05:37.352 [main] DEBUG o.s.b.f.s.DefaultListableBeanFactory - Creating instance of bean &apos;carService&apos;
22:05:37.352 [main] DEBUG o.s.b.f.s.DefaultListableBeanFactory - Returning cached instance of singleton bean &apos;org.springframework.aop.support.DefaultBeanFactoryPointcutAdvisor#0&apos;
22:05:37.353 [main] DEBUG o.s.b.f.s.DefaultListableBeanFactory - Eagerly caching bean &apos;carService&apos; to allow for resolving potential circular references
22:05:37.354 [main] DEBUG o.s.b.f.s.DefaultListableBeanFactory - Returning cached instance of singleton bean &apos;org.springframework.aop.support.DefaultBeanFactoryPointcutAdvisor#0&apos;
22:05:37.354 [main] DEBUG o.s.b.f.s.DefaultListableBeanFactory - Returning cached instance of singleton bean &apos;org.springframework.aop.support.DefaultBeanFactoryPointcutAdvisor#0&apos;
22:05:37.355 [main] DEBUG o.s.b.f.s.DefaultListableBeanFactory - Finished creating instance of bean &apos;carService&apos;
22:05:37.355 [main] DEBUG o.s.b.f.s.DefaultListableBeanFactory - Creating shared instance of singleton bean &apos;RailwayStationService&apos;
22:05:37.355 [main] DEBUG o.s.b.f.s.DefaultListableBeanFactory - Creating instance of bean &apos;RailwayStationService&apos;
22:05:37.355 [main] DEBUG o.s.b.f.s.DefaultListableBeanFactory - Returning cached instance of singleton bean &apos;org.springframework.aop.support.DefaultBeanFactoryPointcutAdvisor#0&apos;
22:05:37.356 [main] DEBUG o.s.b.f.s.DefaultListableBeanFactory - Eagerly caching bean &apos;RailwayStationService&apos; to allow for resolving potential circular references
22:05:37.357 [main] DEBUG o.s.b.f.s.DefaultListableBeanFactory - Returning cached instance of singleton bean &apos;org.springframework.aop.support.DefaultBeanFactoryPointcutAdvisor#0&apos;
22:05:37.357 [main] DEBUG o.s.b.f.s.DefaultListableBeanFactory - Returning cached instance of singleton bean &apos;org.springframework.aop.support.DefaultBeanFactoryPointcutAdvisor#0&apos;
22:05:37.359 [main] DEBUG o.s.b.f.s.DefaultListableBeanFactory - Finished creating instance of bean &apos;RailwayStationService&apos;
22:05:37.359 [main] DEBUG o.s.b.f.s.DefaultListableBeanFactory - Creating shared instance of singleton bean &apos;trainService&apos;
22:05:37.359 [main] DEBUG o.s.b.f.s.DefaultListableBeanFactory - Creating instance of bean &apos;trainService&apos;
22:05:37.359 [main] DEBUG o.s.b.f.s.DefaultListableBeanFactory - Returning cached instance of singleton bean &apos;org.springframework.aop.support.DefaultBeanFactoryPointcutAdvisor#0&apos;
22:05:37.360 [main] DEBUG o.s.b.f.s.DefaultListableBeanFactory - Eagerly caching bean &apos;trainService&apos; to allow for resolving potential circular references
22:05:37.361 [main] DEBUG o.s.b.f.s.DefaultListableBeanFactory - Returning cached instance of singleton bean &apos;org.springframework.aop.support.DefaultBeanFactoryPointcutAdvisor#0&apos;
22:05:37.361 [main] DEBUG o.s.b.f.s.DefaultListableBeanFactory - Returning cached instance of singleton bean &apos;org.springframework.aop.support.DefaultBeanFactoryPointcutAdvisor#0&apos;
22:05:37.362 [main] DEBUG o.s.b.f.s.DefaultListableBeanFactory - Finished creating instance of bean &apos;trainService&apos;
22:05:37.362 [main] DEBUG o.s.b.f.s.DefaultListableBeanFactory - Creating shared instance of singleton bean &apos;sendEmail&apos;
22:05:37.362 [main] DEBUG o.s.b.f.s.DefaultListableBeanFactory - Creating instance of bean &apos;sendEmail&apos;
22:05:37.362 [main] DEBUG o.s.b.f.s.DefaultListableBeanFactory - Returning cached instance of singleton bean &apos;org.springframework.aop.support.DefaultBeanFactoryPointcutAdvisor#0&apos;
22:05:37.369 [main] DEBUG o.s.b.f.annotation.InjectionMetadata - Registered injected element on class [com.ylc.util.SendEmail]: AutowiredFieldElement for private java.lang.String com.ylc.util.SendEmail.username
22:05:37.370 [main] DEBUG o.s.b.f.annotation.InjectionMetadata - Registered injected element on class [com.ylc.util.SendEmail]: AutowiredFieldElement for private java.lang.String com.ylc.util.SendEmail.password
22:05:37.370 [main] DEBUG o.s.b.f.s.DefaultListableBeanFactory - Eagerly caching bean &apos;sendEmail&apos; to allow for resolving potential circular references
22:05:37.371 [main] DEBUG o.s.b.f.annotation.InjectionMetadata - Processing injected method of bean &apos;sendEmail&apos;: AutowiredFieldElement for private java.lang.String com.ylc.util.SendEmail.username
22:05:37.371 [main] DEBUG o.s.c.e.PropertySourcesPropertyResolver - Searching for key &apos;ylc.email.username&apos; in [environmentProperties]
22:05:37.371 [main] DEBUG o.s.c.e.PropertySourcesPropertyResolver - Searching for key &apos;ylc.email.username&apos; in [systemProperties]
22:05:37.371 [main] DEBUG o.s.c.e.PropertySourcesPropertyResolver - Searching for key &apos;ylc.email.username&apos; in [systemEnvironment]
22:05:37.371 [main] DEBUG o.s.c.e.PropertySourcesPropertyResolver - Could not find key &apos;ylc.email.username&apos; in any property source. Returning [null]
22:05:37.371 [main] DEBUG o.s.c.e.PropertySourcesPropertyResolver - Searching for key &apos;ylc.email.username&apos; in [localProperties]
22:05:37.371 [main] DEBUG o.s.c.e.PropertySourcesPropertyResolver - Found key &apos;ylc.email.username&apos; in [localProperties] with type [String] and value &apos;sureshkandimalla@gmail.com&apos;
22:05:37.371 [main] DEBUG o.s.b.f.annotation.InjectionMetadata - Processing injected method of bean &apos;sendEmail&apos;: AutowiredFieldElement for private java.lang.String com.ylc.util.SendEmail.password
22:05:37.371 [main] DEBUG o.s.c.e.PropertySourcesPropertyResolver - Searching for key &apos;ylc.email.password&apos; in [environmentProperties]
22:05:37.371 [main] DEBUG o.s.c.e.PropertySourcesPropertyResolver - Searching for key &apos;ylc.email.password&apos; in [systemProperties]
22:05:37.372 [main] DEBUG o.s.c.e.PropertySourcesPropertyResolver - Searching for key &apos;ylc.email.password&apos; in [systemEnvironment]
22:05:37.372 [main] DEBUG o.s.c.e.PropertySourcesPropertyResolver - Could not find key &apos;ylc.email.password&apos; in any property source. Returning [null]
22:05:37.372 [main] DEBUG o.s.c.e.PropertySourcesPropertyResolver - Searching for key &apos;ylc.email.password&apos; in [localProperties]
22:05:37.372 [main] DEBUG o.s.c.e.PropertySourcesPropertyResolver - Found key &apos;ylc.email.password&apos; in [localProperties] with type [String] and value &apos;amogh123&apos;
22:05:37.372 [main] DEBUG o.s.b.f.s.DefaultListableBeanFactory - Returning cached instance of singleton bean &apos;org.springframework.aop.support.DefaultBeanFactoryPointcutAdvisor#0&apos;
22:05:37.372 [main] DEBUG o.s.b.f.s.DefaultListableBeanFactory - Returning cached instance of singleton bean &apos;org.springframework.aop.support.DefaultBeanFactoryPointcutAdvisor#0&apos;
22:05:37.373 [main] DEBUG o.s.b.f.s.DefaultListableBeanFactory - Finished creating instance of bean &apos;sendEmail&apos;
22:05:37.373 [main] DEBUG o.s.b.f.s.DefaultListableBeanFactory - Returning cached instance of singleton bean &apos;org.springframework.context.support.PropertySourcesPlaceholderConfigurer#0&apos;
22:05:37.373 [main] DEBUG o.s.b.f.s.DefaultListableBeanFactory - Returning cached instance of singleton bean &apos;dataSource&apos;
22:05:37.373 [main] DEBUG o.s.b.f.s.DefaultListableBeanFactory - Returning cached instance of singleton bean &apos;sessionFactory&apos;
22:05:37.373 [main] DEBUG o.s.b.f.s.DefaultListableBeanFactory - Returning cached instance of singleton bean &apos;transactionManager&apos;
22:05:37.373 [main] DEBUG o.s.b.f.s.DefaultListableBeanFactory - Returning cached instance of singleton bean &apos;txAdvice&apos;
22:05:37.373 [main] DEBUG o.s.b.f.s.DefaultListableBeanFactory - Returning cached instance of singleton bean &apos;org.springframework.aop.config.internalAutoProxyCreator&apos;
22:05:37.373 [main] DEBUG o.s.b.f.s.DefaultListableBeanFactory - Returning cached instance of singleton bean &apos;org.springframework.aop.support.DefaultBeanFactoryPointcutAdvisor#0&apos;
22:05:37.373 [main] DEBUG o.s.b.f.s.DefaultListableBeanFactory - Returning cached instance of singleton bean &apos;org.springframework.context.annotation.ConfigurationClassPostProcessor.importAwareProcessor&apos;
22:05:37.373 [main] DEBUG o.s.b.f.s.DefaultListableBeanFactory - Returning cached instance of singleton bean &apos;org.springframework.context.annotation.ConfigurationClassPostProcessor.enhancedConfigurationProcessor&apos;
22:05:37.374 [main] DEBUG o.s.c.s.GenericApplicationContext - Unable to locate LifecycleProcessor with name &apos;lifecycleProcessor&apos;: using default [org.springframework.context.support.DefaultLifecycleProcessor@315df4bb]
22:05:37.375 [main] DEBUG o.s.b.f.s.DefaultListableBeanFactory - Returning cached instance of singleton bean &apos;lifecycleProcessor&apos;
22:05:37.376 [main] DEBUG o.s.c.e.PropertySourcesPropertyResolver - Searching for key &apos;spring.liveBeansView.mbeanDomain&apos; in [systemProperties]
22:05:37.376 [main] DEBUG o.s.c.e.PropertySourcesPropertyResolver - Searching for key &apos;spring.liveBeansView.mbeanDomain&apos; in [systemEnvironment]
22:05:37.376 [main] DEBUG o.s.c.e.PropertySourcesPropertyResolver - Could not find key &apos;spring.liveBeansView.mbeanDomain&apos; in any property source. Returning [null]
22:05:37.376 [main] DEBUG o.s.t.c.CacheAwareContextLoaderDelegate - Storing ApplicationContext in cache under key [[MergedContextConfiguration@5bcea91b testClass = TestState, locations = &apos;{file:src/main/webapp/WEB-INF/spring-service.xml, file:src/main/webapp/WEB-INF/spring-database.xml}&apos;, classes = &apos;{}&apos;, contextInitializerClasses = &apos;[]&apos;, activeProfiles = &apos;{}&apos;, contextLoader = &apos;org.springframework.test.context.support.DelegatingSmartContextLoader&apos;, parent = [null]]].
22:05:37.378 [main] DEBUG o.s.b.f.annotation.InjectionMetadata - Processing injected method of bean &apos;com.ylc.test.TestState&apos;: AutowiredFieldElement for private com.ylc.service.StateService com.ylc.test.TestState.stateService
22:05:37.378 [main] DEBUG o.s.b.f.s.DefaultListableBeanFactory - Returning cached instance of singleton bean &apos;stateService&apos;
22:05:37.379 [main] DEBUG o.s.b.f.a.AutowiredAnnotationBeanPostProcessor - Autowiring by type from bean name &apos;com.ylc.test.TestState&apos; to bean named &apos;stateService&apos;
22:05:37.379 [main] DEBUG o.s.b.f.s.DefaultListableBeanFactory - Returning cached instance of singleton bean &apos;org.springframework.aop.support.DefaultBeanFactoryPointcutAdvisor#0&apos;
22:05:37.379 [main] DEBUG o.s.b.f.s.DefaultListableBeanFactory - Returning cached instance of singleton bean &apos;org.springframework.aop.support.DefaultBeanFactoryPointcutAdvisor#0&apos;
22:05:37.386 [main] DEBUG o.s.o.h.HibernateTransactionManager - Creating new transaction with name [com.ylc.service.StateService.getStateById]: PROPAGATION_REQUIRED,ISOLATION_DEFAULT,readOnly
22:05:37.431 [main] DEBUG o.s.o.h.HibernateTransactionManager - Opened new Session [SessionImpl(PersistenceContext[entityKeys=[],collectionKeys=[]];ActionQueue[insertions=[] updates=[] deletions=[] orphanRemovals=[] collectionCreations=[] collectionRemovals=[] collectionUpdates=[] collectionQueuedOps=[] unresolvedInsertDependencies=UnresolvedEntityInsertActions[]])] for Hibernate transaction
22:05:37.432 [main] DEBUG o.s.o.h.HibernateTransactionManager - Preparing JDBC Connection of Hibernate Session [SessionImpl(PersistenceContext[entityKeys=[],collectionKeys=[]];ActionQueue[insertions=[] updates=[] deletions=[] orphanRemovals=[] collectionCreations=[] collectionRemovals=[] collectionUpdates=[] collectionQueuedOps=[] unresolvedInsertDependencies=UnresolvedEntityInsertActions[]])]
22:05:37.432 [main] DEBUG o.h.e.j.i.LogicalConnectionImpl - Obtaining JDBC connection
22:05:37.446 [main] DEBUG o.h.e.jdbc.spi.SqlExceptionHelper - Could not open connection [n/a]
org.apache.commons.dbcp.SQLNestedException: Cannot create PoolableConnectionFactory (Unknown database &apos;ylc_9&apos;)
	at org.apache.commons.dbcp.BasicDataSource.createPoolableConnectionFactory(BasicDataSource.java:1549) ~[commons-dbcp-1.4.jar:1.4]
	at org.apache.commons.dbcp.BasicDataSource.createDataSource(BasicDataSource.java:1388) ~[commons-dbcp-1.4.jar:1.4]
	at org.apache.commons.dbcp.BasicDataSource.getConnection(BasicDataSource.java:1044) ~[commons-dbcp-1.4.jar:1.4]
	at org.hibernate.service.jdbc.connections.internal.DatasourceConnectionProviderImpl.getConnection(DatasourceConnectionProviderImpl.java:141) ~[hibernate-core-4.2.11.Final.jar:4.2.11.Final]
	at org.hibernate.internal.AbstractSessionImpl$NonContextualJdbcConnectionAccess.obtainConnection(AbstractSessionImpl.java:301) ~[hibernate-core-4.2.11.Final.jar:4.2.11.Final]
	at org.hibernate.engine.jdbc.internal.LogicalConnectionImpl.obtainConnection(LogicalConnectionImpl.java:214) ~[hibernate-core-4.2.11.Final.jar:4.2.11.Final]
	at org.hibernate.engine.jdbc.internal.LogicalConnectionImpl.getConnection(LogicalConnectionImpl.java:157) ~[hibernate-core-4.2.11.Final.jar:4.2.11.Final]
	at org.hibernate.internal.SessionImpl.connection(SessionImpl.java:427) ~[hibernate-core-4.2.11.Final.jar:4.2.11.Final]
	at org.springframework.orm.hibernate4.HibernateTransactionManager.doBegin(HibernateTransactionManager.java:429) ~[spring-orm-4.0.5.RELEASE.jar:4.0.5.RELEASE]
	at org.springframework.transaction.support.AbstractPlatformTransactionManager.getTransaction(AbstractPlatformTransactionManager.java:373) [spring-tx-4.0.5.RELEASE.jar:4.0.5.RELEASE]
	at org.springframework.transaction.interceptor.TransactionAspectSupport.createTransactionIfNecessary(TransactionAspectSupport.java:420) [spring-tx-4.0.5.RELEASE.jar:4.0.5.RELEASE]
	at org.springframework.transaction.interceptor.TransactionAspectSupport.invokeWithinTransaction(TransactionAspectSupport.java:257) [spring-tx-4.0.5.RELEASE.jar:4.0.5.RELEASE]
	at org.springframework.transaction.interceptor.TransactionInterceptor.invoke(TransactionInterceptor.java:95) [spring-tx-4.0.5.RELEASE.jar:4.0.5.RELEASE]
	at org.springframework.aop.framework.ReflectiveMethodInvocation.proceed(ReflectiveMethodInvocation.java:179) [spring-aop-4.0.5.RELEASE.jar:4.0.5.RELEASE]
	at org.springframework.aop.interceptor.ExposeInvocationInterceptor.invoke(ExposeInvocationInterceptor.java:92) [spring-aop-4.0.5.RELEASE.jar:4.0.5.RELEASE]
	at org.springframework.aop.framework.ReflectiveMethodInvocation.proceed(ReflectiveMethodInvocation.java:179) [spring-aop-4.0.5.RELEASE.jar:4.0.5.RELEASE]
	at org.springframework.aop.framework.CglibAopProxy$DynamicAdvisedInterceptor.intercept(CglibAopProxy.java:644) [spring-aop-4.0.5.RELEASE.jar:4.0.5.RELEASE]
	at com.ylc.service.StateService$$EnhancerBySpringCGLIB$$b4d9d1bc.getStateById(&lt;generated&gt;) [spring-core-4.0.5.RELEASE.jar:na]
	at com.ylc.test.TestState.printStateById(TestState.java:40) [test-classes/:na]
	at sun.reflect.NativeMethodAccessorImpl.invoke0(Native Method) ~[na:1.8.0_111]
	at sun.reflect.NativeMethodAccessorImpl.invoke(NativeMethodAccessorImpl.java:62) ~[na:1.8.0_111]
	at sun.reflect.DelegatingMethodAccessorImpl.invoke(DelegatingMethodAccessorImpl.java:43) ~[na:1.8.0_111]
	at java.lang.reflect.Method.invoke(Method.java:498) ~[na:1.8.0_111]
	at org.junit.runners.model.FrameworkMethod$1.runReflectiveCall(FrameworkMethod.java:44) [junit-4.8.1.jar:na]
	at org.junit.internal.runners.model.ReflectiveCallable.run(ReflectiveCallable.java:15) [junit-4.8.1.jar:na]
	at org.junit.runners.model.FrameworkMethod.invokeExplosively(FrameworkMethod.java:41) [junit-4.8.1.jar:na]
	at org.junit.internal.runners.statements.InvokeMethod.evaluate(InvokeMethod.java:20) [junit-4.8.1.jar:na]
	at org.springframework.test.context.junit4.statements.RunBeforeTestMethodCallbacks.evaluate(RunBeforeTestMethodCallbacks.java:74) [spring-test-4.0.5.RELEASE.jar:4.0.5.RELEASE]
	at org.springframework.test.context.junit4.statements.RunAfterTestMethodCallbacks.evaluate(RunAfterTestMethodCallbacks.java:83) [spring-test-4.0.5.RELEASE.jar:4.0.5.RELEASE]
	at org.springframework.test.context.junit4.statements.SpringRepeat.evaluate(SpringRepeat.java:72) [spring-test-4.0.5.RELEASE.jar:4.0.5.RELEASE]
	at org.springframework.test.context.junit4.SpringJUnit4ClassRunner.runChild(SpringJUnit4ClassRunner.java:233) [spring-test-4.0.5.RELEASE.jar:4.0.5.RELEASE]
	at org.springframework.test.context.junit4.SpringJUnit4ClassRunner.runChild(SpringJUnit4ClassRunner.java:87) [spring-test-4.0.5.RELEASE.jar:4.0.5.RELEASE]
	at org.junit.runners.ParentRunner$3.run(ParentRunner.java:193) [junit-4.8.1.jar:na]
	at org.junit.runners.ParentRunner$1.schedule(ParentRunner.java:52) [junit-4.8.1.jar:na]
	at org.junit.runners.ParentRunner.runChildren(ParentRunner.java:191) [junit-4.8.1.jar:na]
	at org.junit.runners.ParentRunner.access$000(ParentRunner.java:42) [junit-4.8.1.jar:na]
	at org.junit.runners.ParentRunner$2.evaluate(ParentRunner.java:184) [junit-4.8.1.jar:na]
	at org.springframework.test.context.junit4.statements.RunBeforeTestClassCallbacks.evaluate(RunBeforeTestClassCallbacks.java:61) [spring-test-4.0.5.RELEASE.jar:4.0.5.RELEASE]
	at org.springframework.test.context.junit4.statements.RunAfterTestClassCallbacks.evaluate(RunAfterTestClassCallbacks.java:71) [spring-test-4.0.5.RELEASE.jar:4.0.5.RELEASE]
	at org.junit.runners.ParentRunner.run(ParentRunner.java:236) [junit-4.8.1.jar:na]
	at org.springframework.test.context.junit4.SpringJUnit4ClassRunner.run(SpringJUnit4ClassRunner.java:176) [spring-test-4.0.5.RELEASE.jar:4.0.5.RELEASE]
	at org.apache.maven.surefire.junit4.JUnit4Provider.execute(JUnit4Provider.java:252) [surefire-junit4-2.12.4.jar:2.12.4]
	at org.apache.maven.surefire.junit4.JUnit4Provider.executeTestSet(JUnit4Provider.java:141) [surefire-junit4-2.12.4.jar:2.12.4]
	at org.apache.maven.surefire.junit4.JUnit4Provider.invoke(JUnit4Provider.java:112) [surefire-junit4-2.12.4.jar:2.12.4]
	at sun.reflect.NativeMethodAccessorImpl.invoke0(Native Method) ~[na:1.8.0_111]
	at sun.reflect.NativeMethodAccessorImpl.invoke(NativeMethodAccessorImpl.java:62) ~[na:1.8.0_111]
	at sun.reflect.DelegatingMethodAccessorImpl.invoke(DelegatingMethodAccessorImpl.java:43) ~[na:1.8.0_111]
	at java.lang.reflect.Method.invoke(Method.java:498) ~[na:1.8.0_111]
	at org.apache.maven.surefire.util.ReflectionUtils.invokeMethodWithArray(ReflectionUtils.java:189) [surefire-api-2.12.4.jar:2.12.4]
	at org.apache.maven.surefire.booter.ProviderFactory$ProviderProxy.invoke(ProviderFactory.java:165) [surefire-booter-2.12.4.jar:2.12.4]
	at org.apache.maven.surefire.booter.ProviderFactory.invokeProvider(ProviderFactory.java:85) [surefire-booter-2.12.4.jar:2.12.4]
	at org.apache.maven.surefire.booter.ForkedBooter.runSuitesInProcess(ForkedBooter.java:115) [surefire-booter-2.12.4.jar:2.12.4]
	at org.apache.maven.surefire.booter.ForkedBooter.main(ForkedBooter.java:75) [surefire-booter-2.12.4.jar:2.12.4]
Caused by: com.mysql.jdbc.exceptions.jdbc4.MySQLSyntaxErrorException: Unknown database &apos;ylc_9&apos;
	at sun.reflect.NativeConstructorAccessorImpl.newInstance0(Native Method) ~[na:1.8.0_111]
	at sun.reflect.NativeConstructorAccessorImpl.newInstance(NativeConstructorAccessorImpl.java:62) ~[na:1.8.0_111]
	at sun.reflect.DelegatingConstructorAccessorImpl.newInstance(DelegatingConstructorAccessorImpl.java:45) ~[na:1.8.0_111]
	at java.lang.reflect.Constructor.newInstance(Constructor.java:423) ~[na:1.8.0_111]
	at com.mysql.jdbc.Util.handleNewInstance(Util.java:406) ~[mysql-connector-java-5.1.6.jar:na]
	at com.mysql.jdbc.Util.getInstance(Util.java:381) ~[mysql-connector-java-5.1.6.jar:na]
	at com.mysql.jdbc.SQLError.createSQLException(SQLError.java:1030) ~[mysql-connector-java-5.1.6.jar:na]
	at com.mysql.jdbc.SQLError.createSQLException(SQLError.java:956) ~[mysql-connector-java-5.1.6.jar:na]
	at com.mysql.jdbc.MysqlIO.checkErrorPacket(MysqlIO.java:3491) ~[mysql-connector-java-5.1.6.jar:na]
	at com.mysql.jdbc.MysqlIO.checkErrorPacket(MysqlIO.java:3423) ~[mysql-connector-java-5.1.6.jar:na]
	at com.mysql.jdbc.MysqlIO.checkErrorPacket(MysqlIO.java:910) ~[mysql-connector-java-5.1.6.jar:na]
	at com.mysql.jdbc.MysqlIO.secureAuth411(MysqlIO.java:3923) ~[mysql-connector-java-5.1.6.jar:na]
	at com.mysql.jdbc.MysqlIO.doHandshake(MysqlIO.java:1273) ~[mysql-connector-java-5.1.6.jar:na]
	at com.mysql.jdbc.ConnectionImpl.createNewIO(ConnectionImpl.java:2031) ~[mysql-connector-java-5.1.6.jar:na]
	at com.mysql.jdbc.ConnectionImpl.&lt;init&gt;(ConnectionImpl.java:718) ~[mysql-connector-java-5.1.6.jar:na]
	at com.mysql.jdbc.JDBC4Connection.&lt;init&gt;(JDBC4Connection.java:46) ~[mysql-connector-java-5.1.6.jar:na]
	at sun.reflect.NativeConstructorAccessorImpl.newInstance0(Native Method) ~[na:1.8.0_111]
	at sun.reflect.NativeConstructorAccessorImpl.newInstance(NativeConstructorAccessorImpl.java:62) ~[na:1.8.0_111]
	at sun.reflect.DelegatingConstructorAccessorImpl.newInstance(DelegatingConstructorAccessorImpl.java:45) ~[na:1.8.0_111]
	at java.lang.reflect.Constructor.newInstance(Constructor.java:423) ~[na:1.8.0_111]
	at com.mysql.jdbc.Util.handleNewInstance(Util.java:406) ~[mysql-connector-java-5.1.6.jar:na]
	at com.mysql.jdbc.ConnectionImpl.getInstance(ConnectionImpl.java:302) ~[mysql-connector-java-5.1.6.jar:na]
	at com.mysql.jdbc.NonRegisteringDriver.connect(NonRegisteringDriver.java:282) ~[mysql-connector-java-5.1.6.jar:na]
	at org.apache.commons.dbcp.DriverConnectionFactory.createConnection(DriverConnectionFactory.java:38) ~[commons-dbcp-1.4.jar:1.4]
	at org.apache.commons.dbcp.PoolableConnectionFactory.makeObject(PoolableConnectionFactory.java:582) ~[commons-dbcp-1.4.jar:1.4]
	at org.apache.commons.dbcp.BasicDataSource.validateConnectionFactory(BasicDataSource.java:1556) ~[commons-dbcp-1.4.jar:1.4]
	at org.apache.commons.dbcp.BasicDataSource.createPoolableConnectionFactory(BasicDataSource.java:1545) ~[commons-dbcp-1.4.jar:1.4]
	... 52 common frames omitted
22:05:37.447 [main] WARN  o.h.e.jdbc.spi.SqlExceptionHelper - SQL Error: 0, SQLState: null
22:05:37.447 [main] ERROR o.h.e.jdbc.spi.SqlExceptionHelper - Cannot create PoolableConnectionFactory (Unknown database &apos;ylc_9&apos;)
22:05:37.454 [main] DEBUG o.s.t.c.s.DirtiesContextTestExecutionListener - After test method: context [DefaultTestContext@25af5db5 testClass = TestState, testInstance = com.ylc.test.TestState@12cdcf4, testMethod = printStateById@TestState, testException = org.springframework.transaction.CannotCreateTransactionException: Could not open Hibernate Session for transaction; nested exception is org.hibernate.exception.GenericJDBCException: Could not open connection, mergedContextConfiguration = [MergedContextConfiguration@5bcea91b testClass = TestState, locations = &apos;{file:src/main/webapp/WEB-INF/spring-service.xml, file:src/main/webapp/WEB-INF/spring-database.xml}&apos;, classes = &apos;{}&apos;, contextInitializerClasses = &apos;[]&apos;, activeProfiles = &apos;{}&apos;, contextLoader = &apos;org.springframework.test.context.support.DelegatingSmartContextLoader&apos;, parent = [null]]], class dirties context [false], class mode [null], method dirties context [false].
</system-out>
  </testcase>
  <testcase classname="com.ylc.test.TestState" name="printStates" time="0.007">
    <error message="Could not open Hibernate Session for transaction; nested exception is org.hibernate.exception.GenericJDBCException: Could not open connection" type="org.springframework.transaction.CannotCreateTransactionException">org.springframework.transaction.CannotCreateTransactionException: Could not open Hibernate Session for transaction; nested exception is org.hibernate.exception.GenericJDBCException: Could not open connection
	at org.springframework.orm.hibernate4.HibernateTransactionManager.doBegin(HibernateTransactionManager.java:515)
	at org.springframework.transaction.support.AbstractPlatformTransactionManager.getTransaction(AbstractPlatformTransactionManager.java:373)
	at org.springframework.transaction.interceptor.TransactionAspectSupport.createTransactionIfNecessary(TransactionAspectSupport.java:420)
	at org.springframework.transaction.interceptor.TransactionAspectSupport.invokeWithinTransaction(TransactionAspectSupport.java:257)
	at org.springframework.transaction.interceptor.TransactionInterceptor.invoke(TransactionInterceptor.java:95)
	at org.springframework.aop.framework.ReflectiveMethodInvocation.proceed(ReflectiveMethodInvocation.java:179)
	at org.springframework.aop.interceptor.ExposeInvocationInterceptor.invoke(ExposeInvocationInterceptor.java:92)
	at org.springframework.aop.framework.ReflectiveMethodInvocation.proceed(ReflectiveMethodInvocation.java:179)
	at org.springframework.aop.framework.CglibAopProxy$DynamicAdvisedInterceptor.intercept(CglibAopProxy.java:644)
	at com.ylc.service.StateService$$EnhancerBySpringCGLIB$$b4d9d1bc.getStates(&lt;generated&gt;)
	at com.ylc.test.TestState.printStates(TestState.java:57)
	at sun.reflect.NativeMethodAccessorImpl.invoke0(Native Method)
	at sun.reflect.NativeMethodAccessorImpl.invoke(NativeMethodAccessorImpl.java:62)
	at sun.reflect.DelegatingMethodAccessorImpl.invoke(DelegatingMethodAccessorImpl.java:43)
	at java.lang.reflect.Method.invoke(Method.java:498)
	at org.junit.runners.model.FrameworkMethod$1.runReflectiveCall(FrameworkMethod.java:44)
	at org.junit.internal.runners.model.ReflectiveCallable.run(ReflectiveCallable.java:15)
	at org.junit.runners.model.FrameworkMethod.invokeExplosively(FrameworkMethod.java:41)
	at org.junit.internal.runners.statements.InvokeMethod.evaluate(InvokeMethod.java:20)
	at org.springframework.test.context.junit4.statements.RunBeforeTestMethodCallbacks.evaluate(RunBeforeTestMethodCallbacks.java:74)
	at org.springframework.test.context.junit4.statements.RunAfterTestMethodCallbacks.evaluate(RunAfterTestMethodCallbacks.java:83)
	at org.springframework.test.context.junit4.statements.SpringRepeat.evaluate(SpringRepeat.java:72)
	at org.springframework.test.context.junit4.SpringJUnit4ClassRunner.runChild(SpringJUnit4ClassRunner.java:233)
	at org.springframework.test.context.junit4.SpringJUnit4ClassRunner.runChild(SpringJUnit4ClassRunner.java:87)
	at org.junit.runners.ParentRunner$3.run(ParentRunner.java:193)
	at org.junit.runners.ParentRunner$1.schedule(ParentRunner.java:52)
	at org.junit.runners.ParentRunner.runChildren(ParentRunner.java:191)
	at org.junit.runners.ParentRunner.access$000(ParentRunner.java:42)
	at org.junit.runners.ParentRunner$2.evaluate(ParentRunner.java:184)
	at org.springframework.test.context.junit4.statements.RunBeforeTestClassCallbacks.evaluate(RunBeforeTestClassCallbacks.java:61)
	at org.springframework.test.context.junit4.statements.RunAfterTestClassCallbacks.evaluate(RunAfterTestClassCallbacks.java:71)
	at org.junit.runners.ParentRunner.run(ParentRunner.java:236)
	at org.springframework.test.context.junit4.SpringJUnit4ClassRunner.run(SpringJUnit4ClassRunner.java:176)
	at org.apache.maven.surefire.junit4.JUnit4Provider.execute(JUnit4Provider.java:252)
	at org.apache.maven.surefire.junit4.JUnit4Provider.executeTestSet(JUnit4Provider.java:141)
	at org.apache.maven.surefire.junit4.JUnit4Provider.invoke(JUnit4Provider.java:112)
	at sun.reflect.NativeMethodAccessorImpl.invoke0(Native Method)
	at sun.reflect.NativeMethodAccessorImpl.invoke(NativeMethodAccessorImpl.java:62)
	at sun.reflect.DelegatingMethodAccessorImpl.invoke(DelegatingMethodAccessorImpl.java:43)
	at java.lang.reflect.Method.invoke(Method.java:498)
	at org.apache.maven.surefire.util.ReflectionUtils.invokeMethodWithArray(ReflectionUtils.java:189)
	at org.apache.maven.surefire.booter.ProviderFactory$ProviderProxy.invoke(ProviderFactory.java:165)
	at org.apache.maven.surefire.booter.ProviderFactory.invokeProvider(ProviderFactory.java:85)
	at org.apache.maven.surefire.booter.ForkedBooter.runSuitesInProcess(ForkedBooter.java:115)
	at org.apache.maven.surefire.booter.ForkedBooter.main(ForkedBooter.java:75)
Caused by: org.hibernate.exception.GenericJDBCException: Could not open connection
	at org.hibernate.exception.internal.StandardSQLExceptionConverter.convert(StandardSQLExceptionConverter.java:54)
	at org.hibernate.engine.jdbc.spi.SqlExceptionHelper.convert(SqlExceptionHelper.java:124)
	at org.hibernate.engine.jdbc.spi.SqlExceptionHelper.convert(SqlExceptionHelper.java:109)
	at org.hibernate.engine.jdbc.internal.LogicalConnectionImpl.obtainConnection(LogicalConnectionImpl.java:221)
	at org.hibernate.engine.jdbc.internal.LogicalConnectionImpl.getConnection(LogicalConnectionImpl.java:157)
	at org.hibernate.internal.SessionImpl.connection(SessionImpl.java:427)
	at org.springframework.orm.hibernate4.HibernateTransactionManager.doBegin(HibernateTransactionManager.java:429)
	... 44 more
Caused by: org.apache.commons.dbcp.SQLNestedException: Cannot create PoolableConnectionFactory (Unknown database &apos;ylc_9&apos;)
	at org.apache.commons.dbcp.BasicDataSource.createPoolableConnectionFactory(BasicDataSource.java:1549)
	at org.apache.commons.dbcp.BasicDataSource.createDataSource(BasicDataSource.java:1388)
	at org.apache.commons.dbcp.BasicDataSource.getConnection(BasicDataSource.java:1044)
	at org.hibernate.service.jdbc.connections.internal.DatasourceConnectionProviderImpl.getConnection(DatasourceConnectionProviderImpl.java:141)
	at org.hibernate.internal.AbstractSessionImpl$NonContextualJdbcConnectionAccess.obtainConnection(AbstractSessionImpl.java:301)
	at org.hibernate.engine.jdbc.internal.LogicalConnectionImpl.obtainConnection(LogicalConnectionImpl.java:214)
	... 47 more
Caused by: com.mysql.jdbc.exceptions.jdbc4.MySQLSyntaxErrorException: Unknown database &apos;ylc_9&apos;
	at sun.reflect.NativeConstructorAccessorImpl.newInstance0(Native Method)
	at sun.reflect.NativeConstructorAccessorImpl.newInstance(NativeConstructorAccessorImpl.java:62)
	at sun.reflect.DelegatingConstructorAccessorImpl.newInstance(DelegatingConstructorAccessorImpl.java:45)
	at java.lang.reflect.Constructor.newInstance(Constructor.java:423)
	at com.mysql.jdbc.Util.handleNewInstance(Util.java:406)
	at com.mysql.jdbc.Util.getInstance(Util.java:381)
	at com.mysql.jdbc.SQLError.createSQLException(SQLError.java:1030)
	at com.mysql.jdbc.SQLError.createSQLException(SQLError.java:956)
	at com.mysql.jdbc.MysqlIO.checkErrorPacket(MysqlIO.java:3491)
	at com.mysql.jdbc.MysqlIO.checkErrorPacket(MysqlIO.java:3423)
	at com.mysql.jdbc.MysqlIO.checkErrorPacket(MysqlIO.java:910)
	at com.mysql.jdbc.MysqlIO.secureAuth411(MysqlIO.java:3923)
	at com.mysql.jdbc.MysqlIO.doHandshake(MysqlIO.java:1273)
	at com.mysql.jdbc.ConnectionImpl.createNewIO(ConnectionImpl.java:2031)
	at com.mysql.jdbc.ConnectionImpl.&lt;init&gt;(ConnectionImpl.java:718)
	at com.mysql.jdbc.JDBC4Connection.&lt;init&gt;(JDBC4Connection.java:46)
	at sun.reflect.NativeConstructorAccessorImpl.newInstance0(Native Method)
	at sun.reflect.NativeConstructorAccessorImpl.newInstance(NativeConstructorAccessorImpl.java:62)
	at sun.reflect.DelegatingConstructorAccessorImpl.newInstance(DelegatingConstructorAccessorImpl.java:45)
	at java.lang.reflect.Constructor.newInstance(Constructor.java:423)
	at com.mysql.jdbc.Util.handleNewInstance(Util.java:406)
	at com.mysql.jdbc.ConnectionImpl.getInstance(ConnectionImpl.java:302)
	at com.mysql.jdbc.NonRegisteringDriver.connect(NonRegisteringDriver.java:282)
	at org.apache.commons.dbcp.DriverConnectionFactory.createConnection(DriverConnectionFactory.java:38)
	at org.apache.commons.dbcp.PoolableConnectionFactory.makeObject(PoolableConnectionFactory.java:582)
	at org.apache.commons.dbcp.BasicDataSource.validateConnectionFactory(BasicDataSource.java:1556)
	at org.apache.commons.dbcp.BasicDataSource.createPoolableConnectionFactory(BasicDataSource.java:1545)
	... 52 more
</error>
    <system-out>22:05:37.460 [main] DEBUG o.s.t.annotation.ProfileValueUtils - Retrieved @ProfileValueSourceConfiguration [null] for test class [com.ylc.test.TestState]
22:05:37.460 [main] DEBUG o.s.t.annotation.ProfileValueUtils - Retrieved ProfileValueSource type [class org.springframework.test.annotation.SystemProfileValueSource] for class [com.ylc.test.TestState]
22:05:37.461 [main] DEBUG o.s.t.c.s.DependencyInjectionTestExecutionListener - Performing dependency injection for test context [[DefaultTestContext@25af5db5 testClass = TestState, testInstance = com.ylc.test.TestState@2f6bbeb0, testMethod = [null], testException = [null], mergedContextConfiguration = [MergedContextConfiguration@5bcea91b testClass = TestState, locations = &apos;{file:src/main/webapp/WEB-INF/spring-service.xml, file:src/main/webapp/WEB-INF/spring-database.xml}&apos;, classes = &apos;{}&apos;, contextInitializerClasses = &apos;[]&apos;, activeProfiles = &apos;{}&apos;, contextLoader = &apos;org.springframework.test.context.support.DelegatingSmartContextLoader&apos;, parent = [null]]]].
22:05:37.461 [main] DEBUG o.s.t.c.CacheAwareContextLoaderDelegate - Retrieved ApplicationContext from cache with key [[MergedContextConfiguration@5bcea91b testClass = TestState, locations = &apos;{file:src/main/webapp/WEB-INF/spring-service.xml, file:src/main/webapp/WEB-INF/spring-database.xml}&apos;, classes = &apos;{}&apos;, contextInitializerClasses = &apos;[]&apos;, activeProfiles = &apos;{}&apos;, contextLoader = &apos;org.springframework.test.context.support.DelegatingSmartContextLoader&apos;, parent = [null]]].
22:05:37.461 [main] DEBUG o.s.b.f.annotation.InjectionMetadata - Processing injected method of bean &apos;com.ylc.test.TestState&apos;: AutowiredFieldElement for private com.ylc.service.StateService com.ylc.test.TestState.stateService
22:05:37.461 [main] DEBUG o.s.b.f.s.DefaultListableBeanFactory - Returning cached instance of singleton bean &apos;stateService&apos;
22:05:37.461 [main] DEBUG o.s.o.h.HibernateTransactionManager - Creating new transaction with name [com.ylc.service.StateService.getStates]: PROPAGATION_REQUIRED,ISOLATION_DEFAULT,readOnly
22:05:37.461 [main] DEBUG o.s.o.h.HibernateTransactionManager - Opened new Session [SessionImpl(PersistenceContext[entityKeys=[],collectionKeys=[]];ActionQueue[insertions=[] updates=[] deletions=[] orphanRemovals=[] collectionCreations=[] collectionRemovals=[] collectionUpdates=[] collectionQueuedOps=[] unresolvedInsertDependencies=UnresolvedEntityInsertActions[]])] for Hibernate transaction
22:05:37.462 [main] DEBUG o.s.o.h.HibernateTransactionManager - Preparing JDBC Connection of Hibernate Session [SessionImpl(PersistenceContext[entityKeys=[],collectionKeys=[]];ActionQueue[insertions=[] updates=[] deletions=[] orphanRemovals=[] collectionCreations=[] collectionRemovals=[] collectionUpdates=[] collectionQueuedOps=[] unresolvedInsertDependencies=UnresolvedEntityInsertActions[]])]
22:05:37.462 [main] DEBUG o.h.e.j.i.LogicalConnectionImpl - Obtaining JDBC connection
22:05:37.467 [main] DEBUG o.h.e.jdbc.spi.SqlExceptionHelper - Could not open connection [n/a]
org.apache.commons.dbcp.SQLNestedException: Cannot create PoolableConnectionFactory (Unknown database &apos;ylc_9&apos;)
	at org.apache.commons.dbcp.BasicDataSource.createPoolableConnectionFactory(BasicDataSource.java:1549) ~[commons-dbcp-1.4.jar:1.4]
	at org.apache.commons.dbcp.BasicDataSource.createDataSource(BasicDataSource.java:1388) ~[commons-dbcp-1.4.jar:1.4]
	at org.apache.commons.dbcp.BasicDataSource.getConnection(BasicDataSource.java:1044) ~[commons-dbcp-1.4.jar:1.4]
	at org.hibernate.service.jdbc.connections.internal.DatasourceConnectionProviderImpl.getConnection(DatasourceConnectionProviderImpl.java:141) ~[hibernate-core-4.2.11.Final.jar:4.2.11.Final]
	at org.hibernate.internal.AbstractSessionImpl$NonContextualJdbcConnectionAccess.obtainConnection(AbstractSessionImpl.java:301) ~[hibernate-core-4.2.11.Final.jar:4.2.11.Final]
	at org.hibernate.engine.jdbc.internal.LogicalConnectionImpl.obtainConnection(LogicalConnectionImpl.java:214) ~[hibernate-core-4.2.11.Final.jar:4.2.11.Final]
	at org.hibernate.engine.jdbc.internal.LogicalConnectionImpl.getConnection(LogicalConnectionImpl.java:157) ~[hibernate-core-4.2.11.Final.jar:4.2.11.Final]
	at org.hibernate.internal.SessionImpl.connection(SessionImpl.java:427) ~[hibernate-core-4.2.11.Final.jar:4.2.11.Final]
	at org.springframework.orm.hibernate4.HibernateTransactionManager.doBegin(HibernateTransactionManager.java:429) ~[spring-orm-4.0.5.RELEASE.jar:4.0.5.RELEASE]
	at org.springframework.transaction.support.AbstractPlatformTransactionManager.getTransaction(AbstractPlatformTransactionManager.java:373) [spring-tx-4.0.5.RELEASE.jar:4.0.5.RELEASE]
	at org.springframework.transaction.interceptor.TransactionAspectSupport.createTransactionIfNecessary(TransactionAspectSupport.java:420) [spring-tx-4.0.5.RELEASE.jar:4.0.5.RELEASE]
	at org.springframework.transaction.interceptor.TransactionAspectSupport.invokeWithinTransaction(TransactionAspectSupport.java:257) [spring-tx-4.0.5.RELEASE.jar:4.0.5.RELEASE]
	at org.springframework.transaction.interceptor.TransactionInterceptor.invoke(TransactionInterceptor.java:95) [spring-tx-4.0.5.RELEASE.jar:4.0.5.RELEASE]
	at org.springframework.aop.framework.ReflectiveMethodInvocation.proceed(ReflectiveMethodInvocation.java:179) [spring-aop-4.0.5.RELEASE.jar:4.0.5.RELEASE]
	at org.springframework.aop.interceptor.ExposeInvocationInterceptor.invoke(ExposeInvocationInterceptor.java:92) [spring-aop-4.0.5.RELEASE.jar:4.0.5.RELEASE]
	at org.springframework.aop.framework.ReflectiveMethodInvocation.proceed(ReflectiveMethodInvocation.java:179) [spring-aop-4.0.5.RELEASE.jar:4.0.5.RELEASE]
	at org.springframework.aop.framework.CglibAopProxy$DynamicAdvisedInterceptor.intercept(CglibAopProxy.java:644) [spring-aop-4.0.5.RELEASE.jar:4.0.5.RELEASE]
	at com.ylc.service.StateService$$EnhancerBySpringCGLIB$$b4d9d1bc.getStates(&lt;generated&gt;) [spring-core-4.0.5.RELEASE.jar:na]
	at com.ylc.test.TestState.printStates(TestState.java:57) [test-classes/:na]
	at sun.reflect.NativeMethodAccessorImpl.invoke0(Native Method) ~[na:1.8.0_111]
	at sun.reflect.NativeMethodAccessorImpl.invoke(NativeMethodAccessorImpl.java:62) ~[na:1.8.0_111]
	at sun.reflect.DelegatingMethodAccessorImpl.invoke(DelegatingMethodAccessorImpl.java:43) ~[na:1.8.0_111]
	at java.lang.reflect.Method.invoke(Method.java:498) ~[na:1.8.0_111]
	at org.junit.runners.model.FrameworkMethod$1.runReflectiveCall(FrameworkMethod.java:44) [junit-4.8.1.jar:na]
	at org.junit.internal.runners.model.ReflectiveCallable.run(ReflectiveCallable.java:15) [junit-4.8.1.jar:na]
	at org.junit.runners.model.FrameworkMethod.invokeExplosively(FrameworkMethod.java:41) [junit-4.8.1.jar:na]
	at org.junit.internal.runners.statements.InvokeMethod.evaluate(InvokeMethod.java:20) [junit-4.8.1.jar:na]
	at org.springframework.test.context.junit4.statements.RunBeforeTestMethodCallbacks.evaluate(RunBeforeTestMethodCallbacks.java:74) [spring-test-4.0.5.RELEASE.jar:4.0.5.RELEASE]
	at org.springframework.test.context.junit4.statements.RunAfterTestMethodCallbacks.evaluate(RunAfterTestMethodCallbacks.java:83) [spring-test-4.0.5.RELEASE.jar:4.0.5.RELEASE]
	at org.springframework.test.context.junit4.statements.SpringRepeat.evaluate(SpringRepeat.java:72) [spring-test-4.0.5.RELEASE.jar:4.0.5.RELEASE]
	at org.springframework.test.context.junit4.SpringJUnit4ClassRunner.runChild(SpringJUnit4ClassRunner.java:233) [spring-test-4.0.5.RELEASE.jar:4.0.5.RELEASE]
	at org.springframework.test.context.junit4.SpringJUnit4ClassRunner.runChild(SpringJUnit4ClassRunner.java:87) [spring-test-4.0.5.RELEASE.jar:4.0.5.RELEASE]
	at org.junit.runners.ParentRunner$3.run(ParentRunner.java:193) [junit-4.8.1.jar:na]
	at org.junit.runners.ParentRunner$1.schedule(ParentRunner.java:52) [junit-4.8.1.jar:na]
	at org.junit.runners.ParentRunner.runChildren(ParentRunner.java:191) [junit-4.8.1.jar:na]
	at org.junit.runners.ParentRunner.access$000(ParentRunner.java:42) [junit-4.8.1.jar:na]
	at org.junit.runners.ParentRunner$2.evaluate(ParentRunner.java:184) [junit-4.8.1.jar:na]
	at org.springframework.test.context.junit4.statements.RunBeforeTestClassCallbacks.evaluate(RunBeforeTestClassCallbacks.java:61) [spring-test-4.0.5.RELEASE.jar:4.0.5.RELEASE]
	at org.springframework.test.context.junit4.statements.RunAfterTestClassCallbacks.evaluate(RunAfterTestClassCallbacks.java:71) [spring-test-4.0.5.RELEASE.jar:4.0.5.RELEASE]
	at org.junit.runners.ParentRunner.run(ParentRunner.java:236) [junit-4.8.1.jar:na]
	at org.springframework.test.context.junit4.SpringJUnit4ClassRunner.run(SpringJUnit4ClassRunner.java:176) [spring-test-4.0.5.RELEASE.jar:4.0.5.RELEASE]
	at org.apache.maven.surefire.junit4.JUnit4Provider.execute(JUnit4Provider.java:252) [surefire-junit4-2.12.4.jar:2.12.4]
	at org.apache.maven.surefire.junit4.JUnit4Provider.executeTestSet(JUnit4Provider.java:141) [surefire-junit4-2.12.4.jar:2.12.4]
	at org.apache.maven.surefire.junit4.JUnit4Provider.invoke(JUnit4Provider.java:112) [surefire-junit4-2.12.4.jar:2.12.4]
	at sun.reflect.NativeMethodAccessorImpl.invoke0(Native Method) ~[na:1.8.0_111]
	at sun.reflect.NativeMethodAccessorImpl.invoke(NativeMethodAccessorImpl.java:62) ~[na:1.8.0_111]
	at sun.reflect.DelegatingMethodAccessorImpl.invoke(DelegatingMethodAccessorImpl.java:43) ~[na:1.8.0_111]
	at java.lang.reflect.Method.invoke(Method.java:498) ~[na:1.8.0_111]
	at org.apache.maven.surefire.util.ReflectionUtils.invokeMethodWithArray(ReflectionUtils.java:189) [surefire-api-2.12.4.jar:2.12.4]
	at org.apache.maven.surefire.booter.ProviderFactory$ProviderProxy.invoke(ProviderFactory.java:165) [surefire-booter-2.12.4.jar:2.12.4]
	at org.apache.maven.surefire.booter.ProviderFactory.invokeProvider(ProviderFactory.java:85) [surefire-booter-2.12.4.jar:2.12.4]
	at org.apache.maven.surefire.booter.ForkedBooter.runSuitesInProcess(ForkedBooter.java:115) [surefire-booter-2.12.4.jar:2.12.4]
	at org.apache.maven.surefire.booter.ForkedBooter.main(ForkedBooter.java:75) [surefire-booter-2.12.4.jar:2.12.4]
Caused by: com.mysql.jdbc.exceptions.jdbc4.MySQLSyntaxErrorException: Unknown database &apos;ylc_9&apos;
	at sun.reflect.NativeConstructorAccessorImpl.newInstance0(Native Method) ~[na:1.8.0_111]
	at sun.reflect.NativeConstructorAccessorImpl.newInstance(NativeConstructorAccessorImpl.java:62) ~[na:1.8.0_111]
	at sun.reflect.DelegatingConstructorAccessorImpl.newInstance(DelegatingConstructorAccessorImpl.java:45) ~[na:1.8.0_111]
	at java.lang.reflect.Constructor.newInstance(Constructor.java:423) ~[na:1.8.0_111]
	at com.mysql.jdbc.Util.handleNewInstance(Util.java:406) ~[mysql-connector-java-5.1.6.jar:na]
	at com.mysql.jdbc.Util.getInstance(Util.java:381) ~[mysql-connector-java-5.1.6.jar:na]
	at com.mysql.jdbc.SQLError.createSQLException(SQLError.java:1030) ~[mysql-connector-java-5.1.6.jar:na]
	at com.mysql.jdbc.SQLError.createSQLException(SQLError.java:956) ~[mysql-connector-java-5.1.6.jar:na]
	at com.mysql.jdbc.MysqlIO.checkErrorPacket(MysqlIO.java:3491) ~[mysql-connector-java-5.1.6.jar:na]
	at com.mysql.jdbc.MysqlIO.checkErrorPacket(MysqlIO.java:3423) ~[mysql-connector-java-5.1.6.jar:na]
	at com.mysql.jdbc.MysqlIO.checkErrorPacket(MysqlIO.java:910) ~[mysql-connector-java-5.1.6.jar:na]
	at com.mysql.jdbc.MysqlIO.secureAuth411(MysqlIO.java:3923) ~[mysql-connector-java-5.1.6.jar:na]
	at com.mysql.jdbc.MysqlIO.doHandshake(MysqlIO.java:1273) ~[mysql-connector-java-5.1.6.jar:na]
	at com.mysql.jdbc.ConnectionImpl.createNewIO(ConnectionImpl.java:2031) ~[mysql-connector-java-5.1.6.jar:na]
	at com.mysql.jdbc.ConnectionImpl.&lt;init&gt;(ConnectionImpl.java:718) ~[mysql-connector-java-5.1.6.jar:na]
	at com.mysql.jdbc.JDBC4Connection.&lt;init&gt;(JDBC4Connection.java:46) ~[mysql-connector-java-5.1.6.jar:na]
	at sun.reflect.NativeConstructorAccessorImpl.newInstance0(Native Method) ~[na:1.8.0_111]
	at sun.reflect.NativeConstructorAccessorImpl.newInstance(NativeConstructorAccessorImpl.java:62) ~[na:1.8.0_111]
	at sun.reflect.DelegatingConstructorAccessorImpl.newInstance(DelegatingConstructorAccessorImpl.java:45) ~[na:1.8.0_111]
	at java.lang.reflect.Constructor.newInstance(Constructor.java:423) ~[na:1.8.0_111]
	at com.mysql.jdbc.Util.handleNewInstance(Util.java:406) ~[mysql-connector-java-5.1.6.jar:na]
	at com.mysql.jdbc.ConnectionImpl.getInstance(ConnectionImpl.java:302) ~[mysql-connector-java-5.1.6.jar:na]
	at com.mysql.jdbc.NonRegisteringDriver.connect(NonRegisteringDriver.java:282) ~[mysql-connector-java-5.1.6.jar:na]
	at org.apache.commons.dbcp.DriverConnectionFactory.createConnection(DriverConnectionFactory.java:38) ~[commons-dbcp-1.4.jar:1.4]
	at org.apache.commons.dbcp.PoolableConnectionFactory.makeObject(PoolableConnectionFactory.java:582) ~[commons-dbcp-1.4.jar:1.4]
	at org.apache.commons.dbcp.BasicDataSource.validateConnectionFactory(BasicDataSource.java:1556) ~[commons-dbcp-1.4.jar:1.4]
	at org.apache.commons.dbcp.BasicDataSource.createPoolableConnectionFactory(BasicDataSource.java:1545) ~[commons-dbcp-1.4.jar:1.4]
	... 52 common frames omitted
22:05:37.469 [main] WARN  o.h.e.jdbc.spi.SqlExceptionHelper - SQL Error: 0, SQLState: null
22:05:37.469 [main] ERROR o.h.e.jdbc.spi.SqlExceptionHelper - Cannot create PoolableConnectionFactory (Unknown database &apos;ylc_9&apos;)
22:05:37.469 [main] DEBUG o.s.t.c.s.DirtiesContextTestExecutionListener - After test method: context [DefaultTestContext@25af5db5 testClass = TestState, testInstance = com.ylc.test.TestState@2f6bbeb0, testMethod = printStates@TestState, testException = org.springframework.transaction.CannotCreateTransactionException: Could not open Hibernate Session for transaction; nested exception is org.hibernate.exception.GenericJDBCException: Could not open connection, mergedContextConfiguration = [MergedContextConfiguration@5bcea91b testClass = TestState, locations = &apos;{file:src/main/webapp/WEB-INF/spring-service.xml, file:src/main/webapp/WEB-INF/spring-database.xml}&apos;, classes = &apos;{}&apos;, contextInitializerClasses = &apos;[]&apos;, activeProfiles = &apos;{}&apos;, contextLoader = &apos;org.springframework.test.context.support.DelegatingSmartContextLoader&apos;, parent = [null]]], class dirties context [false], class mode [null], method dirties context [false].
</system-out>
  </testcase>
  <testcase classname="com.ylc.test.TestState" name="testBase" time="0.007">
    <skipped message="Only one time insert"/>
  </testcase>
</testsuite>